Copyright 1986-2017 Xilinx, Inc. All Rights Reserved.
-------------------------------------------------------------------------------------------
| Tool Version : Vivado v.2017.2 (win64) Build 1909853 Thu Jun 15 18:39:09 MDT 2017
| Date         : Wed Nov 22 13:02:04 2017
| Host         : windowsPC running 64-bit major release  (build 9200)
| Command      : report_control_sets -verbose -file system_wrapper_control_sets_placed.rpt
| Design       : system_wrapper
| Device       : xc7a35t
-------------------------------------------------------------------------------------------

Control Set Information

Table of Contents
-----------------
1. Summary
2. Flip-Flop Distribution
3. Detailed Control Set Information

1. Summary
----------

+----------------------------------------------------------+-------+
|                          Status                          | Count |
+----------------------------------------------------------+-------+
| Number of unique control sets                            |    64 |
| Unused register locations in slices containing registers |   197 |
+----------------------------------------------------------+-------+


2. Flip-Flop Distribution
-------------------------

+--------------+-----------------------+------------------------+-----------------+--------------+
| Clock Enable | Synchronous Set/Reset | Asynchronous Set/Reset | Total Registers | Total Slices |
+--------------+-----------------------+------------------------+-----------------+--------------+
| No           | No                    | No                     |             173 |           67 |
| No           | No                    | Yes                    |              29 |            7 |
| No           | Yes                   | No                     |             259 |          108 |
| Yes          | No                    | No                     |             187 |           52 |
| Yes          | No                    | Yes                    |              15 |            8 |
| Yes          | Yes                   | No                     |             532 |          181 |
+--------------+-----------------------+------------------------+-----------------+--------------+


3. Detailed Control Set Information
-----------------------------------

+-----------------------------------------------------------+-------------------------------------------------------------------------------------------------------------------------------------------------------------------------------------------------------+----------------------------------------------------------------------------------------------------------------------------------------------------+------------------+----------------+
|                        Clock Signal                       |                                                                                             Enable Signal                                                                                             |                                                                  Set/Reset Signal                                                                  | Slice Load Count | Bel Load Count |
+-----------------------------------------------------------+-------------------------------------------------------------------------------------------------------------------------------------------------------------------------------------------------------+----------------------------------------------------------------------------------------------------------------------------------------------------+------------------+----------------+
|  Clk_IBUF_BUFG                                            |                                                                                                                                                                                                       | system_i/microblaze_0/U0/MicroBlaze_Core_I/Performance.Core/Use_Debug_Logic.Master_Core.Debug_Perf/capture_1                                       |                1 |              1 |
|  system_i/mdm_1/U0/Use_E2.BSCAN_I/Ext_JTAG_UPDATE         | system_i/microblaze_0/U0/MicroBlaze_Core_I/Performance.Core/Use_Debug_Logic.Master_Core.Debug_Perf/Control_Reg_En                                                                                     | system_i/microblaze_0/U0/MicroBlaze_Core_I/Performance.Core/Use_Debug_Logic.Master_Core.Debug_Perf/Serial_Dbg_Intf.normal_stop_cmd_i_reg_n_0       |                1 |              1 |
|  Clk_IBUF_BUFG                                            | system_i/microblaze_0/U0/MicroBlaze_Core_I/Performance.Core/Decode_I/Use_MuxCy[10].OF_Piperun_Stage/MUXCY_I/lopt_1                                                                                    |                                                                                                                                                    |                1 |              1 |
|  system_i/mdm_1/U0/No_Dbg_Reg_Access.BUFG_DRCK/Dbg_Clk_31 | system_i/mdm_1/U0/Use_E2.BSCAN_I/Dbg_Capture_0                                                                                                                                                        | system_i/mdm_1/U0/MDM_Core_I1/JTAG_CONTROL_I/sel_reset                                                                                             |                1 |              1 |
| ~system_i/mdm_1/U0/Use_E2.BSCAN_I/Ext_JTAG_UPDATE         |                                                                                                                                                                                                       | system_i/mdm_1/U0/MDM_Core_I1/JTAG_CONTROL_I/sel_n                                                                                                 |                1 |              1 |
| ~system_i/mdm_1/U0/No_Dbg_Reg_Access.BUFG_DRCK/Dbg_Clk_31 | system_i/mdm_1/U0/MDM_Core_I1/JTAG_CONTROL_I/Use_BSCAN.FDC_I/CE                                                                                                                                       | system_i/mdm_1/U0/MDM_Core_I1/JTAG_CONTROL_I/Use_BSCAN.FDC_I/D_1                                                                                   |                1 |              1 |
|  system_i/mdm_1/U0/Use_E2.BSCAN_I/Ext_JTAG_UPDATE         | system_i/microblaze_0/U0/MicroBlaze_Core_I/Performance.Core/Use_Debug_Logic.Master_Core.Debug_Perf/Control_Reg_En                                                                                     | system_i/microblaze_0/U0/MicroBlaze_Core_I/Performance.Core/Use_Debug_Logic.Master_Core.Debug_Perf/start_single_step_reg_n_0                       |                1 |              1 |
|  Clk_IBUF_BUFG                                            |                                                                                                                                                                                                       | system_i/microblaze_0/U0/MicroBlaze_Core_I/Performance.Core/Decode_I/dbg_stop_i                                                                    |                1 |              1 |
|  system_i/mdm_1/U0/Use_E2.BSCAN_I/Ext_JTAG_UPDATE         | system_i/microblaze_0/U0/MicroBlaze_Core_I/Performance.Core/Use_Debug_Logic.Master_Core.Debug_Perf/Control_Reg_En                                                                                     | system_i/microblaze_0/U0/MicroBlaze_Core_I/Performance.Core/Use_Debug_Logic.Master_Core.Debug_Perf/Serial_Dbg_Intf.continue_from_brk_reg_n_0       |                1 |              1 |
|  system_i/mdm_1/U0/Use_E2.BSCAN_I/Ext_JTAG_UPDATE         | system_i/microblaze_0/U0/MicroBlaze_Core_I/Performance.Core/Use_Debug_Logic.Master_Core.Debug_Perf/Control_Reg_En                                                                                     | system_i/microblaze_0/U0/MicroBlaze_Core_I/Performance.Core/Use_Debug_Logic.Master_Core.Debug_Perf/Performace_Debug_Control.force_stop_cmd_1_reg_0 |                1 |              1 |
|  system_i/mdm_1/U0/Use_E2.BSCAN_I/Ext_JTAG_UPDATE         | system_i/microblaze_0/U0/MicroBlaze_Core_I/Performance.Core/Use_Debug_Logic.Master_Core.Debug_Perf/Command_Reg_En                                                                                     | system_i/microblaze_0/U0/MicroBlaze_Core_I/Performance.Core/Use_Debug_Logic.Master_Core.Debug_Perf/command_reg_clear                               |                1 |              2 |
|  system_i/mdm_1/U0/Use_E2.BSCAN_I/Ext_JTAG_UPDATE         |                                                                                                                                                                                                       |                                                                                                                                                    |                2 |              3 |
|  Clk_IBUF_BUFG                                            | system_i/axi_uartlite_0/U0/AXI_LITE_IPIF_I/I_SLAVE_ATTACHMENT/start2                                                                                                                                  | system_i/axi_uartlite_0/U0/AXI_LITE_IPIF_I/I_SLAVE_ATTACHMENT/I_DECODER/cs_ce_clr                                                                  |                1 |              4 |
|  system_i/mdm_1/U0/Use_E2.BSCAN_I/Ext_JTAG_UPDATE         | system_i/mdm_1/U0/MDM_Core_I1/MDM_SEL                                                                                                                                                                 | system_i/mdm_1/U0/Use_E2.BSCAN_I/AR[0]                                                                                                             |                1 |              4 |
|  Clk_IBUF_BUFG                                            | system_i/axi_uartlite_0/U0/UARTLITE_CORE_I/BAUD_RATE_I/en_16x_Baud                                                                                                                                    |                                                                                                                                                    |                2 |              4 |
|  system_i/mdm_1/U0/Use_E2.BSCAN_I/Ext_JTAG_UPDATE         | system_i/microblaze_0/U0/MicroBlaze_Core_I/Performance.Core/Use_Debug_Logic.Master_Core.Debug_Perf/Control_Reg_En                                                                                     |                                                                                                                                                    |                2 |              4 |
|  Clk_IBUF_BUFG                                            |                                                                                                                                                                                                       | system_i/axi_gpio_0/U0/AXI_LITE_IPIF_I/I_SLAVE_ATTACHMENT/clear                                                                                    |                1 |              4 |
| ~system_i/mdm_1/U0/Use_E2.BSCAN_I/Ext_JTAG_UPDATE         |                                                                                                                                                                                                       | system_i/mdm_1/U0/Use_E2.BSCAN_I/AR[0]                                                                                                             |                1 |              4 |
|  system_i/mdm_1/U0/No_Dbg_Reg_Access.BUFG_DRCK/Dbg_Clk_31 | system_i/mdm_1/U0/MDM_Core_I1/p_0_out                                                                                                                                                                 | system_i/mdm_1/U0/Use_E2.BSCAN_I/AR[0]                                                                                                             |                1 |              4 |
|  Clk_IBUF_BUFG                                            | system_i/axi_gpio_0/U0/AXI_LITE_IPIF_I/I_SLAVE_ATTACHMENT/bus2ip_addr_i[8]_i_1_n_0                                                                                                                    | system_i/axi_gpio_0/U0/AXI_LITE_IPIF_I/I_SLAVE_ATTACHMENT/SR                                                                                       |                1 |              4 |
|  Clk_IBUF_BUFG                                            | system_i/microblaze_0/U0/MicroBlaze_Core_I/Performance.Core/Decode_I/wb_Halted                                                                                                                        | system_i/microblaze_0/U0/MicroBlaze_Core_I/sync_reset                                                                                              |                1 |              5 |
|  Clk_IBUF_BUFG                                            |                                                                                                                                                                                                       | system_i/rst_Clk_100M/U0/EXT_LPF/lpf_int                                                                                                           |                2 |              5 |
|  Clk_IBUF_BUFG                                            |                                                                                                                                                                                                       | system_i/axi_uartlite_0/U0/UARTLITE_CORE_I/UARTLITE_TX_I/SRL_FIFO_I/I_SRL_FIFO_RBU_F/CNTR_INCR_DECR_ADDN_F_I/SS[0]                                 |                3 |              6 |
|  Clk_IBUF_BUFG                                            |                                                                                                                                                                                                       | system_i/axi_uartlite_0/U0/UARTLITE_CORE_I/UARTLITE_RX_I/SRL_FIFO_I/I_SRL_FIFO_RBU_F/CNTR_INCR_DECR_ADDN_F_I/SS[0]                                 |                2 |              6 |
|  Clk_IBUF_BUFG                                            | system_i/rst_Clk_100M/U0/SEQ/seq_cnt_en                                                                                                                                                               | system_i/rst_Clk_100M/U0/SEQ/SEQ_COUNTER/clear                                                                                                     |                1 |              6 |
|  system_i/mdm_1/U0/No_Dbg_Reg_Access.BUFG_DRCK/Dbg_Clk_31 | system_i/mdm_1/U0/Use_E2.BSCAN_I/E[0]                                                                                                                                                                 |                                                                                                                                                    |                2 |              6 |
|  system_i/mdm_1/U0/No_Dbg_Reg_Access.BUFG_DRCK/Dbg_Clk_31 | system_i/mdm_1/U0/Use_E2.BSCAN_I/Use_Serial_Unified_Completion.count_reg[5]_0[0]                                                                                                                      |                                                                                                                                                    |                3 |              6 |
|  system_i/mdm_1/U0/No_Dbg_Reg_Access.BUFG_DRCK/Dbg_Clk_31 | system_i/mdm_1/U0/MDM_Core_I1/JTAG_CONTROL_I/Use_BSCAN.FDC_I/Use_Serial_Unified_Completion.sample_1_reg[10][0]                                                                                        |                                                                                                                                                    |                1 |              6 |
|  Clk_IBUF_BUFG                                            |                                                                                                                                                                                                       | system_i/axi_uartlite_0/U0/AXI_LITE_IPIF_I/I_SLAVE_ATTACHMENT/rst                                                                                  |                4 |              8 |
|  Clk_IBUF_BUFG                                            | system_i/axi_uartlite_0/U0/UARTLITE_CORE_I/UARTLITE_RX_I/SRL_FIFO_I/I_SRL_FIFO_RBU_F/DYNSHREG_F_I/fifo_wr                                                                                             |                                                                                                                                                    |                1 |              8 |
|  system_i/mdm_1/U0/No_Dbg_Reg_Access.BUFG_DRCK/Dbg_Clk_31 | system_i/microblaze_0/U0/MicroBlaze_Core_I/Performance.Core/Use_Debug_Logic.Master_Core.Debug_Perf/Using_PC_Breakpoints.All_PC_Brks[0].Serial_Interface_1.address_hit_I/Compare[0].SRLC16E_I/which_pc |                                                                                                                                                    |                7 |              8 |
|  Clk_IBUF_BUFG                                            | system_i/microblaze_0_axi_periph/xbar/inst/gen_sasd.crossbar_sasd_0/reg_slice_r/s_axi_rvalid[0]                                                                                                       | system_i/microblaze_0/U0/MicroBlaze_Core_I/sync_reset                                                                                              |                2 |              8 |
|  system_i/mdm_1/U0/Use_E2.BSCAN_I/Ext_JTAG_UPDATE         | system_i/mdm_1/U0/MDM_Core_I1/JTAG_CONTROL_I/Use_BSCAN.FDC_I/command_1_reg[7]_0[0]                                                                                                                    |                                                                                                                                                    |                1 |              8 |
|  Clk_IBUF_BUFG                                            | system_i/axi_uartlite_0/U0/AXI_LITE_IPIF_I/I_SLAVE_ATTACHMENT/I_DECODER/fifo_wr                                                                                                                       |                                                                                                                                                    |                1 |              8 |
|  Clk_IBUF_BUFG                                            | system_i/axi_uartlite_0/U0/AXI_LITE_IPIF_I/I_SLAVE_ATTACHMENT/s_axi_rdata_i                                                                                                                           | system_i/axi_uartlite_0/U0/AXI_LITE_IPIF_I/I_SLAVE_ATTACHMENT/rst                                                                                  |                2 |              8 |
|  system_i/mdm_1/U0/No_Dbg_Reg_Access.BUFG_DRCK/Dbg_Clk_31 | system_i/mdm_1/U0/MDM_Core_I1/JTAG_CONTROL_I/tdi_shifter0                                                                                                                                             |                                                                                                                                                    |                2 |              8 |
| ~system_i/mdm_1/U0/Use_E2.BSCAN_I/Ext_JTAG_UPDATE         | system_i/mdm_1/U0/MDM_Core_I1/JTAG_CONTROL_I/Use_BSCAN.command[0]_i_1_n_0                                                                                                                             |                                                                                                                                                    |                2 |              8 |
|  Clk_IBUF_BUFG                                            | system_i/microblaze_0_axi_periph/xbar/inst/gen_sasd.crossbar_sasd_0/reg_slice_r/aa_rready                                                                                                             |                                                                                                                                                    |                3 |              8 |
|  Clk_IBUF_BUFG                                            | system_i/microblaze_0_axi_periph/xbar/inst/gen_sasd.crossbar_sasd_0/addr_arbiter_inst/E[0]                                                                                                            |                                                                                                                                                    |                4 |              9 |
|  Clk_IBUF_BUFG                                            | system_i/axi_uartlite_0/U0/UARTLITE_CORE_I/BAUD_RATE_I/en_16x_Baud                                                                                                                                    | system_i/axi_uartlite_0/U0/UARTLITE_CORE_I/UARTLITE_RX_I/SR[0]                                                                                     |                3 |             10 |
|  system_i/mdm_1/U0/No_Dbg_Reg_Access.BUFG_DRCK/Dbg_Clk_31 | system_i/mdm_1/U0/MDM_Core_I1/JTAG_CONTROL_I/Use_BSCAN.FDC_I/E[0]                                                                                                                                     |                                                                                                                                                    |                4 |             10 |
|  Clk_IBUF_BUFG                                            |                                                                                                                                                                                                       | system_i/microblaze_0_axi_periph/xbar/inst/gen_sasd.crossbar_sasd_0/addr_arbiter_inst/SR[0]                                                        |                6 |             11 |
|  Clk_IBUF_BUFG                                            | system_i/microblaze_0/U0/MicroBlaze_Core_I/Performance.Core/Decode_I/PreFetch_Buffer_I1/Instruction_Prefetch_Mux[3].Gen_Instr_DFF/E[0]                                                                | system_i/microblaze_0/U0/MicroBlaze_Core_I/sync_reset                                                                                              |                5 |             16 |
|  Clk_IBUF_BUFG                                            |                                                                                                                                                                                                       | system_i/axi_gpio_0/U0/AXI_LITE_IPIF_I/I_SLAVE_ATTACHMENT/SR                                                                                       |                6 |             17 |
|  Clk_IBUF_BUFG                                            | system_i/microblaze_0_axi_periph/xbar/inst/gen_sasd.crossbar_sasd_0/addr_arbiter_inst/p_0_in1_in                                                                                                      | system_i/microblaze_0_axi_periph/xbar/inst/gen_sasd.crossbar_sasd_0/addr_arbiter_inst/SR[0]                                                        |                3 |             19 |
|  Clk_IBUF_BUFG                                            | system_i/microblaze_0/U0/MicroBlaze_Core_I/Performance.Core/mem_databus_ready_sel_carry_or/MUXCY_I/lopt_4                                                                                             | system_i/microblaze_0/U0/MicroBlaze_Core_I/sync_reset                                                                                              |                6 |             20 |
|  system_i/mdm_1/U0/No_Dbg_Reg_Access.BUFG_DRCK/Dbg_Clk_31 |                                                                                                                                                                                                       | system_i/mdm_1/U0/Use_E2.BSCAN_I/shift_n_reset                                                                                                     |                4 |             23 |
|  Clk_IBUF_BUFG                                            |                                                                                                                                                                                                       | system_i/axi_uartlite_0/U0/UARTLITE_CORE_I/UARTLITE_RX_I/SR[0]                                                                                     |               11 |             29 |
|  Clk_IBUF_BUFG                                            | system_i/microblaze_0/U0/MicroBlaze_Core_I/Performance.Core/Use_Debug_Logic.Master_Core.Debug_Perf/data_rd_reg[0]_i_1_n_0                                                                             | system_i/microblaze_0/U0/MicroBlaze_Core_I/sync_reset                                                                                              |               11 |             32 |
|  Clk_IBUF_BUFG                                            | system_i/microblaze_0/U0/MicroBlaze_Core_I/Performance.Core/Decode_I/Use_MuxCy[3].OF_Piperun_Stage/MUXCY_I/E[0]                                                                                       | system_i/microblaze_0/U0/MicroBlaze_Core_I/sync_reset                                                                                              |                5 |             32 |
|  Clk_IBUF_BUFG                                            | system_i/microblaze_0/U0/MicroBlaze_Core_I/Performance.Core/Decode_I/Use_MuxCy[2].OF_Piperun_Stage/MUXCY_I/lopt_1                                                                                     | system_i/microblaze_0/U0/MicroBlaze_Core_I/Performance.Core/Decode_I/R                                                                             |               12 |             32 |
|  Clk_IBUF_BUFG                                            | system_i/microblaze_0/U0/MicroBlaze_Core_I/Performance.Core/Decode_I/jump_logic_I1/MUXCY_JUMP_CARRY6/if_pc_reg[0][0]                                                                                  | system_i/microblaze_0/U0/MicroBlaze_Core_I/sync_reset                                                                                              |                7 |             32 |
|  Clk_IBUF_BUFG                                            | system_i/microblaze_0/U0/MicroBlaze_Core_I/Performance.Core/mem_databus_ready_sel_carry_or/MUXCY_I/lopt_4                                                                                             |                                                                                                                                                    |                7 |             32 |
|  Clk_IBUF_BUFG                                            | system_i/microblaze_0/U0/MicroBlaze_Core_I/Performance.Core/mem_databus_ready_sel_carry_or/MUXCY_I/lopt_4                                                                                             | system_i/microblaze_0/U0/MicroBlaze_Core_I/Performance.Core/Decode_I/SR[0]                                                                         |               10 |             32 |
|  system_i/mdm_1/U0/No_Dbg_Reg_Access.BUFG_DRCK/Dbg_Clk_31 | system_i/microblaze_0/U0/MicroBlaze_Core_I/Performance.Core/Use_Debug_Logic.Master_Core.Debug_Perf/New_Dbg_Instr_TCK                                                                                  |                                                                                                                                                    |                8 |             32 |
|  Clk_IBUF_BUFG                                            |                                                                                                                                                                                                       | system_i/microblaze_0/U0/MicroBlaze_Core_I/Performance.Core/p_1_out                                                                                |                9 |             32 |
|  system_i/mdm_1/U0/No_Dbg_Reg_Access.BUFG_DRCK/Dbg_Clk_31 | system_i/mdm_1/U0/Use_E2.BSCAN_I/Dbg_Capture_0                                                                                                                                                        |                                                                                                                                                    |               11 |             47 |
|  Clk_IBUF_BUFG                                            | system_i/microblaze_0/U0/MicroBlaze_Core_I/Performance.Core/Decode_I/Use_MuxCy[2].OF_Piperun_Stage/MUXCY_I/lopt_1                                                                                     | system_i/microblaze_0/U0/MicroBlaze_Core_I/sync_reset                                                                                              |               18 |             53 |
|  Clk_IBUF_BUFG                                            | system_i/microblaze_0/U0/MicroBlaze_Core_I/Performance.Core/Use_Debug_Logic.Master_Core.Debug_Perf/IReady_0                                                                                           |                                                                                                                                                    |               11 |             75 |
|  system_i/mdm_1/U0/No_Dbg_Reg_Access.BUFG_DRCK/Dbg_Clk_31 |                                                                                                                                                                                                       |                                                                                                                                                    |               26 |             80 |
|  Clk_IBUF_BUFG                                            |                                                                                                                                                                                                       |                                                                                                                                                    |               44 |            105 |
|  Clk_IBUF_BUFG                                            | system_i/microblaze_0/U0/MicroBlaze_Core_I/Performance.Core/Decode_I/mb_halted_1_reg[32]                                                                                                              |                                                                                                                                                    |               16 |            128 |
|  Clk_IBUF_BUFG                                            |                                                                                                                                                                                                       | system_i/microblaze_0/U0/MicroBlaze_Core_I/sync_reset                                                                                              |               63 |            140 |
|  Clk_IBUF_BUFG                                            | system_i/microblaze_0/U0/MicroBlaze_Core_I/Performance.Core/Decode_I/Use_MuxCy[10].OF_Piperun_Stage/MUXCY_I/lopt_1                                                                                    | system_i/microblaze_0/U0/MicroBlaze_Core_I/sync_reset                                                                                              |               92 |            218 |
+-----------------------------------------------------------+-------------------------------------------------------------------------------------------------------------------------------------------------------------------------------------------------------+----------------------------------------------------------------------------------------------------------------------------------------------------+------------------+----------------+


+--------+-----------------------+
| Fanout | Number of ControlSets |
+--------+-----------------------+
| 1      |                    10 |
| 2      |                     1 |
| 3      |                     1 |
| 4      |                     8 |
| 5      |                     2 |
| 6      |                     6 |
| 8      |                    10 |
| 9      |                     1 |
| 10     |                     2 |
| 11     |                     1 |
| 16+    |                    22 |
+--------+-----------------------+


