
*** Running vivado
    with args -log system_microblaze_0_1.vds -m64 -product Vivado -mode batch -messageDb vivado.pb -notrace -source system_microblaze_0_1.tcl


****** Vivado v2017.2 (64-bit)
  **** SW Build 1909853 on Thu Jun 15 18:39:09 MDT 2017
  **** IP Build 1909766 on Thu Jun 15 19:58:00 MDT 2017
    ** Copyright 1986-2017 Xilinx, Inc. All Rights Reserved.

source system_microblaze_0_1.tcl -notrace
Starting RTL Elaboration : Time (s): cpu = 00:00:08 ; elapsed = 00:00:09 . Memory (MB): peak = 368.461 ; gain = 80.824
INFO: [Synth 8-638] synthesizing module 'system_microblaze_0_1' [c:/Users/smkilani/Documents/atfc/firmware/ATFC_demo/ATFC_demo.srcs/sources_1/bd/system/ip/system_microblaze_0_1/synth/system_microblaze_0_1.vhd:116]
INFO: [Synth 8-256] done synthesizing module 'system_microblaze_0_1' (52#1) [c:/Users/smkilani/Documents/atfc/firmware/ATFC_demo/ATFC_demo.srcs/sources_1/bd/system/ip/system_microblaze_0_1/synth/system_microblaze_0_1.vhd:116]
Finished RTL Elaboration : Time (s): cpu = 00:00:23 ; elapsed = 00:00:26 . Memory (MB): peak = 664.914 ; gain = 377.277
Finished RTL Optimization Phase 1 : Time (s): cpu = 00:00:24 ; elapsed = 00:00:28 . Memory (MB): peak = 664.914 ; gain = 377.277
INFO: [Device 21-403] Loading part xc7a35tfgg484-1
Constraint Validation Runtime : Time (s): cpu = 00:00:00 ; elapsed = 00:00:00.388 . Memory (MB): peak = 904.910 ; gain = 0.000
Finished Constraint Validation : Time (s): cpu = 00:00:54 ; elapsed = 00:01:02 . Memory (MB): peak = 904.910 ; gain = 617.273
Finished Loading Part and Timing Information : Time (s): cpu = 00:00:54 ; elapsed = 00:01:02 . Memory (MB): peak = 904.910 ; gain = 617.273
Finished applying 'set_property' XDC Constraints : Time (s): cpu = 00:00:54 ; elapsed = 00:01:02 . Memory (MB): peak = 904.910 ; gain = 617.273
Finished RTL Optimization Phase 2 : Time (s): cpu = 00:01:00 ; elapsed = 00:01:08 . Memory (MB): peak = 904.910 ; gain = 617.273
Finished Cross Boundary and Area Optimization : Time (s): cpu = 00:01:12 ; elapsed = 00:01:21 . Memory (MB): peak = 904.910 ; gain = 617.273
Finished Applying XDC Timing Constraints : Time (s): cpu = 00:01:27 ; elapsed = 00:01:36 . Memory (MB): peak = 904.910 ; gain = 617.273
Finished Timing Optimization : Time (s): cpu = 00:01:29 ; elapsed = 00:01:38 . Memory (MB): peak = 904.910 ; gain = 617.273
Finished Technology Mapping : Time (s): cpu = 00:01:32 ; elapsed = 00:01:41 . Memory (MB): peak = 904.910 ; gain = 617.273
Finished IO Insertion : Time (s): cpu = 00:01:33 ; elapsed = 00:01:42 . Memory (MB): peak = 904.910 ; gain = 617.273
Finished Renaming Generated Instances : Time (s): cpu = 00:01:33 ; elapsed = 00:01:42 . Memory (MB): peak = 904.910 ; gain = 617.273
Finished Rebuilding User Hierarchy : Time (s): cpu = 00:01:34 ; elapsed = 00:01:42 . Memory (MB): peak = 904.910 ; gain = 617.273
Finished Renaming Generated Ports : Time (s): cpu = 00:01:34 ; elapsed = 00:01:42 . Memory (MB): peak = 904.910 ; gain = 617.273
Finished Handling Custom Attributes : Time (s): cpu = 00:01:34 ; elapsed = 00:01:43 . Memory (MB): peak = 904.910 ; gain = 617.273
Finished Renaming Generated Nets : Time (s): cpu = 00:01:34 ; elapsed = 00:01:43 . Memory (MB): peak = 904.910 ; gain = 617.273

Report Cell Usage: 
+------+---------+------+
|      |Cell     |Count |
+------+---------+------+
|1     |AND2B1L  |     1|
|2     |LUT1     |    17|
|3     |LUT2     |    48|
|4     |LUT3     |   256|
|5     |LUT4     |   150|
|6     |LUT5     |   222|
|7     |LUT6     |   360|
|8     |LUT6_2   |    80|
|9     |MULT_AND |     1|
|10    |MUXCY_L  |   136|
|11    |MUXF7    |   109|
|12    |RAM32M   |    16|
|13    |SRL16E   |    89|
|14    |SRLC16E  |     8|
|15    |XORCY    |    94|
|16    |FDCE     |   143|
|17    |FDE      |    32|
|18    |FDR      |    89|
|19    |FDRE     |  1256|
|20    |FDS      |     1|
|21    |FDSE     |    36|
+------+---------+------+
Finished Writing Synthesis Report : Time (s): cpu = 00:01:34 ; elapsed = 00:01:43 . Memory (MB): peak = 904.910 ; gain = 617.273
synth_design: Time (s): cpu = 00:01:38 ; elapsed = 00:01:48 . Memory (MB): peak = 904.910 ; gain = 621.344
