
*** Running vivado
    with args -log system_microblaze_0_axi_intc_0.vds -m64 -mode batch -messageDb vivado.pb -notrace -source system_microblaze_0_axi_intc_0.tcl


****** Vivado v2015.4.2 (64-bit)
  **** SW Build 1494164 on Fri Feb 26 04:18:56 MST 2016
  **** IP Build 1491208 on Wed Feb 24 03:25:39 MST 2016
    ** Copyright 1986-2015 Xilinx, Inc. All Rights Reserved.

source system_microblaze_0_axi_intc_0.tcl -notrace
WARNING: [Board 49-26] cannot add Board Part digilentinc.com:arty-s7-50:part0:1.0 available at C:/Xilinx/Vivado/2015.4/data/boards/board_files/arty-s7-50/B.0/board.xml as part xc7s50csga324-1 specified in board_part file is either invalid or not available
INFO: [IP_Flow 19-234] Refreshing IP repositories
INFO: [IP_Flow 19-1704] No user IP repositories specified
INFO: [IP_Flow 19-2313] Loaded Vivado IP repository 'C:/Xilinx/Vivado/2015.4/data/ip'.
WARNING: [IP_Flow 19-3664] IP 'system_microblaze_0_axi_intc_0' generated file not found 'c:/Users/smkilani/Documents/atfc/firmware/ATFC_demo1/ATFC_demo1.srcs/sources_1/bd/system/ip/system_microblaze_0_axi_intc_0/system_microblaze_0_axi_intc_0.dcp'. Please regenerate to continue.
WARNING: [IP_Flow 19-3664] IP 'system_microblaze_0_axi_intc_0' generated file not found 'c:/Users/smkilani/Documents/atfc/firmware/ATFC_demo1/ATFC_demo1.srcs/sources_1/bd/system/ip/system_microblaze_0_axi_intc_0/system_microblaze_0_axi_intc_0_stub.v'. Please regenerate to continue.
WARNING: [IP_Flow 19-3664] IP 'system_microblaze_0_axi_intc_0' generated file not found 'c:/Users/smkilani/Documents/atfc/firmware/ATFC_demo1/ATFC_demo1.srcs/sources_1/bd/system/ip/system_microblaze_0_axi_intc_0/system_microblaze_0_axi_intc_0_stub.vhdl'. Please regenerate to continue.
WARNING: [IP_Flow 19-3664] IP 'system_microblaze_0_axi_intc_0' generated file not found 'c:/Users/smkilani/Documents/atfc/firmware/ATFC_demo1/ATFC_demo1.srcs/sources_1/bd/system/ip/system_microblaze_0_axi_intc_0/system_microblaze_0_axi_intc_0_sim_netlist.v'. Please regenerate to continue.
WARNING: [IP_Flow 19-3664] IP 'system_microblaze_0_axi_intc_0' generated file not found 'c:/Users/smkilani/Documents/atfc/firmware/ATFC_demo1/ATFC_demo1.srcs/sources_1/bd/system/ip/system_microblaze_0_axi_intc_0/system_microblaze_0_axi_intc_0_sim_netlist.vhdl'. Please regenerate to continue.
Command: synth_design -top system_microblaze_0_axi_intc_0 -part xc7a35tfgg484-1 -mode out_of_context
Starting synth_design
Attempting to get a license for feature 'Synthesis' and/or device 'xc7a35t'
INFO: [Common 17-349] Got license for feature 'Synthesis' and/or device 'xc7a35t'
---------------------------------------------------------------------------------
Starting RTL Elaboration : Time (s): cpu = 00:00:07 ; elapsed = 00:00:10 . Memory (MB): peak = 313.281 ; gain = 141.867
---------------------------------------------------------------------------------
INFO: [Synth 8-638] synthesizing module 'system_microblaze_0_axi_intc_0' [c:/Users/smkilani/Documents/atfc/firmware/ATFC_demo1/ATFC_demo1.srcs/sources_1/bd/system/ip/system_microblaze_0_axi_intc_0/synth/system_microblaze_0_axi_intc_0.vhd:89]
	Parameter C_FAMILY bound to: artix7 - type: string 
	Parameter C_INSTANCE bound to: axi_intc_inst - type: string 
	Parameter C_S_AXI_ADDR_WIDTH bound to: 9 - type: integer 
	Parameter C_S_AXI_DATA_WIDTH bound to: 32 - type: integer 
	Parameter C_NUM_INTR_INPUTS bound to: 1 - type: integer 
	Parameter C_NUM_SW_INTR bound to: 0 - type: integer 
	Parameter C_KIND_OF_INTR bound to: 32'b11111111111111111111111111111110 
	Parameter C_KIND_OF_EDGE bound to: 32'b11111111111111111111111111111111 
	Parameter C_KIND_OF_LVL bound to: 32'b11111111111111111111111111111111 
	Parameter C_ASYNC_INTR bound to: 32'b11111111111111111111111111111110 
	Parameter C_NUM_SYNC_FF bound to: 2 - type: integer 
	Parameter C_IVAR_RESET_VALUE bound to: 32'b00000000000000000000000000010000 
	Parameter C_ENABLE_ASYNC bound to: 0 - type: integer 
	Parameter C_HAS_IPR bound to: 1 - type: integer 
	Parameter C_HAS_SIE bound to: 1 - type: integer 
	Parameter C_HAS_CIE bound to: 1 - type: integer 
	Parameter C_HAS_IVR bound to: 1 - type: integer 
	Parameter C_HAS_ILR bound to: 0 - type: integer 
	Parameter C_IRQ_IS_LEVEL bound to: 1 - type: integer 
	Parameter C_IRQ_ACTIVE bound to: 1'b1 
	Parameter C_DISABLE_SYNCHRONIZERS bound to: 1 - type: integer 
	Parameter C_MB_CLK_NOT_CONNECTED bound to: 1 - type: integer 
	Parameter C_HAS_FAST bound to: 1 - type: integer 
	Parameter C_EN_CASCADE_MODE bound to: 0 - type: integer 
	Parameter C_CASCADE_MASTER bound to: 0 - type: integer 
INFO: [Synth 8-3491] module 'axi_intc' declared at 'c:/Users/smkilani/Documents/atfc/firmware/ATFC_demo1/ATFC_demo1.srcs/sources_1/bd/system/ipshared/xilinx.com/axi_intc_v4_1/hdl/src/vhdl/axi_intc.vhd:213' bound to instance 'U0' of component 'axi_intc' [c:/Users/smkilani/Documents/atfc/firmware/ATFC_demo1/ATFC_demo1.srcs/sources_1/bd/system/ip/system_microblaze_0_axi_intc_0/synth/system_microblaze_0_axi_intc_0.vhd:184]
INFO: [Synth 8-638] synthesizing module 'axi_intc' [c:/Users/smkilani/Documents/atfc/firmware/ATFC_demo1/ATFC_demo1.srcs/sources_1/bd/system/ipshared/xilinx.com/axi_intc_v4_1/hdl/src/vhdl/axi_intc.vhd:330]
	Parameter C_FAMILY bound to: artix7 - type: string 
	Parameter C_INSTANCE bound to: axi_intc_inst - type: string 
	Parameter C_S_AXI_ADDR_WIDTH bound to: 9 - type: integer 
	Parameter C_S_AXI_DATA_WIDTH bound to: 32 - type: integer 
	Parameter C_NUM_INTR_INPUTS bound to: 1 - type: integer 
	Parameter C_NUM_SW_INTR bound to: 0 - type: integer 
	Parameter C_KIND_OF_INTR bound to: -2 - type: integer 
	Parameter C_KIND_OF_EDGE bound to: -1 - type: integer 
	Parameter C_KIND_OF_LVL bound to: -1 - type: integer 
	Parameter C_ASYNC_INTR bound to: -2 - type: integer 
	Parameter C_NUM_SYNC_FF bound to: 2 - type: integer 
	Parameter C_IVAR_RESET_VALUE bound to: 16 - type: integer 
	Parameter C_HAS_IPR bound to: 1 - type: integer 
	Parameter C_HAS_SIE bound to: 1 - type: integer 
	Parameter C_HAS_CIE bound to: 1 - type: integer 
	Parameter C_HAS_IVR bound to: 1 - type: integer 
	Parameter C_HAS_ILR bound to: 0 - type: integer 
	Parameter C_IRQ_IS_LEVEL bound to: 1 - type: integer 
	Parameter C_IRQ_ACTIVE bound to: 1'b1 
	Parameter C_DISABLE_SYNCHRONIZERS bound to: 1 - type: integer 
	Parameter C_MB_CLK_NOT_CONNECTED bound to: 1 - type: integer 
	Parameter C_HAS_FAST bound to: 1 - type: integer 
	Parameter C_ENABLE_ASYNC bound to: 0 - type: integer 
	Parameter C_EN_CASCADE_MODE bound to: 0 - type: integer 
	Parameter C_CASCADE_MASTER bound to: 0 - type: integer 
INFO: [Synth 8-5534] Detected attribute (* max_fanout = "10000" *) [c:/Users/smkilani/Documents/atfc/firmware/ATFC_demo1/ATFC_demo1.srcs/sources_1/bd/system/ipshared/xilinx.com/axi_intc_v4_1/hdl/src/vhdl/axi_intc.vhd:258]
INFO: [Synth 8-5534] Detected attribute (* max_fanout = "10000" *) [c:/Users/smkilani/Documents/atfc/firmware/ATFC_demo1/ATFC_demo1.srcs/sources_1/bd/system/ipshared/xilinx.com/axi_intc_v4_1/hdl/src/vhdl/axi_intc.vhd:259]
WARNING: [Synth 8-312] ignoring unsynthesizable construct: assertion statement [c:/Users/smkilani/Documents/atfc/firmware/ATFC_demo1/ATFC_demo1.srcs/sources_1/bd/system/ipshared/xilinx.com/axi_intc_v4_1/hdl/src/vhdl/axi_intc.vhd:390]
INFO: [Synth 8-638] synthesizing module 'intc_core' [c:/Users/smkilani/Documents/atfc/firmware/ATFC_demo1/ATFC_demo1.srcs/sources_1/bd/system/ipshared/xilinx.com/axi_intc_v4_1/hdl/src/vhdl/intc_core.vhd:256]
	Parameter C_FAMILY bound to: artix7 - type: string 
	Parameter C_DWIDTH bound to: 32 - type: integer 
	Parameter C_NUM_INTR_INPUTS bound to: 1 - type: integer 
	Parameter C_NUM_SW_INTR bound to: 0 - type: integer 
	Parameter C_KIND_OF_INTR bound to: -2 - type: integer 
	Parameter C_KIND_OF_EDGE bound to: -1 - type: integer 
	Parameter C_KIND_OF_LVL bound to: -1 - type: integer 
	Parameter C_ASYNC_INTR bound to: -2 - type: integer 
	Parameter C_NUM_SYNC_FF bound to: 2 - type: integer 
	Parameter C_HAS_IPR bound to: 1 - type: integer 
	Parameter C_HAS_SIE bound to: 1 - type: integer 
	Parameter C_HAS_CIE bound to: 1 - type: integer 
	Parameter C_HAS_IVR bound to: 1 - type: integer 
	Parameter C_HAS_ILR bound to: 0 - type: integer 
	Parameter C_IRQ_IS_LEVEL bound to: 1 - type: integer 
	Parameter C_IRQ_ACTIVE bound to: 1'b1 
	Parameter C_DISABLE_SYNCHRONIZERS bound to: 1 - type: integer 
	Parameter C_MB_CLK_NOT_CONNECTED bound to: 1 - type: integer 
	Parameter C_HAS_FAST bound to: 1 - type: integer 
	Parameter C_IVAR_RESET_VALUE bound to: 16 - type: integer 
	Parameter C_EN_CASCADE_MODE bound to: 0 - type: integer 
	Parameter C_CASCADE_MASTER bound to: 0 - type: integer 
INFO: [Synth 8-5534] Detected attribute (* buffer_type = "none" *) [c:/Users/smkilani/Documents/atfc/firmware/ATFC_demo1/ATFC_demo1.srcs/sources_1/bd/system/ipshared/xilinx.com/axi_intc_v4_1/hdl/src/vhdl/intc_core.vhd:226]
INFO: [Synth 8-638] synthesizing module 'shared_ram_ivar' [c:/Users/smkilani/Documents/atfc/firmware/ATFC_demo1/ATFC_demo1.srcs/sources_1/bd/system/ipshared/xilinx.com/axi_intc_v4_1/hdl/src/vhdl/shared_ram_ivar.vhd:165]
	Parameter C_WIDTH bound to: 32 - type: integer 
	Parameter C_DPRAM_DEPTH bound to: 16 - type: integer 
	Parameter C_ADDR_LINES bound to: 4 - type: integer 
	Parameter C_IVAR_RESET_VALUE bound to: 16 - type: integer 
INFO: [Synth 8-5534] Detected attribute (* ram_style = "distributed" *) [c:/Users/smkilani/Documents/atfc/firmware/ATFC_demo1/ATFC_demo1.srcs/sources_1/bd/system/ipshared/xilinx.com/axi_intc_v4_1/hdl/src/vhdl/shared_ram_ivar.vhd:169]
INFO: [Synth 8-256] done synthesizing module 'shared_ram_ivar' (1#1) [c:/Users/smkilani/Documents/atfc/firmware/ATFC_demo1/ATFC_demo1.srcs/sources_1/bd/system/ipshared/xilinx.com/axi_intc_v4_1/hdl/src/vhdl/shared_ram_ivar.vhd:165]
INFO: [Synth 8-256] done synthesizing module 'intc_core' (2#1) [c:/Users/smkilani/Documents/atfc/firmware/ATFC_demo1/ATFC_demo1.srcs/sources_1/bd/system/ipshared/xilinx.com/axi_intc_v4_1/hdl/src/vhdl/intc_core.vhd:256]
INFO: [Synth 8-638] synthesizing module 'axi_lite_ipif' [c:/Users/smkilani/Documents/atfc/firmware/ATFC_demo1/ATFC_demo1.srcs/sources_1/bd/system/ipshared/xilinx.com/axi_lite_ipif_v3_0/hdl/src/vhdl/axi_lite_ipif.vhd:249]
	Parameter C_S_AXI_DATA_WIDTH bound to: 32 - type: integer 
	Parameter C_S_AXI_ADDR_WIDTH bound to: 9 - type: integer 
	Parameter C_S_AXI_MIN_SIZE bound to: 32'b00000000000000000000000101111111 
	Parameter C_USE_WSTRB bound to: 1 - type: integer 
	Parameter C_DPHASE_TIMEOUT bound to: 8 - type: integer 
	Parameter C_ARD_ADDR_RANGE_ARRAY bound to: 256'b0000000000000000000000000000000000000000000000000000000000000000000000000000000000000000000000000000000000000000000000000011111100000000000000000000000000000000000000000000000000000001000000000000000000000000000000000000000000000000000000000000000101111111 
	Parameter C_ARD_NUM_CE_ARRAY bound to: 64'b0000000000000000000000000001000000000000000000000000000000000001 
	Parameter C_FAMILY bound to: artix7 - type: string 
INFO: [Synth 8-638] synthesizing module 'slave_attachment' [c:/Users/smkilani/Documents/atfc/firmware/ATFC_demo1/ATFC_demo1.srcs/sources_1/bd/system/ipshared/xilinx.com/axi_lite_ipif_v3_0/hdl/src/vhdl/slave_attachment.vhd:239]
	Parameter C_ARD_ADDR_RANGE_ARRAY bound to: 256'b0000000000000000000000000000000000000000000000000000000000000000000000000000000000000000000000000000000000000000000000000011111100000000000000000000000000000000000000000000000000000001000000000000000000000000000000000000000000000000000000000000000101111111 
	Parameter C_ARD_NUM_CE_ARRAY bound to: 64'b0000000000000000000000000001000000000000000000000000000000000001 
	Parameter C_IPIF_ABUS_WIDTH bound to: 9 - type: integer 
	Parameter C_IPIF_DBUS_WIDTH bound to: 32 - type: integer 
	Parameter C_S_AXI_MIN_SIZE bound to: 383 - type: integer 
	Parameter C_USE_WSTRB bound to: 1 - type: integer 
	Parameter C_DPHASE_TIMEOUT bound to: 8 - type: integer 
	Parameter C_FAMILY bound to: artix7 - type: string 
INFO: [Synth 8-638] synthesizing module 'address_decoder' [c:/Users/smkilani/Documents/atfc/firmware/ATFC_demo1/ATFC_demo1.srcs/sources_1/bd/system/ipshared/xilinx.com/axi_lite_ipif_v3_0/hdl/src/vhdl/address_decoder.vhd:190]
	Parameter C_BUS_AWIDTH bound to: 9 - type: integer 
	Parameter C_S_AXI_MIN_SIZE bound to: 383 - type: integer 
	Parameter C_ARD_ADDR_RANGE_ARRAY bound to: 256'b0000000000000000000000000000000000000000000000000000000000000000000000000000000000000000000000000000000000000000000000000011111100000000000000000000000000000000000000000000000000000001000000000000000000000000000000000000000000000000000000000000000101111111 
	Parameter C_ARD_NUM_CE_ARRAY bound to: 64'b0000000000000000000000000001000000000000000000000000000000000001 
	Parameter C_FAMILY bound to: nofamily - type: string 
INFO: [Synth 8-638] synthesizing module 'pselect_f' [c:/Users/smkilani/Documents/atfc/firmware/ATFC_demo1/ATFC_demo1.srcs/sources_1/bd/system/ipshared/xilinx.com/axi_lite_ipif_v3_0/hdl/src/vhdl/pselect_f.vhd:161]
	Parameter C_AB bound to: 3 - type: integer 
	Parameter C_AW bound to: 9 - type: integer 
	Parameter C_BAR bound to: 9'b000000000 
	Parameter C_FAMILY bound to: nofamily - type: string 
INFO: [Synth 8-256] done synthesizing module 'pselect_f' (3#1) [c:/Users/smkilani/Documents/atfc/firmware/ATFC_demo1/ATFC_demo1.srcs/sources_1/bd/system/ipshared/xilinx.com/axi_lite_ipif_v3_0/hdl/src/vhdl/pselect_f.vhd:161]
INFO: [Synth 8-638] synthesizing module 'pselect_f__parameterized0' [c:/Users/smkilani/Documents/atfc/firmware/ATFC_demo1/ATFC_demo1.srcs/sources_1/bd/system/ipshared/xilinx.com/axi_lite_ipif_v3_0/hdl/src/vhdl/pselect_f.vhd:161]
	Parameter C_AB bound to: 4 - type: integer 
	Parameter C_AW bound to: 4 - type: integer 
	Parameter C_BAR bound to: 4'b0000 
	Parameter C_FAMILY bound to: nofamily - type: string 
INFO: [Synth 8-256] done synthesizing module 'pselect_f__parameterized0' (3#1) [c:/Users/smkilani/Documents/atfc/firmware/ATFC_demo1/ATFC_demo1.srcs/sources_1/bd/system/ipshared/xilinx.com/axi_lite_ipif_v3_0/hdl/src/vhdl/pselect_f.vhd:161]
INFO: [Synth 8-638] synthesizing module 'pselect_f__parameterized1' [c:/Users/smkilani/Documents/atfc/firmware/ATFC_demo1/ATFC_demo1.srcs/sources_1/bd/system/ipshared/xilinx.com/axi_lite_ipif_v3_0/hdl/src/vhdl/pselect_f.vhd:161]
	Parameter C_AB bound to: 4 - type: integer 
	Parameter C_AW bound to: 4 - type: integer 
	Parameter C_BAR bound to: 4'b0001 
	Parameter C_FAMILY bound to: nofamily - type: string 
INFO: [Synth 8-256] done synthesizing module 'pselect_f__parameterized1' (3#1) [c:/Users/smkilani/Documents/atfc/firmware/ATFC_demo1/ATFC_demo1.srcs/sources_1/bd/system/ipshared/xilinx.com/axi_lite_ipif_v3_0/hdl/src/vhdl/pselect_f.vhd:161]
INFO: [Synth 8-638] synthesizing module 'pselect_f__parameterized2' [c:/Users/smkilani/Documents/atfc/firmware/ATFC_demo1/ATFC_demo1.srcs/sources_1/bd/system/ipshared/xilinx.com/axi_lite_ipif_v3_0/hdl/src/vhdl/pselect_f.vhd:161]
	Parameter C_AB bound to: 4 - type: integer 
	Parameter C_AW bound to: 4 - type: integer 
	Parameter C_BAR bound to: 4'b0010 
	Parameter C_FAMILY bound to: nofamily - type: string 
INFO: [Synth 8-256] done synthesizing module 'pselect_f__parameterized2' (3#1) [c:/Users/smkilani/Documents/atfc/firmware/ATFC_demo1/ATFC_demo1.srcs/sources_1/bd/system/ipshared/xilinx.com/axi_lite_ipif_v3_0/hdl/src/vhdl/pselect_f.vhd:161]
INFO: [Synth 8-638] synthesizing module 'pselect_f__parameterized3' [c:/Users/smkilani/Documents/atfc/firmware/ATFC_demo1/ATFC_demo1.srcs/sources_1/bd/system/ipshared/xilinx.com/axi_lite_ipif_v3_0/hdl/src/vhdl/pselect_f.vhd:161]
	Parameter C_AB bound to: 4 - type: integer 
	Parameter C_AW bound to: 4 - type: integer 
	Parameter C_BAR bound to: 4'b0011 
	Parameter C_FAMILY bound to: nofamily - type: string 
INFO: [Synth 8-256] done synthesizing module 'pselect_f__parameterized3' (3#1) [c:/Users/smkilani/Documents/atfc/firmware/ATFC_demo1/ATFC_demo1.srcs/sources_1/bd/system/ipshared/xilinx.com/axi_lite_ipif_v3_0/hdl/src/vhdl/pselect_f.vhd:161]
INFO: [Synth 8-638] synthesizing module 'pselect_f__parameterized4' [c:/Users/smkilani/Documents/atfc/firmware/ATFC_demo1/ATFC_demo1.srcs/sources_1/bd/system/ipshared/xilinx.com/axi_lite_ipif_v3_0/hdl/src/vhdl/pselect_f.vhd:161]
	Parameter C_AB bound to: 4 - type: integer 
	Parameter C_AW bound to: 4 - type: integer 
	Parameter C_BAR bound to: 4'b0100 
	Parameter C_FAMILY bound to: nofamily - type: string 
INFO: [Synth 8-256] done synthesizing module 'pselect_f__parameterized4' (3#1) [c:/Users/smkilani/Documents/atfc/firmware/ATFC_demo1/ATFC_demo1.srcs/sources_1/bd/system/ipshared/xilinx.com/axi_lite_ipif_v3_0/hdl/src/vhdl/pselect_f.vhd:161]
INFO: [Synth 8-638] synthesizing module 'pselect_f__parameterized5' [c:/Users/smkilani/Documents/atfc/firmware/ATFC_demo1/ATFC_demo1.srcs/sources_1/bd/system/ipshared/xilinx.com/axi_lite_ipif_v3_0/hdl/src/vhdl/pselect_f.vhd:161]
	Parameter C_AB bound to: 4 - type: integer 
	Parameter C_AW bound to: 4 - type: integer 
	Parameter C_BAR bound to: 4'b0101 
	Parameter C_FAMILY bound to: nofamily - type: string 
INFO: [Synth 8-256] done synthesizing module 'pselect_f__parameterized5' (3#1) [c:/Users/smkilani/Documents/atfc/firmware/ATFC_demo1/ATFC_demo1.srcs/sources_1/bd/system/ipshared/xilinx.com/axi_lite_ipif_v3_0/hdl/src/vhdl/pselect_f.vhd:161]
INFO: [Synth 8-638] synthesizing module 'pselect_f__parameterized6' [c:/Users/smkilani/Documents/atfc/firmware/ATFC_demo1/ATFC_demo1.srcs/sources_1/bd/system/ipshared/xilinx.com/axi_lite_ipif_v3_0/hdl/src/vhdl/pselect_f.vhd:161]
	Parameter C_AB bound to: 4 - type: integer 
	Parameter C_AW bound to: 4 - type: integer 
	Parameter C_BAR bound to: 4'b0110 
	Parameter C_FAMILY bound to: nofamily - type: string 
INFO: [Synth 8-256] done synthesizing module 'pselect_f__parameterized6' (3#1) [c:/Users/smkilani/Documents/atfc/firmware/ATFC_demo1/ATFC_demo1.srcs/sources_1/bd/system/ipshared/xilinx.com/axi_lite_ipif_v3_0/hdl/src/vhdl/pselect_f.vhd:161]
INFO: [Synth 8-638] synthesizing module 'pselect_f__parameterized7' [c:/Users/smkilani/Documents/atfc/firmware/ATFC_demo1/ATFC_demo1.srcs/sources_1/bd/system/ipshared/xilinx.com/axi_lite_ipif_v3_0/hdl/src/vhdl/pselect_f.vhd:161]
	Parameter C_AB bound to: 4 - type: integer 
	Parameter C_AW bound to: 4 - type: integer 
	Parameter C_BAR bound to: 4'b0111 
	Parameter C_FAMILY bound to: nofamily - type: string 
INFO: [Synth 8-256] done synthesizing module 'pselect_f__parameterized7' (3#1) [c:/Users/smkilani/Documents/atfc/firmware/ATFC_demo1/ATFC_demo1.srcs/sources_1/bd/system/ipshared/xilinx.com/axi_lite_ipif_v3_0/hdl/src/vhdl/pselect_f.vhd:161]
INFO: [Synth 8-638] synthesizing module 'pselect_f__parameterized8' [c:/Users/smkilani/Documents/atfc/firmware/ATFC_demo1/ATFC_demo1.srcs/sources_1/bd/system/ipshared/xilinx.com/axi_lite_ipif_v3_0/hdl/src/vhdl/pselect_f.vhd:161]
	Parameter C_AB bound to: 4 - type: integer 
	Parameter C_AW bound to: 4 - type: integer 
	Parameter C_BAR bound to: 4'b1000 
	Parameter C_FAMILY bound to: nofamily - type: string 
INFO: [Synth 8-256] done synthesizing module 'pselect_f__parameterized8' (3#1) [c:/Users/smkilani/Documents/atfc/firmware/ATFC_demo1/ATFC_demo1.srcs/sources_1/bd/system/ipshared/xilinx.com/axi_lite_ipif_v3_0/hdl/src/vhdl/pselect_f.vhd:161]
INFO: [Synth 8-638] synthesizing module 'pselect_f__parameterized9' [c:/Users/smkilani/Documents/atfc/firmware/ATFC_demo1/ATFC_demo1.srcs/sources_1/bd/system/ipshared/xilinx.com/axi_lite_ipif_v3_0/hdl/src/vhdl/pselect_f.vhd:161]
	Parameter C_AB bound to: 4 - type: integer 
	Parameter C_AW bound to: 4 - type: integer 
	Parameter C_BAR bound to: 4'b1001 
	Parameter C_FAMILY bound to: nofamily - type: string 
INFO: [Synth 8-256] done synthesizing module 'pselect_f__parameterized9' (3#1) [c:/Users/smkilani/Documents/atfc/firmware/ATFC_demo1/ATFC_demo1.srcs/sources_1/bd/system/ipshared/xilinx.com/axi_lite_ipif_v3_0/hdl/src/vhdl/pselect_f.vhd:161]
INFO: [Synth 8-638] synthesizing module 'pselect_f__parameterized10' [c:/Users/smkilani/Documents/atfc/firmware/ATFC_demo1/ATFC_demo1.srcs/sources_1/bd/system/ipshared/xilinx.com/axi_lite_ipif_v3_0/hdl/src/vhdl/pselect_f.vhd:161]
	Parameter C_AB bound to: 4 - type: integer 
	Parameter C_AW bound to: 4 - type: integer 
	Parameter C_BAR bound to: 4'b1010 
	Parameter C_FAMILY bound to: nofamily - type: string 
INFO: [Synth 8-256] done synthesizing module 'pselect_f__parameterized10' (3#1) [c:/Users/smkilani/Documents/atfc/firmware/ATFC_demo1/ATFC_demo1.srcs/sources_1/bd/system/ipshared/xilinx.com/axi_lite_ipif_v3_0/hdl/src/vhdl/pselect_f.vhd:161]
INFO: [Synth 8-638] synthesizing module 'pselect_f__parameterized11' [c:/Users/smkilani/Documents/atfc/firmware/ATFC_demo1/ATFC_demo1.srcs/sources_1/bd/system/ipshared/xilinx.com/axi_lite_ipif_v3_0/hdl/src/vhdl/pselect_f.vhd:161]
	Parameter C_AB bound to: 4 - type: integer 
	Parameter C_AW bound to: 4 - type: integer 
	Parameter C_BAR bound to: 4'b1011 
	Parameter C_FAMILY bound to: nofamily - type: string 
INFO: [Synth 8-256] done synthesizing module 'pselect_f__parameterized11' (3#1) [c:/Users/smkilani/Documents/atfc/firmware/ATFC_demo1/ATFC_demo1.srcs/sources_1/bd/system/ipshared/xilinx.com/axi_lite_ipif_v3_0/hdl/src/vhdl/pselect_f.vhd:161]
INFO: [Synth 8-638] synthesizing module 'pselect_f__parameterized12' [c:/Users/smkilani/Documents/atfc/firmware/ATFC_demo1/ATFC_demo1.srcs/sources_1/bd/system/ipshared/xilinx.com/axi_lite_ipif_v3_0/hdl/src/vhdl/pselect_f.vhd:161]
	Parameter C_AB bound to: 4 - type: integer 
	Parameter C_AW bound to: 4 - type: integer 
	Parameter C_BAR bound to: 4'b1100 
	Parameter C_FAMILY bound to: nofamily - type: string 
INFO: [Synth 8-256] done synthesizing module 'pselect_f__parameterized12' (3#1) [c:/Users/smkilani/Documents/atfc/firmware/ATFC_demo1/ATFC_demo1.srcs/sources_1/bd/system/ipshared/xilinx.com/axi_lite_ipif_v3_0/hdl/src/vhdl/pselect_f.vhd:161]
INFO: [Synth 8-638] synthesizing module 'pselect_f__parameterized13' [c:/Users/smkilani/Documents/atfc/firmware/ATFC_demo1/ATFC_demo1.srcs/sources_1/bd/system/ipshared/xilinx.com/axi_lite_ipif_v3_0/hdl/src/vhdl/pselect_f.vhd:161]
	Parameter C_AB bound to: 4 - type: integer 
	Parameter C_AW bound to: 4 - type: integer 
	Parameter C_BAR bound to: 4'b1101 
	Parameter C_FAMILY bound to: nofamily - type: string 
INFO: [Synth 8-256] done synthesizing module 'pselect_f__parameterized13' (3#1) [c:/Users/smkilani/Documents/atfc/firmware/ATFC_demo1/ATFC_demo1.srcs/sources_1/bd/system/ipshared/xilinx.com/axi_lite_ipif_v3_0/hdl/src/vhdl/pselect_f.vhd:161]
INFO: [Synth 8-638] synthesizing module 'pselect_f__parameterized14' [c:/Users/smkilani/Documents/atfc/firmware/ATFC_demo1/ATFC_demo1.srcs/sources_1/bd/system/ipshared/xilinx.com/axi_lite_ipif_v3_0/hdl/src/vhdl/pselect_f.vhd:161]
	Parameter C_AB bound to: 4 - type: integer 
	Parameter C_AW bound to: 4 - type: integer 
	Parameter C_BAR bound to: 4'b1110 
	Parameter C_FAMILY bound to: nofamily - type: string 
INFO: [Synth 8-256] done synthesizing module 'pselect_f__parameterized14' (3#1) [c:/Users/smkilani/Documents/atfc/firmware/ATFC_demo1/ATFC_demo1.srcs/sources_1/bd/system/ipshared/xilinx.com/axi_lite_ipif_v3_0/hdl/src/vhdl/pselect_f.vhd:161]
INFO: [Synth 8-638] synthesizing module 'pselect_f__parameterized15' [c:/Users/smkilani/Documents/atfc/firmware/ATFC_demo1/ATFC_demo1.srcs/sources_1/bd/system/ipshared/xilinx.com/axi_lite_ipif_v3_0/hdl/src/vhdl/pselect_f.vhd:161]
	Parameter C_AB bound to: 4 - type: integer 
	Parameter C_AW bound to: 4 - type: integer 
	Parameter C_BAR bound to: 4'b1111 
	Parameter C_FAMILY bound to: nofamily - type: string 
INFO: [Synth 8-256] done synthesizing module 'pselect_f__parameterized15' (3#1) [c:/Users/smkilani/Documents/atfc/firmware/ATFC_demo1/ATFC_demo1.srcs/sources_1/bd/system/ipshared/xilinx.com/axi_lite_ipif_v3_0/hdl/src/vhdl/pselect_f.vhd:161]
INFO: [Synth 8-638] synthesizing module 'pselect_f__parameterized16' [c:/Users/smkilani/Documents/atfc/firmware/ATFC_demo1/ATFC_demo1.srcs/sources_1/bd/system/ipshared/xilinx.com/axi_lite_ipif_v3_0/hdl/src/vhdl/pselect_f.vhd:161]
	Parameter C_AB bound to: 2 - type: integer 
	Parameter C_AW bound to: 9 - type: integer 
	Parameter C_BAR bound to: 9'b100000000 
	Parameter C_FAMILY bound to: nofamily - type: string 
INFO: [Synth 8-256] done synthesizing module 'pselect_f__parameterized16' (3#1) [c:/Users/smkilani/Documents/atfc/firmware/ATFC_demo1/ATFC_demo1.srcs/sources_1/bd/system/ipshared/xilinx.com/axi_lite_ipif_v3_0/hdl/src/vhdl/pselect_f.vhd:161]
INFO: [Synth 8-256] done synthesizing module 'address_decoder' (4#1) [c:/Users/smkilani/Documents/atfc/firmware/ATFC_demo1/ATFC_demo1.srcs/sources_1/bd/system/ipshared/xilinx.com/axi_lite_ipif_v3_0/hdl/src/vhdl/address_decoder.vhd:190]
INFO: [Synth 8-226] default block is never used [c:/Users/smkilani/Documents/atfc/firmware/ATFC_demo1/ATFC_demo1.srcs/sources_1/bd/system/ipshared/xilinx.com/axi_lite_ipif_v3_0/hdl/src/vhdl/slave_attachment.vhd:448]
INFO: [Synth 8-256] done synthesizing module 'slave_attachment' (5#1) [c:/Users/smkilani/Documents/atfc/firmware/ATFC_demo1/ATFC_demo1.srcs/sources_1/bd/system/ipshared/xilinx.com/axi_lite_ipif_v3_0/hdl/src/vhdl/slave_attachment.vhd:239]
INFO: [Synth 8-256] done synthesizing module 'axi_lite_ipif' (6#1) [c:/Users/smkilani/Documents/atfc/firmware/ATFC_demo1/ATFC_demo1.srcs/sources_1/bd/system/ipshared/xilinx.com/axi_lite_ipif_v3_0/hdl/src/vhdl/axi_lite_ipif.vhd:249]
INFO: [Synth 8-256] done synthesizing module 'axi_intc' (7#1) [c:/Users/smkilani/Documents/atfc/firmware/ATFC_demo1/ATFC_demo1.srcs/sources_1/bd/system/ipshared/xilinx.com/axi_intc_v4_1/hdl/src/vhdl/axi_intc.vhd:330]
INFO: [Synth 8-256] done synthesizing module 'system_microblaze_0_axi_intc_0' (8#1) [c:/Users/smkilani/Documents/atfc/firmware/ATFC_demo1/ATFC_demo1.srcs/sources_1/bd/system/ip/system_microblaze_0_axi_intc_0/synth/system_microblaze_0_axi_intc_0.vhd:89]
---------------------------------------------------------------------------------
Finished RTL Elaboration : Time (s): cpu = 00:00:09 ; elapsed = 00:00:12 . Memory (MB): peak = 351.484 ; gain = 180.070
---------------------------------------------------------------------------------

Report Check Netlist: 
+------+------------------+-------+---------+-------+------------------+
|      |Item              |Errors |Warnings |Status |Description       |
+------+------------------+-------+---------+-------+------------------+
|1     |multi_driven_nets |      0|        0|Passed |Multi driven nets |
+------+------------------+-------+---------+-------+------------------+
---------------------------------------------------------------------------------
Finished RTL Optimization Phase 1 : Time (s): cpu = 00:00:09 ; elapsed = 00:00:12 . Memory (MB): peak = 351.484 ; gain = 180.070
---------------------------------------------------------------------------------
INFO: [Device 21-403] Loading part xc7a35tfgg484-1
INFO: [Project 1-570] Preparing netlist for logic optimization

Processing XDC Constraints
Initializing timing engine
Parsing XDC File [c:/Users/smkilani/Documents/atfc/firmware/ATFC_demo1/ATFC_demo1.srcs/sources_1/bd/system/ip/system_microblaze_0_axi_intc_0/system_microblaze_0_axi_intc_0_ooc.xdc] for cell 'U0'
Finished Parsing XDC File [c:/Users/smkilani/Documents/atfc/firmware/ATFC_demo1/ATFC_demo1.srcs/sources_1/bd/system/ip/system_microblaze_0_axi_intc_0/system_microblaze_0_axi_intc_0_ooc.xdc] for cell 'U0'
Parsing XDC File [c:/Users/smkilani/Documents/atfc/firmware/ATFC_demo1/ATFC_demo1.srcs/sources_1/bd/system/ip/system_microblaze_0_axi_intc_0/system_microblaze_0_axi_intc_0.xdc] for cell 'U0'
Finished Parsing XDC File [c:/Users/smkilani/Documents/atfc/firmware/ATFC_demo1/ATFC_demo1.srcs/sources_1/bd/system/ip/system_microblaze_0_axi_intc_0/system_microblaze_0_axi_intc_0.xdc] for cell 'U0'
Parsing XDC File [C:/Users/smkilani/Documents/atfc/firmware/ATFC_demo1/ATFC_demo1.runs/system_microblaze_0_axi_intc_0_synth_1/dont_touch.xdc]
Finished Parsing XDC File [C:/Users/smkilani/Documents/atfc/firmware/ATFC_demo1/ATFC_demo1.runs/system_microblaze_0_axi_intc_0_synth_1/dont_touch.xdc]
Parsing XDC File [c:/Users/smkilani/Documents/atfc/firmware/ATFC_demo1/ATFC_demo1.srcs/sources_1/bd/system/ip/system_microblaze_0_axi_intc_0/system_microblaze_0_axi_intc_0_clocks.xdc] for cell 'U0'
Finished Parsing XDC File [c:/Users/smkilani/Documents/atfc/firmware/ATFC_demo1/ATFC_demo1.srcs/sources_1/bd/system/ip/system_microblaze_0_axi_intc_0/system_microblaze_0_axi_intc_0_clocks.xdc] for cell 'U0'
Completed Processing XDC Constraints

INFO: [Project 1-111] Unisim Transformation Summary:
No Unisim elements were transformed.

Constraint Validation Runtime : Time (s): cpu = 00:00:00 ; elapsed = 00:00:00.036 . Memory (MB): peak = 636.027 ; gain = 0.000
---------------------------------------------------------------------------------
Finished Constraint Validation : Time (s): cpu = 00:00:19 ; elapsed = 00:00:22 . Memory (MB): peak = 636.027 ; gain = 464.613
---------------------------------------------------------------------------------
---------------------------------------------------------------------------------
Start Loading Part and Timing Information
---------------------------------------------------------------------------------
Loading part: xc7a35tfgg484-1
---------------------------------------------------------------------------------
Finished Loading Part and Timing Information : Time (s): cpu = 00:00:19 ; elapsed = 00:00:22 . Memory (MB): peak = 636.027 ; gain = 464.613
---------------------------------------------------------------------------------
---------------------------------------------------------------------------------
Start Applying 'set_property' XDC Constraints
---------------------------------------------------------------------------------
Applied set_property DONT_TOUCH = true for U0. (constraint file  auto generated constraint, line ).
---------------------------------------------------------------------------------
Finished applying 'set_property' XDC Constraints : Time (s): cpu = 00:00:19 ; elapsed = 00:00:22 . Memory (MB): peak = 636.027 ; gain = 464.613
---------------------------------------------------------------------------------
INFO: [Synth 8-5544] ROM "iar" won't be mapped to Block RAM because address size (2) smaller than threshold (5)
INFO: [Synth 8-5544] ROM "in_idle" won't be mapped to Block RAM because address size (2) smaller than threshold (5)
INFO: [Synth 8-5544] ROM "Irq_i" won't be mapped to Block RAM because address size (2) smaller than threshold (5)
INFO: [Synth 8-5544] ROM "s_axi_rresp_i" won't be mapped to Block RAM because address size (2) smaller than threshold (5)
INFO: [Synth 8-5544] ROM "s_axi_rresp_i" won't be mapped to Block RAM because address size (2) smaller than threshold (5)
INFO: [Synth 8-5544] ROM "s_axi_bresp_i" won't be mapped to Block RAM because address size (2) smaller than threshold (5)
INFO: [Synth 8-5544] ROM "s_axi_bresp_i" won't be mapped to Block RAM because address size (2) smaller than threshold (5)
---------------------------------------------------------------------------------
Finished RTL Optimization Phase 2 : Time (s): cpu = 00:00:19 ; elapsed = 00:00:23 . Memory (MB): peak = 636.027 ; gain = 464.613
---------------------------------------------------------------------------------

Report RTL Partitions: 
+-+--------------+------------+----------+
| |RTL Partition |Replication |Instances |
+-+--------------+------------+----------+
+-+--------------+------------+----------+
---------------------------------------------------------------------------------
Start RTL Component Statistics 
---------------------------------------------------------------------------------
Detailed RTL Component Info : 
+---Adders : 
	   2 Input      4 Bit       Adders := 1     
+---Registers : 
	               32 Bit    Registers := 4     
	                9 Bit    Registers := 1     
	                4 Bit    Registers := 1     
	                2 Bit    Registers := 4     
	                1 Bit    Registers := 53    
+---Muxes : 
	   2 Input     32 Bit        Muxes := 3     
	   2 Input      9 Bit        Muxes := 1     
	   2 Input      4 Bit        Muxes := 1     
	   5 Input      2 Bit        Muxes := 1     
	   3 Input      2 Bit        Muxes := 1     
	   7 Input      2 Bit        Muxes := 1     
	   2 Input      2 Bit        Muxes := 2     
	   2 Input      1 Bit        Muxes := 35    
	   4 Input      1 Bit        Muxes := 3     
---------------------------------------------------------------------------------
Finished RTL Component Statistics 
---------------------------------------------------------------------------------
---------------------------------------------------------------------------------
Start RTL Hierarchical Component Statistics 
---------------------------------------------------------------------------------
Hierarchical RTL Component report 
Module shared_ram_ivar 
Detailed RTL Component Info : 
+---Registers : 
	               32 Bit    Registers := 2     
Module intc_core 
Detailed RTL Component Info : 
+---Registers : 
	               32 Bit    Registers := 1     
	                2 Bit    Registers := 1     
	                1 Bit    Registers := 22    
+---Muxes : 
	   2 Input     32 Bit        Muxes := 3     
	   5 Input      2 Bit        Muxes := 1     
	   3 Input      2 Bit        Muxes := 1     
	   2 Input      1 Bit        Muxes := 9     
Module pselect_f 
Detailed RTL Component Info : 
+---Muxes : 
	   2 Input      1 Bit        Muxes := 1     
Module pselect_f__parameterized16 
Detailed RTL Component Info : 
+---Muxes : 
	   2 Input      1 Bit        Muxes := 1     
Module pselect_f__parameterized0 
Detailed RTL Component Info : 
+---Muxes : 
	   2 Input      1 Bit        Muxes := 1     
Module pselect_f__parameterized1 
Detailed RTL Component Info : 
+---Muxes : 
	   2 Input      1 Bit        Muxes := 1     
Module pselect_f__parameterized2 
Detailed RTL Component Info : 
+---Muxes : 
	   2 Input      1 Bit        Muxes := 1     
Module pselect_f__parameterized3 
Detailed RTL Component Info : 
+---Muxes : 
	   2 Input      1 Bit        Muxes := 1     
Module pselect_f__parameterized4 
Detailed RTL Component Info : 
+---Muxes : 
	   2 Input      1 Bit        Muxes := 1     
Module pselect_f__parameterized5 
Detailed RTL Component Info : 
+---Muxes : 
	   2 Input      1 Bit        Muxes := 1     
Module pselect_f__parameterized6 
Detailed RTL Component Info : 
+---Muxes : 
	   2 Input      1 Bit        Muxes := 1     
Module pselect_f__parameterized7 
Detailed RTL Component Info : 
+---Muxes : 
	   2 Input      1 Bit        Muxes := 1     
Module pselect_f__parameterized8 
Detailed RTL Component Info : 
+---Muxes : 
	   2 Input      1 Bit        Muxes := 1     
Module pselect_f__parameterized9 
Detailed RTL Component Info : 
+---Muxes : 
	   2 Input      1 Bit        Muxes := 1     
Module pselect_f__parameterized10 
Detailed RTL Component Info : 
+---Muxes : 
	   2 Input      1 Bit        Muxes := 1     
Module pselect_f__parameterized11 
Detailed RTL Component Info : 
+---Muxes : 
	   2 Input      1 Bit        Muxes := 1     
Module pselect_f__parameterized12 
Detailed RTL Component Info : 
+---Muxes : 
	   2 Input      1 Bit        Muxes := 1     
Module pselect_f__parameterized13 
Detailed RTL Component Info : 
+---Muxes : 
	   2 Input      1 Bit        Muxes := 1     
Module pselect_f__parameterized14 
Detailed RTL Component Info : 
+---Muxes : 
	   2 Input      1 Bit        Muxes := 1     
Module pselect_f__parameterized15 
Detailed RTL Component Info : 
+---Muxes : 
	   2 Input      1 Bit        Muxes := 1     
Module address_decoder 
Detailed RTL Component Info : 
+---Registers : 
	                1 Bit    Registers := 20    
Module slave_attachment 
Detailed RTL Component Info : 
+---Adders : 
	   2 Input      4 Bit       Adders := 1     
+---Registers : 
	               32 Bit    Registers := 1     
	                9 Bit    Registers := 1     
	                4 Bit    Registers := 1     
	                2 Bit    Registers := 3     
	                1 Bit    Registers := 7     
+---Muxes : 
	   2 Input      9 Bit        Muxes := 1     
	   2 Input      4 Bit        Muxes := 1     
	   7 Input      2 Bit        Muxes := 1     
	   2 Input      2 Bit        Muxes := 2     
	   4 Input      1 Bit        Muxes := 3     
	   2 Input      1 Bit        Muxes := 8     
Module axi_intc 
Detailed RTL Component Info : 
+---Registers : 
	                1 Bit    Registers := 4     
---------------------------------------------------------------------------------
Finished RTL Hierarchical Component Statistics
---------------------------------------------------------------------------------
---------------------------------------------------------------------------------
Start Part Resource Summary
---------------------------------------------------------------------------------
Part Resources:
DSPs: 90 (col length:60)
BRAMs: 100 (col length: RAMB18 60 RAMB36 30)
---------------------------------------------------------------------------------
Finished Part Resource Summary
---------------------------------------------------------------------------------
Start Parallel Synthesis Optimization  : Time (s): cpu = 00:00:20 ; elapsed = 00:00:23 . Memory (MB): peak = 636.027 ; gain = 464.613
---------------------------------------------------------------------------------
Start Cross Boundary Optimization
---------------------------------------------------------------------------------
---------------------------------------------------------------------------------
Finished Cross Boundary Optimization : Time (s): cpu = 00:00:20 ; elapsed = 00:00:23 . Memory (MB): peak = 636.027 ; gain = 464.613
---------------------------------------------------------------------------------
Finished Parallel Reinference  : Time (s): cpu = 00:00:20 ; elapsed = 00:00:23 . Memory (MB): peak = 636.027 ; gain = 464.613

Report RTL Partitions: 
+-+--------------+------------+----------+
| |RTL Partition |Replication |Instances |
+-+--------------+------------+----------+
+-+--------------+------------+----------+
---------------------------------------------------------------------------------
Start ROM, RAM, DSP and Shift Register Reporting
---------------------------------------------------------------------------------

Distributed RAM: 
+-------------------------------+--------------------------------------------------------------------------------+----------------+----------------------+-----------------+------------------------------------------------+
|Module Name                    | RTL Object                                                                     | Inference      | Size (Depth x Width) | Primitives      | Hierarchical Name                              | 
+-------------------------------+--------------------------------------------------------------------------------+----------------+----------------------+-----------------+------------------------------------------------+
|system_microblaze_0_axi_intc_0 | INTC_CORE_I/IVAR_FAST_MODE_GEN.IVAR_REG_MEM_AXI_CLK_GEN.IVAR_REG_MEM_I/ram_reg | User Attribute | 16 x 32              | RAM16X1D x 32   | system_microblaze_0_axi_intc_0/axi_intc/ram__2 | 
+-------------------------------+--------------------------------------------------------------------------------+----------------+----------------------+-----------------+------------------------------------------------+

Note: The table above shows the Distributed RAMs at the current stage of the synthesis flow. Some Distributed RAMs may be reimplemented as non Distributed RAM primitives later in the synthesis flow. Multiple instantiated RAMs are reported only once. "Hierarchical Name" reflects the Distributed RAM name as it appears in the hierarchical module and only part of it is displayed.
---------------------------------------------------------------------------------
Finished ROM, RAM, DSP and Shift Register Reporting
---------------------------------------------------------------------------------
---------------------------------------------------------------------------------
Start Area Optimization
---------------------------------------------------------------------------------
---------------------------------------------------------------------------------
Finished Area Optimization : Time (s): cpu = 00:00:20 ; elapsed = 00:00:24 . Memory (MB): peak = 636.027 ; gain = 464.613
---------------------------------------------------------------------------------
Finished Parallel Area Optimization  : Time (s): cpu = 00:00:20 ; elapsed = 00:00:24 . Memory (MB): peak = 636.027 ; gain = 464.613

Report RTL Partitions: 
+-+--------------+------------+----------+
| |RTL Partition |Replication |Instances |
+-+--------------+------------+----------+
+-+--------------+------------+----------+
---------------------------------------------------------------------------------
Start Timing Optimization
---------------------------------------------------------------------------------
---------------------------------------------------------------------------------
Start Applying XDC Timing Constraints
---------------------------------------------------------------------------------
---------------------------------------------------------------------------------
Finished Applying XDC Timing Constraints : Time (s): cpu = 00:00:33 ; elapsed = 00:00:37 . Memory (MB): peak = 636.027 ; gain = 464.613
---------------------------------------------------------------------------------
---------------------------------------------------------------------------------
Finished Timing Optimization : Time (s): cpu = 00:00:34 ; elapsed = 00:00:37 . Memory (MB): peak = 636.027 ; gain = 464.613
---------------------------------------------------------------------------------

Report RTL Partitions: 
+-+--------------+------------+----------+
| |RTL Partition |Replication |Instances |
+-+--------------+------------+----------+
+-+--------------+------------+----------+
---------------------------------------------------------------------------------
Start Technology Mapping
---------------------------------------------------------------------------------
WARNING: [Synth 8-3332] Sequential element (\AXI_LITE_IPIF_I/I_SLAVE_ATTACHMENT/s_axi_bresp_i_reg[0] ) is unused and will be removed from module axi_intc.
WARNING: [Synth 8-3332] Sequential element (\INTC_CORE_I/IPR_GEN.ipr_reg[31] ) is unused and will be removed from module axi_intc.
WARNING: [Synth 8-3332] Sequential element (\INTC_CORE_I/IPR_GEN.ipr_reg[30] ) is unused and will be removed from module axi_intc.
WARNING: [Synth 8-3332] Sequential element (\INTC_CORE_I/IPR_GEN.ipr_reg[29] ) is unused and will be removed from module axi_intc.
WARNING: [Synth 8-3332] Sequential element (\INTC_CORE_I/IPR_GEN.ipr_reg[28] ) is unused and will be removed from module axi_intc.
WARNING: [Synth 8-3332] Sequential element (\INTC_CORE_I/IPR_GEN.ipr_reg[27] ) is unused and will be removed from module axi_intc.
WARNING: [Synth 8-3332] Sequential element (\INTC_CORE_I/IPR_GEN.ipr_reg[26] ) is unused and will be removed from module axi_intc.
WARNING: [Synth 8-3332] Sequential element (\INTC_CORE_I/IPR_GEN.ipr_reg[25] ) is unused and will be removed from module axi_intc.
WARNING: [Synth 8-3332] Sequential element (\INTC_CORE_I/IPR_GEN.ipr_reg[24] ) is unused and will be removed from module axi_intc.
WARNING: [Synth 8-3332] Sequential element (\INTC_CORE_I/IPR_GEN.ipr_reg[23] ) is unused and will be removed from module axi_intc.
WARNING: [Synth 8-3332] Sequential element (\INTC_CORE_I/IPR_GEN.ipr_reg[22] ) is unused and will be removed from module axi_intc.
WARNING: [Synth 8-3332] Sequential element (\INTC_CORE_I/IPR_GEN.ipr_reg[21] ) is unused and will be removed from module axi_intc.
WARNING: [Synth 8-3332] Sequential element (\INTC_CORE_I/IPR_GEN.ipr_reg[20] ) is unused and will be removed from module axi_intc.
WARNING: [Synth 8-3332] Sequential element (\INTC_CORE_I/IPR_GEN.ipr_reg[19] ) is unused and will be removed from module axi_intc.
WARNING: [Synth 8-3332] Sequential element (\INTC_CORE_I/IPR_GEN.ipr_reg[18] ) is unused and will be removed from module axi_intc.
WARNING: [Synth 8-3332] Sequential element (\INTC_CORE_I/IPR_GEN.ipr_reg[17] ) is unused and will be removed from module axi_intc.
WARNING: [Synth 8-3332] Sequential element (\INTC_CORE_I/IPR_GEN.ipr_reg[16] ) is unused and will be removed from module axi_intc.
WARNING: [Synth 8-3332] Sequential element (\INTC_CORE_I/IPR_GEN.ipr_reg[15] ) is unused and will be removed from module axi_intc.
WARNING: [Synth 8-3332] Sequential element (\INTC_CORE_I/IPR_GEN.ipr_reg[14] ) is unused and will be removed from module axi_intc.
WARNING: [Synth 8-3332] Sequential element (\INTC_CORE_I/IPR_GEN.ipr_reg[13] ) is unused and will be removed from module axi_intc.
WARNING: [Synth 8-3332] Sequential element (\INTC_CORE_I/IPR_GEN.ipr_reg[12] ) is unused and will be removed from module axi_intc.
WARNING: [Synth 8-3332] Sequential element (\INTC_CORE_I/IPR_GEN.ipr_reg[11] ) is unused and will be removed from module axi_intc.
WARNING: [Synth 8-3332] Sequential element (\INTC_CORE_I/IPR_GEN.ipr_reg[10] ) is unused and will be removed from module axi_intc.
WARNING: [Synth 8-3332] Sequential element (\INTC_CORE_I/IPR_GEN.ipr_reg[9] ) is unused and will be removed from module axi_intc.
WARNING: [Synth 8-3332] Sequential element (\INTC_CORE_I/IPR_GEN.ipr_reg[8] ) is unused and will be removed from module axi_intc.
WARNING: [Synth 8-3332] Sequential element (\INTC_CORE_I/IPR_GEN.ipr_reg[7] ) is unused and will be removed from module axi_intc.
WARNING: [Synth 8-3332] Sequential element (\INTC_CORE_I/IPR_GEN.ipr_reg[6] ) is unused and will be removed from module axi_intc.
WARNING: [Synth 8-3332] Sequential element (\INTC_CORE_I/IPR_GEN.ipr_reg[5] ) is unused and will be removed from module axi_intc.
WARNING: [Synth 8-3332] Sequential element (\INTC_CORE_I/IPR_GEN.ipr_reg[4] ) is unused and will be removed from module axi_intc.
WARNING: [Synth 8-3332] Sequential element (\INTC_CORE_I/IPR_GEN.ipr_reg[3] ) is unused and will be removed from module axi_intc.
WARNING: [Synth 8-3332] Sequential element (\INTC_CORE_I/IPR_GEN.ipr_reg[2] ) is unused and will be removed from module axi_intc.
WARNING: [Synth 8-3332] Sequential element (\INTC_CORE_I/IPR_GEN.ipr_reg[1] ) is unused and will be removed from module axi_intc.
WARNING: [Synth 8-3332] Sequential element (\AXI_LITE_IPIF_I/I_SLAVE_ATTACHMENT/s_axi_rresp_i_reg[0] ) is unused and will be removed from module axi_intc.
---------------------------------------------------------------------------------
Finished Technology Mapping : Time (s): cpu = 00:00:34 ; elapsed = 00:00:38 . Memory (MB): peak = 636.027 ; gain = 464.613
---------------------------------------------------------------------------------
Finished Parallel Technology Mapping Optimization  : Time (s): cpu = 00:00:34 ; elapsed = 00:00:38 . Memory (MB): peak = 636.027 ; gain = 464.613

Report RTL Partitions: 
+-+--------------+------------+----------+
| |RTL Partition |Replication |Instances |
+-+--------------+------------+----------+
+-+--------------+------------+----------+
Finished Parallel Synthesis Optimization  : Time (s): cpu = 00:00:34 ; elapsed = 00:00:38 . Memory (MB): peak = 636.027 ; gain = 464.613
---------------------------------------------------------------------------------
Start IO Insertion
---------------------------------------------------------------------------------
---------------------------------------------------------------------------------
Start Flattening Before IO Insertion
---------------------------------------------------------------------------------
---------------------------------------------------------------------------------
Finished Flattening Before IO Insertion
---------------------------------------------------------------------------------
---------------------------------------------------------------------------------
Start Final Netlist Cleanup
---------------------------------------------------------------------------------
---------------------------------------------------------------------------------
Finished Final Netlist Cleanup
---------------------------------------------------------------------------------
---------------------------------------------------------------------------------
Finished IO Insertion : Time (s): cpu = 00:00:35 ; elapsed = 00:00:39 . Memory (MB): peak = 636.027 ; gain = 464.613
---------------------------------------------------------------------------------

Report Check Netlist: 
+------+------------------+-------+---------+-------+------------------+
|      |Item              |Errors |Warnings |Status |Description       |
+------+------------------+-------+---------+-------+------------------+
|1     |multi_driven_nets |      0|        0|Passed |Multi driven nets |
+------+------------------+-------+---------+-------+------------------+
---------------------------------------------------------------------------------
Start Renaming Generated Instances
---------------------------------------------------------------------------------
---------------------------------------------------------------------------------
Finished Renaming Generated Instances : Time (s): cpu = 00:00:35 ; elapsed = 00:00:39 . Memory (MB): peak = 636.027 ; gain = 464.613
---------------------------------------------------------------------------------

Report RTL Partitions: 
+-+--------------+------------+----------+
| |RTL Partition |Replication |Instances |
+-+--------------+------------+----------+
+-+--------------+------------+----------+
---------------------------------------------------------------------------------
Start Rebuilding User Hierarchy
---------------------------------------------------------------------------------
---------------------------------------------------------------------------------
Finished Rebuilding User Hierarchy : Time (s): cpu = 00:00:35 ; elapsed = 00:00:39 . Memory (MB): peak = 636.027 ; gain = 464.613
---------------------------------------------------------------------------------
---------------------------------------------------------------------------------
Start Renaming Generated Ports
---------------------------------------------------------------------------------
---------------------------------------------------------------------------------
Finished Renaming Generated Ports : Time (s): cpu = 00:00:35 ; elapsed = 00:00:39 . Memory (MB): peak = 636.027 ; gain = 464.613
---------------------------------------------------------------------------------
---------------------------------------------------------------------------------
Start Handling Custom Attributes
---------------------------------------------------------------------------------
---------------------------------------------------------------------------------
Finished Handling Custom Attributes : Time (s): cpu = 00:00:35 ; elapsed = 00:00:39 . Memory (MB): peak = 636.027 ; gain = 464.613
---------------------------------------------------------------------------------
---------------------------------------------------------------------------------
Start Renaming Generated Nets
---------------------------------------------------------------------------------
---------------------------------------------------------------------------------
Finished Renaming Generated Nets : Time (s): cpu = 00:00:35 ; elapsed = 00:00:39 . Memory (MB): peak = 636.027 ; gain = 464.613
---------------------------------------------------------------------------------
---------------------------------------------------------------------------------
Start Writing Synthesis Report
---------------------------------------------------------------------------------

Report BlackBoxes: 
+-+--------------+----------+
| |BlackBox name |Instances |
+-+--------------+----------+
+-+--------------+----------+

Report Cell Usage: 
+------+---------+------+
|      |Cell     |Count |
+------+---------+------+
|1     |LUT1     |     2|
|2     |LUT2     |    14|
|3     |LUT3     |    12|
|4     |LUT4     |    30|
|5     |LUT5     |    83|
|6     |LUT6     |    19|
|7     |RAM16X1D |    32|
|8     |FDRE     |   164|
|9     |FDSE     |     1|
+------+---------+------+

Report Instance Areas: 
+------+-------------------------------------------------------------------+-----------------+------+
|      |Instance                                                           |Module           |Cells |
+------+-------------------------------------------------------------------+-----------------+------+
|1     |top                                                                |                 |   357|
|2     |  U0                                                               |axi_intc         |   357|
|3     |    AXI_LITE_IPIF_I                                                |axi_lite_ipif    |   211|
|4     |      I_SLAVE_ATTACHMENT                                           |slave_attachment |   211|
|5     |        I_DECODER                                                  |address_decoder  |   125|
|6     |    INTC_CORE_I                                                    |intc_core        |   142|
|7     |      \IVAR_FAST_MODE_GEN.IVAR_REG_MEM_AXI_CLK_GEN.IVAR_REG_MEM_I  |shared_ram_ivar  |    97|
+------+-------------------------------------------------------------------+-----------------+------+
---------------------------------------------------------------------------------
Finished Writing Synthesis Report : Time (s): cpu = 00:00:35 ; elapsed = 00:00:39 . Memory (MB): peak = 636.027 ; gain = 464.613
---------------------------------------------------------------------------------
Synthesis finished with 0 errors, 0 critical warnings and 33 warnings.
Synthesis Optimization Runtime : Time (s): cpu = 00:00:21 ; elapsed = 00:00:28 . Memory (MB): peak = 636.027 ; gain = 108.531
Synthesis Optimization Complete : Time (s): cpu = 00:00:35 ; elapsed = 00:00:39 . Memory (MB): peak = 636.027 ; gain = 464.613
INFO: [Project 1-571] Translating synthesized netlist
INFO: [Netlist 29-17] Analyzing 32 Unisim elements for replacement
INFO: [Netlist 29-28] Unisim Transformation completed in 0 CPU seconds
INFO: [Project 1-570] Preparing netlist for logic optimization
Parsing XDC File [c:/Users/smkilani/Documents/atfc/firmware/ATFC_demo1/ATFC_demo1.srcs/sources_1/bd/system/ip/system_microblaze_0_axi_intc_0/system_microblaze_0_axi_intc_0_ooc.xdc] for cell 'U0'
Finished Parsing XDC File [c:/Users/smkilani/Documents/atfc/firmware/ATFC_demo1/ATFC_demo1.srcs/sources_1/bd/system/ip/system_microblaze_0_axi_intc_0/system_microblaze_0_axi_intc_0_ooc.xdc] for cell 'U0'
Parsing XDC File [c:/Users/smkilani/Documents/atfc/firmware/ATFC_demo1/ATFC_demo1.srcs/sources_1/bd/system/ip/system_microblaze_0_axi_intc_0/system_microblaze_0_axi_intc_0.xdc] for cell 'U0'
Finished Parsing XDC File [c:/Users/smkilani/Documents/atfc/firmware/ATFC_demo1/ATFC_demo1.srcs/sources_1/bd/system/ip/system_microblaze_0_axi_intc_0/system_microblaze_0_axi_intc_0.xdc] for cell 'U0'
Parsing XDC File [c:/Users/smkilani/Documents/atfc/firmware/ATFC_demo1/ATFC_demo1.srcs/sources_1/bd/system/ip/system_microblaze_0_axi_intc_0/system_microblaze_0_axi_intc_0_clocks.xdc] for cell 'U0'
Finished Parsing XDC File [c:/Users/smkilani/Documents/atfc/firmware/ATFC_demo1/ATFC_demo1.srcs/sources_1/bd/system/ip/system_microblaze_0_axi_intc_0/system_microblaze_0_axi_intc_0_clocks.xdc] for cell 'U0'
INFO: [Opt 31-138] Pushed 0 inverter(s) to 0 load pin(s).
INFO: [Project 1-111] Unisim Transformation Summary:
  A total of 32 instances were transformed.
  RAM16X1D => RAM32X1D (RAMD32, RAMD32): 32 instances

INFO: [Common 17-83] Releasing license: Synthesis
77 Infos, 40 Warnings, 0 Critical Warnings and 0 Errors encountered.
synth_design completed successfully
synth_design: Time (s): cpu = 00:00:34 ; elapsed = 00:00:36 . Memory (MB): peak = 636.027 ; gain = 399.633
INFO: [Coretcl 2-1174] Renamed 6 cell refs.
report_utilization: Time (s): cpu = 00:00:00 ; elapsed = 00:00:00.029 . Memory (MB): peak = 636.027 ; gain = 0.000
INFO: [Common 17-206] Exiting Vivado at Wed Nov 22 16:57:22 2017...
