#-----------------------------------------------------------
# Webtalk v2017.2 (64-bit)
# SW Build 1909853 on Thu Jun 15 18:39:09 MDT 2017
# 
# Start of session at: Tue Nov 14 14:37:43 2017
# Process ID: 165444
# Current directory: C:/Users/smkilani/Documents/atfc/firmware/ATFC_demo/ATFC_demo.sdk/webtalk
# Command line: wbtcv.exe -mode batch -source sdk_webtalk.tcl
# Log file: C:/Users/smkilani/Documents/atfc/firmware/ATFC_demo/ATFC_demo.sdk/webtalk/webtalk.log
# Journal file: C:/Users/smkilani/Documents/atfc/firmware/ATFC_demo/ATFC_demo.sdk/webtalk\webtalk.jou
#-----------------------------------------------------------
source sdk_webtalk.tcl
# webtalk_init -webtalk_dir C:\\Users\\smkilani\\Documents\\atfc\\firmware\\ATFC_demo\\ATFC_demo.sdk\\webtalk
# webtalk_register_client -client project
# webtalk_add_data -client project -key date_generated -value "2017-11-14 14:37:42" -context "software_version_and_target_device"
# webtalk_add_data -client project -key product_version -value "SDK v2017.2" -context "software_version_and_target_device"
# webtalk_add_data -client project -key build_version -value "2017.2" -context "software_version_and_target_device"
# webtalk_add_data -client project -key os_platform -value "amd64" -context "software_version_and_target_device"
# webtalk_add_data -client project -key registration_id -value "210934245_1777516860_210653342_041" -context "software_version_and_target_device"
# webtalk_add_data -client project -key tool_flow -value "SDK" -context "software_version_and_target_device"
# webtalk_add_data -client project -key beta -value "false" -context "software_version_and_target_device"
# webtalk_add_data -client project -key route_design -value "NA" -context "software_version_and_target_device"
# webtalk_add_data -client project -key target_family -value "NA" -context "software_version_and_target_device"
# webtalk_add_data -client project -key target_device -value "NA" -context "software_version_and_target_device"
# webtalk_add_data -client project -key target_package -value "NA" -context "software_version_and_target_device"
# webtalk_add_data -client project -key target_speed -value "NA" -context "software_version_and_target_device"
# webtalk_add_data -client project -key random_id -value "n20l994ge1dd24276gjjeuv3pf" -context "software_version_and_target_device"
# webtalk_add_data -client project -key project_id -value "2017.2_3" -context "software_version_and_target_device"
# webtalk_add_data -client project -key project_iteration -value "3" -context "software_version_and_target_device"
# webtalk_add_data -client project -key os_name -value "Microsoft Windows 8 or later , 64-bit" -context "user_environment"
# webtalk_add_data -client project -key os_release -value "major release  (build 9200)" -context "user_environment"
# webtalk_add_data -client project -key cpu_name -value "Intel(R) Xeon(R) CPU E5-1620 v2 @ 3.70GHz" -context "user_environment"
# webtalk_add_data -client project -key cpu_speed -value "3691 MHz" -context "user_environment"
# webtalk_add_data -client project -key total_processors -value "1" -context "user_environment"
# webtalk_add_data -client project -key system_ram -value "17.000 GB" -context "user_environment"
# webtalk_register_client -client sdk
# webtalk_add_data -client sdk -key uid -value "1510669553812" -context "sdk\\\\bsp/1510669553812"
# webtalk_add_data -client sdk -key hwid -value "1510655862945" -context "sdk\\\\bsp/1510669553812"
# webtalk_add_data -client sdk -key os -value "standalone" -context "sdk\\\\bsp/1510669553812"
# webtalk_add_data -client sdk -key apptemplate -value "hello_world" -context "sdk\\\\bsp/1510669553812"
# webtalk_add_data -client sdk -key RecordType -value "BSPCreation" -context "sdk\\\\bsp/1510669553812"
# webtalk_add_data -client sdk -key uid -value "1510669556384" -context "sdk\\\\application/1510669556384"
# webtalk_add_data -client sdk -key hwid -value "1510655862945" -context "sdk\\\\application/1510669556384"
# webtalk_add_data -client sdk -key bspid -value "1510669553812" -context "sdk\\\\application/1510669556384"
# webtalk_add_data -client sdk -key newbsp -value "true" -context "sdk\\\\application/1510669556384"
# webtalk_add_data -client sdk -key os -value "standalone" -context "sdk\\\\application/1510669556384"
# webtalk_add_data -client sdk -key apptemplate -value "hello_world" -context "sdk\\\\application/1510669556384"
# webtalk_add_data -client sdk -key RecordType -value "APPCreation" -context "sdk\\\\application/1510669556384"
# webtalk_add_data -client sdk -key LangUsed -value "C" -context "sdk\\\\application/1510669556384"
# webtalk_add_data -client sdk -key Procused -value "microblaze" -context "sdk\\\\application/1510669556384"
# webtalk_add_data -client sdk -key projSize -value "82.53515625" -context "sdk\\\\application/1510669556384"
# webtalk_add_data -client sdk -key uid -value "NA" -context "sdk\\\\bsp/1510670262675"
# webtalk_add_data -client sdk -key RecordType -value "ToolUsage" -context "sdk\\\\bsp/1510670262675"
# webtalk_add_data -client sdk -key BootgenCount -value "0" -context "sdk\\\\bsp/1510670262675"
# webtalk_add_data -client sdk -key DebugCount -value "0" -context "sdk\\\\bsp/1510670262675"
# webtalk_add_data -client sdk -key PerfCount -value "0" -context "sdk\\\\bsp/1510670262675"
# webtalk_add_data -client sdk -key FlashCount -value "0" -context "sdk\\\\bsp/1510670262675"
# webtalk_add_data -client sdk -key CrossTriggCount -value "0" -context "sdk\\\\bsp/1510670262675"
# webtalk_add_data -client sdk -key QemuDebugCount -value "0" -context "sdk\\\\bsp/1510670262675"
# webtalk_transmit -clientid 2040188508 -regid "210934245_1777516860_210653342_041" -xml C:\\Users\\smkilani\\Documents\\atfc\\firmware\\ATFC_demo\\ATFC_demo.sdk\\webtalk\\usage_statistics_ext_sdk.xml -html C:\\Users\\smkilani\\Documents\\atfc\\firmware\\ATFC_demo\\ATFC_demo.sdk\\webtalk\\usage_statistics_ext_sdk.html -wdm C:\\Users\\smkilani\\Documents\\atfc\\firmware\\ATFC_demo\\ATFC_demo.sdk\\webtalk\\sdk_webtalk.wdm -intro "<H3>SDK Usage Report</H3><BR>"
# webtalk_terminate
INFO: [Common 17-206] Exiting Webtalk at Tue Nov 14 14:37:48 2017...
