10:37:21 INFO  : Registering command handlers for SDK TCF services
10:37:22 INFO  : Launching XSCT server: xsct.bat -interactive C:\Users\smkilani\Documents\atfc\firmware\ATFC_demo\ATFC_demo.sdk\temp_xsdb_launch_script.tcl
10:37:26 INFO  : XSCT server has started successfully.
10:37:26 INFO  : Successfully done setting XSCT server connection channel  
10:37:42 INFO  : Successfully done setting SDK workspace  
10:37:42 INFO  : Processing command line option -hwspec C:/Users/smkilani/Documents/atfc/firmware/ATFC_demo/ATFC_demo.sdk/top.hdf.
10:48:04 INFO  : Connected to target on host '127.0.0.1' and port '3121'.
10:48:04 INFO  : 'targets -set -filter {jtag_cable_name =~ "Digilent JTAG-HS2 210249A1461F" && level==0} -index 0' command is executed.
10:48:05 INFO  : FPGA configured successfully with bitstream "C:/Users/smkilani/Documents/atfc/firmware/ATFC_demo/ATFC_demo.sdk/top_hw_platform_0/download.bit"
11:51:35 INFO  : Connected to target on host '127.0.0.1' and port '3121'.
11:51:35 INFO  : 'targets -set -filter {jtag_cable_name =~ "Digilent JTAG-HS2 210249A1461F" && level==0} -index 0' command is executed.
11:51:36 INFO  : FPGA configured successfully with bitstream "C:/Users/smkilani/Documents/atfc/firmware/ATFC_demo/ATFC_demo.sdk/top_hw_platform_0/download.bit"
11:52:43 INFO  : Connected to target on host '127.0.0.1' and port '3121'.
11:52:43 INFO  : 'targets -set -filter {jtag_cable_name =~ "Digilent JTAG-HS2 210249A1461F" && level==0} -index 0' command is executed.
11:52:44 INFO  : FPGA configured successfully with bitstream "C:/Users/smkilani/Documents/atfc/firmware/ATFC_demo/ATFC_demo.sdk/top_hw_platform_0/download.bit"
11:57:29 INFO  : Example project ATFCdemo_bsp_xiic_tempsensor_example_1 has been created successfully.
12:16:09 INFO  : Registering command handlers for SDK TCF services
12:16:09 INFO  : Launching XSCT server: xsct.bat -interactive C:\Users\smkilani\Documents\atfc\firmware\ATFC_demo\ATFC_demo.sdk\temp_xsdb_launch_script.tcl
12:16:12 INFO  : XSCT server has started successfully.
12:16:12 INFO  : Successfully done setting XSCT server connection channel  
12:16:26 INFO  : Successfully done setting SDK workspace  
12:16:26 INFO  : Processing command line option -hwspec C:/Users/smkilani/Documents/atfc/firmware/ATFC_demo/ATFC_demo.sdk/top.hdf.
12:16:26 INFO  : Checking for hwspec changes in the project top_hw_platform_0.
12:16:26 INFO  : SDK has detected change in the last modified timestamps for source hardware specification file Source:1510661462887,  Project:1510581827280
12:16:26 INFO  : The hardware specification for project 'top_hw_platform_0' is different from C:/Users/smkilani/Documents/atfc/firmware/ATFC_demo/ATFC_demo.sdk/top.hdf.
12:16:26 INFO  : Copied contents of C:/Users/smkilani/Documents/atfc/firmware/ATFC_demo/ATFC_demo.sdk/top.hdf into \top_hw_platform_0\system.hdf.
12:16:26 INFO  : Synchronizing projects in the workspace with the hardware platform specification changes.
12:16:32 INFO  : 
12:16:34 INFO  : Updating hardware inferred compiler options for ATFCdemo.
12:16:34 INFO  : Updating hardware inferred compiler options for ATFCdemo_bsp_xiic_tempsensor_example_1.
12:16:34 INFO  : Clearing existing target manager status.
12:19:04 INFO  : Connected to target on host '127.0.0.1' and port '3121'.
12:19:04 INFO  : 'targets -set -filter {jtag_cable_name =~ "Digilent JTAG-HS2 210249A1461F" && level==0} -index 0' command is executed.
12:19:04 INFO  : FPGA configured successfully with bitstream "C:/Users/smkilani/Documents/atfc/firmware/ATFC_demo/ATFC_demo.sdk/top_hw_platform_0/download.bit"
12:36:17 INFO  : SDK has detected change in the last modified timestamps for source hardware specification file Source:1510662965296,  Project:1510661462887
12:36:17 INFO  : Project top_hw_platform_0's source hardware specification located at C:/Users/smkilani/Documents/atfc/firmware/ATFC_demo/ATFC_demo.sdk/top.hdf is now different from the local copy.
		 The local copy will be replaced with the source specification and your workspace will be updated.
12:36:24 INFO  : Copied contents of C:/Users/smkilani/Documents/atfc/firmware/ATFC_demo/ATFC_demo.sdk/top.hdf into \top_hw_platform_0\system.hdf.
12:36:25 INFO  : Synchronizing projects in the workspace with the hardware platform specification changes.
12:36:28 INFO  : 
12:36:29 INFO  : Updating hardware inferred compiler options for ATFCdemo.
12:36:29 INFO  : Clearing existing target manager status.
12:36:29 INFO  : Closing and re-opening the MSS file of ther project ATFCdemo_bsp
12:36:29 INFO  : Workspace synchronized with the new hardware specification file. Cleaning dependent projects...
12:36:31 WARN  : Linker script will not be updated automatically. Users need to update it manually.
12:37:20 INFO  : Example project ATFCdemo_bsp_xsysmon_single_ch_intr_example_1 has been created successfully.
12:50:50 INFO  : SDK has detected change in the last modified timestamps for source hardware specification file Source:1510663810502,  Project:1510662965296
12:50:50 INFO  : Project top_hw_platform_0's source hardware specification located at C:/Users/smkilani/Documents/atfc/firmware/ATFC_demo/ATFC_demo.sdk/top.hdf is now different from the local copy.
		 The local copy will be replaced with the source specification and your workspace will be updated.
12:50:57 INFO  : Copied contents of C:/Users/smkilani/Documents/atfc/firmware/ATFC_demo/ATFC_demo.sdk/top.hdf into \top_hw_platform_0\system.hdf.
12:50:57 INFO  : Synchronizing projects in the workspace with the hardware platform specification changes.
12:51:00 INFO  : 
12:51:01 INFO  : Updating hardware inferred compiler options for ATFCdemo.
12:51:02 INFO  : Updating hardware inferred compiler options for ATFCdemo_bsp_xsysmon_single_ch_intr_example_1.
12:51:02 INFO  : Clearing existing target manager status.
12:51:02 INFO  : Closing and re-opening the MSS file of ther project ATFCdemo_bsp
12:51:02 INFO  : Workspace synchronized with the new hardware specification file. Cleaning dependent projects...
12:51:04 WARN  : Linker script will not be updated automatically. Users need to update it manually.
13:42:56 INFO  : Example project ATFCdemo_bsp_xsysmon_single_ch_intr_example_1 has been created successfully.
13:44:27 ERROR : Unexpected error while parsing XMD response ?: com.google.gson.JsonSyntaxException: com.google.gson.stream.MalformedJsonException: invalid number or unquoted string near 
13:55:42 INFO  : Registering command handlers for SDK TCF services
13:55:42 INFO  : Launching XSCT server: xsct.bat -interactive C:\Users\smkilani\Documents\atfc\firmware\ATFC_demo\ATFC_demo.sdk\temp_xsdb_launch_script.tcl
13:55:44 INFO  : XSCT server has started successfully.
13:55:48 INFO  : Processing command line option -hwspec C:/Users/smkilani/Documents/atfc/firmware/ATFC_demo/ATFC_demo.sdk/top.hdf.
13:55:48 INFO  : Successfully done setting XSCT server connection channel  
13:55:48 INFO  : Checking for hwspec changes in the project top_hw_platform_0.
13:55:48 INFO  : SDK has detected change in the last modified timestamps for source hardware specification file Source:1510667650052,  Project:1510663810502
13:55:48 INFO  : The hardware specification for project 'top_hw_platform_0' is different from C:/Users/smkilani/Documents/atfc/firmware/ATFC_demo/ATFC_demo.sdk/top.hdf.
13:55:48 INFO  : Successfully done setting SDK workspace  
13:55:48 INFO  : Copied contents of C:/Users/smkilani/Documents/atfc/firmware/ATFC_demo/ATFC_demo.sdk/top.hdf into \top_hw_platform_0\system.hdf.
13:55:48 INFO  : Synchronizing projects in the workspace with the hardware platform specification changes.
13:55:51 INFO  : 
13:55:52 INFO  : Updating hardware inferred compiler options for ATFCdemo.
13:55:53 INFO  : Updating hardware inferred compiler options for ATFCdemo_bsp_xsysmon_single_ch_intr_example_1.
13:55:53 INFO  : Clearing existing target manager status.
13:58:13 INFO  : Example project ATFCdemo_bsp_xsysmon_single_ch_intr_example_1 has been created successfully.
13:59:03 ERROR : Unexpected error while parsing XMD response ?: com.google.gson.JsonSyntaxException: com.google.gson.stream.MalformedJsonException: invalid number or unquoted string near 
13:59:27 INFO  : Launching XSCT server: xsct.bat -interactive C:\Users\smkilani\Documents\atfc\firmware\ATFC_demo\ATFC_demo.sdk\temp_xsdb_launch_script.tcl
13:59:30 INFO  : XSCT server has started successfully.
13:59:30 INFO  : Successfully done setting XSCT server connection channel  
13:59:33 INFO  : Successfully done setting SDK workspace  
13:59:35 INFO  : Registering command handlers for SDK TCF services
13:59:35 INFO  : Processing command line option -hwspec C:/Users/smkilani/Documents/atfc/firmware/ATFC_demo/ATFC_demo.sdk/top.hdf.
13:59:36 INFO  : Checking for hwspec changes in the project top_hw_platform_0.
14:05:42 INFO  : Example project ATFCdemo_bsp_xsysmon_single_ch_intr_example_2 has been created successfully.
14:10:31 INFO  : Connected to target on host '127.0.0.1' and port '3121'.
14:10:31 INFO  : 'targets -set -filter {jtag_cable_name =~ "Digilent JTAG-HS2 210249A1461F" && level==0} -index 0' command is executed.
14:10:31 INFO  : FPGA configured successfully with bitstream "C:/Users/smkilani/Documents/atfc/firmware/ATFC_demo/ATFC_demo.sdk/top_hw_platform_0/download.bit"
14:10:51 INFO  : Connected to target on host '127.0.0.1' and port '3121'.
14:10:51 INFO  : 'targets -set -filter {jtag_cable_name =~ "Digilent JTAG-HS2 210249A1461F" && level==0} -index 0' command is executed.
14:10:52 INFO  : FPGA configured successfully with bitstream "C:/Users/smkilani/Documents/atfc/firmware/ATFC_demo/ATFC_demo.sdk/top_hw_platform_0/download.bit"
14:11:20 INFO  : No changes in MSS file content so not generating sources.
14:13:20 INFO  : Connected to target on host '127.0.0.1' and port '3121'.
14:13:20 INFO  : 'targets -set -filter {jtag_cable_name =~ "Digilent JTAG-HS2 210249A1461F" && level==0} -index 0' command is executed.
14:13:21 INFO  : FPGA configured successfully with bitstream "C:/Users/smkilani/Documents/atfc/firmware/ATFC_demo/ATFC_demo.sdk/top_hw_platform_0/download.bit"
14:20:29 INFO  : Connected to target on host '127.0.0.1' and port '3121'.
14:20:29 INFO  : 'targets -set -filter {jtag_cable_name =~ "Digilent JTAG-HS2 210249A1461F" && level==0} -index 0' command is executed.
14:20:30 INFO  : FPGA configured successfully with bitstream "C:/Users/smkilani/Documents/atfc/firmware/ATFC_demo/ATFC_demo.sdk/top_hw_platform_0/download.bit"
14:22:15 INFO  : Connected to target on host '127.0.0.1' and port '3121'.
14:22:15 INFO  : 'targets -set -filter {jtag_cable_name =~ "Digilent JTAG-HS2 210249A1461F" && level==0} -index 0' command is executed.
14:22:16 INFO  : FPGA configured successfully with bitstream "C:/Users/smkilani/Documents/atfc/firmware/ATFC_demo/ATFC_demo.sdk/top_hw_platform_0/download.bit"
14:28:31 INFO  : Connected to target on host '127.0.0.1' and port '3121'.
14:28:31 INFO  : 'targets -set -filter {jtag_cable_name =~ "Digilent JTAG-HS2 210249A1461F" && level==0} -index 0' command is executed.
14:28:31 INFO  : FPGA configured successfully with bitstream "C:/Users/smkilani/Documents/atfc/firmware/ATFC_demo/ATFC_demo.sdk/top_hw_platform_0/download.bit"
14:30:03 INFO  : Example project test_bsp_xsysmon_polled_printf_example_1 has been created successfully.
14:30:23 INFO  : Connected to target on host '127.0.0.1' and port '3121'.
14:30:23 INFO  : 'targets -set -filter {jtag_cable_name =~ "Digilent JTAG-HS2 210249A1461F" && level==0} -index 0' command is executed.
14:30:23 INFO  : FPGA configured successfully with bitstream "C:/Users/smkilani/Documents/atfc/firmware/ATFC_demo/ATFC_demo.sdk/top_hw_platform_0/download.bit"
15:05:31 INFO  : Registering command handlers for SDK TCF services
15:05:31 INFO  : Launching XSCT server: xsct.bat -interactive C:\Users\smkilani\Documents\atfc\firmware\ATFC_demo\ATFC_demo.sdk\temp_xsdb_launch_script.tcl
15:05:33 INFO  : XSCT server has started successfully.
15:05:37 INFO  : Processing command line option -hwspec C:/Users/smkilani/Documents/atfc/firmware/ATFC_demo/ATFC_demo.sdk/top.hdf.
15:05:37 INFO  : Successfully done setting XSCT server connection channel  
15:05:37 INFO  : Successfully done setting SDK workspace  
15:05:37 INFO  : Checking for hwspec changes in the project top_hw_platform_0.
15:05:37 INFO  : SDK has detected change in the last modified timestamps for source hardware specification file Source:1510671885612,  Project:1510667650052
15:05:37 INFO  : The hardware specification for project 'top_hw_platform_0' is different from C:/Users/smkilani/Documents/atfc/firmware/ATFC_demo/ATFC_demo.sdk/top.hdf.
15:05:37 INFO  : Copied contents of C:/Users/smkilani/Documents/atfc/firmware/ATFC_demo/ATFC_demo.sdk/top.hdf into \top_hw_platform_0\system.hdf.
15:05:37 INFO  : Synchronizing projects in the workspace with the hardware platform specification changes.
15:05:40 INFO  : 
15:05:42 INFO  : 
15:05:44 INFO  : Updating hardware inferred compiler options for test.
15:05:45 INFO  : Updating hardware inferred compiler options for test_bsp_xsysmon_polled_printf_example_1.
15:05:45 INFO  : Clearing existing target manager status.
15:07:51 INFO  : Example project xadc_bsp_xsysmon_polled_printf_example_1 has been created successfully.
15:08:46 INFO  : Connected to target on host '127.0.0.1' and port '3121'.
15:08:46 INFO  : 'targets -set -filter {jtag_cable_name =~ "Digilent JTAG-HS2 210249A1461F" && level==0} -index 0' command is executed.
15:08:47 INFO  : FPGA configured successfully with bitstream "C:/Users/smkilani/Documents/atfc/firmware/ATFC_demo/ATFC_demo.sdk/top_hw_platform_0/download.bit"
16:41:19 ERROR : Unexpected error while parsing XMD response ?: com.google.gson.JsonSyntaxException: com.google.gson.stream.MalformedJsonException: invalid number or unquoted string near 
16:47:13 INFO  : Registering command handlers for SDK TCF services
16:47:14 INFO  : Launching XSCT server: xsct.bat -interactive C:\Users\smkilani\Documents\atfc\firmware\ATFC_demo\ATFC_demo.sdk\temp_xsdb_launch_script.tcl
16:47:22 INFO  : XSCT server has started successfully.
16:47:46 INFO  : Successfully done setting XSCT server connection channel  
16:47:46 INFO  : Processing command line option -hwspec C:/Users/smkilani/Documents/atfc/firmware/ATFC_demo/ATFC_demo.sdk/top.hdf.
16:47:46 INFO  : Successfully done setting SDK workspace  
16:47:47 INFO  : Checking for hwspec changes in the project top_hw_platform_0.
16:47:47 INFO  : SDK has detected change in the last modified timestamps for source hardware specification file Source:1511282744555,  Project:1510671885612
16:47:47 INFO  : The hardware specification for project 'top_hw_platform_0' is different from C:/Users/smkilani/Documents/atfc/firmware/ATFC_demo/ATFC_demo.sdk/top.hdf.
16:47:47 INFO  : Copied contents of C:/Users/smkilani/Documents/atfc/firmware/ATFC_demo/ATFC_demo.sdk/top.hdf into \top_hw_platform_0\system.hdf.
16:47:48 INFO  : Synchronizing projects in the workspace with the hardware platform specification changes.
16:47:57 INFO  : 
16:47:58 INFO  : Updating hardware inferred compiler options for xadc.
16:47:59 INFO  : Updating hardware inferred compiler options for xadc_bsp_xsysmon_polled_printf_example_1.
16:47:59 INFO  : Clearing existing target manager status.
16:48:02 INFO  : Closing and re-opening the MSS file of ther project xadc_bsp
16:48:02 INFO  : Workspace synchronized with the new hardware specification file. Cleaning dependent projects...
16:48:07 WARN  : Linker script will not be updated automatically. Users need to update it manually.
16:50:19 INFO  : Example project xadc_bsp_xgpio_example_1 has been created successfully.
16:52:46 INFO  : Connected to target on host '127.0.0.1' and port '3121'.
16:52:49 INFO  : 'targets -set -filter {jtag_cable_name =~ "Digilent JTAG-HS2 210249A1461F" && level==0} -index 0' command is executed.
16:52:50 INFO  : FPGA configured successfully with bitstream "C:/Users/smkilani/Documents/atfc/firmware/ATFC_demo/ATFC_demo.sdk/top_hw_platform_0/download.bit"
16:54:38 INFO  : Connected to target on host '127.0.0.1' and port '3121'.
16:54:38 INFO  : 'targets -set -filter {jtag_cable_name =~ "Digilent JTAG-HS2 210249A1461F" && level==0} -index 0' command is executed.
16:54:39 INFO  : FPGA configured successfully with bitstream "C:/Users/smkilani/Documents/atfc/firmware/ATFC_demo/ATFC_demo.sdk/top_hw_platform_0/download.bit"
09:57:01 INFO  : Connected to target on host '127.0.0.1' and port '3121'.
09:57:01 INFO  : 'targets -set -filter {jtag_cable_name =~ "Digilent JTAG-HS2 210249A1461F" && level==0} -index 0' command is executed.
09:57:02 INFO  : FPGA configured successfully with bitstream "C:/Users/smkilani/Documents/atfc/firmware/ATFC_demo/ATFC_demo.sdk/top_hw_platform_0/download.bit"
10:00:36 INFO  : Connected to target on host '127.0.0.1' and port '3121'.
10:00:36 INFO  : 'targets -set -filter {jtag_cable_name =~ "Digilent JTAG-HS2 210249A1461F" && level==0} -index 0' command is executed.
10:00:37 INFO  : FPGA configured successfully with bitstream "C:/Users/smkilani/Documents/atfc/firmware/ATFC_demo/ATFC_demo.sdk/top_hw_platform_0/download.bit"
10:01:36 INFO  : No changes in MSS file content so not generating sources.
10:02:17 ERROR : Unexpected error while parsing XMD response ?: com.google.gson.JsonSyntaxException: com.google.gson.stream.MalformedJsonException: invalid number or unquoted string near 
10:03:07 INFO  : Registering command handlers for SDK TCF services
10:03:07 INFO  : Launching XSCT server: xsct.bat -interactive C:\Users\smkilani\Documents\atfc\firmware\ATFC_demo\ATFC_demo.sdk\temp_xsdb_launch_script.tcl
10:03:10 INFO  : XSCT server has started successfully.
10:03:10 INFO  : Successfully done setting XSCT server connection channel  
10:03:16 INFO  : Processing command line option -hwspec C:/Users/smkilani/Documents/atfc/firmware/ATFC_demo/ATFC_demo.sdk/top.hdf.
10:03:16 INFO  : Successfully done setting SDK workspace  
10:49:47 INFO  : Connected to target on host '127.0.0.1' and port '3121'.
10:50:09 INFO  : Connected to target on host '127.0.0.1' and port '3121'.
10:50:09 INFO  : 'targets -set -filter {jtag_cable_name =~ "Digilent JTAG-HS2 210249A1461F" && level==0} -index 0' command is executed.
10:50:10 INFO  : FPGA configured successfully with bitstream "C:/Users/smkilani/Documents/atfc/firmware/ATFC_demo/ATFC_demo.sdk/top_hw_platform_0/download.bit"
10:50:28 INFO  : Connected to target on host '127.0.0.1' and port '3121'.
10:51:17 INFO  : Connected to target on host '127.0.0.1' and port '3121'.
10:51:17 INFO  : 'targets -set -filter {jtag_cable_name =~ "Digilent JTAG-HS2 210249A1461F" && level==0} -index 0' command is executed.
10:51:18 INFO  : FPGA configured successfully with bitstream "C:/Users/smkilani/Documents/atfc/firmware/ATFC_demo/ATFC_demo.sdk/top_hw_platform_0/download.bit"
10:53:13 INFO  : Connected to target on host '127.0.0.1' and port '3121'.
10:53:13 INFO  : 'targets -set -filter {jtag_cable_name =~ "Digilent JTAG-HS2 210249A1461F" && level==0} -index 0' command is executed.
10:53:14 INFO  : FPGA configured successfully with bitstream "C:/Users/smkilani/Documents/atfc/firmware/ATFC_demo/ATFC_demo.sdk/top_hw_platform_0/download.bit"
11:22:10 INFO  : SDK has detected change in the last modified timestamps for source hardware specification file Source:1511349673158,  Project:1511282744555
11:22:10 INFO  : Project top_hw_platform_0's source hardware specification located at C:/Users/smkilani/Documents/atfc/firmware/ATFC_demo/ATFC_demo.sdk/top.hdf is now different from the local copy.
		 The local copy will be replaced with the source specification and your workspace will be updated.
11:25:37 INFO  : Copied contents of C:/Users/smkilani/Documents/atfc/firmware/ATFC_demo/ATFC_demo.sdk/top.hdf into \top_hw_platform_0\system.hdf.
11:25:37 INFO  : Synchronizing projects in the workspace with the hardware platform specification changes.
11:25:40 INFO  : 
11:25:41 INFO  : Updating hardware inferred compiler options for hello.
11:25:41 INFO  : Clearing existing target manager status.
11:25:43 INFO  : Closing and re-opening the MSS file of ther project hello_bsp
11:25:44 INFO  : Workspace synchronized with the new hardware specification file. Cleaning dependent projects...
11:25:45 WARN  : Linker script will not be updated automatically. Users need to update it manually.
11:26:43 INFO  : Connected to target on host '127.0.0.1' and port '3121'.
11:26:43 INFO  : 'targets -set -filter {jtag_cable_name =~ "Digilent JTAG-HS2 210249A1461F" && level==0} -index 0' command is executed.
11:26:44 INFO  : FPGA configured successfully with bitstream "C:/Users/smkilani/Documents/atfc/firmware/ATFC_demo/ATFC_demo.sdk/top_hw_platform_0/download.bit"
11:27:43 INFO  : Connected to target on host '127.0.0.1' and port '3121'.
16:39:51 ERROR : Unexpected error while reading linker script.
org.eclipse.core.internal.resources.ResourceException: Resource '/hello/src/lscript.ld' does not exist.
	at org.eclipse.core.internal.resources.Resource.checkExists(Resource.java:341)
	at org.eclipse.core.internal.resources.Resource.checkAccessible(Resource.java:215)
	at org.eclipse.core.internal.resources.File.getContents(File.java:287)
	at com.xilinx.sdk.lscript.ui.LscriptEditor.initLscriptEditorPage(LscriptEditor.java:140)
	at com.xilinx.sdk.lscript.ui.LscriptEditor.setInput(LscriptEditor.java:132)
	at org.eclipse.ui.forms.editor.FormEditor.init(FormEditor.java:128)
	at com.xilinx.sdk.lscript.ui.LscriptEditor.init(LscriptEditor.java:58)
	at org.eclipse.ui.internal.EditorReference.initialize(EditorReference.java:359)
	at org.eclipse.ui.internal.e4.compatibility.CompatibilityPart.create(CompatibilityPart.java:306)
	at sun.reflect.NativeMethodAccessorImpl.invoke0(Native Method)
	at sun.reflect.NativeMethodAccessorImpl.invoke(NativeMethodAccessorImpl.java:62)
	at sun.reflect.DelegatingMethodAccessorImpl.invoke(DelegatingMethodAccessorImpl.java:43)
	at java.lang.reflect.Method.invoke(Method.java:497)
	at org.eclipse.e4.core.internal.di.MethodRequestor.execute(MethodRequestor.java:56)
	at org.eclipse.e4.core.internal.di.InjectorImpl.processAnnotated(InjectorImpl.java:877)
	at org.eclipse.e4.core.internal.di.InjectorImpl.processAnnotated(InjectorImpl.java:857)
	at org.eclipse.e4.core.internal.di.InjectorImpl.inject(InjectorImpl.java:119)
	at org.eclipse.e4.core.internal.di.InjectorImpl.internalMake(InjectorImpl.java:333)
	at org.eclipse.e4.core.internal.di.InjectorImpl.make(InjectorImpl.java:254)
	at org.eclipse.e4.core.contexts.ContextInjectionFactory.make(ContextInjectionFactory.java:162)
	at org.eclipse.e4.ui.internal.workbench.ReflectionContributionFactory.createFromBundle(ReflectionContributionFactory.java:102)
	at org.eclipse.e4.ui.internal.workbench.ReflectionContributionFactory.doCreate(ReflectionContributionFactory.java:71)
	at org.eclipse.e4.ui.internal.workbench.ReflectionContributionFactory.create(ReflectionContributionFactory.java:53)
	at org.eclipse.e4.ui.workbench.renderers.swt.ContributedPartRenderer.createWidget(ContributedPartRenderer.java:129)
	at org.eclipse.e4.ui.internal.workbench.swt.PartRenderingEngine.createWidget(PartRenderingEngine.java:949)
	at org.eclipse.e4.ui.internal.workbench.swt.PartRenderingEngine.safeCreateGui(PartRenderingEngine.java:633)
	at org.eclipse.e4.ui.internal.workbench.swt.PartRenderingEngine.safeCreateGui(PartRenderingEngine.java:735)
	at org.eclipse.e4.ui.internal.workbench.swt.PartRenderingEngine.access$2(PartRenderingEngine.java:706)
	at org.eclipse.e4.ui.internal.workbench.swt.PartRenderingEngine$7.run(PartRenderingEngine.java:700)
	at org.eclipse.core.runtime.SafeRunner.run(SafeRunner.java:42)
	at org.eclipse.e4.ui.internal.workbench.swt.PartRenderingEngine.createGui(PartRenderingEngine.java:685)
	at org.eclipse.e4.ui.workbench.renderers.swt.StackRenderer.showTab(StackRenderer.java:1147)
	at org.eclipse.e4.ui.workbench.renderers.swt.LazyStackRenderer.postProcess(LazyStackRenderer.java:96)
	at org.eclipse.e4.ui.internal.workbench.swt.PartRenderingEngine.safeCreateGui(PartRenderingEngine.java:649)
	at org.eclipse.e4.ui.internal.workbench.swt.PartRenderingEngine.safeCreateGui(PartRenderingEngine.java:735)
	at org.eclipse.e4.ui.internal.workbench.swt.PartRenderingEngine.access$2(PartRenderingEngine.java:706)
	at org.eclipse.e4.ui.internal.workbench.swt.PartRenderingEngine$7.run(PartRenderingEngine.java:700)
	at org.eclipse.core.runtime.SafeRunner.run(SafeRunner.java:42)
	at org.eclipse.e4.ui.internal.workbench.swt.PartRenderingEngine.createGui(PartRenderingEngine.java:685)
	at org.eclipse.e4.ui.workbench.renderers.swt.SWTPartRenderer.processContents(SWTPartRenderer.java:62)
	at org.eclipse.e4.ui.internal.workbench.swt.PartRenderingEngine.safeCreateGui(PartRenderingEngine.java:645)
	at org.eclipse.e4.ui.internal.workbench.swt.PartRenderingEngine$6.run(PartRenderingEngine.java:526)
	at org.eclipse.core.runtime.SafeRunner.run(SafeRunner.java:42)
	at org.eclipse.e4.ui.internal.workbench.swt.PartRenderingEngine.createGui(PartRenderingEngine.java:511)
	at org.eclipse.e4.ui.workbench.renderers.swt.ElementReferenceRenderer.createWidget(ElementReferenceRenderer.java:61)
	at org.eclipse.e4.ui.internal.workbench.swt.PartRenderingEngine.createWidget(PartRenderingEngine.java:949)
	at org.eclipse.e4.ui.internal.workbench.swt.PartRenderingEngine.safeCreateGui(PartRenderingEngine.java:633)
	at org.eclipse.e4.ui.internal.workbench.swt.PartRenderingEngine.safeCreateGui(PartRenderingEngine.java:735)
	at org.eclipse.e4.ui.internal.workbench.swt.PartRenderingEngine.access$2(PartRenderingEngine.java:706)
	at org.eclipse.e4.ui.internal.workbench.swt.PartRenderingEngine$7.run(PartRenderingEngine.java:700)
	at org.eclipse.core.runtime.SafeRunner.run(SafeRunner.java:42)
	at org.eclipse.e4.ui.internal.workbench.swt.PartRenderingEngine.createGui(PartRenderingEngine.java:685)
	at org.eclipse.e4.ui.workbench.renderers.swt.SWTPartRenderer.processContents(SWTPartRenderer.java:62)
	at org.eclipse.e4.ui.internal.workbench.swt.PartRenderingEngine.safeCreateGui(PartRenderingEngine.java:645)
	at org.eclipse.e4.ui.internal.workbench.swt.PartRenderingEngine.safeCreateGui(PartRenderingEngine.java:735)
	at org.eclipse.e4.ui.internal.workbench.swt.PartRenderingEngine.access$2(PartRenderingEngine.java:706)
	at org.eclipse.e4.ui.internal.workbench.swt.PartRenderingEngine$7.run(PartRenderingEngine.java:700)
	at org.eclipse.core.runtime.SafeRunner.run(SafeRunner.java:42)
	at org.eclipse.e4.ui.internal.workbench.swt.PartRenderingEngine.createGui(PartRenderingEngine.java:685)
	at org.eclipse.e4.ui.workbench.renderers.swt.SWTPartRenderer.processContents(SWTPartRenderer.java:62)
	at org.eclipse.e4.ui.internal.workbench.swt.PartRenderingEngine.safeCreateGui(PartRenderingEngine.java:645)
	at org.eclipse.e4.ui.internal.workbench.swt.PartRenderingEngine.safeCreateGui(PartRenderingEngine.java:735)
	at org.eclipse.e4.ui.internal.workbench.swt.PartRenderingEngine.access$2(PartRenderingEngine.java:706)
	at org.eclipse.e4.ui.internal.workbench.swt.PartRenderingEngine$7.run(PartRenderingEngine.java:700)
	at org.eclipse.core.runtime.SafeRunner.run(SafeRunner.java:42)
	at org.eclipse.e4.ui.internal.workbench.swt.PartRenderingEngine.createGui(PartRenderingEngine.java:685)
	at org.eclipse.e4.ui.workbench.renderers.swt.SWTPartRenderer.processContents(SWTPartRenderer.java:62)
	at org.eclipse.e4.ui.internal.workbench.swt.PartRenderingEngine.safeCreateGui(PartRenderingEngine.java:645)
	at org.eclipse.e4.ui.internal.workbench.swt.PartRenderingEngine.safeCreateGui(PartRenderingEngine.java:735)
	at org.eclipse.e4.ui.internal.workbench.swt.PartRenderingEngine.access$2(PartRenderingEngine.java:706)
	at org.eclipse.e4.ui.internal.workbench.swt.PartRenderingEngine$7.run(PartRenderingEngine.java:700)
	at org.eclipse.core.runtime.SafeRunner.run(SafeRunner.java:42)
	at org.eclipse.e4.ui.internal.workbench.swt.PartRenderingEngine.createGui(PartRenderingEngine.java:685)
	at org.eclipse.e4.ui.workbench.renderers.swt.SWTPartRenderer.processContents(SWTPartRenderer.java:62)
	at org.eclipse.e4.ui.workbench.renderers.swt.PerspectiveRenderer.processContents(PerspectiveRenderer.java:59)
	at org.eclipse.e4.ui.internal.workbench.swt.PartRenderingEngine.safeCreateGui(PartRenderingEngine.java:645)
	at org.eclipse.e4.ui.internal.workbench.swt.PartRenderingEngine.safeCreateGui(PartRenderingEngine.java:735)
	at org.eclipse.e4.ui.internal.workbench.swt.PartRenderingEngine.access$2(PartRenderingEngine.java:706)
	at org.eclipse.e4.ui.internal.workbench.swt.PartRenderingEngine$7.run(PartRenderingEngine.java:700)
	at org.eclipse.core.runtime.SafeRunner.run(SafeRunner.java:42)
	at org.eclipse.e4.ui.internal.workbench.swt.PartRenderingEngine.createGui(PartRenderingEngine.java:685)
	at org.eclipse.e4.ui.workbench.renderers.swt.PerspectiveStackRenderer.showTab(PerspectiveStackRenderer.java:103)
	at org.eclipse.e4.ui.workbench.renderers.swt.LazyStackRenderer.postProcess(LazyStackRenderer.java:96)
	at org.eclipse.e4.ui.workbench.renderers.swt.PerspectiveStackRenderer.postProcess(PerspectiveStackRenderer.java:77)
	at org.eclipse.e4.ui.internal.workbench.swt.PartRenderingEngine.safeCreateGui(PartRenderingEngine.java:649)
	at org.eclipse.e4.ui.internal.workbench.swt.PartRenderingEngine.safeCreateGui(PartRenderingEngine.java:735)
	at org.eclipse.e4.ui.internal.workbench.swt.PartRenderingEngine.access$2(PartRenderingEngine.java:706)
	at org.eclipse.e4.ui.internal.workbench.swt.PartRenderingEngine$7.run(PartRenderingEngine.java:700)
	at org.eclipse.core.runtime.SafeRunner.run(SafeRunner.java:42)
	at org.eclipse.e4.ui.internal.workbench.swt.PartRenderingEngine.createGui(PartRenderingEngine.java:685)
	at org.eclipse.e4.ui.workbench.renderers.swt.SWTPartRenderer.processContents(SWTPartRenderer.java:62)
	at org.eclipse.e4.ui.internal.workbench.swt.PartRenderingEngine.safeCreateGui(PartRenderingEngine.java:645)
	at org.eclipse.e4.ui.internal.workbench.swt.PartRenderingEngine.safeCreateGui(PartRenderingEngine.java:735)
	at org.eclipse.e4.ui.internal.workbench.swt.PartRenderingEngine.access$2(PartRenderingEngine.java:706)
	at org.eclipse.e4.ui.internal.workbench.swt.PartRenderingEngine$7.run(PartRenderingEngine.java:700)
	at org.eclipse.core.runtime.SafeRunner.run(SafeRunner.java:42)
	at org.eclipse.e4.ui.internal.workbench.swt.PartRenderingEngine.createGui(PartRenderingEngine.java:685)
	at org.eclipse.e4.ui.workbench.renderers.swt.SWTPartRenderer.processContents(SWTPartRenderer.java:62)
	at org.eclipse.e4.ui.workbench.renderers.swt.WBWRenderer.processContents(WBWRenderer.java:581)
	at org.eclipse.e4.ui.internal.workbench.swt.PartRenderingEngine.safeCreateGui(PartRenderingEngine.java:645)
	at org.eclipse.e4.ui.internal.workbench.swt.PartRenderingEngine.safeCreateGui(PartRenderingEngine.java:735)
	at org.eclipse.e4.ui.internal.workbench.swt.PartRenderingEngine.access$2(PartRenderingEngine.java:706)
	at org.eclipse.e4.ui.internal.workbench.swt.PartRenderingEngine$7.run(PartRenderingEngine.java:700)
	at org.eclipse.core.runtime.SafeRunner.run(SafeRunner.java:42)
	at org.eclipse.e4.ui.internal.workbench.swt.PartRenderingEngine.createGui(PartRenderingEngine.java:685)
	at org.eclipse.e4.ui.internal.workbench.swt.PartRenderingEngine$9.run(PartRenderingEngine.java:1042)
	at org.eclipse.core.databinding.observable.Realm.runWithDefault(Realm.java:332)
	at org.eclipse.e4.ui.internal.workbench.swt.PartRenderingEngine.run(PartRenderingEngine.java:997)
	at org.eclipse.e4.ui.internal.workbench.E4Workbench.createAndRunUI(E4Workbench.java:140)
	at org.eclipse.ui.internal.Workbench$5.run(Workbench.java:611)
	at org.eclipse.core.databinding.observable.Realm.runWithDefault(Realm.java:332)
	at org.eclipse.ui.internal.Workbench.createAndRunWorkbench(Workbench.java:567)
	at org.eclipse.ui.PlatformUI.createAndRunWorkbench(PlatformUI.java:150)
	at org.eclipse.ui.internal.ide.application.IDEApplication.start(IDEApplication.java:124)
	at org.eclipse.equinox.internal.app.EclipseAppHandle.run(EclipseAppHandle.java:196)
	at org.eclipse.core.runtime.internal.adaptor.EclipseAppLauncher.runApplication(EclipseAppLauncher.java:110)
	at org.eclipse.core.runtime.internal.adaptor.EclipseAppLauncher.start(EclipseAppLauncher.java:79)
	at org.eclipse.core.runtime.adaptor.EclipseStarter.run(EclipseStarter.java:354)
	at org.eclipse.core.runtime.adaptor.EclipseStarter.run(EclipseStarter.java:181)
	at sun.reflect.NativeMethodAccessorImpl.invoke0(Native Method)
	at sun.reflect.NativeMethodAccessorImpl.invoke(NativeMethodAccessorImpl.java:62)
	at sun.reflect.DelegatingMethodAccessorImpl.invoke(DelegatingMethodAccessorImpl.java:43)
	at java.lang.reflect.Method.invoke(Method.java:497)
	at org.eclipse.equinox.launcher.Main.invokeFramework(Main.java:636)
	at org.eclipse.equinox.launcher.Main.basicRun(Main.java:591)
	at org.eclipse.equinox.launcher.Main.run(Main.java:1450)
16:39:52 INFO  : Launching XSDB server: xsdb.bat C:/Xilinx/SDK/2015.4/scripts/xsdb/xsdb/xsdb-server.tcl
16:39:54 INFO  : XSDB server has started successfully.
16:39:55 INFO  : Processing command line option -hwspec C:/Users/smkilani/Documents/atfc/firmware/ATFC_demo1/ATFC_demo1.sdk/top.hdf.
16:42:09 INFO  : Connected to target on host '127.0.0.1' and port '3121'.
16:42:09 INFO  : 'targets -set -filter {jtag_cable_name =~ "Digilent JTAG-HS2 210249A1461F" && level==0} -index 0' command is executed.
16:42:10 INFO  : FPGA configured successfully with bitstream "C:/Users/smkilani/Documents/atfc/firmware/ATFC_demo1/ATFC_demo1.sdk/top_hw_platform_0/download.bit"
16:45:21 INFO  : Launching XSDB server: xsdb.bat C:/Xilinx/SDK/2015.4/scripts/xsdb/xsdb/xsdb-server.tcl
16:45:23 INFO  : XSDB server has started successfully.
16:45:24 INFO  : Processing command line option -hwspec C:/Users/smkilani/Documents/atfc/firmware/ATFC_demo1/ATFC_demo1.sdk/top.hdf.
16:45:24 INFO  : Checking for hwspec changes in the project top_hw_platform_0.
16:46:07 INFO  : Example project atfc_demo_bsp_xgpio_example_1 has been created successfully.
16:47:47 INFO  : Example project atfc_demo_bsp_xgpio_low_level_example_1 has been created successfully.
16:50:34 INFO  : Connected to target on host '127.0.0.1' and port '3121'.
16:50:34 INFO  : 'targets -set -filter {jtag_cable_name =~ "Digilent JTAG-HS2 210249A1461F" && level==0} -index 0' command is executed.
16:50:35 INFO  : FPGA configured successfully with bitstream "C:/Users/smkilani/Documents/atfc/firmware/ATFC_demo1/ATFC_demo1.sdk/top_hw_platform_0/download.bit"
16:51:11 INFO  : Connected to target on host '127.0.0.1' and port '3121'.
16:51:11 INFO  : 'targets -set -filter {jtag_cable_name =~ "Digilent JTAG-HS2 210249A1461F" && level==0} -index 0' command is executed.
16:51:12 INFO  : FPGA configured successfully with bitstream "C:/Users/smkilani/Documents/atfc/firmware/ATFC_demo1/ATFC_demo1.sdk/top_hw_platform_0/download.bit"
17:05:52 INFO  : SDK has detected change in the last modified timestamps for source hardware specification file Source:1511370028203,  Project:1511368749551
17:05:52 INFO  : Project top_hw_platform_0's source hardware specification located at C:/Users/smkilani/Documents/atfc/firmware/ATFC_demo1/ATFC_demo1.sdk/top.hdf is now different from the local copy.
		 The local copy will be replaced with the source specification and your workspace will be updated.
17:06:30 INFO  : Copied contents of C:/Users/smkilani/Documents/atfc/firmware/ATFC_demo1/ATFC_demo1.sdk/top.hdf into \top_hw_platform_0\system.hdf.
17:06:30 INFO  : Synchronizing projects in the workspace with the hardware platform specification changes.
17:06:33 INFO  : 
17:06:36 INFO  : 
17:06:37 INFO  : Updating hardware inferred compiler options for atfc_demo.
17:06:38 INFO  : Updating hardware inferred compiler options for atfc_demo_bsp_xgpio_example_1.
17:06:39 INFO  : Updating hardware inferred compiler options for atfc_demo_bsp_xgpio_low_level_example_1.
17:06:39 INFO  : Updating hardware inferred compiler options for gpio.
17:06:39 INFO  : Clearing existing target manager status.
17:06:42 INFO  : Closing and re-opening the MSS file of ther project atfc_demo_bsp
17:06:43 INFO  : Closing and re-opening the MSS file of ther project gpio_bsp
17:06:44 INFO  : Workspace synchronized with the new hardware specification file. Cleaning dependent projects...
17:06:45 WARN  : Linker script will not be updated automatically. Users need to update it manually.
17:07:30 INFO  : Connected to target on host '127.0.0.1' and port '3121'.
17:07:30 INFO  : 'targets -set -filter {jtag_cable_name =~ "Digilent JTAG-HS2 210249A1461F" && level==0} -index 0' command is executed.
17:07:31 INFO  : FPGA configured successfully with bitstream "C:/Users/smkilani/Documents/atfc/firmware/ATFC_demo1/ATFC_demo1.sdk/top_hw_platform_0/download.bit"
11:18:12 INFO  : Launching XSDB server: xsdb.bat C:/Xilinx/SDK/2015.4/scripts/xsdb/xsdb/xsdb-server.tcl
11:18:14 ERROR : Unexpected error while fetching XMD's response: 
java.net.SocketException: Connection reset
	at java.net.SocketInputStream.read(SocketInputStream.java:209)
	at java.net.SocketInputStream.read(SocketInputStream.java:141)
	at sun.nio.cs.StreamDecoder.readBytes(StreamDecoder.java:284)
	at sun.nio.cs.StreamDecoder.implRead(StreamDecoder.java:326)
	at sun.nio.cs.StreamDecoder.read(StreamDecoder.java:178)
	at java.io.InputStreamReader.read(InputStreamReader.java:184)
	at java.io.BufferedReader.fill(BufferedReader.java:161)
	at java.io.BufferedReader.read(BufferedReader.java:182)
	at com.xilinx.sdk.targetmanager.internal.json.XMDJSONProcess$CommandResultsReader.run(XMDJSONProcess.java:332)
	at java.lang.Thread.run(Thread.java:745)
11:18:14 ERROR : Zero sized response read from XMD. This indicates a communication error or a programming error.
11:40:58 INFO  : Launching XSDB server: xsdb.bat C:/Xilinx/SDK/2015.4/scripts/xsdb/xsdb/xsdb-server.tcl
11:41:02 INFO  : XSDB server has started successfully.
11:41:08 INFO  : Processing command line option -hwspec C:/Users/smkilani/Documents/atfc/firmware/ATFC_demo1/ATFC_demo1.sdk/top.hdf.
11:41:10 INFO  : Checking for hwspec changes in the project top_hw_platform_0.
11:48:54 INFO  : Connected to target on host '127.0.0.1' and port '3121'.
11:48:58 INFO  : 'targets -set -filter {jtag_cable_name =~ "Digilent JTAG-HS2 210249A1461F" && level==0} -index 0' command is executed.
11:48:59 INFO  : FPGA configured successfully with bitstream "C:/Users/smkilani/Documents/atfc/firmware/ATFC_demo1/ATFC_demo1.sdk/top_hw_platform_0/download.bit"
11:57:00 INFO  : Connected to target on host '127.0.0.1' and port '3121'.
11:57:01 INFO  : 'targets -set -filter {jtag_cable_name =~ "Digilent JTAG-HS2 210249A1461F" && level==0} -index 0' command is executed.
11:57:01 INFO  : FPGA configured successfully with bitstream "C:/Users/smkilani/Documents/atfc/firmware/ATFC_demo1/ATFC_demo1.sdk/top_hw_platform_0/download.bit"
16:14:12 INFO  : Launching XSDB server: xsdb.bat C:/Xilinx/SDK/2015.4/scripts/xsdb/xsdb/xsdb-server.tcl
16:14:15 INFO  : XSDB server has started successfully.
16:14:21 INFO  : Processing command line option -hwspec C:/Users/smkilani/Documents/atfc/firmware/ATFC_demo1/ATFC_demo1.sdk/top.hdf.
16:14:22 INFO  : Checking for hwspec changes in the project top_hw_platform_0.
16:16:04 INFO  : Connected to target on host '127.0.0.1' and port '3121'.
16:16:07 INFO  : 'targets -set -filter {jtag_cable_name =~ "Digilent JTAG-HS2 210249A1461F" && level==0} -index 0' command is executed.
16:16:08 INFO  : FPGA configured successfully with bitstream "C:/Users/smkilani/Documents/atfc/firmware/ATFC_demo1/ATFC_demo1.sdk/top_hw_platform_0/download.bit"
