
*** Running vivado
    with args -log top.vdi -applog -m64 -messageDb vivado.pb -mode batch -source top.tcl -notrace


****** Vivado v2015.4.2 (64-bit)
  **** SW Build 1494164 on Fri Feb 26 04:18:56 MST 2016
  **** IP Build 1491208 on Wed Feb 24 03:25:39 MST 2016
    ** Copyright 1986-2015 Xilinx, Inc. All Rights Reserved.

source top.tcl -notrace
WARNING: [Board 49-26] cannot add Board Part digilentinc.com:arty-s7-50:part0:1.0 available at C:/Xilinx/Vivado/2015.4/data/boards/board_files/arty-s7-50/B.0/board.xml as part xc7s50csga324-1 specified in board_part file is either invalid or not available
Design is defaulting to srcset: sources_1
Design is defaulting to constrset: constrs_1
INFO: [Project 1-454] Reading design checkpoint 'C:/Users/smkilani/Documents/atfc/firmware/ATFC_serdes_fmc/ATFC_serdes_fmc.runs/selectio_wiz_1_synth_1/selectio_wiz_1.dcp' for cell 'g_GENERATE_FOR[16].serdesii/selectio_wiz'
INFO: [Project 1-454] Reading design checkpoint 'C:/Users/smkilani/Documents/atfc/firmware/ATFC_serdes_fmc/ATFC_serdes_fmc.runs/selectio_wiz_1_synth_1/selectio_wiz_1.dcp' for cell 'g_GENERATE_FOR[0].serdesii/selectio_wiz'
INFO: [Project 1-454] Reading design checkpoint 'C:/Users/smkilani/Documents/atfc/firmware/ATFC_serdes_fmc/ATFC_serdes_fmc.runs/selectio_wiz_1_synth_1/selectio_wiz_1.dcp' for cell 'g_GENERATE_FOR[9].serdesii/selectio_wiz'
INFO: [Project 1-454] Reading design checkpoint 'C:/Users/smkilani/Documents/atfc/firmware/ATFC_serdes_fmc/ATFC_serdes_fmc.runs/selectio_wiz_1_synth_1/selectio_wiz_1.dcp' for cell 'g_GENERATE_FOR[10].serdesii/selectio_wiz'
INFO: [Project 1-454] Reading design checkpoint 'C:/Users/smkilani/Documents/atfc/firmware/ATFC_serdes_fmc/ATFC_serdes_fmc.runs/selectio_wiz_1_synth_1/selectio_wiz_1.dcp' for cell 'g_GENERATE_FOR[11].serdesii/selectio_wiz'
INFO: [Project 1-454] Reading design checkpoint 'C:/Users/smkilani/Documents/atfc/firmware/ATFC_serdes_fmc/ATFC_serdes_fmc.runs/selectio_wiz_1_synth_1/selectio_wiz_1.dcp' for cell 'g_GENERATE_FOR[12].serdesii/selectio_wiz'
INFO: [Project 1-454] Reading design checkpoint 'C:/Users/smkilani/Documents/atfc/firmware/ATFC_serdes_fmc/ATFC_serdes_fmc.runs/selectio_wiz_1_synth_1/selectio_wiz_1.dcp' for cell 'g_GENERATE_FOR[13].serdesii/selectio_wiz'
INFO: [Project 1-454] Reading design checkpoint 'C:/Users/smkilani/Documents/atfc/firmware/ATFC_serdes_fmc/ATFC_serdes_fmc.runs/selectio_wiz_1_synth_1/selectio_wiz_1.dcp' for cell 'g_GENERATE_FOR[14].serdesii/selectio_wiz'
INFO: [Project 1-454] Reading design checkpoint 'C:/Users/smkilani/Documents/atfc/firmware/ATFC_serdes_fmc/ATFC_serdes_fmc.runs/selectio_wiz_1_synth_1/selectio_wiz_1.dcp' for cell 'g_GENERATE_FOR[15].serdesii/selectio_wiz'
INFO: [Project 1-454] Reading design checkpoint 'C:/Users/smkilani/Documents/atfc/firmware/ATFC_serdes_fmc/ATFC_serdes_fmc.runs/selectio_wiz_1_synth_1/selectio_wiz_1.dcp' for cell 'g_GENERATE_FOR[1].serdesii/selectio_wiz'
INFO: [Project 1-454] Reading design checkpoint 'C:/Users/smkilani/Documents/atfc/firmware/ATFC_serdes_fmc/ATFC_serdes_fmc.runs/selectio_wiz_1_synth_1/selectio_wiz_1.dcp' for cell 'g_GENERATE_FOR[2].serdesii/selectio_wiz'
INFO: [Project 1-454] Reading design checkpoint 'C:/Users/smkilani/Documents/atfc/firmware/ATFC_serdes_fmc/ATFC_serdes_fmc.runs/selectio_wiz_1_synth_1/selectio_wiz_1.dcp' for cell 'g_GENERATE_FOR[3].serdesii/selectio_wiz'
INFO: [Project 1-454] Reading design checkpoint 'C:/Users/smkilani/Documents/atfc/firmware/ATFC_serdes_fmc/ATFC_serdes_fmc.runs/selectio_wiz_1_synth_1/selectio_wiz_1.dcp' for cell 'g_GENERATE_FOR[4].serdesii/selectio_wiz'
INFO: [Project 1-454] Reading design checkpoint 'C:/Users/smkilani/Documents/atfc/firmware/ATFC_serdes_fmc/ATFC_serdes_fmc.runs/selectio_wiz_1_synth_1/selectio_wiz_1.dcp' for cell 'g_GENERATE_FOR[5].serdesii/selectio_wiz'
INFO: [Project 1-454] Reading design checkpoint 'C:/Users/smkilani/Documents/atfc/firmware/ATFC_serdes_fmc/ATFC_serdes_fmc.runs/selectio_wiz_1_synth_1/selectio_wiz_1.dcp' for cell 'g_GENERATE_FOR[6].serdesii/selectio_wiz'
INFO: [Project 1-454] Reading design checkpoint 'C:/Users/smkilani/Documents/atfc/firmware/ATFC_serdes_fmc/ATFC_serdes_fmc.runs/selectio_wiz_1_synth_1/selectio_wiz_1.dcp' for cell 'g_GENERATE_FOR[7].serdesii/selectio_wiz'
INFO: [Project 1-454] Reading design checkpoint 'C:/Users/smkilani/Documents/atfc/firmware/ATFC_serdes_fmc/ATFC_serdes_fmc.runs/selectio_wiz_1_synth_1/selectio_wiz_1.dcp' for cell 'g_GENERATE_FOR[8].serdesii/selectio_wiz'
INFO: [Project 1-454] Reading design checkpoint 'C:/Users/smkilani/Documents/atfc/firmware/ATFC_serdes_fmc/ATFC_serdes_fmc.runs/clk_wiz_0_synth_1/clk_wiz_0.dcp' for cell 'clk_wiz'
INFO: [Netlist 29-17] Analyzing 58 Unisim elements for replacement
INFO: [Netlist 29-28] Unisim Transformation completed in 0 CPU seconds
INFO: [Project 1-479] Netlist was created with Vivado 2015.4.2
INFO: [Device 21-403] Loading part xc7a35tfgg484-1
INFO: [Project 1-570] Preparing netlist for logic optimization
Parsing XDC File [c:/Users/smkilani/Documents/atfc/firmware/ATFC_serdes_fmc/ATFC_serdes_fmc.srcs/sources_1/ip/selectio_wiz_1/selectio_wiz_1.xdc] for cell 'g_GENERATE_FOR[9].serdesii/selectio_wiz/inst'
Finished Parsing XDC File [c:/Users/smkilani/Documents/atfc/firmware/ATFC_serdes_fmc/ATFC_serdes_fmc.srcs/sources_1/ip/selectio_wiz_1/selectio_wiz_1.xdc] for cell 'g_GENERATE_FOR[9].serdesii/selectio_wiz/inst'
Parsing XDC File [c:/Users/smkilani/Documents/atfc/firmware/ATFC_serdes_fmc/ATFC_serdes_fmc.srcs/sources_1/ip/selectio_wiz_1/selectio_wiz_1.xdc] for cell 'g_GENERATE_FOR[8].serdesii/selectio_wiz/inst'
Finished Parsing XDC File [c:/Users/smkilani/Documents/atfc/firmware/ATFC_serdes_fmc/ATFC_serdes_fmc.srcs/sources_1/ip/selectio_wiz_1/selectio_wiz_1.xdc] for cell 'g_GENERATE_FOR[8].serdesii/selectio_wiz/inst'
Parsing XDC File [c:/Users/smkilani/Documents/atfc/firmware/ATFC_serdes_fmc/ATFC_serdes_fmc.srcs/sources_1/ip/selectio_wiz_1/selectio_wiz_1.xdc] for cell 'g_GENERATE_FOR[7].serdesii/selectio_wiz/inst'
Finished Parsing XDC File [c:/Users/smkilani/Documents/atfc/firmware/ATFC_serdes_fmc/ATFC_serdes_fmc.srcs/sources_1/ip/selectio_wiz_1/selectio_wiz_1.xdc] for cell 'g_GENERATE_FOR[7].serdesii/selectio_wiz/inst'
Parsing XDC File [c:/Users/smkilani/Documents/atfc/firmware/ATFC_serdes_fmc/ATFC_serdes_fmc.srcs/sources_1/ip/selectio_wiz_1/selectio_wiz_1.xdc] for cell 'g_GENERATE_FOR[6].serdesii/selectio_wiz/inst'
Finished Parsing XDC File [c:/Users/smkilani/Documents/atfc/firmware/ATFC_serdes_fmc/ATFC_serdes_fmc.srcs/sources_1/ip/selectio_wiz_1/selectio_wiz_1.xdc] for cell 'g_GENERATE_FOR[6].serdesii/selectio_wiz/inst'
Parsing XDC File [c:/Users/smkilani/Documents/atfc/firmware/ATFC_serdes_fmc/ATFC_serdes_fmc.srcs/sources_1/ip/selectio_wiz_1/selectio_wiz_1.xdc] for cell 'g_GENERATE_FOR[5].serdesii/selectio_wiz/inst'
Finished Parsing XDC File [c:/Users/smkilani/Documents/atfc/firmware/ATFC_serdes_fmc/ATFC_serdes_fmc.srcs/sources_1/ip/selectio_wiz_1/selectio_wiz_1.xdc] for cell 'g_GENERATE_FOR[5].serdesii/selectio_wiz/inst'
Parsing XDC File [c:/Users/smkilani/Documents/atfc/firmware/ATFC_serdes_fmc/ATFC_serdes_fmc.srcs/sources_1/ip/selectio_wiz_1/selectio_wiz_1.xdc] for cell 'g_GENERATE_FOR[4].serdesii/selectio_wiz/inst'
Finished Parsing XDC File [c:/Users/smkilani/Documents/atfc/firmware/ATFC_serdes_fmc/ATFC_serdes_fmc.srcs/sources_1/ip/selectio_wiz_1/selectio_wiz_1.xdc] for cell 'g_GENERATE_FOR[4].serdesii/selectio_wiz/inst'
Parsing XDC File [c:/Users/smkilani/Documents/atfc/firmware/ATFC_serdes_fmc/ATFC_serdes_fmc.srcs/sources_1/ip/selectio_wiz_1/selectio_wiz_1.xdc] for cell 'g_GENERATE_FOR[3].serdesii/selectio_wiz/inst'
Finished Parsing XDC File [c:/Users/smkilani/Documents/atfc/firmware/ATFC_serdes_fmc/ATFC_serdes_fmc.srcs/sources_1/ip/selectio_wiz_1/selectio_wiz_1.xdc] for cell 'g_GENERATE_FOR[3].serdesii/selectio_wiz/inst'
Parsing XDC File [c:/Users/smkilani/Documents/atfc/firmware/ATFC_serdes_fmc/ATFC_serdes_fmc.srcs/sources_1/ip/selectio_wiz_1/selectio_wiz_1.xdc] for cell 'g_GENERATE_FOR[2].serdesii/selectio_wiz/inst'
Finished Parsing XDC File [c:/Users/smkilani/Documents/atfc/firmware/ATFC_serdes_fmc/ATFC_serdes_fmc.srcs/sources_1/ip/selectio_wiz_1/selectio_wiz_1.xdc] for cell 'g_GENERATE_FOR[2].serdesii/selectio_wiz/inst'
Parsing XDC File [c:/Users/smkilani/Documents/atfc/firmware/ATFC_serdes_fmc/ATFC_serdes_fmc.srcs/sources_1/ip/selectio_wiz_1/selectio_wiz_1.xdc] for cell 'g_GENERATE_FOR[1].serdesii/selectio_wiz/inst'
Finished Parsing XDC File [c:/Users/smkilani/Documents/atfc/firmware/ATFC_serdes_fmc/ATFC_serdes_fmc.srcs/sources_1/ip/selectio_wiz_1/selectio_wiz_1.xdc] for cell 'g_GENERATE_FOR[1].serdesii/selectio_wiz/inst'
Parsing XDC File [c:/Users/smkilani/Documents/atfc/firmware/ATFC_serdes_fmc/ATFC_serdes_fmc.srcs/sources_1/ip/selectio_wiz_1/selectio_wiz_1.xdc] for cell 'g_GENERATE_FOR[16].serdesii/selectio_wiz/inst'
Finished Parsing XDC File [c:/Users/smkilani/Documents/atfc/firmware/ATFC_serdes_fmc/ATFC_serdes_fmc.srcs/sources_1/ip/selectio_wiz_1/selectio_wiz_1.xdc] for cell 'g_GENERATE_FOR[16].serdesii/selectio_wiz/inst'
Parsing XDC File [c:/Users/smkilani/Documents/atfc/firmware/ATFC_serdes_fmc/ATFC_serdes_fmc.srcs/sources_1/ip/selectio_wiz_1/selectio_wiz_1.xdc] for cell 'g_GENERATE_FOR[15].serdesii/selectio_wiz/inst'
Finished Parsing XDC File [c:/Users/smkilani/Documents/atfc/firmware/ATFC_serdes_fmc/ATFC_serdes_fmc.srcs/sources_1/ip/selectio_wiz_1/selectio_wiz_1.xdc] for cell 'g_GENERATE_FOR[15].serdesii/selectio_wiz/inst'
Parsing XDC File [c:/Users/smkilani/Documents/atfc/firmware/ATFC_serdes_fmc/ATFC_serdes_fmc.srcs/sources_1/ip/selectio_wiz_1/selectio_wiz_1.xdc] for cell 'g_GENERATE_FOR[14].serdesii/selectio_wiz/inst'
Finished Parsing XDC File [c:/Users/smkilani/Documents/atfc/firmware/ATFC_serdes_fmc/ATFC_serdes_fmc.srcs/sources_1/ip/selectio_wiz_1/selectio_wiz_1.xdc] for cell 'g_GENERATE_FOR[14].serdesii/selectio_wiz/inst'
Parsing XDC File [c:/Users/smkilani/Documents/atfc/firmware/ATFC_serdes_fmc/ATFC_serdes_fmc.srcs/sources_1/ip/selectio_wiz_1/selectio_wiz_1.xdc] for cell 'g_GENERATE_FOR[13].serdesii/selectio_wiz/inst'
Finished Parsing XDC File [c:/Users/smkilani/Documents/atfc/firmware/ATFC_serdes_fmc/ATFC_serdes_fmc.srcs/sources_1/ip/selectio_wiz_1/selectio_wiz_1.xdc] for cell 'g_GENERATE_FOR[13].serdesii/selectio_wiz/inst'
Parsing XDC File [c:/Users/smkilani/Documents/atfc/firmware/ATFC_serdes_fmc/ATFC_serdes_fmc.srcs/sources_1/ip/selectio_wiz_1/selectio_wiz_1.xdc] for cell 'g_GENERATE_FOR[12].serdesii/selectio_wiz/inst'
Finished Parsing XDC File [c:/Users/smkilani/Documents/atfc/firmware/ATFC_serdes_fmc/ATFC_serdes_fmc.srcs/sources_1/ip/selectio_wiz_1/selectio_wiz_1.xdc] for cell 'g_GENERATE_FOR[12].serdesii/selectio_wiz/inst'
Parsing XDC File [c:/Users/smkilani/Documents/atfc/firmware/ATFC_serdes_fmc/ATFC_serdes_fmc.srcs/sources_1/ip/selectio_wiz_1/selectio_wiz_1.xdc] for cell 'g_GENERATE_FOR[11].serdesii/selectio_wiz/inst'
Finished Parsing XDC File [c:/Users/smkilani/Documents/atfc/firmware/ATFC_serdes_fmc/ATFC_serdes_fmc.srcs/sources_1/ip/selectio_wiz_1/selectio_wiz_1.xdc] for cell 'g_GENERATE_FOR[11].serdesii/selectio_wiz/inst'
Parsing XDC File [c:/Users/smkilani/Documents/atfc/firmware/ATFC_serdes_fmc/ATFC_serdes_fmc.srcs/sources_1/ip/selectio_wiz_1/selectio_wiz_1.xdc] for cell 'g_GENERATE_FOR[10].serdesii/selectio_wiz/inst'
Finished Parsing XDC File [c:/Users/smkilani/Documents/atfc/firmware/ATFC_serdes_fmc/ATFC_serdes_fmc.srcs/sources_1/ip/selectio_wiz_1/selectio_wiz_1.xdc] for cell 'g_GENERATE_FOR[10].serdesii/selectio_wiz/inst'
Parsing XDC File [c:/Users/smkilani/Documents/atfc/firmware/ATFC_serdes_fmc/ATFC_serdes_fmc.srcs/sources_1/ip/selectio_wiz_1/selectio_wiz_1.xdc] for cell 'g_GENERATE_FOR[0].serdesii/selectio_wiz/inst'
Finished Parsing XDC File [c:/Users/smkilani/Documents/atfc/firmware/ATFC_serdes_fmc/ATFC_serdes_fmc.srcs/sources_1/ip/selectio_wiz_1/selectio_wiz_1.xdc] for cell 'g_GENERATE_FOR[0].serdesii/selectio_wiz/inst'
Parsing XDC File [c:/Users/smkilani/Documents/atfc/firmware/ATFC_serdes_fmc/ATFC_serdes_fmc.srcs/sources_1/ip/clk_wiz_0/clk_wiz_0_board.xdc] for cell 'clk_wiz/inst'
Finished Parsing XDC File [c:/Users/smkilani/Documents/atfc/firmware/ATFC_serdes_fmc/ATFC_serdes_fmc.srcs/sources_1/ip/clk_wiz_0/clk_wiz_0_board.xdc] for cell 'clk_wiz/inst'
Parsing XDC File [c:/Users/smkilani/Documents/atfc/firmware/ATFC_serdes_fmc/ATFC_serdes_fmc.srcs/sources_1/ip/clk_wiz_0/clk_wiz_0.xdc] for cell 'clk_wiz/inst'
INFO: [Timing 38-35] Done setting XDC timing constraints. [c:/Users/smkilani/Documents/atfc/firmware/ATFC_serdes_fmc/ATFC_serdes_fmc.srcs/sources_1/ip/clk_wiz_0/clk_wiz_0.xdc:56]
INFO: [Timing 38-2] Deriving generated clocks [c:/Users/smkilani/Documents/atfc/firmware/ATFC_serdes_fmc/ATFC_serdes_fmc.srcs/sources_1/ip/clk_wiz_0/clk_wiz_0.xdc:56]
get_clocks: Time (s): cpu = 00:00:13 ; elapsed = 00:00:13 . Memory (MB): peak = 963.582 ; gain = 483.020
Finished Parsing XDC File [c:/Users/smkilani/Documents/atfc/firmware/ATFC_serdes_fmc/ATFC_serdes_fmc.srcs/sources_1/ip/clk_wiz_0/clk_wiz_0.xdc] for cell 'clk_wiz/inst'
Parsing XDC File [C:/Users/smkilani/Documents/atfc/firmware/ATFC_serdes_fmc/ATFC_serdes_fmc.srcs/constrs_1/new/atfc.xdc]
WARNING: [Vivado 12-507] No nets matched 'serdes1/selectio_wiz/inst/data_in_to_device[0]'. [C:/Users/smkilani/Documents/atfc/firmware/ATFC_serdes_fmc/ATFC_serdes_fmc.srcs/constrs_1/new/atfc.xdc:108]
CRITICAL WARNING: [Common 17-55] 'set_property' expects at least one object. [C:/Users/smkilani/Documents/atfc/firmware/ATFC_serdes_fmc/ATFC_serdes_fmc.srcs/constrs_1/new/atfc.xdc:108]
Resolution: If [get_<value>] was used to populate the object, check to make sure this command returns at least one valid object.
WARNING: [Vivado 12-507] No nets matched 'serdes1/selectio_wiz/inst/data_in_to_device[1]'. [C:/Users/smkilani/Documents/atfc/firmware/ATFC_serdes_fmc/ATFC_serdes_fmc.srcs/constrs_1/new/atfc.xdc:109]
CRITICAL WARNING: [Common 17-55] 'set_property' expects at least one object. [C:/Users/smkilani/Documents/atfc/firmware/ATFC_serdes_fmc/ATFC_serdes_fmc.srcs/constrs_1/new/atfc.xdc:109]
Resolution: If [get_<value>] was used to populate the object, check to make sure this command returns at least one valid object.
WARNING: [Vivado 12-507] No nets matched 'serdes1/selectio_wiz/inst/data_in_to_device[2]'. [C:/Users/smkilani/Documents/atfc/firmware/ATFC_serdes_fmc/ATFC_serdes_fmc.srcs/constrs_1/new/atfc.xdc:110]
CRITICAL WARNING: [Common 17-55] 'set_property' expects at least one object. [C:/Users/smkilani/Documents/atfc/firmware/ATFC_serdes_fmc/ATFC_serdes_fmc.srcs/constrs_1/new/atfc.xdc:110]
Resolution: If [get_<value>] was used to populate the object, check to make sure this command returns at least one valid object.
WARNING: [Vivado 12-507] No nets matched 'serdes1/selectio_wiz/inst/data_in_to_device[3]'. [C:/Users/smkilani/Documents/atfc/firmware/ATFC_serdes_fmc/ATFC_serdes_fmc.srcs/constrs_1/new/atfc.xdc:111]
CRITICAL WARNING: [Common 17-55] 'set_property' expects at least one object. [C:/Users/smkilani/Documents/atfc/firmware/ATFC_serdes_fmc/ATFC_serdes_fmc.srcs/constrs_1/new/atfc.xdc:111]
Resolution: If [get_<value>] was used to populate the object, check to make sure this command returns at least one valid object.
WARNING: [Vivado 12-507] No nets matched 'serdes1/selectio_wiz/inst/data_in_to_device[4]'. [C:/Users/smkilani/Documents/atfc/firmware/ATFC_serdes_fmc/ATFC_serdes_fmc.srcs/constrs_1/new/atfc.xdc:112]
CRITICAL WARNING: [Common 17-55] 'set_property' expects at least one object. [C:/Users/smkilani/Documents/atfc/firmware/ATFC_serdes_fmc/ATFC_serdes_fmc.srcs/constrs_1/new/atfc.xdc:112]
Resolution: If [get_<value>] was used to populate the object, check to make sure this command returns at least one valid object.
WARNING: [Vivado 12-507] No nets matched 'serdes1/selectio_wiz/inst/data_in_to_device[5]'. [C:/Users/smkilani/Documents/atfc/firmware/ATFC_serdes_fmc/ATFC_serdes_fmc.srcs/constrs_1/new/atfc.xdc:113]
CRITICAL WARNING: [Common 17-55] 'set_property' expects at least one object. [C:/Users/smkilani/Documents/atfc/firmware/ATFC_serdes_fmc/ATFC_serdes_fmc.srcs/constrs_1/new/atfc.xdc:113]
Resolution: If [get_<value>] was used to populate the object, check to make sure this command returns at least one valid object.
WARNING: [Vivado 12-507] No nets matched 'serdes1/selectio_wiz/inst/data_in_to_device[6]'. [C:/Users/smkilani/Documents/atfc/firmware/ATFC_serdes_fmc/ATFC_serdes_fmc.srcs/constrs_1/new/atfc.xdc:114]
CRITICAL WARNING: [Common 17-55] 'set_property' expects at least one object. [C:/Users/smkilani/Documents/atfc/firmware/ATFC_serdes_fmc/ATFC_serdes_fmc.srcs/constrs_1/new/atfc.xdc:114]
Resolution: If [get_<value>] was used to populate the object, check to make sure this command returns at least one valid object.
WARNING: [Vivado 12-507] No nets matched 'serdes1/selectio_wiz/inst/data_in_to_device[7]'. [C:/Users/smkilani/Documents/atfc/firmware/ATFC_serdes_fmc/ATFC_serdes_fmc.srcs/constrs_1/new/atfc.xdc:115]
CRITICAL WARNING: [Common 17-55] 'set_property' expects at least one object. [C:/Users/smkilani/Documents/atfc/firmware/ATFC_serdes_fmc/ATFC_serdes_fmc.srcs/constrs_1/new/atfc.xdc:115]
Resolution: If [get_<value>] was used to populate the object, check to make sure this command returns at least one valid object.
WARNING: [Vivado 12-507] No nets matched 'serdes1/selectio_wiz/inst/data_out_from_device[3]'. [C:/Users/smkilani/Documents/atfc/firmware/ATFC_serdes_fmc/ATFC_serdes_fmc.srcs/constrs_1/new/atfc.xdc:116]
CRITICAL WARNING: [Common 17-55] 'set_property' expects at least one object. [C:/Users/smkilani/Documents/atfc/firmware/ATFC_serdes_fmc/ATFC_serdes_fmc.srcs/constrs_1/new/atfc.xdc:116]
Resolution: If [get_<value>] was used to populate the object, check to make sure this command returns at least one valid object.
WARNING: [Vivado 12-507] No nets matched 'serdes1/selectio_wiz/inst/data_out_from_device[7]'. [C:/Users/smkilani/Documents/atfc/firmware/ATFC_serdes_fmc/ATFC_serdes_fmc.srcs/constrs_1/new/atfc.xdc:117]
CRITICAL WARNING: [Common 17-55] 'set_property' expects at least one object. [C:/Users/smkilani/Documents/atfc/firmware/ATFC_serdes_fmc/ATFC_serdes_fmc.srcs/constrs_1/new/atfc.xdc:117]
Resolution: If [get_<value>] was used to populate the object, check to make sure this command returns at least one valid object.
WARNING: [Vivado 12-507] No nets matched 'serdes1/selectio_wiz/inst/data_out_from_device[1]'. [C:/Users/smkilani/Documents/atfc/firmware/ATFC_serdes_fmc/ATFC_serdes_fmc.srcs/constrs_1/new/atfc.xdc:118]
CRITICAL WARNING: [Common 17-55] 'set_property' expects at least one object. [C:/Users/smkilani/Documents/atfc/firmware/ATFC_serdes_fmc/ATFC_serdes_fmc.srcs/constrs_1/new/atfc.xdc:118]
Resolution: If [get_<value>] was used to populate the object, check to make sure this command returns at least one valid object.
WARNING: [Vivado 12-507] No nets matched 'serdes1/selectio_wiz/inst/data_out_from_device[0]'. [C:/Users/smkilani/Documents/atfc/firmware/ATFC_serdes_fmc/ATFC_serdes_fmc.srcs/constrs_1/new/atfc.xdc:119]
CRITICAL WARNING: [Common 17-55] 'set_property' expects at least one object. [C:/Users/smkilani/Documents/atfc/firmware/ATFC_serdes_fmc/ATFC_serdes_fmc.srcs/constrs_1/new/atfc.xdc:119]
Resolution: If [get_<value>] was used to populate the object, check to make sure this command returns at least one valid object.
WARNING: [Vivado 12-507] No nets matched 'serdes1/selectio_wiz/inst/data_out_from_device[2]'. [C:/Users/smkilani/Documents/atfc/firmware/ATFC_serdes_fmc/ATFC_serdes_fmc.srcs/constrs_1/new/atfc.xdc:120]
CRITICAL WARNING: [Common 17-55] 'set_property' expects at least one object. [C:/Users/smkilani/Documents/atfc/firmware/ATFC_serdes_fmc/ATFC_serdes_fmc.srcs/constrs_1/new/atfc.xdc:120]
Resolution: If [get_<value>] was used to populate the object, check to make sure this command returns at least one valid object.
WARNING: [Vivado 12-507] No nets matched 'serdes1/selectio_wiz/inst/data_out_from_device[4]'. [C:/Users/smkilani/Documents/atfc/firmware/ATFC_serdes_fmc/ATFC_serdes_fmc.srcs/constrs_1/new/atfc.xdc:121]
CRITICAL WARNING: [Common 17-55] 'set_property' expects at least one object. [C:/Users/smkilani/Documents/atfc/firmware/ATFC_serdes_fmc/ATFC_serdes_fmc.srcs/constrs_1/new/atfc.xdc:121]
Resolution: If [get_<value>] was used to populate the object, check to make sure this command returns at least one valid object.
WARNING: [Vivado 12-507] No nets matched 'serdes1/selectio_wiz/inst/data_out_from_device[5]'. [C:/Users/smkilani/Documents/atfc/firmware/ATFC_serdes_fmc/ATFC_serdes_fmc.srcs/constrs_1/new/atfc.xdc:122]
CRITICAL WARNING: [Common 17-55] 'set_property' expects at least one object. [C:/Users/smkilani/Documents/atfc/firmware/ATFC_serdes_fmc/ATFC_serdes_fmc.srcs/constrs_1/new/atfc.xdc:122]
Resolution: If [get_<value>] was used to populate the object, check to make sure this command returns at least one valid object.
WARNING: [Vivado 12-507] No nets matched 'serdes1/selectio_wiz/inst/data_out_from_device[6]'. [C:/Users/smkilani/Documents/atfc/firmware/ATFC_serdes_fmc/ATFC_serdes_fmc.srcs/constrs_1/new/atfc.xdc:123]
CRITICAL WARNING: [Common 17-55] 'set_property' expects at least one object. [C:/Users/smkilani/Documents/atfc/firmware/ATFC_serdes_fmc/ATFC_serdes_fmc.srcs/constrs_1/new/atfc.xdc:123]
Resolution: If [get_<value>] was used to populate the object, check to make sure this command returns at least one valid object.
WARNING: [Vivado 12-507] No nets matched 'clk_BUFG'. [C:/Users/smkilani/Documents/atfc/firmware/ATFC_serdes_fmc/ATFC_serdes_fmc.srcs/constrs_1/new/atfc.xdc:125]
CRITICAL WARNING: [Vivado 12-1419] Debug core 'u_ila_0' was not found. [C:/Users/smkilani/Documents/atfc/firmware/ATFC_serdes_fmc/ATFC_serdes_fmc.srcs/constrs_1/new/atfc.xdc:125]
WARNING: [Vivado 12-507] No nets matched 'serdes1/selectio_wiz/inst/data_in_to_device[0]'. [C:/Users/smkilani/Documents/atfc/firmware/ATFC_serdes_fmc/ATFC_serdes_fmc.srcs/constrs_1/new/atfc.xdc:126]
WARNING: [Vivado 12-507] No nets matched 'serdes1/selectio_wiz/inst/data_in_to_device[1]'. [C:/Users/smkilani/Documents/atfc/firmware/ATFC_serdes_fmc/ATFC_serdes_fmc.srcs/constrs_1/new/atfc.xdc:126]
WARNING: [Vivado 12-507] No nets matched 'serdes1/selectio_wiz/inst/data_in_to_device[2]'. [C:/Users/smkilani/Documents/atfc/firmware/ATFC_serdes_fmc/ATFC_serdes_fmc.srcs/constrs_1/new/atfc.xdc:126]
WARNING: [Vivado 12-507] No nets matched 'serdes1/selectio_wiz/inst/data_in_to_device[3]'. [C:/Users/smkilani/Documents/atfc/firmware/ATFC_serdes_fmc/ATFC_serdes_fmc.srcs/constrs_1/new/atfc.xdc:126]
WARNING: [Vivado 12-507] No nets matched 'serdes1/selectio_wiz/inst/data_in_to_device[4]'. [C:/Users/smkilani/Documents/atfc/firmware/ATFC_serdes_fmc/ATFC_serdes_fmc.srcs/constrs_1/new/atfc.xdc:126]
WARNING: [Vivado 12-507] No nets matched 'serdes1/selectio_wiz/inst/data_in_to_device[5]'. [C:/Users/smkilani/Documents/atfc/firmware/ATFC_serdes_fmc/ATFC_serdes_fmc.srcs/constrs_1/new/atfc.xdc:126]
WARNING: [Vivado 12-507] No nets matched 'serdes1/selectio_wiz/inst/data_in_to_device[6]'. [C:/Users/smkilani/Documents/atfc/firmware/ATFC_serdes_fmc/ATFC_serdes_fmc.srcs/constrs_1/new/atfc.xdc:126]
WARNING: [Vivado 12-507] No nets matched 'serdes1/selectio_wiz/inst/data_in_to_device[7]'. [C:/Users/smkilani/Documents/atfc/firmware/ATFC_serdes_fmc/ATFC_serdes_fmc.srcs/constrs_1/new/atfc.xdc:126]
CRITICAL WARNING: [Vivado 12-1419] Debug core 'u_ila_0' was not found. [C:/Users/smkilani/Documents/atfc/firmware/ATFC_serdes_fmc/ATFC_serdes_fmc.srcs/constrs_1/new/atfc.xdc:126]
WARNING: [Vivado 12-507] No nets matched 'clk_BUFG'. [C:/Users/smkilani/Documents/atfc/firmware/ATFC_serdes_fmc/ATFC_serdes_fmc.srcs/constrs_1/new/atfc.xdc:127]
CRITICAL WARNING: [Vivado 12-1419] Debug core 'dbg_hub' was not found. [C:/Users/smkilani/Documents/atfc/firmware/ATFC_serdes_fmc/ATFC_serdes_fmc.srcs/constrs_1/new/atfc.xdc:127]
Finished Parsing XDC File [C:/Users/smkilani/Documents/atfc/firmware/ATFC_serdes_fmc/ATFC_serdes_fmc.srcs/constrs_1/new/atfc.xdc]
INFO: [Project 1-538] Using original IP XDC constraints instead of the XDC constraints in dcp 'C:/Users/smkilani/Documents/atfc/firmware/ATFC_serdes_fmc/ATFC_serdes_fmc.runs/selectio_wiz_1_synth_1/selectio_wiz_1.dcp'
INFO: [Project 1-538] Using original IP XDC constraints instead of the XDC constraints in dcp 'C:/Users/smkilani/Documents/atfc/firmware/ATFC_serdes_fmc/ATFC_serdes_fmc.runs/selectio_wiz_1_synth_1/selectio_wiz_1.dcp'
INFO: [Project 1-538] Using original IP XDC constraints instead of the XDC constraints in dcp 'C:/Users/smkilani/Documents/atfc/firmware/ATFC_serdes_fmc/ATFC_serdes_fmc.runs/selectio_wiz_1_synth_1/selectio_wiz_1.dcp'
INFO: [Project 1-538] Using original IP XDC constraints instead of the XDC constraints in dcp 'C:/Users/smkilani/Documents/atfc/firmware/ATFC_serdes_fmc/ATFC_serdes_fmc.runs/selectio_wiz_1_synth_1/selectio_wiz_1.dcp'
INFO: [Project 1-538] Using original IP XDC constraints instead of the XDC constraints in dcp 'C:/Users/smkilani/Documents/atfc/firmware/ATFC_serdes_fmc/ATFC_serdes_fmc.runs/selectio_wiz_1_synth_1/selectio_wiz_1.dcp'
INFO: [Project 1-538] Using original IP XDC constraints instead of the XDC constraints in dcp 'C:/Users/smkilani/Documents/atfc/firmware/ATFC_serdes_fmc/ATFC_serdes_fmc.runs/selectio_wiz_1_synth_1/selectio_wiz_1.dcp'
INFO: [Project 1-538] Using original IP XDC constraints instead of the XDC constraints in dcp 'C:/Users/smkilani/Documents/atfc/firmware/ATFC_serdes_fmc/ATFC_serdes_fmc.runs/selectio_wiz_1_synth_1/selectio_wiz_1.dcp'
INFO: [Project 1-538] Using original IP XDC constraints instead of the XDC constraints in dcp 'C:/Users/smkilani/Documents/atfc/firmware/ATFC_serdes_fmc/ATFC_serdes_fmc.runs/selectio_wiz_1_synth_1/selectio_wiz_1.dcp'
INFO: [Project 1-538] Using original IP XDC constraints instead of the XDC constraints in dcp 'C:/Users/smkilani/Documents/atfc/firmware/ATFC_serdes_fmc/ATFC_serdes_fmc.runs/selectio_wiz_1_synth_1/selectio_wiz_1.dcp'
INFO: [Project 1-538] Using original IP XDC constraints instead of the XDC constraints in dcp 'C:/Users/smkilani/Documents/atfc/firmware/ATFC_serdes_fmc/ATFC_serdes_fmc.runs/selectio_wiz_1_synth_1/selectio_wiz_1.dcp'
INFO: [Project 1-538] Using original IP XDC constraints instead of the XDC constraints in dcp 'C:/Users/smkilani/Documents/atfc/firmware/ATFC_serdes_fmc/ATFC_serdes_fmc.runs/selectio_wiz_1_synth_1/selectio_wiz_1.dcp'
INFO: [Project 1-538] Using original IP XDC constraints instead of the XDC constraints in dcp 'C:/Users/smkilani/Documents/atfc/firmware/ATFC_serdes_fmc/ATFC_serdes_fmc.runs/selectio_wiz_1_synth_1/selectio_wiz_1.dcp'
INFO: [Project 1-538] Using original IP XDC constraints instead of the XDC constraints in dcp 'C:/Users/smkilani/Documents/atfc/firmware/ATFC_serdes_fmc/ATFC_serdes_fmc.runs/selectio_wiz_1_synth_1/selectio_wiz_1.dcp'
INFO: [Project 1-538] Using original IP XDC constraints instead of the XDC constraints in dcp 'C:/Users/smkilani/Documents/atfc/firmware/ATFC_serdes_fmc/ATFC_serdes_fmc.runs/selectio_wiz_1_synth_1/selectio_wiz_1.dcp'
INFO: [Project 1-538] Using original IP XDC constraints instead of the XDC constraints in dcp 'C:/Users/smkilani/Documents/atfc/firmware/ATFC_serdes_fmc/ATFC_serdes_fmc.runs/selectio_wiz_1_synth_1/selectio_wiz_1.dcp'
INFO: [Project 1-538] Using original IP XDC constraints instead of the XDC constraints in dcp 'C:/Users/smkilani/Documents/atfc/firmware/ATFC_serdes_fmc/ATFC_serdes_fmc.runs/selectio_wiz_1_synth_1/selectio_wiz_1.dcp'
INFO: [Project 1-538] Using original IP XDC constraints instead of the XDC constraints in dcp 'C:/Users/smkilani/Documents/atfc/firmware/ATFC_serdes_fmc/ATFC_serdes_fmc.runs/selectio_wiz_1_synth_1/selectio_wiz_1.dcp'
INFO: [Project 1-538] Using original IP XDC constraints instead of the XDC constraints in dcp 'C:/Users/smkilani/Documents/atfc/firmware/ATFC_serdes_fmc/ATFC_serdes_fmc.runs/clk_wiz_0_synth_1/clk_wiz_0.dcp'
INFO: [Opt 31-138] Pushed 0 inverter(s) to 0 load pin(s).
INFO: [Project 1-111] Unisim Transformation Summary:
No Unisim elements were transformed.

link_design: Time (s): cpu = 00:00:17 ; elapsed = 00:00:18 . Memory (MB): peak = 963.668 ; gain = 737.359
Command: opt_design
Attempting to get a license for feature 'Implementation' and/or device 'xc7a35t'
INFO: [Common 17-349] Got license for feature 'Implementation' and/or device 'xc7a35t'
Running DRC as a precondition to command opt_design

Starting DRC Task
INFO: [DRC 23-27] Running DRC with 2 threads
INFO: [Project 1-461] DRC finished with 0 Errors
INFO: [Project 1-462] Please refer to the DRC report (report_drc) for more information.

Time (s): cpu = 00:00:00 ; elapsed = 00:00:00.198 . Memory (MB): peak = 963.668 ; gain = 0.000
INFO: [Timing 38-35] Done setting XDC timing constraints.

Starting Logic Optimization Task

Phase 1 Generate And Synthesize Debug Cores
INFO: [IP_Flow 19-234] Refreshing IP repositories
INFO: [IP_Flow 19-1700] Loaded user IP repository 'c:/Users/smkilani/Documents/atfc/firmware/ATFC_serdes_fmc/ATFC_serdes_fmc.cache/ip'.
INFO: [IP_Flow 19-2313] Loaded Vivado IP repository 'C:/Xilinx/Vivado/2015.4/data/ip'.
INFO: [IP_Flow 19-3806] Processing IP xilinx.com:ip:xsdbm:1.1 for cell dbg_hub_CV.
INFO: [Chipscope 16-220] Re-using generated and synthesized IP, "xilinx.com:ip:xsdbm:1.1", from Vivado IP cache entry "a46611f921c9e92d".
INFO: [IP_Flow 19-3806] Processing IP xilinx.com:ip:ila:6.0 for cell u_ila_0_CV.
INFO: [Chipscope 16-220] Re-using generated and synthesized IP, "xilinx.com:ip:ila:6.0", from Vivado IP cache entry "dc663ab802b1861d".
Netlist sorting complete. Time (s): cpu = 00:00:00 ; elapsed = 00:00:00.078 . Memory (MB): peak = 1043.402 ; gain = 0.000
Phase 1 Generate And Synthesize Debug Cores | Checksum: 15ab88bd0

Time (s): cpu = 00:00:04 ; elapsed = 00:01:10 . Memory (MB): peak = 1043.402 ; gain = 74.313
Implement Debug Cores | Checksum: 1971cd427
INFO: [Timing 38-35] Done setting XDC timing constraints.

Phase 2 Retarget
INFO: [Opt 31-138] Pushed 1 inverter(s) to 1 load pin(s).
INFO: [Opt 31-49] Retargeted 0 cell(s).
Phase 2 Retarget | Checksum: 1367120ca

Time (s): cpu = 00:00:05 ; elapsed = 00:01:11 . Memory (MB): peak = 1057.086 ; gain = 87.996

Phase 3 Constant Propagation
INFO: [Opt 31-138] Pushed 0 inverter(s) to 0 load pin(s).
INFO: [Opt 31-10] Eliminated 10 cells.
Phase 3 Constant Propagation | Checksum: 1a2d2cdb4

Time (s): cpu = 00:00:06 ; elapsed = 00:01:11 . Memory (MB): peak = 1057.086 ; gain = 87.996

Phase 4 Sweep
INFO: [Opt 31-12] Eliminated 60 unconnected nets.
INFO: [Opt 31-11] Eliminated 20 unconnected cells.
Phase 4 Sweep | Checksum: 16e460fed

Time (s): cpu = 00:00:06 ; elapsed = 00:01:12 . Memory (MB): peak = 1057.086 ; gain = 87.996

Starting Connectivity Check Task

Time (s): cpu = 00:00:00 ; elapsed = 00:00:00.013 . Memory (MB): peak = 1057.086 ; gain = 0.000
Ending Logic Optimization Task | Checksum: 16e460fed

Time (s): cpu = 00:00:06 ; elapsed = 00:01:12 . Memory (MB): peak = 1057.086 ; gain = 87.996

Starting Power Optimization Task
INFO: [Pwropt 34-132] Skipping clock gating for clocks with a period < 2.00 ns.
INFO: [Timing 38-35] Done setting XDC timing constraints.
INFO: [Pwropt 34-9] Applying IDT optimizations ...
INFO: [Pwropt 34-10] Applying ODC optimizations ...
Running Vector-less Activity Propagation...

Finished Running Vector-less Activity Propagation


Starting PowerOpt Patch Enables Task
INFO: [Pwropt 34-162] WRITE_MODE attribute of 0 BRAM(s) out of a total of 4 has been updated to save power. Run report_power_opt to get a complete listing of the BRAMs updated.
INFO: [Pwropt 34-201] Structural ODC has moved 0 WE to EN ports
Number of BRAM Ports augmented: 2 newly gated: 0 Total Ports: 8
Ending PowerOpt Patch Enables Task | Checksum: 115c2dc04

Time (s): cpu = 00:00:00 ; elapsed = 00:00:00.031 . Memory (MB): peak = 1209.266 ; gain = 0.000
Ending Power Optimization Task | Checksum: 115c2dc04

Time (s): cpu = 00:00:03 ; elapsed = 00:00:02 . Memory (MB): peak = 1209.266 ; gain = 152.180
INFO: [Common 17-83] Releasing license: Implementation
76 Infos, 27 Warnings, 19 Critical Warnings and 0 Errors encountered.
opt_design completed successfully
opt_design: Time (s): cpu = 00:00:10 ; elapsed = 00:01:15 . Memory (MB): peak = 1209.266 ; gain = 245.598
Writing placer database...
Writing XDEF routing.
Writing XDEF routing logical nets.
Writing XDEF routing special nets.
Write XDEF Complete: Time (s): cpu = 00:00:01 ; elapsed = 00:00:00.153 . Memory (MB): peak = 1209.266 ; gain = 0.000
INFO: [DRC 23-27] Running DRC with 2 threads
INFO: [Coretcl 2-168] The results of DRC are in file C:/Users/smkilani/Documents/atfc/firmware/ATFC_serdes_fmc/ATFC_serdes_fmc.runs/impl_1/top_drc_opted.rpt.
INFO: [Vivado_Tcl 4-424] Cannot write hardware definition file as there are no IPI block design hardware handoff files present
Command: place_design
Attempting to get a license for feature 'Implementation' and/or device 'xc7a35t'
INFO: [Common 17-349] Got license for feature 'Implementation' and/or device 'xc7a35t'
INFO: [DRC 23-27] Running DRC with 2 threads
INFO: [Vivado_Tcl 4-198] DRC finished with 0 Errors
INFO: [Vivado_Tcl 4-199] Please refer to the DRC report (report_drc) for more information.
Running DRC as a precondition to command place_design
INFO: [DRC 23-27] Running DRC with 2 threads
INFO: [Vivado_Tcl 4-198] DRC finished with 0 Errors
INFO: [Vivado_Tcl 4-199] Please refer to the DRC report (report_drc) for more information.

Starting Placer Task
INFO: [Place 30-611] Multithreading enabled for place_design using a maximum of 2 CPUs

Phase 1 Placer Initialization
Netlist sorting complete. Time (s): cpu = 00:00:00 ; elapsed = 00:00:00.040 . Memory (MB): peak = 1209.266 ; gain = 0.000
INFO: [Timing 38-35] Done setting XDC timing constraints.
INFO: [Opt 31-138] Pushed 0 inverter(s) to 0 load pin(s).
Netlist sorting complete. Time (s): cpu = 00:00:00 ; elapsed = 00:00:00.014 . Memory (MB): peak = 1209.266 ; gain = 0.000

Phase 1.1 IO Placement/ Clock Placement/ Build Placer Device

Phase 1.1.1 Pre-Place Cells
Phase 1.1.1 Pre-Place Cells | Checksum: b4c3c62c

Time (s): cpu = 00:00:00 ; elapsed = 00:00:00.766 . Memory (MB): peak = 1209.266 ; gain = 0.000
INFO: [Timing 38-35] Done setting XDC timing constraints.

Phase 1.1.2 IO and Clk Clean Up
Phase 1.1.2 IO and Clk Clean Up | Checksum: b4c3c62c

Time (s): cpu = 00:00:03 ; elapsed = 00:00:03 . Memory (MB): peak = 1209.266 ; gain = 0.000

Phase 1.1.3 Implementation Feasibility check On IDelay
Phase 1.1.3 Implementation Feasibility check On IDelay | Checksum: b4c3c62c

Time (s): cpu = 00:00:03 ; elapsed = 00:00:03 . Memory (MB): peak = 1209.266 ; gain = 0.000

Phase 1.1.4 Commit IO Placement
Phase 1.1.4 Commit IO Placement | Checksum: 7ef59c7f

Time (s): cpu = 00:00:03 ; elapsed = 00:00:03 . Memory (MB): peak = 1209.266 ; gain = 0.000
Phase 1.1 IO Placement/ Clock Placement/ Build Placer Device | Checksum: 7fd09730

Time (s): cpu = 00:00:03 ; elapsed = 00:00:03 . Memory (MB): peak = 1209.266 ; gain = 0.000

Phase 1.2 Build Placer Netlist Model

Phase 1.2.1 Place Init Design

Phase 1.2.1.1 Init Lut Pin Assignment
Phase 1.2.1.1 Init Lut Pin Assignment | Checksum: 11f0f2b48

Time (s): cpu = 00:00:03 ; elapsed = 00:00:03 . Memory (MB): peak = 1209.266 ; gain = 0.000
Phase 1.2.1 Place Init Design | Checksum: 14848156c

Time (s): cpu = 00:00:06 ; elapsed = 00:00:05 . Memory (MB): peak = 1209.266 ; gain = 0.000
Phase 1.2 Build Placer Netlist Model | Checksum: 14848156c

Time (s): cpu = 00:00:06 ; elapsed = 00:00:05 . Memory (MB): peak = 1209.266 ; gain = 0.000

Phase 1.3 Constrain Clocks/Macros

Phase 1.3.1 Constrain Global/Regional Clocks
Phase 1.3.1 Constrain Global/Regional Clocks | Checksum: 14848156c

Time (s): cpu = 00:00:06 ; elapsed = 00:00:05 . Memory (MB): peak = 1209.266 ; gain = 0.000
Phase 1.3 Constrain Clocks/Macros | Checksum: 14848156c

Time (s): cpu = 00:00:06 ; elapsed = 00:00:05 . Memory (MB): peak = 1209.266 ; gain = 0.000
Phase 1 Placer Initialization | Checksum: 14848156c

Time (s): cpu = 00:00:06 ; elapsed = 00:00:05 . Memory (MB): peak = 1209.266 ; gain = 0.000

Phase 2 Global Placement
Phase 2 Global Placement | Checksum: 15ea73c1a

Time (s): cpu = 00:00:10 ; elapsed = 00:00:07 . Memory (MB): peak = 1209.266 ; gain = 0.000

Phase 3 Detail Placement

Phase 3.1 Commit Multi Column Macros
Phase 3.1 Commit Multi Column Macros | Checksum: 15ea73c1a

Time (s): cpu = 00:00:11 ; elapsed = 00:00:07 . Memory (MB): peak = 1209.266 ; gain = 0.000

Phase 3.2 Commit Most Macros & LUTRAMs
Phase 3.2 Commit Most Macros & LUTRAMs | Checksum: 1f5fa0c6

Time (s): cpu = 00:00:12 ; elapsed = 00:00:08 . Memory (MB): peak = 1209.266 ; gain = 0.000

Phase 3.3 Area Swap Optimization
Phase 3.3 Area Swap Optimization | Checksum: f6c0c966

Time (s): cpu = 00:00:12 ; elapsed = 00:00:08 . Memory (MB): peak = 1209.266 ; gain = 0.000

Phase 3.4 updateClock Trees: DP
Phase 3.4 updateClock Trees: DP | Checksum: f6c0c966

Time (s): cpu = 00:00:12 ; elapsed = 00:00:08 . Memory (MB): peak = 1209.266 ; gain = 0.000

Phase 3.5 Timing Path Optimizer
Phase 3.5 Timing Path Optimizer | Checksum: 34a8781e

Time (s): cpu = 00:00:12 ; elapsed = 00:00:09 . Memory (MB): peak = 1209.266 ; gain = 0.000

Phase 3.6 Fast Optimization
Phase 3.6 Fast Optimization | Checksum: 34a8781e

Time (s): cpu = 00:00:12 ; elapsed = 00:00:09 . Memory (MB): peak = 1209.266 ; gain = 0.000

Phase 3.7 Small Shape Detail Placement

Phase 3.7.1 Commit Small Macros and Core Logic

Phase 3.7.1.1 Commit Slice Clusters
Phase 3.7.1.1 Commit Slice Clusters | Checksum: ef7d1fa1

Time (s): cpu = 00:00:14 ; elapsed = 00:00:10 . Memory (MB): peak = 1209.266 ; gain = 0.000
Phase 3.7.1 Commit Small Macros and Core Logic | Checksum: ef7d1fa1

Time (s): cpu = 00:00:14 ; elapsed = 00:00:10 . Memory (MB): peak = 1209.266 ; gain = 0.000

Phase 3.7.2 Clock Restriction Legalization for Leaf Columns
Phase 3.7.2 Clock Restriction Legalization for Leaf Columns | Checksum: ef7d1fa1

Time (s): cpu = 00:00:14 ; elapsed = 00:00:10 . Memory (MB): peak = 1209.266 ; gain = 0.000

Phase 3.7.3 Clock Restriction Legalization for Non-Clock Pins
Phase 3.7.3 Clock Restriction Legalization for Non-Clock Pins | Checksum: ef7d1fa1

Time (s): cpu = 00:00:14 ; elapsed = 00:00:10 . Memory (MB): peak = 1209.266 ; gain = 0.000
Phase 3.7 Small Shape Detail Placement | Checksum: ef7d1fa1

Time (s): cpu = 00:00:14 ; elapsed = 00:00:10 . Memory (MB): peak = 1209.266 ; gain = 0.000

Phase 3.8 Re-assign LUT pins
Phase 3.8 Re-assign LUT pins | Checksum: 101c3792f

Time (s): cpu = 00:00:14 ; elapsed = 00:00:10 . Memory (MB): peak = 1209.266 ; gain = 0.000
Phase 3 Detail Placement | Checksum: 101c3792f

Time (s): cpu = 00:00:14 ; elapsed = 00:00:10 . Memory (MB): peak = 1209.266 ; gain = 0.000

Phase 4 Post Placement Optimization and Clean-Up

Phase 4.1 Post Commit Optimization

Phase 4.1.1 callUpdateTimingBeforePCO
Phase 4.1.1 callUpdateTimingBeforePCO | Checksum: 17234c2bf

Time (s): cpu = 00:00:15 ; elapsed = 00:00:11 . Memory (MB): peak = 1209.266 ; gain = 0.000

Phase 4.1.2 updateClock Trees: PCOPT
Phase 4.1.2 updateClock Trees: PCOPT | Checksum: 17234c2bf

Time (s): cpu = 00:00:15 ; elapsed = 00:00:11 . Memory (MB): peak = 1209.266 ; gain = 0.000

Phase 4.1.3 Post Placement Optimization

Phase 4.1.3.1 PCOPT Shape updates

Phase 4.1.3.1.1 removeOptionalFFsFromShapes
Phase 4.1.3.1.1 removeOptionalFFsFromShapes | Checksum: 17234c2bf

Time (s): cpu = 00:00:15 ; elapsed = 00:00:11 . Memory (MB): peak = 1209.266 ; gain = 0.000

Phase 4.1.3.1.2 deleteLutnmShapes

Phase 4.1.3.1.2.1 deleteShapes
Phase 4.1.3.1.2.1 deleteShapes | Checksum: 2012a4be8

Time (s): cpu = 00:00:16 ; elapsed = 00:00:11 . Memory (MB): peak = 1209.266 ; gain = 0.000
Phase 4.1.3.1.2 deleteLutnmShapes | Checksum: 2012a4be8

Time (s): cpu = 00:00:16 ; elapsed = 00:00:11 . Memory (MB): peak = 1209.266 ; gain = 0.000
Phase 4.1.3.1 PCOPT Shape updates | Checksum: 2012a4be8

Time (s): cpu = 00:00:16 ; elapsed = 00:00:11 . Memory (MB): peak = 1209.266 ; gain = 0.000

Phase 4.1.3.2 Post Placement Timing Optimization
INFO: [Place 30-746] Post Placement Timing Summary WNS=24.469. For the most accurate timing information please run report_timing.
Phase 4.1.3.2 Post Placement Timing Optimization | Checksum: 19a1e294b

Time (s): cpu = 00:00:16 ; elapsed = 00:00:11 . Memory (MB): peak = 1209.266 ; gain = 0.000
Phase 4.1.3 Post Placement Optimization | Checksum: 19a1e294b

Time (s): cpu = 00:00:16 ; elapsed = 00:00:11 . Memory (MB): peak = 1209.266 ; gain = 0.000
Phase 4.1 Post Commit Optimization | Checksum: 19a1e294b

Time (s): cpu = 00:00:16 ; elapsed = 00:00:11 . Memory (MB): peak = 1209.266 ; gain = 0.000

Phase 4.2 Sweep Clock Roots: Post-Placement
Phase 4.2 Sweep Clock Roots: Post-Placement | Checksum: 19a1e294b

Time (s): cpu = 00:00:16 ; elapsed = 00:00:11 . Memory (MB): peak = 1209.266 ; gain = 0.000

Phase 4.3 Post Placement Cleanup
Phase 4.3 Post Placement Cleanup | Checksum: 19a1e294b

Time (s): cpu = 00:00:16 ; elapsed = 00:00:11 . Memory (MB): peak = 1209.266 ; gain = 0.000

Phase 4.4 Placer Reporting

Phase 4.4.1 Restore STA
Phase 4.4.1 Restore STA | Checksum: 19a1e294b

Time (s): cpu = 00:00:16 ; elapsed = 00:00:11 . Memory (MB): peak = 1209.266 ; gain = 0.000
Phase 4.4 Placer Reporting | Checksum: 19a1e294b

Time (s): cpu = 00:00:16 ; elapsed = 00:00:11 . Memory (MB): peak = 1209.266 ; gain = 0.000

Phase 4.5 Final Placement Cleanup
Phase 4.5 Final Placement Cleanup | Checksum: 1f17770b4

Time (s): cpu = 00:00:16 ; elapsed = 00:00:11 . Memory (MB): peak = 1209.266 ; gain = 0.000
Phase 4 Post Placement Optimization and Clean-Up | Checksum: 1f17770b4

Time (s): cpu = 00:00:16 ; elapsed = 00:00:11 . Memory (MB): peak = 1209.266 ; gain = 0.000
Ending Placer Task | Checksum: 16bd01813

Time (s): cpu = 00:00:16 ; elapsed = 00:00:11 . Memory (MB): peak = 1209.266 ; gain = 0.000
INFO: [Common 17-83] Releasing license: Implementation
92 Infos, 27 Warnings, 19 Critical Warnings and 0 Errors encountered.
place_design completed successfully
place_design: Time (s): cpu = 00:00:18 ; elapsed = 00:00:12 . Memory (MB): peak = 1209.266 ; gain = 0.000
Writing placer database...
Writing XDEF routing.
Writing XDEF routing logical nets.
Writing XDEF routing special nets.
Write XDEF Complete: Time (s): cpu = 00:00:02 ; elapsed = 00:00:00.563 . Memory (MB): peak = 1209.266 ; gain = 0.000
report_io: Time (s): cpu = 00:00:00 ; elapsed = 00:00:00.116 . Memory (MB): peak = 1209.266 ; gain = 0.000
report_utilization: Time (s): cpu = 00:00:00 ; elapsed = 00:00:00.067 . Memory (MB): peak = 1209.266 ; gain = 0.000
report_control_sets: Time (s): cpu = 00:00:00 ; elapsed = 00:00:00.023 . Memory (MB): peak = 1209.266 ; gain = 0.000
Command: route_design
Attempting to get a license for feature 'Implementation' and/or device 'xc7a35t'
INFO: [Common 17-349] Got license for feature 'Implementation' and/or device 'xc7a35t'
Running DRC as a precondition to command route_design
INFO: [DRC 23-27] Running DRC with 2 threads
INFO: [Vivado_Tcl 4-198] DRC finished with 0 Errors
INFO: [Vivado_Tcl 4-199] Please refer to the DRC report (report_drc) for more information.


Starting Routing Task
INFO: [Route 35-254] Multithreading enabled for route_design using a maximum of 2 CPUs
Checksum: PlaceDB: bd5c29c5 ConstDB: 0 ShapeSum: ae73ee4e RouteDB: 0

Phase 1 Build RT Design
Phase 1 Build RT Design | Checksum: f4f09755

Time (s): cpu = 00:00:27 ; elapsed = 00:00:25 . Memory (MB): peak = 1209.266 ; gain = 0.000

Phase 2 Router Initialization

Phase 2.1 Create Timer
Phase 2.1 Create Timer | Checksum: f4f09755

Time (s): cpu = 00:00:28 ; elapsed = 00:00:25 . Memory (MB): peak = 1209.266 ; gain = 0.000

Phase 2.2 Pre Route Cleanup
Phase 2.2 Pre Route Cleanup | Checksum: f4f09755

Time (s): cpu = 00:00:28 ; elapsed = 00:00:25 . Memory (MB): peak = 1209.266 ; gain = 0.000
 Number of Nodes with overlaps = 0

Phase 2.3 Update Timing
Phase 2.3 Update Timing | Checksum: 11cb0f468

Time (s): cpu = 00:00:30 ; elapsed = 00:00:27 . Memory (MB): peak = 1209.266 ; gain = 0.000
INFO: [Route 35-416] Intermediate Timing Summary | WNS=24.694 | TNS=0.000  | WHS=-0.153 | THS=-93.224|

Phase 2 Router Initialization | Checksum: a5db23fe

Time (s): cpu = 00:00:31 ; elapsed = 00:00:28 . Memory (MB): peak = 1209.266 ; gain = 0.000

Phase 3 Initial Routing
Phase 3 Initial Routing | Checksum: 1ee289cf0

Time (s): cpu = 00:00:32 ; elapsed = 00:00:28 . Memory (MB): peak = 1209.266 ; gain = 0.000

Phase 4 Rip-up And Reroute

Phase 4.1 Global Iteration 0
 Number of Nodes with overlaps = 349
 Number of Nodes with overlaps = 0

Phase 4.1.1 Update Timing
Phase 4.1.1 Update Timing | Checksum: 1616f643f

Time (s): cpu = 00:00:35 ; elapsed = 00:00:30 . Memory (MB): peak = 1209.266 ; gain = 0.000
INFO: [Route 35-416] Intermediate Timing Summary | WNS=24.449 | TNS=0.000  | WHS=N/A    | THS=N/A    |

Phase 4.1 Global Iteration 0 | Checksum: 25af6ae7f

Time (s): cpu = 00:00:35 ; elapsed = 00:00:30 . Memory (MB): peak = 1209.266 ; gain = 0.000

Phase 4.2 Global Iteration 1
 Number of Nodes with overlaps = 0

Phase 4.2.1 Update Timing
Phase 4.2.1 Update Timing | Checksum: e7f6e26b

Time (s): cpu = 00:00:35 ; elapsed = 00:00:30 . Memory (MB): peak = 1209.266 ; gain = 0.000
INFO: [Route 35-416] Intermediate Timing Summary | WNS=24.449 | TNS=0.000  | WHS=N/A    | THS=N/A    |

Phase 4.2 Global Iteration 1 | Checksum: 1126454b0

Time (s): cpu = 00:00:35 ; elapsed = 00:00:30 . Memory (MB): peak = 1209.266 ; gain = 0.000
Phase 4 Rip-up And Reroute | Checksum: 1126454b0

Time (s): cpu = 00:00:35 ; elapsed = 00:00:30 . Memory (MB): peak = 1209.266 ; gain = 0.000

Phase 5 Delay and Skew Optimization

Phase 5.1 Delay CleanUp

Phase 5.1.1 Update Timing
Phase 5.1.1 Update Timing | Checksum: 10475a068

Time (s): cpu = 00:00:35 ; elapsed = 00:00:30 . Memory (MB): peak = 1209.266 ; gain = 0.000
INFO: [Route 35-416] Intermediate Timing Summary | WNS=24.457 | TNS=0.000  | WHS=N/A    | THS=N/A    |

Phase 5.1 Delay CleanUp | Checksum: 10475a068

Time (s): cpu = 00:00:35 ; elapsed = 00:00:30 . Memory (MB): peak = 1209.266 ; gain = 0.000

Phase 5.2 Clock Skew Optimization
Phase 5.2 Clock Skew Optimization | Checksum: 10475a068

Time (s): cpu = 00:00:35 ; elapsed = 00:00:30 . Memory (MB): peak = 1209.266 ; gain = 0.000
Phase 5 Delay and Skew Optimization | Checksum: 10475a068

Time (s): cpu = 00:00:35 ; elapsed = 00:00:30 . Memory (MB): peak = 1209.266 ; gain = 0.000

Phase 6 Post Hold Fix

Phase 6.1 Update Timing
Phase 6.1 Update Timing | Checksum: 119145e69

Time (s): cpu = 00:00:36 ; elapsed = 00:00:30 . Memory (MB): peak = 1209.266 ; gain = 0.000
INFO: [Route 35-416] Intermediate Timing Summary | WNS=24.457 | TNS=0.000  | WHS=0.047  | THS=0.000  |

Phase 6 Post Hold Fix | Checksum: b96ec4e7

Time (s): cpu = 00:00:36 ; elapsed = 00:00:30 . Memory (MB): peak = 1209.266 ; gain = 0.000

Phase 7 Route finalize

Router Utilization Summary
  Global Vertical Routing Utilization    = 1.02264 %
  Global Horizontal Routing Utilization  = 1.14042 %
  Routable Net Status*
  *Does not include unroutable nets such as driverless and loadless.
  Run report_route_status for detailed report.
  Number of Failed Nets               = 0
  Number of Unrouted Nets             = 0
  Number of Partially Routed Nets     = 0
  Number of Node Overlaps             = 0

Phase 7 Route finalize | Checksum: f2664458

Time (s): cpu = 00:00:36 ; elapsed = 00:00:30 . Memory (MB): peak = 1209.266 ; gain = 0.000

Phase 8 Verifying routed nets

 Verification completed successfully
Phase 8 Verifying routed nets | Checksum: f2664458

Time (s): cpu = 00:00:36 ; elapsed = 00:00:30 . Memory (MB): peak = 1209.266 ; gain = 0.000

Phase 9 Depositing Routes
Phase 9 Depositing Routes | Checksum: f4d4d6c2

Time (s): cpu = 00:00:36 ; elapsed = 00:00:30 . Memory (MB): peak = 1209.266 ; gain = 0.000

Phase 10 Post Router Timing
INFO: [Route 35-57] Estimated Timing Summary | WNS=24.457 | TNS=0.000  | WHS=0.047  | THS=0.000  |

INFO: [Route 35-327] The final timing numbers are based on the router estimated timing analysis. For a complete and accurate timing signoff, please run report_timing_summary.
Phase 10 Post Router Timing | Checksum: f4d4d6c2

Time (s): cpu = 00:00:36 ; elapsed = 00:00:31 . Memory (MB): peak = 1209.266 ; gain = 0.000
INFO: [Route 35-16] Router Completed Successfully

Time (s): cpu = 00:00:36 ; elapsed = 00:00:31 . Memory (MB): peak = 1209.266 ; gain = 0.000

Routing Is Done.
INFO: [Common 17-83] Releasing license: Implementation
106 Infos, 27 Warnings, 19 Critical Warnings and 0 Errors encountered.
route_design completed successfully
route_design: Time (s): cpu = 00:00:38 ; elapsed = 00:00:31 . Memory (MB): peak = 1209.266 ; gain = 0.000
Writing placer database...
Writing XDEF routing.
Writing XDEF routing logical nets.
Writing XDEF routing special nets.
Write XDEF Complete: Time (s): cpu = 00:00:02 ; elapsed = 00:00:00.704 . Memory (MB): peak = 1209.266 ; gain = 0.000
INFO: [DRC 23-27] Running DRC with 2 threads
INFO: [Coretcl 2-168] The results of DRC are in file C:/Users/smkilani/Documents/atfc/firmware/ATFC_serdes_fmc/ATFC_serdes_fmc.runs/impl_1/top_drc_routed.rpt.
INFO: [Timing 38-91] UpdateTimingParams: Speed grade: -1, Delay Type: min_max.
INFO: [Timing 38-191] Multithreading enabled for timing update using a maximum of 2 CPUs
Running Vector-less Activity Propagation...

Finished Running Vector-less Activity Propagation
Attempting to get a license for feature 'Implementation' and/or device 'xc7a35t'
INFO: [Common 17-349] Got license for feature 'Implementation' and/or device 'xc7a35t'
Running DRC as a precondition to command write_bitstream
INFO: [DRC 23-27] Running DRC with 2 threads
WARNING: [DRC 23-20] Rule violation (CFGBVS-1) Missing CFGBVS and CONFIG_VOLTAGE Design Properties - Neither the CFGBVS nor CONFIG_VOLTAGE voltage property is set in the current_design.  Configuration bank voltage select (CFGBVS) must be set to VCCO or GND, and CONFIG_VOLTAGE must be set to the correct configuration voltage, in order to determine the I/O voltage support for the pins in bank 0.  It is suggested to specify these either using the 'Edit Device Properties' function in the GUI or directly in the XDC file using the following syntax:

 set_property CFGBVS value1 [current_design]
 #where value1 is either VCCO or GND

 set_property CONFIG_VOLTAGE value2 [current_design]
 #where value2 is the voltage provided to configuration bank 0

Refer to the device configuration user guide for more information.
INFO: [Vivado 12-3199] DRC finished with 0 Errors, 1 Warnings
INFO: [Vivado 12-3200] Please refer to the DRC report (report_drc) for more information.
Loading data files...
Loading site data...
Loading route data...
Processing options...
Creating bitmap...
Creating bitstream...
Writing bitstream ./top.bit...
INFO: [Vivado 12-1842] Bitgen Completed Successfully.
INFO: [Common 17-83] Releasing license: Implementation
write_bitstream: Time (s): cpu = 00:00:22 ; elapsed = 00:00:22 . Memory (MB): peak = 1530.965 ; gain = 321.176
INFO: [Vivado_Tcl 4-395] Unable to parse hwdef file top.hwdef
INFO: [Common 17-206] Exiting Vivado at Mon Dec 04 15:02:03 2017...
