
*** Running vivado
    with args -log system_selectio_wiz_0_1.vds -m64 -product Vivado -mode batch -messageDb vivado.pb -notrace -source system_selectio_wiz_0_1.tcl


****** Vivado v2017.2 (64-bit)
  **** SW Build 1909853 on Thu Jun 15 18:39:09 MDT 2017
  **** IP Build 1909766 on Thu Jun 15 19:58:00 MDT 2017
    ** Copyright 1986-2017 Xilinx, Inc. All Rights Reserved.

source system_selectio_wiz_0_1.tcl -notrace
Starting RTL Elaboration : Time (s): cpu = 00:00:04 ; elapsed = 00:00:04 . Memory (MB): peak = 364.430 ; gain = 81.016
INFO: [Synth 8-638] synthesizing module 'system_selectio_wiz_0_1' [c:/Users/smkilani/Documents/atfc/firmware/ATFC_demo/ATFC_demo.srcs/sources_1/bd/system/ip/system_selectio_wiz_0_1/system_selectio_wiz_0_1.v:58]
INFO: [Synth 8-638] synthesizing module 'system_selectio_wiz_0_1_selectio_wiz' [c:/Users/smkilani/Documents/atfc/firmware/ATFC_demo/ATFC_demo.srcs/sources_1/bd/system/ip/system_selectio_wiz_0_1/system_selectio_wiz_0_1_selectio_wiz.v:56]
INFO: [Synth 8-638] synthesizing module 'IBUFDS' [C:/Xilinx/Vivado/2017.2/scripts/rt/data/unisim_comp.v:14485]
INFO: [Synth 8-256] done synthesizing module 'IBUFDS' (1#1) [C:/Xilinx/Vivado/2017.2/scripts/rt/data/unisim_comp.v:14485]
INFO: [Synth 8-638] synthesizing module 'ISERDESE2' [C:/Xilinx/Vivado/2017.2/scripts/rt/data/unisim_comp.v:20009]
INFO: [Synth 8-256] done synthesizing module 'ISERDESE2' (2#1) [C:/Xilinx/Vivado/2017.2/scripts/rt/data/unisim_comp.v:20009]
INFO: [Synth 8-256] done synthesizing module 'system_selectio_wiz_0_1_selectio_wiz' (3#1) [c:/Users/smkilani/Documents/atfc/firmware/ATFC_demo/ATFC_demo.srcs/sources_1/bd/system/ip/system_selectio_wiz_0_1/system_selectio_wiz_0_1_selectio_wiz.v:56]
INFO: [Synth 8-256] done synthesizing module 'system_selectio_wiz_0_1' (4#1) [c:/Users/smkilani/Documents/atfc/firmware/ATFC_demo/ATFC_demo.srcs/sources_1/bd/system/ip/system_selectio_wiz_0_1/system_selectio_wiz_0_1.v:58]
Finished RTL Elaboration : Time (s): cpu = 00:00:05 ; elapsed = 00:00:05 . Memory (MB): peak = 404.508 ; gain = 121.094
Finished RTL Optimization Phase 1 : Time (s): cpu = 00:00:05 ; elapsed = 00:00:05 . Memory (MB): peak = 404.508 ; gain = 121.094
INFO: [Device 21-403] Loading part xc7a35tfgg484-1
Constraint Validation Runtime : Time (s): cpu = 00:00:00 ; elapsed = 00:00:00.018 . Memory (MB): peak = 615.508 ; gain = 0.000
Finished Constraint Validation : Time (s): cpu = 00:00:14 ; elapsed = 00:00:15 . Memory (MB): peak = 615.508 ; gain = 332.094
Finished Loading Part and Timing Information : Time (s): cpu = 00:00:14 ; elapsed = 00:00:15 . Memory (MB): peak = 615.508 ; gain = 332.094
Finished applying 'set_property' XDC Constraints : Time (s): cpu = 00:00:14 ; elapsed = 00:00:15 . Memory (MB): peak = 615.508 ; gain = 332.094
Finished RTL Optimization Phase 2 : Time (s): cpu = 00:00:15 ; elapsed = 00:00:15 . Memory (MB): peak = 615.508 ; gain = 332.094
Finished Cross Boundary and Area Optimization : Time (s): cpu = 00:00:15 ; elapsed = 00:00:16 . Memory (MB): peak = 615.508 ; gain = 332.094
Finished Applying XDC Timing Constraints : Time (s): cpu = 00:00:27 ; elapsed = 00:00:28 . Memory (MB): peak = 656.973 ; gain = 373.559
Finished Timing Optimization : Time (s): cpu = 00:00:27 ; elapsed = 00:00:28 . Memory (MB): peak = 656.973 ; gain = 373.559
Finished Technology Mapping : Time (s): cpu = 00:00:27 ; elapsed = 00:00:28 . Memory (MB): peak = 667.113 ; gain = 383.699
Finished IO Insertion : Time (s): cpu = 00:00:28 ; elapsed = 00:00:29 . Memory (MB): peak = 667.113 ; gain = 383.699
Finished Renaming Generated Instances : Time (s): cpu = 00:00:28 ; elapsed = 00:00:29 . Memory (MB): peak = 667.113 ; gain = 383.699
Finished Rebuilding User Hierarchy : Time (s): cpu = 00:00:28 ; elapsed = 00:00:29 . Memory (MB): peak = 667.113 ; gain = 383.699
Finished Renaming Generated Ports : Time (s): cpu = 00:00:28 ; elapsed = 00:00:29 . Memory (MB): peak = 667.113 ; gain = 383.699
Finished Handling Custom Attributes : Time (s): cpu = 00:00:28 ; elapsed = 00:00:29 . Memory (MB): peak = 667.113 ; gain = 383.699
Finished Renaming Generated Nets : Time (s): cpu = 00:00:28 ; elapsed = 00:00:29 . Memory (MB): peak = 667.113 ; gain = 383.699

Report Cell Usage: 
+------+----------+------+
|      |Cell      |Count |
+------+----------+------+
|1     |ISERDESE2 |     1|
|2     |LUT1      |     1|
|3     |IBUFDS    |     1|
+------+----------+------+
Finished Writing Synthesis Report : Time (s): cpu = 00:00:28 ; elapsed = 00:00:29 . Memory (MB): peak = 667.113 ; gain = 383.699
synth_design: Time (s): cpu = 00:00:30 ; elapsed = 00:00:31 . Memory (MB): peak = 679.641 ; gain = 397.855
