
*** Running vivado
    with args -log system_dlmb_bram_if_cntlr_0.vds -m64 -product Vivado -mode batch -messageDb vivado.pb -notrace -source system_dlmb_bram_if_cntlr_0.tcl


****** Vivado v2017.2 (64-bit)
  **** SW Build 1909853 on Thu Jun 15 18:39:09 MDT 2017
  **** IP Build 1909766 on Thu Jun 15 19:58:00 MDT 2017
    ** Copyright 1986-2017 Xilinx, Inc. All Rights Reserved.

source system_dlmb_bram_if_cntlr_0.tcl -notrace
Starting RTL Elaboration : Time (s): cpu = 00:00:05 ; elapsed = 00:00:06 . Memory (MB): peak = 364.070 ; gain = 80.957
INFO: [Synth 8-638] synthesizing module 'system_dlmb_bram_if_cntlr_0' [c:/Users/smkilani/Documents/atfc/firmware/hellworld/hellworld.srcs/sources_1/bd/system/ip/system_dlmb_bram_if_cntlr_0/synth/system_dlmb_bram_if_cntlr_0.vhd:84]
INFO: [Synth 8-638] synthesizing module 'lmb_bram_if_cntlr' [c:/Users/smkilani/Documents/atfc/firmware/hellworld/hellworld.srcs/sources_1/bd/system/ipshared/51e1/hdl/lmb_bram_if_cntlr_v4_0_vh_rfs.vhd:3106]
INFO: [Synth 8-638] synthesizing module 'lmb_mux' [c:/Users/smkilani/Documents/atfc/firmware/hellworld/hellworld.srcs/sources_1/bd/system/ipshared/51e1/hdl/lmb_bram_if_cntlr_v4_0_vh_rfs.vhd:2601]
INFO: [Synth 8-638] synthesizing module 'pselect_mask' [c:/Users/smkilani/Documents/atfc/firmware/hellworld/hellworld.srcs/sources_1/bd/system/ipshared/51e1/hdl/lmb_bram_if_cntlr_v4_0_vh_rfs.vhd:2121]
INFO: [Synth 8-256] done synthesizing module 'pselect_mask' (1#1) [c:/Users/smkilani/Documents/atfc/firmware/hellworld/hellworld.srcs/sources_1/bd/system/ipshared/51e1/hdl/lmb_bram_if_cntlr_v4_0_vh_rfs.vhd:2121]
INFO: [Synth 8-256] done synthesizing module 'lmb_mux' (2#1) [c:/Users/smkilani/Documents/atfc/firmware/hellworld/hellworld.srcs/sources_1/bd/system/ipshared/51e1/hdl/lmb_bram_if_cntlr_v4_0_vh_rfs.vhd:2601]
INFO: [Synth 8-256] done synthesizing module 'lmb_bram_if_cntlr' (3#1) [c:/Users/smkilani/Documents/atfc/firmware/hellworld/hellworld.srcs/sources_1/bd/system/ipshared/51e1/hdl/lmb_bram_if_cntlr_v4_0_vh_rfs.vhd:3106]
INFO: [Synth 8-256] done synthesizing module 'system_dlmb_bram_if_cntlr_0' (4#1) [c:/Users/smkilani/Documents/atfc/firmware/hellworld/hellworld.srcs/sources_1/bd/system/ip/system_dlmb_bram_if_cntlr_0/synth/system_dlmb_bram_if_cntlr_0.vhd:84]
Finished RTL Elaboration : Time (s): cpu = 00:00:07 ; elapsed = 00:00:09 . Memory (MB): peak = 406.152 ; gain = 123.039
Finished RTL Optimization Phase 1 : Time (s): cpu = 00:00:07 ; elapsed = 00:00:09 . Memory (MB): peak = 406.152 ; gain = 123.039
INFO: [Device 21-403] Loading part xc7a35tfgg484-1
Constraint Validation Runtime : Time (s): cpu = 00:00:00 ; elapsed = 00:00:00.041 . Memory (MB): peak = 647.059 ; gain = 0.000
Finished Constraint Validation : Time (s): cpu = 00:00:22 ; elapsed = 00:00:26 . Memory (MB): peak = 647.059 ; gain = 363.945
Finished Loading Part and Timing Information : Time (s): cpu = 00:00:22 ; elapsed = 00:00:26 . Memory (MB): peak = 647.059 ; gain = 363.945
Finished applying 'set_property' XDC Constraints : Time (s): cpu = 00:00:22 ; elapsed = 00:00:26 . Memory (MB): peak = 647.059 ; gain = 363.945
Finished RTL Optimization Phase 2 : Time (s): cpu = 00:00:22 ; elapsed = 00:00:26 . Memory (MB): peak = 647.059 ; gain = 363.945
Finished Cross Boundary and Area Optimization : Time (s): cpu = 00:00:23 ; elapsed = 00:00:27 . Memory (MB): peak = 647.059 ; gain = 363.945
Finished Applying XDC Timing Constraints : Time (s): cpu = 00:00:41 ; elapsed = 00:00:49 . Memory (MB): peak = 659.484 ; gain = 376.371
Finished Timing Optimization : Time (s): cpu = 00:00:41 ; elapsed = 00:00:49 . Memory (MB): peak = 659.484 ; gain = 376.371
Finished Technology Mapping : Time (s): cpu = 00:00:41 ; elapsed = 00:00:49 . Memory (MB): peak = 678.770 ; gain = 395.656
Finished IO Insertion : Time (s): cpu = 00:00:42 ; elapsed = 00:00:50 . Memory (MB): peak = 678.770 ; gain = 395.656
Finished Renaming Generated Instances : Time (s): cpu = 00:00:42 ; elapsed = 00:00:50 . Memory (MB): peak = 678.770 ; gain = 395.656
Finished Rebuilding User Hierarchy : Time (s): cpu = 00:00:42 ; elapsed = 00:00:50 . Memory (MB): peak = 678.770 ; gain = 395.656
Finished Renaming Generated Ports : Time (s): cpu = 00:00:42 ; elapsed = 00:00:50 . Memory (MB): peak = 678.770 ; gain = 395.656
Finished Handling Custom Attributes : Time (s): cpu = 00:00:42 ; elapsed = 00:00:50 . Memory (MB): peak = 678.770 ; gain = 395.656
Finished Renaming Generated Nets : Time (s): cpu = 00:00:42 ; elapsed = 00:00:50 . Memory (MB): peak = 678.770 ; gain = 395.656

Report Cell Usage: 
+------+-----+------+
|      |Cell |Count |
+------+-----+------+
|1     |LUT2 |     3|
|2     |LUT3 |     4|
|3     |FDRE |     2|
+------+-----+------+
Finished Writing Synthesis Report : Time (s): cpu = 00:00:42 ; elapsed = 00:00:50 . Memory (MB): peak = 678.770 ; gain = 395.656
synth_design: Time (s): cpu = 00:00:44 ; elapsed = 00:00:53 . Memory (MB): peak = 683.195 ; gain = 400.707
