
*** Running vivado
    with args -log system_rst_clk_wiz_1_100M_0.vds -m64 -mode batch -messageDb vivado.pb -notrace -source system_rst_clk_wiz_1_100M_0.tcl


****** Vivado v2015.4.2 (64-bit)
  **** SW Build 1494164 on Fri Feb 26 04:18:56 MST 2016
  **** IP Build 1491208 on Wed Feb 24 03:25:39 MST 2016
    ** Copyright 1986-2015 Xilinx, Inc. All Rights Reserved.

source system_rst_clk_wiz_1_100M_0.tcl -notrace
WARNING: [Board 49-26] cannot add Board Part digilentinc.com:arty-s7-50:part0:1.0 available at C:/Xilinx/Vivado/2015.4/data/boards/board_files/arty-s7-50/B.0/board.xml as part xc7s50csga324-1 specified in board_part file is either invalid or not available
INFO: [IP_Flow 19-234] Refreshing IP repositories
INFO: [IP_Flow 19-1704] No user IP repositories specified
INFO: [IP_Flow 19-2313] Loaded Vivado IP repository 'C:/Xilinx/Vivado/2015.4/data/ip'.
WARNING: [IP_Flow 19-3664] IP 'system_rst_clk_wiz_1_100M_0' generated file not found 'c:/Users/smkilani/Documents/atfc/firmware/ATFC_demo1/ATFC_demo1.srcs/sources_1/bd/system/ip/system_rst_clk_wiz_1_100M_0/system_rst_clk_wiz_1_100M_0.dcp'. Please regenerate to continue.
WARNING: [IP_Flow 19-3664] IP 'system_rst_clk_wiz_1_100M_0' generated file not found 'c:/Users/smkilani/Documents/atfc/firmware/ATFC_demo1/ATFC_demo1.srcs/sources_1/bd/system/ip/system_rst_clk_wiz_1_100M_0/system_rst_clk_wiz_1_100M_0_stub.v'. Please regenerate to continue.
WARNING: [IP_Flow 19-3664] IP 'system_rst_clk_wiz_1_100M_0' generated file not found 'c:/Users/smkilani/Documents/atfc/firmware/ATFC_demo1/ATFC_demo1.srcs/sources_1/bd/system/ip/system_rst_clk_wiz_1_100M_0/system_rst_clk_wiz_1_100M_0_stub.vhdl'. Please regenerate to continue.
WARNING: [IP_Flow 19-3664] IP 'system_rst_clk_wiz_1_100M_0' generated file not found 'c:/Users/smkilani/Documents/atfc/firmware/ATFC_demo1/ATFC_demo1.srcs/sources_1/bd/system/ip/system_rst_clk_wiz_1_100M_0/system_rst_clk_wiz_1_100M_0_sim_netlist.v'. Please regenerate to continue.
WARNING: [IP_Flow 19-3664] IP 'system_rst_clk_wiz_1_100M_0' generated file not found 'c:/Users/smkilani/Documents/atfc/firmware/ATFC_demo1/ATFC_demo1.srcs/sources_1/bd/system/ip/system_rst_clk_wiz_1_100M_0/system_rst_clk_wiz_1_100M_0_sim_netlist.vhdl'. Please regenerate to continue.
Command: synth_design -top system_rst_clk_wiz_1_100M_0 -part xc7a35tfgg484-1 -mode out_of_context
Starting synth_design
Attempting to get a license for feature 'Synthesis' and/or device 'xc7a35t'
INFO: [Common 17-349] Got license for feature 'Synthesis' and/or device 'xc7a35t'
---------------------------------------------------------------------------------
Starting RTL Elaboration : Time (s): cpu = 00:00:08 ; elapsed = 00:00:10 . Memory (MB): peak = 312.688 ; gain = 141.176
---------------------------------------------------------------------------------
INFO: [Synth 8-638] synthesizing module 'system_rst_clk_wiz_1_100M_0' [c:/Users/smkilani/Documents/atfc/firmware/ATFC_demo1/ATFC_demo1.srcs/sources_1/bd/system/ip/system_rst_clk_wiz_1_100M_0/synth/system_rst_clk_wiz_1_100M_0.vhd:74]
	Parameter C_FAMILY bound to: artix7 - type: string 
	Parameter C_EXT_RST_WIDTH bound to: 4 - type: integer 
	Parameter C_AUX_RST_WIDTH bound to: 4 - type: integer 
	Parameter C_EXT_RESET_HIGH bound to: 1'b0 
	Parameter C_AUX_RESET_HIGH bound to: 1'b0 
	Parameter C_NUM_BUS_RST bound to: 1 - type: integer 
	Parameter C_NUM_PERP_RST bound to: 1 - type: integer 
	Parameter C_NUM_INTERCONNECT_ARESETN bound to: 1 - type: integer 
	Parameter C_NUM_PERP_ARESETN bound to: 1 - type: integer 
INFO: [Synth 8-3491] module 'proc_sys_reset' declared at 'c:/Users/smkilani/Documents/atfc/firmware/ATFC_demo1/ATFC_demo1.srcs/sources_1/bd/system/ipshared/xilinx.com/proc_sys_reset_v5_0/hdl/src/vhdl/proc_sys_reset.vhd:140' bound to instance 'U0' of component 'proc_sys_reset' [c:/Users/smkilani/Documents/atfc/firmware/ATFC_demo1/ATFC_demo1.srcs/sources_1/bd/system/ip/system_rst_clk_wiz_1_100M_0/synth/system_rst_clk_wiz_1_100M_0.vhd:120]
INFO: [Synth 8-638] synthesizing module 'proc_sys_reset' [c:/Users/smkilani/Documents/atfc/firmware/ATFC_demo1/ATFC_demo1.srcs/sources_1/bd/system/ipshared/xilinx.com/proc_sys_reset_v5_0/hdl/src/vhdl/proc_sys_reset.vhd:199]
	Parameter C_FAMILY bound to: artix7 - type: string 
	Parameter C_EXT_RST_WIDTH bound to: 4 - type: integer 
	Parameter C_AUX_RST_WIDTH bound to: 4 - type: integer 
	Parameter C_EXT_RESET_HIGH bound to: 1'b0 
	Parameter C_AUX_RESET_HIGH bound to: 1'b0 
	Parameter C_NUM_BUS_RST bound to: 1 - type: integer 
	Parameter C_NUM_PERP_RST bound to: 1 - type: integer 
	Parameter C_NUM_INTERCONNECT_ARESETN bound to: 1 - type: integer 
	Parameter C_NUM_PERP_ARESETN bound to: 1 - type: integer 
INFO: [Synth 8-638] synthesizing module 'lpf' [c:/Users/smkilani/Documents/atfc/firmware/ATFC_demo1/ATFC_demo1.srcs/sources_1/bd/system/ipshared/xilinx.com/proc_sys_reset_v5_0/hdl/src/vhdl/lpf.vhd:138]
	Parameter C_EXT_RST_WIDTH bound to: 4 - type: integer 
	Parameter C_AUX_RST_WIDTH bound to: 4 - type: integer 
	Parameter C_EXT_RESET_HIGH bound to: 1'b0 
	Parameter C_AUX_RESET_HIGH bound to: 1'b0 
INFO: [Synth 8-3491] module 'SRL16' declared at 'C:/Xilinx/Vivado/2015.4/scripts/rt/data/unisim_comp.v:43266' bound to instance 'POR_SRL_I' of component 'SRL16' [c:/Users/smkilani/Documents/atfc/firmware/ATFC_demo1/ATFC_demo1.srcs/sources_1/bd/system/ipshared/xilinx.com/proc_sys_reset_v5_0/hdl/src/vhdl/lpf.vhd:190]
INFO: [Synth 8-638] synthesizing module 'SRL16' [C:/Xilinx/Vivado/2015.4/scripts/rt/data/unisim_comp.v:43266]
	Parameter INIT bound to: 16'b0000000000000000 
INFO: [Synth 8-256] done synthesizing module 'SRL16' (1#1) [C:/Xilinx/Vivado/2015.4/scripts/rt/data/unisim_comp.v:43266]
INFO: [Synth 8-638] synthesizing module 'cdc_sync' [c:/Users/smkilani/Documents/atfc/firmware/ATFC_demo1/ATFC_demo1.srcs/sources_1/bd/system/ipshared/xilinx.com/lib_cdc_v1_0/hdl/src/vhdl/cdc_sync.vhd:106]
	Parameter C_CDC_TYPE bound to: 1 - type: integer 
	Parameter C_RESET_STATE bound to: 0 - type: integer 
	Parameter C_SINGLE_BIT bound to: 1 - type: integer 
	Parameter C_FLOP_INPUT bound to: 0 - type: integer 
	Parameter C_VECTOR_WIDTH bound to: 2 - type: integer 
	Parameter C_MTBF_STAGES bound to: 4 - type: integer 
	Parameter INIT bound to: 1'b0 
INFO: [Synth 8-113] binding component instance 'CROSS_PLEVEL_IN2SCNDRY_IN_cdc_to' to cell 'FDR' [c:/Users/smkilani/Documents/atfc/firmware/ATFC_demo1/ATFC_demo1.srcs/sources_1/bd/system/ipshared/xilinx.com/lib_cdc_v1_0/hdl/src/vhdl/cdc_sync.vhd:514]
	Parameter INIT bound to: 1'b0 
INFO: [Synth 8-113] binding component instance 'CROSS_PLEVEL_IN2SCNDRY_s_level_out_d2' to cell 'FDR' [c:/Users/smkilani/Documents/atfc/firmware/ATFC_demo1/ATFC_demo1.srcs/sources_1/bd/system/ipshared/xilinx.com/lib_cdc_v1_0/hdl/src/vhdl/cdc_sync.vhd:545]
	Parameter INIT bound to: 1'b0 
INFO: [Synth 8-113] binding component instance 'CROSS_PLEVEL_IN2SCNDRY_s_level_out_d3' to cell 'FDR' [c:/Users/smkilani/Documents/atfc/firmware/ATFC_demo1/ATFC_demo1.srcs/sources_1/bd/system/ipshared/xilinx.com/lib_cdc_v1_0/hdl/src/vhdl/cdc_sync.vhd:554]
	Parameter INIT bound to: 1'b0 
INFO: [Synth 8-113] binding component instance 'CROSS_PLEVEL_IN2SCNDRY_s_level_out_d4' to cell 'FDR' [c:/Users/smkilani/Documents/atfc/firmware/ATFC_demo1/ATFC_demo1.srcs/sources_1/bd/system/ipshared/xilinx.com/lib_cdc_v1_0/hdl/src/vhdl/cdc_sync.vhd:564]
	Parameter INIT bound to: 1'b0 
INFO: [Synth 8-113] binding component instance 'CROSS_PLEVEL_IN2SCNDRY_s_level_out_d5' to cell 'FDR' [c:/Users/smkilani/Documents/atfc/firmware/ATFC_demo1/ATFC_demo1.srcs/sources_1/bd/system/ipshared/xilinx.com/lib_cdc_v1_0/hdl/src/vhdl/cdc_sync.vhd:574]
	Parameter INIT bound to: 1'b0 
INFO: [Synth 8-113] binding component instance 'CROSS_PLEVEL_IN2SCNDRY_s_level_out_d6' to cell 'FDR' [c:/Users/smkilani/Documents/atfc/firmware/ATFC_demo1/ATFC_demo1.srcs/sources_1/bd/system/ipshared/xilinx.com/lib_cdc_v1_0/hdl/src/vhdl/cdc_sync.vhd:584]
INFO: [Synth 8-256] done synthesizing module 'cdc_sync' (2#1) [c:/Users/smkilani/Documents/atfc/firmware/ATFC_demo1/ATFC_demo1.srcs/sources_1/bd/system/ipshared/xilinx.com/lib_cdc_v1_0/hdl/src/vhdl/cdc_sync.vhd:106]
INFO: [Synth 8-256] done synthesizing module 'lpf' (3#1) [c:/Users/smkilani/Documents/atfc/firmware/ATFC_demo1/ATFC_demo1.srcs/sources_1/bd/system/ipshared/xilinx.com/proc_sys_reset_v5_0/hdl/src/vhdl/lpf.vhd:138]
INFO: [Synth 8-638] synthesizing module 'sequence_psr' [c:/Users/smkilani/Documents/atfc/firmware/ATFC_demo1/ATFC_demo1.srcs/sources_1/bd/system/ipshared/xilinx.com/proc_sys_reset_v5_0/hdl/src/vhdl/sequence_psr.vhd:146]
INFO: [Synth 8-638] synthesizing module 'upcnt_n' [c:/Users/smkilani/Documents/atfc/firmware/ATFC_demo1/ATFC_demo1.srcs/sources_1/bd/system/ipshared/xilinx.com/proc_sys_reset_v5_0/hdl/src/vhdl/upcnt_n.vhd:125]
	Parameter C_SIZE bound to: 6 - type: integer 
INFO: [Synth 8-256] done synthesizing module 'upcnt_n' (4#1) [c:/Users/smkilani/Documents/atfc/firmware/ATFC_demo1/ATFC_demo1.srcs/sources_1/bd/system/ipshared/xilinx.com/proc_sys_reset_v5_0/hdl/src/vhdl/upcnt_n.vhd:125]
INFO: [Synth 8-256] done synthesizing module 'sequence_psr' (5#1) [c:/Users/smkilani/Documents/atfc/firmware/ATFC_demo1/ATFC_demo1.srcs/sources_1/bd/system/ipshared/xilinx.com/proc_sys_reset_v5_0/hdl/src/vhdl/sequence_psr.vhd:146]
INFO: [Synth 8-256] done synthesizing module 'proc_sys_reset' (6#1) [c:/Users/smkilani/Documents/atfc/firmware/ATFC_demo1/ATFC_demo1.srcs/sources_1/bd/system/ipshared/xilinx.com/proc_sys_reset_v5_0/hdl/src/vhdl/proc_sys_reset.vhd:199]
INFO: [Synth 8-256] done synthesizing module 'system_rst_clk_wiz_1_100M_0' (7#1) [c:/Users/smkilani/Documents/atfc/firmware/ATFC_demo1/ATFC_demo1.srcs/sources_1/bd/system/ip/system_rst_clk_wiz_1_100M_0/synth/system_rst_clk_wiz_1_100M_0.vhd:74]
---------------------------------------------------------------------------------
Finished RTL Elaboration : Time (s): cpu = 00:00:09 ; elapsed = 00:00:11 . Memory (MB): peak = 349.973 ; gain = 178.461
---------------------------------------------------------------------------------

Report Check Netlist: 
+------+------------------+-------+---------+-------+------------------+
|      |Item              |Errors |Warnings |Status |Description       |
+------+------------------+-------+---------+-------+------------------+
|1     |multi_driven_nets |      0|        0|Passed |Multi driven nets |
+------+------------------+-------+---------+-------+------------------+
---------------------------------------------------------------------------------
Finished RTL Optimization Phase 1 : Time (s): cpu = 00:00:10 ; elapsed = 00:00:11 . Memory (MB): peak = 349.973 ; gain = 178.461
---------------------------------------------------------------------------------
INFO: [Netlist 29-17] Analyzing 13 Unisim elements for replacement
INFO: [Netlist 29-28] Unisim Transformation completed in 0 CPU seconds
INFO: [Device 21-403] Loading part xc7a35tfgg484-1
INFO: [Project 1-570] Preparing netlist for logic optimization

Processing XDC Constraints
Initializing timing engine
Parsing XDC File [c:/Users/smkilani/Documents/atfc/firmware/ATFC_demo1/ATFC_demo1.srcs/sources_1/bd/system/ip/system_rst_clk_wiz_1_100M_0/system_rst_clk_wiz_1_100M_0_ooc.xdc]
Finished Parsing XDC File [c:/Users/smkilani/Documents/atfc/firmware/ATFC_demo1/ATFC_demo1.srcs/sources_1/bd/system/ip/system_rst_clk_wiz_1_100M_0/system_rst_clk_wiz_1_100M_0_ooc.xdc]
Parsing XDC File [c:/Users/smkilani/Documents/atfc/firmware/ATFC_demo1/ATFC_demo1.srcs/sources_1/bd/system/ip/system_rst_clk_wiz_1_100M_0/system_rst_clk_wiz_1_100M_0_board.xdc]
Finished Parsing XDC File [c:/Users/smkilani/Documents/atfc/firmware/ATFC_demo1/ATFC_demo1.srcs/sources_1/bd/system/ip/system_rst_clk_wiz_1_100M_0/system_rst_clk_wiz_1_100M_0_board.xdc]
Parsing XDC File [c:/Users/smkilani/Documents/atfc/firmware/ATFC_demo1/ATFC_demo1.srcs/sources_1/bd/system/ip/system_rst_clk_wiz_1_100M_0/system_rst_clk_wiz_1_100M_0.xdc]
Finished Parsing XDC File [c:/Users/smkilani/Documents/atfc/firmware/ATFC_demo1/ATFC_demo1.srcs/sources_1/bd/system/ip/system_rst_clk_wiz_1_100M_0/system_rst_clk_wiz_1_100M_0.xdc]
Completed Processing XDC Constraints

INFO: [Project 1-111] Unisim Transformation Summary:
  A total of 13 instances were transformed.
  FDR => FDRE: 12 instances
  SRL16 => SRL16E: 1 instances

Constraint Validation Runtime : Time (s): cpu = 00:00:00 ; elapsed = 00:00:00.017 . Memory (MB): peak = 633.191 ; gain = 0.000
---------------------------------------------------------------------------------
Finished Constraint Validation : Time (s): cpu = 00:00:19 ; elapsed = 00:00:21 . Memory (MB): peak = 633.191 ; gain = 461.680
---------------------------------------------------------------------------------
---------------------------------------------------------------------------------
Start Loading Part and Timing Information
---------------------------------------------------------------------------------
Loading part: xc7a35tfgg484-1
---------------------------------------------------------------------------------
Finished Loading Part and Timing Information : Time (s): cpu = 00:00:19 ; elapsed = 00:00:21 . Memory (MB): peak = 633.191 ; gain = 461.680
---------------------------------------------------------------------------------
---------------------------------------------------------------------------------
Start Applying 'set_property' XDC Constraints
---------------------------------------------------------------------------------
---------------------------------------------------------------------------------
Finished applying 'set_property' XDC Constraints : Time (s): cpu = 00:00:19 ; elapsed = 00:00:21 . Memory (MB): peak = 633.191 ; gain = 461.680
---------------------------------------------------------------------------------
INFO: [Synth 8-4471] merging register 'seq_cnt_en_reg' into 'from_sys_reg' [c:/Users/smkilani/Documents/atfc/firmware/ATFC_demo1/ATFC_demo1.srcs/sources_1/bd/system/ipshared/xilinx.com/proc_sys_reset_v5_0/hdl/src/vhdl/sequence_psr.vhd:222]
---------------------------------------------------------------------------------
Finished RTL Optimization Phase 2 : Time (s): cpu = 00:00:19 ; elapsed = 00:00:21 . Memory (MB): peak = 633.191 ; gain = 461.680
---------------------------------------------------------------------------------

Report RTL Partitions: 
+-+--------------+------------+----------+
| |RTL Partition |Replication |Instances |
+-+--------------+------------+----------+
+-+--------------+------------+----------+
---------------------------------------------------------------------------------
Start RTL Component Statistics 
---------------------------------------------------------------------------------
Detailed RTL Component Info : 
+---Adders : 
	   2 Input      6 Bit       Adders := 1     
+---Registers : 
	                6 Bit    Registers := 1     
	                3 Bit    Registers := 3     
	                1 Bit    Registers := 13    
+---Muxes : 
	   2 Input      6 Bit        Muxes := 1     
	   2 Input      1 Bit        Muxes := 1     
---------------------------------------------------------------------------------
Finished RTL Component Statistics 
---------------------------------------------------------------------------------
---------------------------------------------------------------------------------
Start RTL Hierarchical Component Statistics 
---------------------------------------------------------------------------------
Hierarchical RTL Component report 
Module lpf 
Detailed RTL Component Info : 
+---Registers : 
	                1 Bit    Registers := 3     
Module upcnt_n 
Detailed RTL Component Info : 
+---Adders : 
	   2 Input      6 Bit       Adders := 1     
+---Registers : 
	                6 Bit    Registers := 1     
+---Muxes : 
	   2 Input      6 Bit        Muxes := 1     
	   2 Input      1 Bit        Muxes := 1     
Module sequence_psr 
Detailed RTL Component Info : 
+---Registers : 
	                3 Bit    Registers := 3     
	                1 Bit    Registers := 5     
Module proc_sys_reset 
Detailed RTL Component Info : 
+---Registers : 
	                1 Bit    Registers := 5     
---------------------------------------------------------------------------------
Finished RTL Hierarchical Component Statistics
---------------------------------------------------------------------------------
---------------------------------------------------------------------------------
Start Part Resource Summary
---------------------------------------------------------------------------------
Part Resources:
DSPs: 90 (col length:60)
BRAMs: 100 (col length: RAMB18 60 RAMB36 30)
---------------------------------------------------------------------------------
Finished Part Resource Summary
---------------------------------------------------------------------------------
Start Parallel Synthesis Optimization  : Time (s): cpu = 00:00:19 ; elapsed = 00:00:21 . Memory (MB): peak = 633.191 ; gain = 461.680
---------------------------------------------------------------------------------
Start Cross Boundary Optimization
---------------------------------------------------------------------------------
---------------------------------------------------------------------------------
Finished Cross Boundary Optimization : Time (s): cpu = 00:00:19 ; elapsed = 00:00:22 . Memory (MB): peak = 633.191 ; gain = 461.680
---------------------------------------------------------------------------------
Finished Parallel Reinference  : Time (s): cpu = 00:00:19 ; elapsed = 00:00:22 . Memory (MB): peak = 633.191 ; gain = 461.680

Report RTL Partitions: 
+-+--------------+------------+----------+
| |RTL Partition |Replication |Instances |
+-+--------------+------------+----------+
+-+--------------+------------+----------+
---------------------------------------------------------------------------------
Start Area Optimization
---------------------------------------------------------------------------------
INFO: [Synth 8-3886] merging instance '\U0/SEQ/pr_dec_reg[1] ' (FD) to '\U0/SEQ/bsr_dec_reg[1] '
INFO: [Synth 8-3886] merging instance '\U0/SEQ/bsr_dec_reg[1] ' (FD) to '\U0/SEQ/core_dec_reg[1] '
INFO: [Synth 8-3332] Sequential element (\U0/EXT_LPF/ACTIVE_LOW_EXT.ACT_LO_EXT/GENERATE_LEVEL_P_S_CDC.SINGLE_BIT.CROSS_PLEVEL_IN2SCNDRY_s_level_out_d5 ) is unused and will be removed from module system_rst_clk_wiz_1_100M_0.
INFO: [Synth 8-3332] Sequential element (\U0/EXT_LPF/ACTIVE_LOW_EXT.ACT_LO_EXT/GENERATE_LEVEL_P_S_CDC.SINGLE_BIT.CROSS_PLEVEL_IN2SCNDRY_s_level_out_d6 ) is unused and will be removed from module system_rst_clk_wiz_1_100M_0.
INFO: [Synth 8-3332] Sequential element (\U0/EXT_LPF/ACTIVE_LOW_AUX.ACT_LO_AUX/GENERATE_LEVEL_P_S_CDC.SINGLE_BIT.CROSS_PLEVEL_IN2SCNDRY_s_level_out_d5 ) is unused and will be removed from module system_rst_clk_wiz_1_100M_0.
INFO: [Synth 8-3332] Sequential element (\U0/EXT_LPF/ACTIVE_LOW_AUX.ACT_LO_AUX/GENERATE_LEVEL_P_S_CDC.SINGLE_BIT.CROSS_PLEVEL_IN2SCNDRY_s_level_out_d6 ) is unused and will be removed from module system_rst_clk_wiz_1_100M_0.
INFO: [Synth 8-3332] Sequential element (\U0/SEQ/bsr_dec_reg[1] ) is unused and will be removed from module system_rst_clk_wiz_1_100M_0.
INFO: [Synth 8-3332] Sequential element (\U0/SEQ/pr_dec_reg[1] ) is unused and will be removed from module system_rst_clk_wiz_1_100M_0.
---------------------------------------------------------------------------------
Finished Area Optimization : Time (s): cpu = 00:00:19 ; elapsed = 00:00:22 . Memory (MB): peak = 633.191 ; gain = 461.680
---------------------------------------------------------------------------------
Finished Parallel Area Optimization  : Time (s): cpu = 00:00:19 ; elapsed = 00:00:22 . Memory (MB): peak = 633.191 ; gain = 461.680

Report RTL Partitions: 
+-+--------------+------------+----------+
| |RTL Partition |Replication |Instances |
+-+--------------+------------+----------+
+-+--------------+------------+----------+
---------------------------------------------------------------------------------
Start Timing Optimization
---------------------------------------------------------------------------------
---------------------------------------------------------------------------------
Start Applying XDC Timing Constraints
---------------------------------------------------------------------------------
---------------------------------------------------------------------------------
Finished Applying XDC Timing Constraints : Time (s): cpu = 00:00:32 ; elapsed = 00:00:35 . Memory (MB): peak = 633.191 ; gain = 461.680
---------------------------------------------------------------------------------
---------------------------------------------------------------------------------
Finished Timing Optimization : Time (s): cpu = 00:00:32 ; elapsed = 00:00:35 . Memory (MB): peak = 633.191 ; gain = 461.680
---------------------------------------------------------------------------------

Report RTL Partitions: 
+-+--------------+------------+----------+
| |RTL Partition |Replication |Instances |
+-+--------------+------------+----------+
+-+--------------+------------+----------+
---------------------------------------------------------------------------------
Start Technology Mapping
---------------------------------------------------------------------------------
---------------------------------------------------------------------------------
Finished Technology Mapping : Time (s): cpu = 00:00:32 ; elapsed = 00:00:35 . Memory (MB): peak = 633.191 ; gain = 461.680
---------------------------------------------------------------------------------
Finished Parallel Technology Mapping Optimization  : Time (s): cpu = 00:00:32 ; elapsed = 00:00:35 . Memory (MB): peak = 633.191 ; gain = 461.680

Report RTL Partitions: 
+-+--------------+------------+----------+
| |RTL Partition |Replication |Instances |
+-+--------------+------------+----------+
+-+--------------+------------+----------+
Finished Parallel Synthesis Optimization  : Time (s): cpu = 00:00:32 ; elapsed = 00:00:35 . Memory (MB): peak = 633.191 ; gain = 461.680
---------------------------------------------------------------------------------
Start IO Insertion
---------------------------------------------------------------------------------
---------------------------------------------------------------------------------
Start Flattening Before IO Insertion
---------------------------------------------------------------------------------
---------------------------------------------------------------------------------
Finished Flattening Before IO Insertion
---------------------------------------------------------------------------------
---------------------------------------------------------------------------------
Start Final Netlist Cleanup
---------------------------------------------------------------------------------
---------------------------------------------------------------------------------
Finished Final Netlist Cleanup
---------------------------------------------------------------------------------
---------------------------------------------------------------------------------
Finished IO Insertion : Time (s): cpu = 00:00:33 ; elapsed = 00:00:36 . Memory (MB): peak = 633.191 ; gain = 461.680
---------------------------------------------------------------------------------

Report Check Netlist: 
+------+------------------+-------+---------+-------+------------------+
|      |Item              |Errors |Warnings |Status |Description       |
+------+------------------+-------+---------+-------+------------------+
|1     |multi_driven_nets |      0|        0|Passed |Multi driven nets |
+------+------------------+-------+---------+-------+------------------+
---------------------------------------------------------------------------------
Start Renaming Generated Instances
---------------------------------------------------------------------------------
---------------------------------------------------------------------------------
Finished Renaming Generated Instances : Time (s): cpu = 00:00:33 ; elapsed = 00:00:36 . Memory (MB): peak = 633.191 ; gain = 461.680
---------------------------------------------------------------------------------

Report RTL Partitions: 
+-+--------------+------------+----------+
| |RTL Partition |Replication |Instances |
+-+--------------+------------+----------+
+-+--------------+------------+----------+
---------------------------------------------------------------------------------
Start Rebuilding User Hierarchy
---------------------------------------------------------------------------------
---------------------------------------------------------------------------------
Finished Rebuilding User Hierarchy : Time (s): cpu = 00:00:33 ; elapsed = 00:00:36 . Memory (MB): peak = 633.191 ; gain = 461.680
---------------------------------------------------------------------------------
---------------------------------------------------------------------------------
Start Renaming Generated Ports
---------------------------------------------------------------------------------
---------------------------------------------------------------------------------
Finished Renaming Generated Ports : Time (s): cpu = 00:00:33 ; elapsed = 00:00:36 . Memory (MB): peak = 633.191 ; gain = 461.680
---------------------------------------------------------------------------------
---------------------------------------------------------------------------------
Start Handling Custom Attributes
---------------------------------------------------------------------------------
---------------------------------------------------------------------------------
Finished Handling Custom Attributes : Time (s): cpu = 00:00:33 ; elapsed = 00:00:36 . Memory (MB): peak = 633.191 ; gain = 461.680
---------------------------------------------------------------------------------
---------------------------------------------------------------------------------
Start Renaming Generated Nets
---------------------------------------------------------------------------------
---------------------------------------------------------------------------------
Finished Renaming Generated Nets : Time (s): cpu = 00:00:33 ; elapsed = 00:00:36 . Memory (MB): peak = 633.191 ; gain = 461.680
---------------------------------------------------------------------------------
---------------------------------------------------------------------------------
Start Writing Synthesis Report
---------------------------------------------------------------------------------

Report BlackBoxes: 
+-+--------------+----------+
| |BlackBox name |Instances |
+-+--------------+----------+
+-+--------------+----------+

Report Cell Usage: 
+------+------+------+
|      |Cell  |Count |
+------+------+------+
|1     |LUT1  |     5|
|2     |LUT2  |     9|
|3     |LUT3  |     1|
|4     |LUT4  |     6|
|5     |LUT5  |     3|
|6     |LUT6  |     1|
|7     |SRL16 |     1|
|8     |FDR   |     8|
|9     |FDRE  |    28|
|10    |FDSE  |     4|
+------+------+------+

Report Instance Areas: 
+------+----------------------------------+---------------+------+
|      |Instance                          |Module         |Cells |
+------+----------------------------------+---------------+------+
|1     |top                               |               |    66|
|2     |  U0                              |proc_sys_reset |    66|
|3     |    EXT_LPF                       |lpf            |    23|
|4     |      \ACTIVE_LOW_AUX.ACT_LO_AUX  |cdc_sync       |     6|
|5     |      \ACTIVE_LOW_EXT.ACT_LO_EXT  |cdc_sync_0     |     6|
|6     |    SEQ                           |sequence_psr   |    38|
|7     |      SEQ_COUNTER                 |upcnt_n        |    14|
+------+----------------------------------+---------------+------+
---------------------------------------------------------------------------------
Finished Writing Synthesis Report : Time (s): cpu = 00:00:33 ; elapsed = 00:00:36 . Memory (MB): peak = 633.191 ; gain = 461.680
---------------------------------------------------------------------------------
Synthesis finished with 0 errors, 0 critical warnings and 0 warnings.
Synthesis Optimization Runtime : Time (s): cpu = 00:00:18 ; elapsed = 00:00:25 . Memory (MB): peak = 633.191 ; gain = 107.438
Synthesis Optimization Complete : Time (s): cpu = 00:00:33 ; elapsed = 00:00:36 . Memory (MB): peak = 633.191 ; gain = 461.680
INFO: [Project 1-571] Translating synthesized netlist
INFO: [Netlist 29-17] Analyzing 9 Unisim elements for replacement
INFO: [Netlist 29-28] Unisim Transformation completed in 0 CPU seconds
INFO: [Project 1-570] Preparing netlist for logic optimization
Parsing XDC File [c:/Users/smkilani/Documents/atfc/firmware/ATFC_demo1/ATFC_demo1.srcs/sources_1/bd/system/ip/system_rst_clk_wiz_1_100M_0/system_rst_clk_wiz_1_100M_0_ooc.xdc]
Finished Parsing XDC File [c:/Users/smkilani/Documents/atfc/firmware/ATFC_demo1/ATFC_demo1.srcs/sources_1/bd/system/ip/system_rst_clk_wiz_1_100M_0/system_rst_clk_wiz_1_100M_0_ooc.xdc]
Parsing XDC File [c:/Users/smkilani/Documents/atfc/firmware/ATFC_demo1/ATFC_demo1.srcs/sources_1/bd/system/ip/system_rst_clk_wiz_1_100M_0/system_rst_clk_wiz_1_100M_0_board.xdc]
Finished Parsing XDC File [c:/Users/smkilani/Documents/atfc/firmware/ATFC_demo1/ATFC_demo1.srcs/sources_1/bd/system/ip/system_rst_clk_wiz_1_100M_0/system_rst_clk_wiz_1_100M_0_board.xdc]
Parsing XDC File [c:/Users/smkilani/Documents/atfc/firmware/ATFC_demo1/ATFC_demo1.srcs/sources_1/bd/system/ip/system_rst_clk_wiz_1_100M_0/system_rst_clk_wiz_1_100M_0.xdc]
Finished Parsing XDC File [c:/Users/smkilani/Documents/atfc/firmware/ATFC_demo1/ATFC_demo1.srcs/sources_1/bd/system/ip/system_rst_clk_wiz_1_100M_0/system_rst_clk_wiz_1_100M_0.xdc]
INFO: [Opt 31-138] Pushed 0 inverter(s) to 0 load pin(s).
INFO: [Project 1-111] Unisim Transformation Summary:
  A total of 9 instances were transformed.
  FDR => FDRE: 8 instances
  SRL16 => SRL16E: 1 instances

INFO: [Common 17-83] Releasing license: Synthesis
47 Infos, 6 Warnings, 0 Critical Warnings and 0 Errors encountered.
synth_design completed successfully
synth_design: Time (s): cpu = 00:00:30 ; elapsed = 00:00:32 . Memory (MB): peak = 633.191 ; gain = 396.637
INFO: [Coretcl 2-1174] Renamed 6 cell refs.
report_utilization: Time (s): cpu = 00:00:00 ; elapsed = 00:00:00.017 . Memory (MB): peak = 633.191 ; gain = 0.000
INFO: [Common 17-206] Exiting Vivado at Wed Nov 22 16:57:23 2017...
