Removed Pin From Net: NetName=NetR1_1 Pin=U2-G11
Removed Pin From Net: NetName=GND Pin=U2-L9
Removed Pin From Net: NetName=GND Pin=U2-L10
Removed Pin From Net: NetName=CCLK Pin=U2-L12
Removed Pin From Net: NetName=GND Pin=U2-M9
Removed Pin From Net: NetName=XADC_1V25 Pin=U2-M10
Removed Pin From Net: NetName=GND Pin=U2-N9
Removed Pin From Net: NetName=GND Pin=U2-N10
Removed Pin From Net: NetName=NetB1_3 Pin=U2-N12
Removed Pin From Net: NetName=FPGA_TDI Pin=U2-R13
Removed Pin From Net: NetName=FPGA_TMS Pin=U2-T13
Removed Pin From Net: NetName=VCC3V3 Pin=U2-U8
Removed Pin From Net: NetName=MODE2 Pin=U2-U9
Removed Pin From Net: NetName=MODE1 Pin=U2-U10
Removed Pin From Net: NetName=MODE0 Pin=U2-U11
Removed Pin From Net: NetName=NetR13_1 Pin=U2-U12
Removed Pin From Net: NetName=FPGA_TDO Pin=U2-U13
Removed Pin From Net: NetName=FPGA_TCK Pin=U2-V12
Removed Member From Class: ClassName=Config Member=U2
Removed Member From Class: ClassName=FPGA_Banks1 Member=U2
Removed Member From Class: ClassName=Config Member=U11
Added Pin To Net: NetName=NetR1_1 Pin=U8-G11
Added Pin To Net: NetName=GND Pin=U8-L9
Added Pin To Net: NetName=GND Pin=U8-L10
Added Pin To Net: NetName=CCLK Pin=U8-L12
Added Pin To Net: NetName=GND Pin=U8-M9
Added Pin To Net: NetName=XADC_1V25 Pin=U8-M10
Added Pin To Net: NetName=GND Pin=U8-N9
Added Pin To Net: NetName=GND Pin=U8-N10
Added Pin To Net: NetName=NetB1_3 Pin=U8-N12
Added Pin To Net: NetName=FPGA_TDI Pin=U8-R13
Added Pin To Net: NetName=FPGA_TMS Pin=U8-T13
Added Pin To Net: NetName=VCC3V3 Pin=U8-U8
Added Pin To Net: NetName=MODE2 Pin=U8-U9
Added Pin To Net: NetName=MODE1 Pin=U8-U10
Added Pin To Net: NetName=MODE0 Pin=U8-U11
Added Pin To Net: NetName=NetR13_1 Pin=U8-U12
Added Pin To Net: NetName=FPGA_TDO Pin=U8-U13
Added Pin To Net: NetName=FPGA_TCK Pin=U8-V12
Added Member To Class: ClassName=Config Member=Component U1 S25FL128SAGMFI001
Added Member To Class: ClassName=FPGA_PWR Member=Component U2 
