Removed Pin From Net: NetName=FMC_LA06_P Pin=J1-C10
Removed Pin From Net: NetName=FMC_LA06_N Pin=J1-C11
Removed Pin From Net: NetName=FMC_LA10_P Pin=J1-C14
Removed Pin From Net: NetName=FMC_LA10_N Pin=J1-C15
Removed Pin From Net: NetName=FMC_LA14_P Pin=J1-C18
Removed Pin From Net: NetName=FMC_LA14_N Pin=J1-C19
Removed Pin From Net: NetName=FMC_LA27_P Pin=J1-C26
Removed Pin From Net: NetName=FMC_LA27_N Pin=J1-C27
Removed Pin From Net: NetName=FMC_LA05_P Pin=J1-D11
Removed Pin From Net: NetName=FMC_LA05_N Pin=J1-D12
Removed Pin From Net: NetName=FMC_LA09_P Pin=J1-D14
Removed Pin From Net: NetName=FMC_LA09_N Pin=J1-D15
Removed Pin From Net: NetName=FMC_LA23_P Pin=J1-D23
Removed Pin From Net: NetName=FMC_LA23_N Pin=J1-D24
Removed Pin From Net: NetName=FMC_LA26_P Pin=J1-D26
Removed Pin From Net: NetName=FMC_LA26_N Pin=J1-D27
Removed Pin From Net: NetName=FMC_LA03_P Pin=J1-G9
Removed Pin From Net: NetName=FMC_LA03_N Pin=J1-G10
Removed Pin From Net: NetName=FMC_LA08_P Pin=J1-G12
Removed Pin From Net: NetName=FMC_LA08_N Pin=J1-G13
Removed Pin From Net: NetName=FMC_LA12_P Pin=J1-G15
Removed Pin From Net: NetName=FMC_LA12_N Pin=J1-G16
Removed Pin From Net: NetName=FMC_LA16_P Pin=J1-G18
Removed Pin From Net: NetName=FMC_LA16_N Pin=J1-G19
Removed Pin From Net: NetName=FMC_LA20_P Pin=J1-G21
Removed Pin From Net: NetName=FMC_LA20_N Pin=J1-G22
Removed Pin From Net: NetName=FMC_LA22_P Pin=J1-G24
Removed Pin From Net: NetName=FMC_LA22_N Pin=J1-G25
Removed Pin From Net: NetName=FMC_LA25_P Pin=J1-G27
Removed Pin From Net: NetName=FMC_LA25_N Pin=J1-G28
Removed Pin From Net: NetName=FMC_LA29_P Pin=J1-G30
Removed Pin From Net: NetName=FMC_LA29_N Pin=J1-G31
Removed Pin From Net: NetName=FMC_LA31_P Pin=J1-G33
Removed Pin From Net: NetName=FMC_LA31_N Pin=J1-G34
Removed Pin From Net: NetName=FMC_LA33_P Pin=J1-G36
Removed Pin From Net: NetName=FMC_LA33_N Pin=J1-G37
Removed Pin From Net: NetName=FMC_LA02_P Pin=J1-H7
Removed Pin From Net: NetName=FMC_LA02_N Pin=J1-H8
Removed Pin From Net: NetName=FMC_LA04_P Pin=J1-H10
Removed Pin From Net: NetName=FMC_LA04_N Pin=J1-H11
Removed Pin From Net: NetName=FMC_LA07_P Pin=J1-H13
Removed Pin From Net: NetName=FMC_LA07_N Pin=J1-H14
Removed Pin From Net: NetName=FMC_LA11_P Pin=J1-H16
Removed Pin From Net: NetName=FMC_LA11_N Pin=J1-H17
Removed Pin From Net: NetName=FMC_LA15_P Pin=J1-H19
Removed Pin From Net: NetName=FMC_LA15_N Pin=J1-H20
Removed Pin From Net: NetName=FMC_LA21_P Pin=J1-H25
Removed Pin From Net: NetName=FMC_LA21_N Pin=J1-H26
Removed Pin From Net: NetName=FMC_LA24_P Pin=J1-H28
Removed Pin From Net: NetName=FMC_LA24_N Pin=J1-H29
Removed Pin From Net: NetName=FMC_LA28_P Pin=J1-H31
Removed Pin From Net: NetName=FMC_LA28_N Pin=J1-H32
Removed Pin From Net: NetName=FMC_LA30_P Pin=J1-H34
Removed Pin From Net: NetName=FMC_LA30_N Pin=J1-H35
Removed Pin From Net: NetName=FMC_LA32_P Pin=J1-H37
Removed Pin From Net: NetName=FMC_LA32_N Pin=J1-H38
Removed Pin From Net: NetName=NetC85_1 Pin=Q2-5_1
Removed Pin From Net: NetName=NetC85_1 Pin=Q2-5_2
Removed Pin From Net: NetName=NetC79_2 Pin=Q2-6_1
Removed Pin From Net: NetName=NetC79_2 Pin=Q2-6_2
Removed Pin From Net: NetName=GND Pin=U13-4_1
Removed Pin From Net: NetName=NetC105_1 Pin=U13-14_1
Added Pin To Net: NetName=FMC_LA27_P Pin=J1-C10
Added Pin To Net: NetName=FMC_LA27_N Pin=J1-C11
Added Pin To Net: NetName=FMC_LA14_P Pin=J1-C14
Added Pin To Net: NetName=FMC_LA14_N Pin=J1-C15
Added Pin To Net: NetName=FMC_LA10_P Pin=J1-C18
Added Pin To Net: NetName=FMC_LA10_N Pin=J1-C19
Added Pin To Net: NetName=FMC_LA06_P Pin=J1-C26
Added Pin To Net: NetName=FMC_LA06_N Pin=J1-C27
Added Pin To Net: NetName=FMC_LA26_P Pin=J1-D11
Added Pin To Net: NetName=FMC_LA26_N Pin=J1-D12
Added Pin To Net: NetName=FMC_LA23_P Pin=J1-D14
Added Pin To Net: NetName=FMC_LA23_N Pin=J1-D15
Added Pin To Net: NetName=FMC_LA09_P Pin=J1-D23
Added Pin To Net: NetName=FMC_LA09_N Pin=J1-D24
Added Pin To Net: NetName=FMC_LA05_P Pin=J1-D26
Added Pin To Net: NetName=FMC_LA05_N Pin=J1-D27
Added Pin To Net: NetName=FMC_LA33_P Pin=J1-G9
Added Pin To Net: NetName=FMC_LA33_N Pin=J1-G10
Added Pin To Net: NetName=FMC_LA31_P Pin=J1-G12
Added Pin To Net: NetName=FMC_LA31_N Pin=J1-G13
Added Pin To Net: NetName=FMC_LA29_P Pin=J1-G15
Added Pin To Net: NetName=FMC_LA29_N Pin=J1-G16
Added Pin To Net: NetName=FMC_LA25_P Pin=J1-G18
Added Pin To Net: NetName=FMC_LA25_N Pin=J1-G19
Added Pin To Net: NetName=FMC_LA22_P Pin=J1-G21
Added Pin To Net: NetName=FMC_LA22_N Pin=J1-G22
Added Pin To Net: NetName=FMC_LA20_P Pin=J1-G24
Added Pin To Net: NetName=FMC_LA20_N Pin=J1-G25
Added Pin To Net: NetName=FMC_LA16_P Pin=J1-G27
Added Pin To Net: NetName=FMC_LA16_N Pin=J1-G28
Added Pin To Net: NetName=FMC_LA12_P Pin=J1-G30
Added Pin To Net: NetName=FMC_LA12_N Pin=J1-G31
Added Pin To Net: NetName=FMC_LA08_P Pin=J1-G33
Added Pin To Net: NetName=FMC_LA08_N Pin=J1-G34
Added Pin To Net: NetName=FMC_LA03_P Pin=J1-G36
Added Pin To Net: NetName=FMC_LA03_N Pin=J1-G37
Added Pin To Net: NetName=FMC_LA32_P Pin=J1-H7
Added Pin To Net: NetName=FMC_LA32_N Pin=J1-H8
Added Pin To Net: NetName=FMC_LA30_P Pin=J1-H10
Added Pin To Net: NetName=FMC_LA30_N Pin=J1-H11
Added Pin To Net: NetName=FMC_LA28_P Pin=J1-H13
Added Pin To Net: NetName=FMC_LA28_N Pin=J1-H14
Added Pin To Net: NetName=FMC_LA24_P Pin=J1-H16
Added Pin To Net: NetName=FMC_LA24_N Pin=J1-H17
Added Pin To Net: NetName=FMC_LA21_P Pin=J1-H19
Added Pin To Net: NetName=FMC_LA21_N Pin=J1-H20
Added Pin To Net: NetName=FMC_LA15_P Pin=J1-H25
Added Pin To Net: NetName=FMC_LA15_N Pin=J1-H26
Added Pin To Net: NetName=FMC_LA11_P Pin=J1-H28
Added Pin To Net: NetName=FMC_LA11_N Pin=J1-H29
Added Pin To Net: NetName=FMC_LA07_P Pin=J1-H31
Added Pin To Net: NetName=FMC_LA07_N Pin=J1-H32
Added Pin To Net: NetName=FMC_LA04_P Pin=J1-H34
Added Pin To Net: NetName=FMC_LA04_N Pin=J1-H35
Added Pin To Net: NetName=FMC_LA02_P Pin=J1-H37
Added Pin To Net: NetName=FMC_LA02_N Pin=J1-H38
Added Room: Name=Config
Added Room: Name=FMC
Added Room: Name=FPGA_Banks1
Added Room: Name=FPGA_Banks2
Added Room: Name=FPGA_PWR
Added Room: Name=IO
Added Room: Name=PWR_APD5052
Added Room: Name=Regulators
Added Room: Name=SFP
