Change Physical Footprint: Designator=C2 Old Footprint=C0402 New Footprint=C0402
Change Physical Footprint: Designator=C3 Old Footprint=C0402 New Footprint=C0402
Change Physical Footprint: Designator=C4 Old Footprint=C0402 New Footprint=C0402
Change Physical Footprint: Designator=C5 Old Footprint=C0402 New Footprint=C0402
Change Physical Footprint: Designator=C6 Old Footprint=C0402 New Footprint=C0402
Change Physical Footprint: Designator=C7 Old Footprint=C0402 New Footprint=C0402
Change Physical Footprint: Designator=C8 Old Footprint=C0402 New Footprint=C0402
Change Physical Footprint: Designator=C10 Old Footprint=C0402 New Footprint=C0402
Change Physical Footprint: Designator=C11 Old Footprint=C0402 New Footprint=C0402
Change Physical Footprint: Designator=C12 Old Footprint=C0402 New Footprint=C0402
Change Physical Footprint: Designator=C13 Old Footprint=C0402 New Footprint=C0402
Change Physical Footprint: Designator=C24 Old Footprint=C0402 New Footprint=C0402
Change Physical Footprint: Designator=C25 Old Footprint=C0402 New Footprint=C0402
Change Physical Footprint: Designator=C26 Old Footprint=C0402 New Footprint=C0402
Change Physical Footprint: Designator=C27 Old Footprint=C0402 New Footprint=C0402
Change Physical Footprint: Designator=C30 Old Footprint=C0402 New Footprint=C0402
Change Physical Footprint: Designator=C31 Old Footprint=C0402 New Footprint=C0402
Change Physical Footprint: Designator=C32 Old Footprint=C0402 New Footprint=C0402
Change Physical Footprint: Designator=C33 Old Footprint=C0402 New Footprint=C0402
Change Physical Footprint: Designator=C36 Old Footprint=C0402 New Footprint=C0402
Change Physical Footprint: Designator=C37 Old Footprint=C0402 New Footprint=C0402
Change Physical Footprint: Designator=C38 Old Footprint=C0402 New Footprint=C0402
Change Physical Footprint: Designator=C39 Old Footprint=C0402 New Footprint=C0402
Change Physical Footprint: Designator=C42 Old Footprint=C0402 New Footprint=C0402
Change Physical Footprint: Designator=C43 Old Footprint=C0402 New Footprint=C0402
Change Physical Footprint: Designator=C44 Old Footprint=C0402 New Footprint=C0402
Change Physical Footprint: Designator=C45 Old Footprint=C0402 New Footprint=C0402
Change Physical Footprint: Designator=C49 Old Footprint=C0402 New Footprint=C0402
Change Physical Footprint: Designator=C50 Old Footprint=C0402 New Footprint=C0402
Change Physical Footprint: Designator=C51 Old Footprint=C0402 New Footprint=C0402
Change Physical Footprint: Designator=C52 Old Footprint=C0402 New Footprint=C0402
Change Physical Footprint: Designator=C59 Old Footprint=C0402 New Footprint=C0402
Change Physical Footprint: Designator=C60 Old Footprint=C0402 New Footprint=C0402
Change Physical Footprint: Designator=C61 Old Footprint=C0402 New Footprint=C0402
Change Physical Footprint: Designator=C62 Old Footprint=C0402 New Footprint=C0402
Change Physical Footprint: Designator=C63 Old Footprint=C0402 New Footprint=C0402
Change Physical Footprint: Designator=C65 Old Footprint=C0402 New Footprint=C0402
Change Physical Footprint: Designator=C66 Old Footprint=C0402 New Footprint=C0402
Change Physical Footprint: Designator=C67 Old Footprint=C0402 New Footprint=C0402
Change Physical Footprint: Designator=C70 Old Footprint=C0402 New Footprint=C0402
Change Physical Footprint: Designator=C71 Old Footprint=C0402 New Footprint=C0402
Change Physical Footprint: Designator=C76 Old Footprint=C0402 New Footprint=C0402
Change Physical Footprint: Designator=C77 Old Footprint=C0402 New Footprint=C0402
Change Physical Footprint: Designator=C78 Old Footprint=C0402 New Footprint=C0402
Change Physical Footprint: Designator=C79 Old Footprint=C0402 New Footprint=C0402
Change Physical Footprint: Designator=C83 Old Footprint=C0402 New Footprint=C0402
Change Physical Footprint: Designator=C84 Old Footprint=C0402 New Footprint=C0402
Change Physical Footprint: Designator=C85 Old Footprint=C0402 New Footprint=C0402
Change Physical Footprint: Designator=C86 Old Footprint=C0402 New Footprint=C0402
Change Physical Footprint: Designator=C87 Old Footprint=C0402 New Footprint=C0402
Change Physical Footprint: Designator=C90 Old Footprint=C0402 New Footprint=C0402
Change Physical Footprint: Designator=C93 Old Footprint=C0402 New Footprint=C0402
Change Physical Footprint: Designator=C94 Old Footprint=C0402 New Footprint=C0402
Change Physical Footprint: Designator=C96 Old Footprint=C0402 New Footprint=C0402
Change Physical Footprint: Designator=C97 Old Footprint=C0402 New Footprint=C0402
Change Physical Footprint: Designator=C99 Old Footprint=C0402 New Footprint=C0402
Change Physical Footprint: Designator=C105 Old Footprint=C0402 New Footprint=C0402
Change Physical Footprint: Designator=C106 Old Footprint=C0402 New Footprint=C0402
Change Physical Footprint: Designator=C108 Old Footprint=C0402 New Footprint=C0402
Change Physical Footprint: Designator=C109 Old Footprint=C0402 New Footprint=C0402
Change Physical Footprint: Designator=C110 Old Footprint=C0402 New Footprint=C0402
Change Physical Footprint: Designator=C111 Old Footprint=C0402 New Footprint=C0402
Change Physical Footprint: Designator=C115 Old Footprint=C0402 New Footprint=C0402
Change Physical Footprint: Designator=C116 Old Footprint=C0402 New Footprint=C0402
Change Physical Footprint: Designator=C119 Old Footprint=C0402 New Footprint=C0402
Change Physical Footprint: Designator=C120 Old Footprint=C0402 New Footprint=C0402
Change Physical Footprint: Designator=C122 Old Footprint=C0402 New Footprint=C0402
Change Physical Footprint: Designator=C123 Old Footprint=C0402 New Footprint=C0402
Change Physical Footprint: Designator=C125 Old Footprint=C0402 New Footprint=C0402
Change Physical Footprint: Designator=C126 Old Footprint=C0402 New Footprint=C0402
Change Physical Footprint: Designator=C128 Old Footprint=C0402 New Footprint=C0402
Change Physical Footprint: Designator=C129 Old Footprint=C0402 New Footprint=C0402
Change Physical Footprint: Designator=R4 Old Footprint=R0402 New Footprint=R0402
Change Physical Footprint: Designator=R5 Old Footprint=R0402 New Footprint=R0402
Change Physical Footprint: Designator=R6 Old Footprint=R0402 New Footprint=R0402
Change Physical Footprint: Designator=R9 Old Footprint=R0402 New Footprint=R0402
Change Physical Footprint: Designator=R10 Old Footprint=R0402 New Footprint=R0402
Change Physical Footprint: Designator=R11 Old Footprint=R0402 New Footprint=R0402
Change Physical Footprint: Designator=R14 Old Footprint=R0402 New Footprint=R0402
Change Physical Footprint: Designator=R17 Old Footprint=R0402 New Footprint=R0402
Change Physical Footprint: Designator=R18 Old Footprint=R0402 New Footprint=R0402
Change Physical Footprint: Designator=R19 Old Footprint=R0402 New Footprint=R0402
Change Physical Footprint: Designator=R20 Old Footprint=R0402 New Footprint=R0402
Change Physical Footprint: Designator=R21 Old Footprint=R0402 New Footprint=R0402
Change Physical Footprint: Designator=R22 Old Footprint=R0402 New Footprint=R0402
Change Physical Footprint: Designator=R23 Old Footprint=R0402 New Footprint=R0402
Change Physical Footprint: Designator=R24 Old Footprint=R0402 New Footprint=R0402
Change Physical Footprint: Designator=R25 Old Footprint=R0402 New Footprint=R0402
Change Physical Footprint: Designator=R26 Old Footprint=R0402 New Footprint=R0402
Change Physical Footprint: Designator=R27 Old Footprint=R0402 New Footprint=R0402
Change Physical Footprint: Designator=R28 Old Footprint=R0402 New Footprint=R0402
Change Physical Footprint: Designator=R29 Old Footprint=R0402 New Footprint=R0402
Change Physical Footprint: Designator=R30 Old Footprint=R0402 New Footprint=R0402
Change Physical Footprint: Designator=R31 Old Footprint=R0402 New Footprint=R0402
Change Physical Footprint: Designator=R32 Old Footprint=R0402 New Footprint=R0402
Change Physical Footprint: Designator=R33 Old Footprint=R0402 New Footprint=R0402
Change Physical Footprint: Designator=R34 Old Footprint=R0402 New Footprint=R0402
Change Physical Footprint: Designator=R37 Old Footprint=R0402 New Footprint=R0402
Change Physical Footprint: Designator=R48 Old Footprint=R0402 New Footprint=R0402
Change Physical Footprint: Designator=R49 Old Footprint=R0402 New Footprint=R0402
Change Physical Footprint: Designator=R50 Old Footprint=R0402 New Footprint=R0402
Change Physical Footprint: Designator=R51 Old Footprint=R0402 New Footprint=R0402
Change Physical Footprint: Designator=R52 Old Footprint=R0402 New Footprint=R0402
Change Physical Footprint: Designator=R53 Old Footprint=R0402 New Footprint=R0402
Change Physical Footprint: Designator=R54 Old Footprint=R0402 New Footprint=R0402
Change Physical Footprint: Designator=R56 Old Footprint=R0402 New Footprint=R0402
Change Physical Footprint: Designator=R57 Old Footprint=R0402 New Footprint=R0402
Change Physical Footprint: Designator=R58 Old Footprint=R0402 New Footprint=R0402
Change Physical Footprint: Designator=R59 Old Footprint=R0402 New Footprint=R0402
Change Physical Footprint: Designator=R60 Old Footprint=R0402 New Footprint=R0402
Change Physical Footprint: Designator=R61 Old Footprint=R0402 New Footprint=R0402
Change Physical Footprint: Designator=R63 Old Footprint=R0402 New Footprint=R0402
Change Physical Footprint: Designator=R64 Old Footprint=R0402 New Footprint=R0402
Change Physical Footprint: Designator=R65 Old Footprint=R0402 New Footprint=R0402
Change Physical Footprint: Designator=R66 Old Footprint=R0402 New Footprint=R0402
Change Physical Footprint: Designator=R67 Old Footprint=R0402 New Footprint=R0402
Change Physical Footprint: Designator=R68 Old Footprint=R0402 New Footprint=R0402
Change Physical Footprint: Designator=R69 Old Footprint=R0402 New Footprint=R0402
Change Physical Footprint: Designator=R70 Old Footprint=R0402 New Footprint=R0402
Change Physical Footprint: Designator=R71 Old Footprint=R0402 New Footprint=R0402
Change Physical Footprint: Designator=R72 Old Footprint=R0402 New Footprint=R0402
Change Physical Footprint: Designator=R73 Old Footprint=R0402 New Footprint=R0402
Change Physical Footprint: Designator=R74 Old Footprint=R0402 New Footprint=R0402
Change Physical Footprint: Designator=R75 Old Footprint=R0402 New Footprint=R0402
Change Physical Footprint: Designator=R76 Old Footprint=R0402 New Footprint=R0402
Change Physical Footprint: Designator=R77 Old Footprint=R0402 New Footprint=R0402
Change Physical Footprint: Designator=R78 Old Footprint=R0402 New Footprint=R0402
Change Physical Footprint: Designator=R80 Old Footprint=R0402 New Footprint=R0402
Change Physical Footprint: Designator=R82 Old Footprint=R0402 New Footprint=R0402
Change Physical Footprint: Designator=R84 Old Footprint=R0402 New Footprint=R0402
Change Physical Footprint: Designator=R85 Old Footprint=R0402 New Footprint=R0402
Change Physical Footprint: Designator=R86 Old Footprint=R0402 New Footprint=R0402
Change Physical Footprint: Designator=R87 Old Footprint=R0402 New Footprint=R0402
Change Physical Footprint: Designator=R88 Old Footprint=R0402 New Footprint=R0402
Change Physical Footprint: Designator=R89 Old Footprint=R0402 New Footprint=R0402
Change Physical Footprint: Designator=R90 Old Footprint=R0402 New Footprint=R0402
Change Physical Footprint: Designator=R91 Old Footprint=R0402 New Footprint=R0402
Change Physical Footprint: Designator=R92 Old Footprint=R0402 New Footprint=R0402
Change Physical Footprint: Designator=R93 Old Footprint=R0402 New Footprint=R0402
Change Physical Footprint: Designator=R94 Old Footprint=R0402 New Footprint=R0402
Change Physical Footprint: Designator=R95 Old Footprint=R0402 New Footprint=R0402
Change Physical Footprint: Designator=Ren1 Old Footprint=R0402 New Footprint=R0402
Change Physical Footprint: Designator=Ren2 Old Footprint=R0402 New Footprint=R0402
Change Physical Footprint: Designator=Rf1 Old Footprint=R0402 New Footprint=R0402
Change Physical Footprint: Designator=Rf2 Old Footprint=R0402 New Footprint=R0402
Change Physical Footprint: Designator=Rin1 Old Footprint=R0402 New Footprint=R0402
Change Physical Footprint: Designator=Rin2 Old Footprint=R0402 New Footprint=R0402
Change Physical Footprint: Designator=Rin3 Old Footprint=R0402 New Footprint=R0402
Change Physical Footprint: Designator=Rout1 Old Footprint=R0402 New Footprint=R0402
Change Physical Footprint: Designator=Rout2 Old Footprint=R0402 New Footprint=R0402
Change Physical Footprint: Designator=Rout3 Old Footprint=R0402 New Footprint=R0402
Change Physical Footprint: Designator=Rt1 Old Footprint=R0402 New Footprint=R0402
Change Physical Footprint: Designator=U13 Old Footprint=CP_24_12 New Footprint=CP_24_12
