Removed Pin From Net: NetName=PMODB1_P Pin=U5-1
Removed Pin From Net: NetName=PMODB1_N Pin=U5-3
Removed Pin From Net: NetName=PMODB2_N Pin=U5-4
Removed Pin From Net: NetName=PMODB2_P Pin=U5-6
Removed Pin From Net: NetName=PMODA1_N Pin=U6-1
Removed Pin From Net: NetName=PMODA2_N Pin=U6-3
Removed Pin From Net: NetName=PMODA2_P Pin=U6-4
Removed Pin From Net: NetName=PMODA1_P Pin=U6-6
Removed Pin From Net: NetName=PMODA3_P Pin=U7-1
Removed Pin From Net: NetName=PMODA3_N Pin=U7-3
Removed Pin From Net: NetName=PMODA4_N Pin=U7-4
Removed Pin From Net: NetName=PMODA4_P Pin=U7-6
Removed Pin From Net: NetName=PMODB3_P Pin=U17-1
Removed Pin From Net: NetName=PMODB3_N Pin=U17-3
Removed Pin From Net: NetName=PMODB4_N Pin=U17-4
Removed Pin From Net: NetName=PMODB4_P Pin=U17-6
Removed Member From Class: ClassName=IO Member=P5
Added Pin To Net: NetName=NetP3_3 Pin=U5-1
Added Pin To Net: NetName=NetP3_4 Pin=U5-3
Added Pin To Net: NetName=NetP3_10 Pin=U5-4
Added Pin To Net: NetName=NetP3_9 Pin=U5-6
Added Pin To Net: NetName=NetP4_2 Pin=U6-1
Added Pin To Net: NetName=NetP4_1 Pin=U6-3
Added Pin To Net: NetName=NetP4_7 Pin=U6-4
Added Pin To Net: NetName=NetP4_8 Pin=U6-6
Added Pin To Net: NetName=NetP4_3 Pin=U7-1
Added Pin To Net: NetName=NetP4_4 Pin=U7-3
Added Pin To Net: NetName=NetP4_10 Pin=U7-4
Added Pin To Net: NetName=NetP4_9 Pin=U7-6
Added Pin To Net: NetName=NetP3_2 Pin=U17-1
Added Pin To Net: NetName=NetP3_1 Pin=U17-3
Added Pin To Net: NetName=NetP3_7 Pin=U17-4
Added Pin To Net: NetName=NetP3_8 Pin=U17-6
