Removed Pin From Net: NetName=GPIO1 Pin=U2-A18
Removed Pin From Net: NetName=GPIO3 Pin=U2-A19
Removed Pin From Net: NetName=GPIO4 Pin=U2-A20
Removed Pin From Net: NetName=GPIO5 Pin=U2-A21
Removed Pin From Net: NetName=GPIO6 Pin=U2-B20
Removed Pin From Net: NetName=GPIO7 Pin=U2-B21
Removed Pin From Net: NetName=SFP2_MOD_ABS Pin=U2-B22
Removed Pin From Net: NetName=SFP2_TX_EN Pin=U2-C22
Removed Pin From Net: NetName=SFP2_TX_FAULT Pin=U2-D22
Removed Pin From Net: NetName=SFP2_SCL Pin=U2-E21
Removed Pin From Net: NetName=SFP2_SDA Pin=U2-E22
Added Pin To Net: NetName=SFP2_MOD_ABS Pin=U2-A18
Added Pin To Net: NetName=SFP2_TX_EN Pin=U2-A19
Added Pin To Net: NetName=SFP2_TX_FAULT Pin=U2-A20
Added Pin To Net: NetName=SFP2_SCL Pin=U2-A21
Added Pin To Net: NetName=GPIO7 Pin=U2-B20
Added Pin To Net: NetName=SFP2_SDA Pin=U2-B21
Added Pin To Net: NetName=GPIO1 Pin=U2-B22
Added Pin To Net: NetName=GPIO3 Pin=U2-C22
Added Pin To Net: NetName=GPIO4 Pin=U2-D22
Added Pin To Net: NetName=GPIO5 Pin=U2-E21
Added Pin To Net: NetName=GPIO6 Pin=U2-E22
