Change Physical Footprint: Designator=C1 Old Footprint=C0603 New Footprint=C0603
Change Physical Footprint: Designator=C2 Old Footprint=C0402 New Footprint=C0402
Change Physical Footprint: Designator=C3 Old Footprint=C0402 New Footprint=C0402
Change Physical Footprint: Designator=C4 Old Footprint=C0402 New Footprint=C0402
Change Physical Footprint: Designator=C5 Old Footprint=C0402 New Footprint=C0402
Change Physical Footprint: Designator=C6 Old Footprint=C0402 New Footprint=C0402
Change Physical Footprint: Designator=C7 Old Footprint=C0402 New Footprint=C0402
Change Physical Footprint: Designator=C8 Old Footprint=C0402 New Footprint=C0402
Change Physical Footprint: Designator=C9 Old Footprint=C1210 New Footprint=C1210
Change Physical Footprint: Designator=C10 Old Footprint=C0603 New Footprint=C0603
Change Physical Footprint: Designator=C11 Old Footprint=C0603 New Footprint=C0603
Change Physical Footprint: Designator=C12 Old Footprint=C0603 New Footprint=C0603
Change Physical Footprint: Designator=C13 Old Footprint=C0603 New Footprint=C0603
Change Physical Footprint: Designator=C14 Old Footprint=C0805 New Footprint=C0805
Change Physical Footprint: Designator=C15 Old Footprint=C0805 New Footprint=C0805
Change Physical Footprint: Designator=C16 Old Footprint=C1210 New Footprint=C1210
Change Physical Footprint: Designator=C17 Old Footprint=C0603 New Footprint=C0603
Change Physical Footprint: Designator=C18 Old Footprint=C0603 New Footprint=C0603
Change Physical Footprint: Designator=C19 Old Footprint=C0603 New Footprint=C0603
Change Physical Footprint: Designator=C20 Old Footprint=C0603 New Footprint=C0603
Change Physical Footprint: Designator=C21 Old Footprint=C0805 New Footprint=C0805
Change Physical Footprint: Designator=C22 Old Footprint=C0805 New Footprint=C0805
Change Physical Footprint: Designator=C23 Old Footprint=C1210 New Footprint=C1210
Change Physical Footprint: Designator=C24 Old Footprint=C0603 New Footprint=C0603
Change Physical Footprint: Designator=C25 Old Footprint=C0603 New Footprint=C0603
Change Physical Footprint: Designator=C26 Old Footprint=C0603 New Footprint=C0603
Change Physical Footprint: Designator=C27 Old Footprint=C0603 New Footprint=C0603
Change Physical Footprint: Designator=C28 Old Footprint=C0805 New Footprint=C0805
Change Physical Footprint: Designator=C29 Old Footprint=C0805 New Footprint=C0805
Change Physical Footprint: Designator=C30 Old Footprint=C1210 New Footprint=C1210
Change Physical Footprint: Designator=C31 Old Footprint=C0603 New Footprint=C0603
Change Physical Footprint: Designator=C32 Old Footprint=C0603 New Footprint=C0603
Change Physical Footprint: Designator=C33 Old Footprint=C0603 New Footprint=C0603
Change Physical Footprint: Designator=C34 Old Footprint=C0603 New Footprint=C0603
Change Physical Footprint: Designator=C35 Old Footprint=C0805 New Footprint=C0805
Change Physical Footprint: Designator=C36 Old Footprint=C0805 New Footprint=C0805
Change Physical Footprint: Designator=C37 Old Footprint=C1210 New Footprint=C1210
Change Physical Footprint: Designator=C38 Old Footprint=C0603 New Footprint=C0603
Change Physical Footprint: Designator=C39 Old Footprint=C0603 New Footprint=C0603
Change Physical Footprint: Designator=C40 Old Footprint=C0603 New Footprint=C0603
Change Physical Footprint: Designator=C41 Old Footprint=C0603 New Footprint=C0603
Change Physical Footprint: Designator=C42 Old Footprint=C0805 New Footprint=C0805
Change Physical Footprint: Designator=C43 Old Footprint=C0805 New Footprint=C0805
Change Physical Footprint: Designator=C44 Old Footprint=C1210 New Footprint=C1210
Change Physical Footprint: Designator=C45 Old Footprint=C0603 New Footprint=C0603
Change Physical Footprint: Designator=C46 Old Footprint=C0603 New Footprint=C0603
Change Physical Footprint: Designator=C47 Old Footprint=C0603 New Footprint=C0603
Change Physical Footprint: Designator=C48 Old Footprint=C0603 New Footprint=C0603
Change Physical Footprint: Designator=C49 Old Footprint=C0805 New Footprint=C0805
Change Physical Footprint: Designator=C50 Old Footprint=C0805 New Footprint=C0805
Change Physical Footprint: Designator=C51 Old Footprint=C1210 New Footprint=C1210
Change Physical Footprint: Designator=C52 Old Footprint=C0603 New Footprint=C0603
Change Physical Footprint: Designator=C53 Old Footprint=C0603 New Footprint=C0603
Change Physical Footprint: Designator=C54 Old Footprint=C0603 New Footprint=C0603
Change Physical Footprint: Designator=C55 Old Footprint=C0603 New Footprint=C0603
Change Physical Footprint: Designator=C56 Old Footprint=C0805 New Footprint=C0805
Change Physical Footprint: Designator=C57 Old Footprint=C0805 New Footprint=C0805
Change Physical Footprint: Designator=C58 Old Footprint=C1210 New Footprint=C1210
Change Physical Footprint: Designator=C59 Old Footprint=C1210 New Footprint=C1210
Change Physical Footprint: Designator=C60 Old Footprint=C0805 New Footprint=C0805
Change Physical Footprint: Designator=C61 Old Footprint=C0805 New Footprint=C0805
Change Physical Footprint: Designator=C62 Old Footprint=C0603 New Footprint=C0603
Change Physical Footprint: Designator=C63 Old Footprint=C0603 New Footprint=C0603
Change Physical Footprint: Designator=C64 Old Footprint=C0603 New Footprint=C0603
Change Physical Footprint: Designator=C65 Old Footprint=C0603 New Footprint=C0603
Change Physical Footprint: Designator=C66 Old Footprint=C0603 New Footprint=C0603
Change Physical Footprint: Designator=C67 Old Footprint=C1210 New Footprint=C1210
Change Physical Footprint: Designator=C68 Old Footprint=C0603 New Footprint=C0603
Change Physical Footprint: Designator=C69 Old Footprint=C0402 New Footprint=C0402
Change Physical Footprint: Designator=C70 Old Footprint=C0402 New Footprint=C0402
Change Physical Footprint: Designator=C71 Old Footprint=C0805 New Footprint=C0805
Change Physical Footprint: Designator=C72 Old Footprint=C0805 New Footprint=C0805
Change Physical Footprint: Designator=C73 Old Footprint=C0402 New Footprint=C0402
Change Physical Footprint: Designator=C74 Old Footprint=C0402 New Footprint=C0402
Change Physical Footprint: Designator=C76 Old Footprint=C0603 New Footprint=C0603
Change Physical Footprint: Designator=C77 Old Footprint=C0603 New Footprint=C0603
Change Physical Footprint: Designator=C78 Old Footprint=C0805 New Footprint=C0805
Change Physical Footprint: Designator=C79 Old Footprint=C0805 New Footprint=C0805
Change Physical Footprint: Designator=C80 Old Footprint=C0805 New Footprint=C0805
Change Physical Footprint: Designator=C81 Old Footprint=C0805 New Footprint=C0805
Change Physical Footprint: Designator=C82 Old Footprint=C0603 New Footprint=C0603
Change Physical Footprint: Designator=C83 Old Footprint=C0603 New Footprint=C0603
Change Physical Footprint: Designator=C84 Old Footprint=C0603 New Footprint=C0603
Change Physical Footprint: Designator=C85 Old Footprint=C0603 New Footprint=C0603
Change Physical Footprint: Designator=C86 Old Footprint=C0603 New Footprint=C0603
Change Physical Footprint: Designator=C87 Old Footprint=C0603 New Footprint=C0603
Change Physical Footprint: Designator=C88 Old Footprint=C0603 New Footprint=C0603
Change Physical Footprint: Designator=C89 Old Footprint=C0603 New Footprint=C0603
Change Physical Footprint: Designator=C90 Old Footprint=C0603 New Footprint=C0603
Change Physical Footprint: Designator=C91 Old Footprint=C0603 New Footprint=C0603
Change Physical Footprint: Designator=C92 Old Footprint=C0603 New Footprint=C0603
Change Physical Footprint: Designator=C93 Old Footprint=C0603 New Footprint=C0603
Change Physical Footprint: Designator=C94 Old Footprint=C0603 New Footprint=C0603
Change Physical Footprint: Designator=C95 Old Footprint=C0603 New Footprint=C0603
Change Physical Footprint: Designator=C97 Old Footprint=C0402 New Footprint=C0402
Change Physical Footprint: Designator=C98 Old Footprint=C0402 New Footprint=C0402
Change Physical Footprint: Designator=C100 Old Footprint=C0402 New Footprint=C0402
Change Physical Footprint: Designator=C101 Old Footprint=C0402 New Footprint=C0402
Change Physical Footprint: Designator=C103 Old Footprint=C0402 New Footprint=C0402
Change Physical Footprint: Designator=C104 Old Footprint=C0402 New Footprint=C0402
Change Physical Footprint: Designator=C106 Old Footprint=C0402 New Footprint=C0402
Change Physical Footprint: Designator=C107 Old Footprint=C0402 New Footprint=C0402
Change Physical Footprint: Designator=Cbst1 Old Footprint=C0402 New Footprint=C0402
Change Physical Footprint: Designator=Cbst2 Old Footprint=C0402 New Footprint=C0402
Change Physical Footprint: Designator=Cbst3 Old Footprint=C0402 New Footprint=C0402
Change Physical Footprint: Designator=Cbst4 Old Footprint=C0402 New Footprint=C0402
Change Physical Footprint: Designator=Cc1 Old Footprint=C0805 New Footprint=C0805
Change Physical Footprint: Designator=Cc2 Old Footprint=C0402 New Footprint=C0402
Change Physical Footprint: Designator=Cc3 Old Footprint=C0402 New Footprint=C0402
Change Physical Footprint: Designator=Cc4 Old Footprint=C0402 New Footprint=C0402
Change Physical Footprint: Designator=Cin1 Old Footprint=C0805 New Footprint=C0805
Change Physical Footprint: Designator=Cin2 Old Footprint=C0805 New Footprint=C0805
Change Physical Footprint: Designator=Cin3 Old Footprint=C0805 New Footprint=C0805
Change Physical Footprint: Designator=Cin4 Old Footprint=C0805 New Footprint=C0805
Change Physical Footprint: Designator=Cin5 Old Footprint=C0603 New Footprint=C0603
Change Physical Footprint: Designator=Cout1 Old Footprint=C1210 New Footprint=C1210
Change Physical Footprint: Designator=Cout2 Old Footprint=C1210 New Footprint=C1210
Change Physical Footprint: Designator=Cout3 Old Footprint=C1210 New Footprint=C1210
Change Physical Footprint: Designator=Cout4 Old Footprint=C1210 New Footprint=C1210
Change Physical Footprint: Designator=Cout5 Old Footprint=C1210 New Footprint=C1210
Change Physical Footprint: Designator=Cout6 Old Footprint=C1210 New Footprint=C1210
Change Physical Footprint: Designator=Cout7 Old Footprint=C1210 New Footprint=C1210
Change Physical Footprint: Designator=Cout8 Old Footprint=C1210 New Footprint=C1210
Change Physical Footprint: Designator=Cout9 Old Footprint=C1210 New Footprint=C1210
Change Physical Footprint: Designator=Cout10 Old Footprint=C0805 New Footprint=C0805
Change Physical Footprint: Designator=Cout11 Old Footprint=C0805 New Footprint=C0805
Change Physical Footprint: Designator=Cv1 Old Footprint=C0402 New Footprint=C0402
Change Physical Footprint: Designator=Cvreg1 Old Footprint=C0402 New Footprint=C0402
Change Physical Footprint: Designator=L6 Old Footprint=SRP2512 New Footprint=SRP2512
Change Physical Footprint: Designator=L7 Old Footprint=SRP2512 New Footprint=SRP2512
Change Physical Footprint: Designator=L8 Old Footprint=SRP2512 New Footprint=SRP2512
Change Physical Footprint: Designator=L9 Old Footprint=SRP2512 New Footprint=SRP2512
Change Physical Footprint: Designator=P3 Old Footprint=HDR2X4 New Footprint=HDR2X4
Change Physical Footprint: Designator=R1 Old Footprint=R0603 New Footprint=R0603
Change Physical Footprint: Designator=R2 Old Footprint=R0603 New Footprint=R0603
Change Physical Footprint: Designator=R3 Old Footprint=R0603 New Footprint=R0603
Change Physical Footprint: Designator=R4 Old Footprint=R0402 New Footprint=R0402
Change Physical Footprint: Designator=R5 Old Footprint=R0402 New Footprint=R0402
Change Physical Footprint: Designator=R6 Old Footprint=R0402 New Footprint=R0402
Change Physical Footprint: Designator=R7 Old Footprint=R0603 New Footprint=R0603
Change Physical Footprint: Designator=R8 Old Footprint=R0603 New Footprint=R0603
Change Physical Footprint: Designator=R9 Old Footprint=R0402 New Footprint=R0402
Change Physical Footprint: Designator=R10 Old Footprint=R0402 New Footprint=R0402
Change Physical Footprint: Designator=R11 Old Footprint=R0402 New Footprint=R0402
Change Physical Footprint: Designator=R12 Old Footprint=R0603 New Footprint=R0603
Change Physical Footprint: Designator=R13 Old Footprint=R0603 New Footprint=R0603
Change Physical Footprint: Designator=R14 Old Footprint=R0402 New Footprint=R0402
Change Physical Footprint: Designator=R15 Old Footprint=R0603 New Footprint=R0603
Change Physical Footprint: Designator=R16 Old Footprint=R0603 New Footprint=R0603
Change Physical Footprint: Designator=R17 Old Footprint=R0402 New Footprint=R0402
Change Physical Footprint: Designator=R18 Old Footprint=R0402 New Footprint=R0402
Change Physical Footprint: Designator=R19 Old Footprint=R0402 New Footprint=R0402
Change Physical Footprint: Designator=R20 Old Footprint=R0402 New Footprint=R0402
Change Physical Footprint: Designator=R21 Old Footprint=R0402 New Footprint=R0402
Change Physical Footprint: Designator=R22 Old Footprint=R0402 New Footprint=R0402
Change Physical Footprint: Designator=R23 Old Footprint=R0402 New Footprint=R0402
Change Physical Footprint: Designator=R24 Old Footprint=R0402 New Footprint=R0402
Change Physical Footprint: Designator=R25 Old Footprint=R0402 New Footprint=R0402
Change Physical Footprint: Designator=R26 Old Footprint=R0402 New Footprint=R0402
Change Physical Footprint: Designator=R27 Old Footprint=R0402 New Footprint=R0402
Change Physical Footprint: Designator=R28 Old Footprint=R0402 New Footprint=R0402
Change Physical Footprint: Designator=R29 Old Footprint=R0402 New Footprint=R0402
Change Physical Footprint: Designator=R30 Old Footprint=R0402 New Footprint=R0402
Change Physical Footprint: Designator=R31 Old Footprint=R0402 New Footprint=R0402
Change Physical Footprint: Designator=R32 Old Footprint=R0402 New Footprint=R0402
Change Physical Footprint: Designator=R33 Old Footprint=R0402 New Footprint=R0402
Change Physical Footprint: Designator=R34 Old Footprint=R0402 New Footprint=R0402
Change Physical Footprint: Designator=R35 Old Footprint=R0603 New Footprint=R0603
Change Physical Footprint: Designator=R36 Old Footprint=R0603 New Footprint=R0603
Change Physical Footprint: Designator=R37 Old Footprint=R0402 New Footprint=R0402
Change Physical Footprint: Designator=R38 Old Footprint=R0603 New Footprint=R0603
Change Physical Footprint: Designator=R39 Old Footprint=R0603 New Footprint=R0603
Change Physical Footprint: Designator=R40 Old Footprint=R0603 New Footprint=R0603
Change Physical Footprint: Designator=R41 Old Footprint=R0603 New Footprint=R0603
Change Physical Footprint: Designator=R42 Old Footprint=R0603 New Footprint=R0603
Change Physical Footprint: Designator=R43 Old Footprint=R0603 New Footprint=R0603
Change Physical Footprint: Designator=R44 Old Footprint=R0603 New Footprint=R0603
Change Physical Footprint: Designator=R45 Old Footprint=R0603 New Footprint=R0603
Change Physical Footprint: Designator=R46 Old Footprint=R0603 New Footprint=R0603
Change Physical Footprint: Designator=R47 Old Footprint=R0603 New Footprint=R0603
Change Physical Footprint: Designator=R48 Old Footprint=R0402 New Footprint=R0402
Change Physical Footprint: Designator=R49 Old Footprint=R0402 New Footprint=R0402
Change Physical Footprint: Designator=R50 Old Footprint=R0402 New Footprint=R0402
Change Physical Footprint: Designator=R51 Old Footprint=R0402 New Footprint=R0402
Change Physical Footprint: Designator=R52 Old Footprint=R0603 New Footprint=R0603
Change Physical Footprint: Designator=R53 Old Footprint=R0603 New Footprint=R0603
Change Physical Footprint: Designator=R54 Old Footprint=R0603 New Footprint=R0603
Change Physical Footprint: Designator=R55 Old Footprint=R0603 New Footprint=R0603
Change Physical Footprint: Designator=R56 Old Footprint=R0603 New Footprint=R0603
Change Physical Footprint: Designator=R57 Old Footprint=R0603 New Footprint=R0603
Change Physical Footprint: Designator=R58 Old Footprint=R0402 New Footprint=R0402
Change Physical Footprint: Designator=R59 Old Footprint=R0603 New Footprint=R0603
Change Physical Footprint: Designator=R60 Old Footprint=R0603 New Footprint=R0603
Change Physical Footprint: Designator=R61 Old Footprint=R0603 New Footprint=R0603
Change Physical Footprint: Designator=R62 Old Footprint=R0402 New Footprint=R0402
Change Physical Footprint: Designator=R63 Old Footprint=R0603 New Footprint=R0603
Change Physical Footprint: Designator=R64 Old Footprint=R0603 New Footprint=R0603
Change Physical Footprint: Designator=R65 Old Footprint=R0603 New Footprint=R0603
Change Physical Footprint: Designator=R66 Old Footprint=R0402 New Footprint=R0402
Change Physical Footprint: Designator=R67 Old Footprint=R0402 New Footprint=R0402
Change Physical Footprint: Designator=R68 Old Footprint=R0402 New Footprint=R0402
Change Physical Footprint: Designator=R69 Old Footprint=R0402 New Footprint=R0402
Change Physical Footprint: Designator=R70 Old Footprint=R0402 New Footprint=R0402
Change Physical Footprint: Designator=R71 Old Footprint=R0402 New Footprint=R0402
Change Physical Footprint: Designator=R72 Old Footprint=R0402 New Footprint=R0402
Change Physical Footprint: Designator=R73 Old Footprint=R0402 New Footprint=R0402
Change Physical Footprint: Designator=R74 Old Footprint=R0402 New Footprint=R0402
Change Physical Footprint: Designator=R75 Old Footprint=R0402 New Footprint=R0402
Change Physical Footprint: Designator=R76 Old Footprint=R0402 New Footprint=R0402
Change Physical Footprint: Designator=R77 Old Footprint=R0402 New Footprint=R0402
Change Physical Footprint: Designator=Rc1 Old Footprint=R0805 New Footprint=R0805
Change Physical Footprint: Designator=Rc2 Old Footprint=R0402 New Footprint=R0402
Change Physical Footprint: Designator=Rc3 Old Footprint=R0402 New Footprint=R0402
Change Physical Footprint: Designator=Rc4 Old Footprint=R0402 New Footprint=R0402
Change Physical Footprint: Designator=Ren1 Old Footprint=R0603 New Footprint=R0603
Change Physical Footprint: Designator=Ren2 Old Footprint=R0603 New Footprint=R0603
Change Physical Footprint: Designator=Rf1 Old Footprint=R0402 New Footprint=R0402
Change Physical Footprint: Designator=Rf2 Old Footprint=R0402 New Footprint=R0402
Change Physical Footprint: Designator=Rf3 Old Footprint=R0402 New Footprint=R0402
Change Physical Footprint: Designator=Rf4 Old Footprint=R0402 New Footprint=R0402
Change Physical Footprint: Designator=Rf5 Old Footprint=R0402 New Footprint=R0402
Change Physical Footprint: Designator=Rf6 Old Footprint=R0402 New Footprint=R0402
Change Physical Footprint: Designator=Rf7 Old Footprint=R0402 New Footprint=R0402
Change Physical Footprint: Designator=Rf8 Old Footprint=R0402 New Footprint=R0402
Change Physical Footprint: Designator=Rf9 Old Footprint=R0402 New Footprint=R0402
Change Physical Footprint: Designator=Rf10 Old Footprint=R0402 New Footprint=R0402
Change Physical Footprint: Designator=Rf11 Old Footprint=R0603 New Footprint=R0603
Change Physical Footprint: Designator=Rf12 Old Footprint=R0603 New Footprint=R0603
Change Physical Footprint: Designator=Rin1 Old Footprint=R0603 New Footprint=R0603
Change Physical Footprint: Designator=Rin2 Old Footprint=R0603 New Footprint=R0603
Change Physical Footprint: Designator=Rin3 Old Footprint=R0603 New Footprint=R0603
Change Physical Footprint: Designator=Rlim1 Old Footprint=R0402 New Footprint=R0402
Change Physical Footprint: Designator=Rlim2 Old Footprint=R0402 New Footprint=R0402
Change Physical Footprint: Designator=Rout1 Old Footprint=R0603 New Footprint=R0603
Change Physical Footprint: Designator=Rout2 Old Footprint=R0603 New Footprint=R0603
Change Physical Footprint: Designator=Rout3 Old Footprint=R0603 New Footprint=R0603
Change Physical Footprint: Designator=Rsense1 Old Footprint=R0603 New Footprint=R0603
Change Physical Footprint: Designator=Rsense2 Old Footprint=R0603 New Footprint=R0603
Change Physical Footprint: Designator=Rsense3 Old Footprint=R0603 New Footprint=R0603
Change Physical Footprint: Designator=Rt1 Old Footprint=R0805 New Footprint=R0805
Change Physical Footprint: Designator=Rt2 Old Footprint=R0603 New Footprint=R0603
Change Physical Footprint: Designator=U11 Old Footprint=CP_48_13 New Footprint=CP_48_13
Change Physical Footprint: Designator=U13 Old Footprint=CP_24_12 New Footprint=CP_24_12
