Change Component Footprint: Designator=C99 Old Footprint=C0603 New Footprint=C0402
Change Component Footprint: Designator=R76 Old Footprint=R0603 New Footprint=R0402
Change Component Footprint: Designator=R77 Old Footprint=R0603 New Footprint=R0402
Change Component Footprint: Designator=R78 Old Footprint=R0603 New Footprint=R0402
Change component parameters: Designator = "R77"; Footprint = "R0402"; UniqueID = "\AYTRMJFO"
Change component parameters. Clean all parameters for all variants
Change component parameters (AddParameter): Name = "Tolerance"; Value = "1%"; VariantName = "[No Variations]"
Change component parameters (AddParameter): Name = "Value"; Value = "28k"; VariantName = "[No Variations]"
Change component parameters: Designator = "R78"; Footprint = "R0402"; UniqueID = "\CLBMRPJN"
Change component parameters. Clean all parameters for all variants
Change component parameters (AddParameter): Name = "Tolerance"; Value = "1%"; VariantName = "[No Variations]"
Change component parameters (AddParameter): Name = "Value"; Value = "20k"; VariantName = "[No Variations]"
Added Component: Designator=C130(C0603)
Add component. Clean all parameters for all variants
Add component (AddParameter): Name = "LatestRevisionDate"; Value = "17-Jul-2002"; VariantName = "[No Variations]"
Add component (AddParameter): Name = "LatestRevisionNote"; Value = "Re-released for DXP Platform."; VariantName = "[No Variations]"
Add component (AddParameter): Name = "PackageDescription"; Value = "Radial Cap, Thru-Hole; 2 Leads; 0.3 in Pin Spacing"; VariantName = "[No Variations]"
Add component (AddParameter): Name = "PackageReference"; Value = "RAD-0.3"; VariantName = "[No Variations]"
Add component (AddParameter): Name = "Published"; Value = "8-Jun-2000"; VariantName = "[No Variations]"
Add component (AddParameter): Name = "Publisher"; Value = "Altium Limited"; VariantName = "[No Variations]"
Add component (AddParameter): Name = "Value"; Value = "1uF"; VariantName = "[No Variations]"
Added Pin To Net: NetName=GND Pin=C130-1
Added Pin To Net: NetName=VCC3V3 Pin=C130-2
Added Member To Class: ClassName=Regulators Member=Component C130 
