Removed Pin From Net: NetName=GND Pin=U2-AA9
Removed Pin From Net: NetName=GND Pin=U2-AA10
Removed Pin From Net: NetName=GND Pin=U2-AA11
Removed Pin From Net: NetName=GND Pin=U2-AA13
Removed Pin From Net: NetName=GND Pin=U2-AA14
Removed Pin From Net: NetName=GND Pin=U2-AA15
Removed Pin From Net: NetName=GND Pin=U2-AA16
Removed Pin From Net: NetName=GND Pin=U2-AA17
Removed Pin From Net: NetName=GND Pin=U2-AB10
Removed Pin From Net: NetName=GND Pin=U2-AB11
Removed Pin From Net: NetName=GND Pin=U2-AB12
Removed Pin From Net: NetName=GND Pin=U2-AB13
Removed Pin From Net: NetName=GND Pin=U2-AB14
Removed Pin From Net: NetName=GND Pin=U2-AB15
Removed Pin From Net: NetName=GND Pin=U2-AB16
Removed Pin From Net: NetName=GND Pin=U2-AB17
Removed Pin From Net: NetName=GND Pin=U2-T14
Removed Pin From Net: NetName=GND Pin=U2-T15
Removed Pin From Net: NetName=GND Pin=U2-T16
Removed Pin From Net: NetName=GND Pin=U2-U15
Removed Pin From Net: NetName=GND Pin=U2-U16
Removed Pin From Net: NetName=GND Pin=U2-V10
Removed Pin From Net: NetName=GND Pin=U2-V13
Removed Pin From Net: NetName=GND Pin=U2-V14
Removed Pin From Net: NetName=GND Pin=U2-V15
Removed Pin From Net: NetName=GND Pin=U2-V16
Removed Pin From Net: NetName=GND Pin=U2-W10
Removed Pin From Net: NetName=GND Pin=U2-W11
Removed Pin From Net: NetName=GND Pin=U2-W12
Removed Pin From Net: NetName=GND Pin=U2-W13
Removed Pin From Net: NetName=GND Pin=U2-W14
Removed Pin From Net: NetName=GND Pin=U2-W15
Removed Pin From Net: NetName=GND Pin=U2-W16
Removed Pin From Net: NetName=GND Pin=U2-Y10
Removed Pin From Net: NetName=GND Pin=U2-Y11
Removed Pin From Net: NetName=GND Pin=U2-Y12
Removed Pin From Net: NetName=GND Pin=U2-Y13
Removed Pin From Net: NetName=GND Pin=U2-Y14
Removed Pin From Net: NetName=GND Pin=U2-Y16
Removed Pin From Net: NetName=GND Pin=U2-Y17
Added Pin To Net: NetName=FZ1 Pin=U2-AA9
Added Pin To Net: NetName=FZ1 Pin=U2-AA10
Added Pin To Net: NetName=FZ1 Pin=U2-AA11
Added Pin To Net: NetName=FZ1 Pin=U2-AA13
Added Pin To Net: NetName=FZ1 Pin=U2-AA14
Added Pin To Net: NetName=FZ1 Pin=U2-AA15
Added Pin To Net: NetName=FZ1 Pin=U2-AA16
Added Pin To Net: NetName=FZ1 Pin=U2-AA17
Added Pin To Net: NetName=FZ1 Pin=U2-AB10
Added Pin To Net: NetName=FZ1 Pin=U2-AB11
Added Pin To Net: NetName=FZ1 Pin=U2-AB12
Added Pin To Net: NetName=FZ1 Pin=U2-AB13
Added Pin To Net: NetName=FZ1 Pin=U2-AB14
Added Pin To Net: NetName=FZ1 Pin=U2-AB15
Added Pin To Net: NetName=FZ1 Pin=U2-AB16
Added Pin To Net: NetName=FZ1 Pin=U2-AB17
Added Pin To Net: NetName=FZ1 Pin=U2-T14
Added Pin To Net: NetName=FZ1 Pin=U2-T15
Added Pin To Net: NetName=FZ1 Pin=U2-T16
Added Pin To Net: NetName=FZ1 Pin=U2-U15
Added Pin To Net: NetName=FZ1 Pin=U2-U16
Added Pin To Net: NetName=FZ1 Pin=U2-V10
Added Pin To Net: NetName=FZ1 Pin=U2-V13
Added Pin To Net: NetName=FZ1 Pin=U2-V14
Added Pin To Net: NetName=FZ1 Pin=U2-V15
Added Pin To Net: NetName=FZ1 Pin=U2-V16
Added Pin To Net: NetName=FZ1 Pin=U2-W10
Added Pin To Net: NetName=FZ1 Pin=U2-W11
Added Pin To Net: NetName=FZ1 Pin=U2-W12
Added Pin To Net: NetName=FZ1 Pin=U2-W13
Added Pin To Net: NetName=FZ1 Pin=U2-W14
Added Pin To Net: NetName=FZ1 Pin=U2-W15
Added Pin To Net: NetName=FZ1 Pin=U2-W16
Added Pin To Net: NetName=FZ1 Pin=U2-Y10
Added Pin To Net: NetName=FZ1 Pin=U2-Y11
Added Pin To Net: NetName=FZ1 Pin=U2-Y12
Added Pin To Net: NetName=FZ1 Pin=U2-Y13
Added Pin To Net: NetName=FZ1 Pin=U2-Y14
Added Pin To Net: NetName=FZ1 Pin=U2-Y16
Added Pin To Net: NetName=FZ1 Pin=U2-Y17
Added Net: Name=FZ1
