Removed Pin From Net: NetName=VCC3V3 Pin=P2-6
Removed Pin From Net: NetName=FPGA_TDI Pin=R10-1
Removed Pin From Net: NetName=FPGA_TCK Pin=R14-1
Removed Pin From Net: NetName=NetP2_4 Pin=R14-2
Removed Pin From Net: NetName=NetP2_4 Pin=U3-1
Change Component Footprint: Designator=P2 Old Footprint=HDR1X6 New Footprint=87831-1420
Change Component Comment : Designator=P2 Old Comment=JTAG New Comment= 87831-1420
Added Pin To Net: NetName=VCC3V3 Pin=P2-2
Added Pin To Net: NetName=GND Pin=P2-3
Added Pin To Net: NetName=GND Pin=P2-7
Added Pin To Net: NetName=GND Pin=P2-9
Added Pin To Net: NetName=GND Pin=P2-11
Added Pin To Net: NetName=GND Pin=P2-13
Added Pin To Net: NetName=NetP2_4 Pin=R9-2
Added Pin To Net: NetName=FPGA_TCK Pin=R10-1
Added Pin To Net: NetName=FPGA_TDI Pin=R14-1
Added Pin To Net: NetName=NetP2_4 Pin=U3-6
Added Pin To Net: NetName=NetP2_6 Pin=P2-6
Added Pin To Net: NetName=NetP2_6 Pin=R10-2
Added Pin To Net: NetName=NetP2_6 Pin=U3-4
Added Net: Name=NetP2_6
Added Pin To Net: NetName=NetP2_8 Pin=P2-8
Added Pin To Net: NetName=NetP2_8 Pin=R11-2
Added Pin To Net: NetName=NetP2_8 Pin=U3-3
Added Net: Name=NetP2_8
Added Pin To Net: NetName=NetP2_10 Pin=P2-10
Added Pin To Net: NetName=NetP2_10 Pin=R14-2
Added Pin To Net: NetName=NetP2_10 Pin=U3-1
Added Net: Name=NetP2_10
