Removed Pin From Net: NetName=SFP1_TD_N Pin=U8-A4
Removed Pin From Net: NetName=SFP1_RD_N Pin=U8-A8
Removed Pin From Net: NetName=GND Pin=U8-A10
Removed Pin From Net: NetName=SDA Pin=U8-A20
Removed Pin From Net: NetName=SFP1_MOD_ABS Pin=U8-A21
Removed Pin From Net: NetName=FMC_LA14_P Pin=U8-AA1
Removed Pin From Net: NetName=FMC_LA10_N Pin=U8-AA3
Removed Pin From Net: NetName=FMC_LA01_CC_N Pin=U8-AA4
Removed Pin From Net: NetName=FMC_LA05_P Pin=U8-AA5
Removed Pin From Net: NetName=FMC_LA04_N Pin=U8-AA6
Removed Pin From Net: NetName=FMC_LA11_P Pin=U8-AA8
Removed Pin From Net: NetName=FMC_LA14_N Pin=U8-AB1
Removed Pin From Net: NetName=FMC_LA09_N Pin=U8-AB2
Removed Pin From Net: NetName=FMC_LA09_P Pin=U8-AB3
Removed Pin From Net: NetName=FMC_LA05_N Pin=U8-AB5
Removed Pin From Net: NetName=FMC_LA07_N Pin=U8-AB6
Removed Pin From Net: NetName=FMC_LA07_P Pin=U8-AB7
Removed Pin From Net: NetName=FMC_LA11_N Pin=U8-AB8
Removed Pin From Net: NetName=SFP1_TD_P Pin=U8-B4
Removed Pin From Net: NetName=SFP1_RD_P Pin=U8-B8
Removed Pin From Net: NetName=GND Pin=U8-B10
Removed Pin From Net: NetName=SCL Pin=U8-B20
Removed Pin From Net: NetName=SFP1_LOS Pin=U8-B21
Removed Pin From Net: NetName=SFP1_TX_FAULT Pin=U8-B22
Removed Pin From Net: NetName=SFP2_TD_N Pin=U8-C5
Removed Pin From Net: NetName=FMC_MGT_C2M_N Pin=U8-C7
Removed Pin From Net: NetName=FMC_MGT_M2C_N Pin=U8-C9
Removed Pin From Net: NetName=SFP2_RD_N Pin=U8-C11
Removed Pin From Net: NetName=SYSCLK Pin=U8-C18
Removed Pin From Net: NetName=SFP2_SDA Pin=U8-C20
Removed Pin From Net: NetName=SFP1_TX_EN Pin=U8-C22
Removed Pin From Net: NetName=SFP2_TD_P Pin=U8-D5
Removed Pin From Net: NetName=FMC_MGT_C2M_P Pin=U8-D7
Removed Pin From Net: NetName=FMC_MGT_M2C_P Pin=U8-D9
Removed Pin From Net: NetName=SFP2_RD_P Pin=U8-D11
Removed Pin From Net: NetName=RGB_G2 Pin=U8-D14
Removed Pin From Net: NetName=RGB_R2 Pin=U8-D15
Removed Pin From Net: NetName=RGB_B2 Pin=U8-D16
Removed Pin From Net: NetName=SFP2_SCL Pin=U8-D20
Removed Pin From Net: NetName=SFP2_MOD_ABS Pin=U8-D21
Removed Pin From Net: NetName=SFP2_TX_FAULT Pin=U8-D22
Removed Pin From Net: NetName=FMC_LA28_N Pin=U8-E3
Removed Pin From Net: NetName=GTP_CLK_N Pin=U8-E6
Removed Pin From Net: NetName=FMC_MGT_CLK_N Pin=U8-E10
Removed Pin From Net: NetName=RGB_B1 Pin=U8-E13
Removed Pin From Net: NetName=RGB_G1 Pin=U8-E14
Removed Pin From Net: NetName=RGB_R1 Pin=U8-E16
Removed Pin From Net: NetName=SFP2_LOS Pin=U8-E21
Removed Pin From Net: NetName=SFP2_TX_EN Pin=U8-E22
Removed Pin From Net: NetName=FMC_LA28_P Pin=U8-F3
Removed Pin From Net: NetName=GTP_CLK_P Pin=U8-F6
Removed Pin From Net: NetName=NetR37_2 Pin=U8-F8
Removed Pin From Net: NetName=FMC_MGT_CLK_P Pin=U8-F10
Removed Pin From Net: NetName=LED0 Pin=U8-F15
Removed Pin From Net: NetName=SFP1_SCL Pin=U8-F19
Removed Pin From Net: NetName=SFP1_SDA Pin=U8-F20
Removed Pin From Net: NetName=LED1 Pin=U8-F21
Removed Pin From Net: NetName=FMC_LA30_N Pin=U8-G2
Removed Pin From Net: NetName=FMC_LA17_CC_N Pin=U8-G3
Removed Pin From Net: NetName=FMC_LA18_CC_N Pin=U8-G4
Removed Pin From Net: NetName=NetR1_1 Pin=U8-G11
Removed Pin From Net: NetName=VCCADJ_MON Pin=U8-G13
Removed Pin From Net: NetName=VCC1V8_MON Pin=U8-G15
Removed Pin From Net: NetName=VCC1V0_MON Pin=U8-G16
Removed Pin From Net: NetName=FMC_LA30_P Pin=U8-H2
Removed Pin From Net: NetName=FMC_LA17_CC_P Pin=U8-H3
Removed Pin From Net: NetName=FMC_LA18_CC_P Pin=U8-H4
Removed Pin From Net: NetName=FMC_LA26_N Pin=U8-H5
Removed Pin From Net: NetName=VCC3V3_MON Pin=U8-H13
Removed Pin From Net: NetName=MGTAVCC1V0_MON Pin=U8-H14
Removed Pin From Net: NetName=3V3_I_MON Pin=U8-H15
Removed Pin From Net: NetName=FMC_LA32_N Pin=U8-J1
Removed Pin From Net: NetName=FMC_LA21_N Pin=U8-J2
Removed Pin From Net: NetName=FMC_CLK1_M2C_N Pin=U8-J4
Removed Pin From Net: NetName=FMC_LA26_P Pin=U8-J5
Removed Pin From Net: NetName=FMC_LA23_N Pin=U8-J6
Removed Pin From Net: NetName=MGTAVTT1V2_MON Pin=U8-J14
Removed Pin From Net: NetName=12V0_I_MON Pin=U8-J15
Removed Pin From Net: NetName=BTN_RESETN Pin=U8-J16
Removed Pin From Net: NetName=VADJ_I_MON Pin=U8-J22
Removed Pin From Net: NetName=FMC_LA32_P Pin=U8-K1
Removed Pin From Net: NetName=FMC_LA21_P Pin=U8-K2
Removed Pin From Net: NetName=FMC_LA27_N Pin=U8-K3
Removed Pin From Net: NetName=FMC_CLK1_M2C_P Pin=U8-K4
Removed Pin From Net: NetName=FMC_LA23_P Pin=U8-K6
Removed Pin From Net: NetName=FMC_LA19_N Pin=U8-L1
Removed Pin From Net: NetName=FMC_LA27_P Pin=U8-L3
Removed Pin From Net: NetName=FMC_LA22_N Pin=U8-L4
Removed Pin From Net: NetName=FMC_LA22_P Pin=U8-L5
Removed Pin From Net: NetName=GND Pin=U8-L9
Removed Pin From Net: NetName=GND Pin=U8-L10
Removed Pin From Net: NetName=CCLK Pin=U8-L12
Removed Pin From Net: NetName=FMC_LA19_P Pin=U8-M1
Removed Pin From Net: NetName=FMC_LA20_N Pin=U8-M2
Removed Pin From Net: NetName=FMC_LA20_P Pin=U8-M3
Removed Pin From Net: NetName=GND Pin=U8-M9
Removed Pin From Net: NetName=XADC_1V25 Pin=U8-M10
Removed Pin From Net: NetName=GND Pin=U8-N9
Removed Pin From Net: NetName=GND Pin=U8-N10
Removed Pin From Net: NetName=NetB1_3 Pin=U8-N12
Removed Pin From Net: NetName=GPIO5 Pin=U8-N13
Removed Pin From Net: NetName=GPIO6 Pin=U8-N14
Removed Pin From Net: NetName=GPIO2 Pin=U8-N15
Removed Pin From Net: NetName=DIP4 Pin=U8-N17
Removed Pin From Net: NetName=GPIO3 Pin=U8-P15
Removed Pin From Net: NetName=GPIO7 Pin=U8-P16
Removed Pin From Net: NetName=DIP1 Pin=U8-P17
Removed Pin From Net: NetName=GPIO1 Pin=U8-P20
Removed Pin From Net: NetName=QSPI_IO2 Pin=U8-P21
Removed Pin From Net: NetName=QSPI_IO0 Pin=U8-P22
Removed Pin From Net: NetName=FMC_LA29_N Pin=U8-R2
Removed Pin From Net: NetName=FMC_LA29_P Pin=U8-R3
Removed Pin From Net: NetName=FMC_LA00_CC_P Pin=U8-R4
Removed Pin From Net: NetName=FMC_LA03_P Pin=U8-R6
Removed Pin From Net: NetName=FPGA_TDI Pin=U8-R13
Removed Pin From Net: NetName=GPIO4 Pin=U8-R16
Removed Pin From Net: NetName=GPIO8 Pin=U8-R17
Removed Pin From Net: NetName=DIP2 Pin=U8-R18
Removed Pin From Net: NetName=QSPI_IO3 Pin=U8-R21
Removed Pin From Net: NetName=QSPI_IO1 Pin=U8-R22
Removed Pin From Net: NetName=FMC_LA33_P Pin=U8-T1
Removed Pin From Net: NetName=FMC_LA00_CC_N Pin=U8-T4
Removed Pin From Net: NetName=FMC_LA12_P Pin=U8-T5
Removed Pin From Net: NetName=FMC_LA03_N Pin=U8-T6
Removed Pin From Net: NetName=FPGA_TMS Pin=U8-T13
Removed Pin From Net: NetName=DIP3 Pin=U8-T18
Removed Pin From Net: NetName=QSPI_CS Pin=U8-T19
Removed Pin From Net: NetName=PGOOD_R Pin=U8-T21
Removed Pin From Net: NetName=FMC_LA33_N Pin=U8-U1
Removed Pin From Net: NetName=FMC_LA25_P Pin=U8-U2
Removed Pin From Net: NetName=FMC_LA12_N Pin=U8-U5
Removed Pin From Net: NetName=FMC_LA02_P Pin=U8-U6
Removed Pin From Net: NetName=VCC3V3 Pin=U8-U8
Removed Pin From Net: NetName=MODE2 Pin=U8-U9
Removed Pin From Net: NetName=MODE1 Pin=U8-U10
Removed Pin From Net: NetName=MODE0 Pin=U8-U11
Removed Pin From Net: NetName=NetR13_1 Pin=U8-U12
Removed Pin From Net: NetName=FPGA_TDO Pin=U8-U13
Removed Pin From Net: NetName=PGOOD_VADJ_R Pin=U8-U21
Removed Pin From Net: NetName=FMC_LA25_N Pin=U8-V2
Removed Pin From Net: NetName=FMC_CLK0_M2C_P Pin=U8-V4
Removed Pin From Net: NetName=FMC_LA02_N Pin=U8-V5
Removed Pin From Net: NetName=FMC_LA16_P Pin=U8-V7
Removed Pin From Net: NetName=FMC_LA13_N Pin=U8-V8
Removed Pin From Net: NetName=FMC_LA13_P Pin=U8-V9
Removed Pin From Net: NetName=FPGA_TCK Pin=U8-V12
Removed Pin From Net: NetName=FMC_LA24_P Pin=U8-W1
Removed Pin From Net: NetName=FMC_LA31_P Pin=U8-W2
Removed Pin From Net: NetName=FMC_CLK0_M2C_N Pin=U8-W4
Removed Pin From Net: NetName=FMC_LA06_N Pin=U8-W5
Removed Pin From Net: NetName=FMC_LA06_P Pin=U8-W6
Removed Pin From Net: NetName=FMC_LA16_N Pin=U8-W7
Removed Pin From Net: NetName=FMC_LA08_P Pin=U8-W9
Removed Pin From Net: NetName=FMC_LA24_N Pin=U8-Y1
Removed Pin From Net: NetName=FMC_LA31_N Pin=U8-Y2
Removed Pin From Net: NetName=FMC_LA10_P Pin=U8-Y3
Removed Pin From Net: NetName=FMC_LA01_CC_P Pin=U8-Y4
Removed Pin From Net: NetName=FMC_LA04_P Pin=U8-Y6
Removed Pin From Net: NetName=FMC_LA15_N Pin=U8-Y7
Removed Pin From Net: NetName=FMC_LA15_P Pin=U8-Y8
Removed Pin From Net: NetName=FMC_LA08_N Pin=U8-Y9
Removed Member From Class: ClassName=FPGA_PWR Member=U2
Change Component Comment : Designator=U2 Old Comment= New Comment=XC7A35T-1FGG484C
Change Component Designator: OldDesignator=U2 NewDesignator=U8
Added Pin To Net: NetName=SFP1_TD_N Pin=U8-A4
Added Pin To Net: NetName=SFP1_RD_N Pin=U8-A8
Added Pin To Net: NetName=GND Pin=U8-A10
Added Pin To Net: NetName=SDA Pin=U8-A20
Added Pin To Net: NetName=SFP1_MOD_ABS Pin=U8-A21
Added Pin To Net: NetName=FMC_LA14_P Pin=U8-AA1
Added Pin To Net: NetName=FMC_LA10_N Pin=U8-AA3
Added Pin To Net: NetName=FMC_LA01_CC_N Pin=U8-AA4
Added Pin To Net: NetName=FMC_LA05_P Pin=U8-AA5
Added Pin To Net: NetName=FMC_LA04_N Pin=U8-AA6
Added Pin To Net: NetName=FMC_LA11_P Pin=U8-AA8
Added Pin To Net: NetName=FMC_LA14_N Pin=U8-AB1
Added Pin To Net: NetName=FMC_LA09_N Pin=U8-AB2
Added Pin To Net: NetName=FMC_LA09_P Pin=U8-AB3
Added Pin To Net: NetName=FMC_LA05_N Pin=U8-AB5
Added Pin To Net: NetName=FMC_LA07_N Pin=U8-AB6
Added Pin To Net: NetName=FMC_LA07_P Pin=U8-AB7
Added Pin To Net: NetName=FMC_LA11_N Pin=U8-AB8
Added Pin To Net: NetName=SFP1_TD_P Pin=U8-B4
Added Pin To Net: NetName=SFP1_RD_P Pin=U8-B8
Added Pin To Net: NetName=GND Pin=U8-B10
Added Pin To Net: NetName=SCL Pin=U8-B20
Added Pin To Net: NetName=SFP1_LOS Pin=U8-B21
Added Pin To Net: NetName=SFP1_TX_FAULT Pin=U8-B22
Added Pin To Net: NetName=SFP2_TD_N Pin=U8-C5
Added Pin To Net: NetName=FMC_MGT_C2M_N Pin=U8-C7
Added Pin To Net: NetName=FMC_MGT_M2C_N Pin=U8-C9
Added Pin To Net: NetName=SFP2_RD_N Pin=U8-C11
Added Pin To Net: NetName=SYSCLK Pin=U8-C18
Added Pin To Net: NetName=SFP2_SDA Pin=U8-C20
Added Pin To Net: NetName=SFP1_TX_EN Pin=U8-C22
Added Pin To Net: NetName=SFP2_TD_P Pin=U8-D5
Added Pin To Net: NetName=FMC_MGT_C2M_P Pin=U8-D7
Added Pin To Net: NetName=FMC_MGT_M2C_P Pin=U8-D9
Added Pin To Net: NetName=SFP2_RD_P Pin=U8-D11
Added Pin To Net: NetName=RGB_G2 Pin=U8-D14
Added Pin To Net: NetName=RGB_R2 Pin=U8-D15
Added Pin To Net: NetName=RGB_B2 Pin=U8-D16
Added Pin To Net: NetName=SFP2_SCL Pin=U8-D20
Added Pin To Net: NetName=SFP2_MOD_ABS Pin=U8-D21
Added Pin To Net: NetName=SFP2_TX_FAULT Pin=U8-D22
Added Pin To Net: NetName=FMC_LA28_N Pin=U8-E3
Added Pin To Net: NetName=GTP_CLK_N Pin=U8-E6
Added Pin To Net: NetName=FMC_MGT_CLK_N Pin=U8-E10
Added Pin To Net: NetName=RGB_B1 Pin=U8-E13
Added Pin To Net: NetName=RGB_G1 Pin=U8-E14
Added Pin To Net: NetName=RGB_R1 Pin=U8-E16
Added Pin To Net: NetName=SFP2_LOS Pin=U8-E21
Added Pin To Net: NetName=SFP2_TX_EN Pin=U8-E22
Added Pin To Net: NetName=FMC_LA28_P Pin=U8-F3
Added Pin To Net: NetName=GTP_CLK_P Pin=U8-F6
Added Pin To Net: NetName=NetR37_2 Pin=U8-F8
Added Pin To Net: NetName=FMC_MGT_CLK_P Pin=U8-F10
Added Pin To Net: NetName=LED0 Pin=U8-F15
Added Pin To Net: NetName=SFP1_SCL Pin=U8-F19
Added Pin To Net: NetName=SFP1_SDA Pin=U8-F20
Added Pin To Net: NetName=LED1 Pin=U8-F21
Added Pin To Net: NetName=FMC_LA30_N Pin=U8-G2
Added Pin To Net: NetName=FMC_LA17_CC_N Pin=U8-G3
Added Pin To Net: NetName=FMC_LA18_CC_N Pin=U8-G4
Added Pin To Net: NetName=NetR1_1 Pin=U8-G11
Added Pin To Net: NetName=VCCADJ_MON Pin=U8-G13
Added Pin To Net: NetName=VCC1V8_MON Pin=U8-G15
Added Pin To Net: NetName=VCC1V0_MON Pin=U8-G16
Added Pin To Net: NetName=FMC_LA30_P Pin=U8-H2
Added Pin To Net: NetName=FMC_LA17_CC_P Pin=U8-H3
Added Pin To Net: NetName=FMC_LA18_CC_P Pin=U8-H4
Added Pin To Net: NetName=FMC_LA26_N Pin=U8-H5
Added Pin To Net: NetName=VCC3V3_MON Pin=U8-H13
Added Pin To Net: NetName=MGTAVCC1V0_MON Pin=U8-H14
Added Pin To Net: NetName=3V3_I_MON Pin=U8-H15
Added Pin To Net: NetName=FMC_LA32_N Pin=U8-J1
Added Pin To Net: NetName=FMC_LA21_N Pin=U8-J2
Added Pin To Net: NetName=FMC_CLK1_M2C_N Pin=U8-J4
Added Pin To Net: NetName=FMC_LA26_P Pin=U8-J5
Added Pin To Net: NetName=FMC_LA23_N Pin=U8-J6
Added Pin To Net: NetName=MGTAVTT1V2_MON Pin=U8-J14
Added Pin To Net: NetName=12V0_I_MON Pin=U8-J15
Added Pin To Net: NetName=BTN_RESETN Pin=U8-J16
Added Pin To Net: NetName=VADJ_I_MON Pin=U8-J22
Added Pin To Net: NetName=FMC_LA32_P Pin=U8-K1
Added Pin To Net: NetName=FMC_LA21_P Pin=U8-K2
Added Pin To Net: NetName=FMC_LA27_N Pin=U8-K3
Added Pin To Net: NetName=FMC_CLK1_M2C_P Pin=U8-K4
Added Pin To Net: NetName=FMC_LA23_P Pin=U8-K6
Added Pin To Net: NetName=FMC_LA19_N Pin=U8-L1
Added Pin To Net: NetName=FMC_LA27_P Pin=U8-L3
Added Pin To Net: NetName=FMC_LA22_N Pin=U8-L4
Added Pin To Net: NetName=FMC_LA22_P Pin=U8-L5
Added Pin To Net: NetName=GND Pin=U8-L9
Added Pin To Net: NetName=GND Pin=U8-L10
Added Pin To Net: NetName=CCLK Pin=U8-L12
Added Pin To Net: NetName=FMC_LA19_P Pin=U8-M1
Added Pin To Net: NetName=FMC_LA20_N Pin=U8-M2
Added Pin To Net: NetName=FMC_LA20_P Pin=U8-M3
Added Pin To Net: NetName=GND Pin=U8-M9
Added Pin To Net: NetName=XADC_1V25 Pin=U8-M10
Added Pin To Net: NetName=GND Pin=U8-N9
Added Pin To Net: NetName=GND Pin=U8-N10
Added Pin To Net: NetName=NetB1_3 Pin=U8-N12
Added Pin To Net: NetName=GPIO5 Pin=U8-N13
Added Pin To Net: NetName=GPIO6 Pin=U8-N14
Added Pin To Net: NetName=GPIO2 Pin=U8-N15
Added Pin To Net: NetName=DIP4 Pin=U8-N17
Added Pin To Net: NetName=GPIO3 Pin=U8-P15
Added Pin To Net: NetName=GPIO7 Pin=U8-P16
Added Pin To Net: NetName=DIP1 Pin=U8-P17
Added Pin To Net: NetName=GPIO1 Pin=U8-P20
Added Pin To Net: NetName=QSPI_IO2 Pin=U8-P21
Added Pin To Net: NetName=QSPI_IO0 Pin=U8-P22
Added Pin To Net: NetName=FMC_LA29_N Pin=U8-R2
Added Pin To Net: NetName=FMC_LA29_P Pin=U8-R3
Added Pin To Net: NetName=FMC_LA00_CC_P Pin=U8-R4
Added Pin To Net: NetName=FMC_LA03_P Pin=U8-R6
Added Pin To Net: NetName=FPGA_TDI Pin=U8-R13
Added Pin To Net: NetName=GPIO4 Pin=U8-R16
Added Pin To Net: NetName=GPIO8 Pin=U8-R17
Added Pin To Net: NetName=DIP2 Pin=U8-R18
Added Pin To Net: NetName=QSPI_IO3 Pin=U8-R21
Added Pin To Net: NetName=QSPI_IO1 Pin=U8-R22
Added Pin To Net: NetName=FMC_LA33_P Pin=U8-T1
Added Pin To Net: NetName=FMC_LA00_CC_N Pin=U8-T4
Added Pin To Net: NetName=FMC_LA12_P Pin=U8-T5
Added Pin To Net: NetName=FMC_LA03_N Pin=U8-T6
Added Pin To Net: NetName=FPGA_TMS Pin=U8-T13
Added Pin To Net: NetName=DIP3 Pin=U8-T18
Added Pin To Net: NetName=QSPI_CS Pin=U8-T19
Added Pin To Net: NetName=PGOOD_R Pin=U8-T21
Added Pin To Net: NetName=FMC_LA33_N Pin=U8-U1
Added Pin To Net: NetName=FMC_LA25_P Pin=U8-U2
Added Pin To Net: NetName=FMC_LA12_N Pin=U8-U5
Added Pin To Net: NetName=FMC_LA02_P Pin=U8-U6
Added Pin To Net: NetName=VCC3V3 Pin=U8-U8
Added Pin To Net: NetName=MODE2 Pin=U8-U9
Added Pin To Net: NetName=MODE1 Pin=U8-U10
Added Pin To Net: NetName=MODE0 Pin=U8-U11
Added Pin To Net: NetName=NetR13_1 Pin=U8-U12
Added Pin To Net: NetName=FPGA_TDO Pin=U8-U13
Added Pin To Net: NetName=PGOOD_VADJ_R Pin=U8-U21
Added Pin To Net: NetName=FMC_LA25_N Pin=U8-V2
Added Pin To Net: NetName=FMC_CLK0_M2C_P Pin=U8-V4
Added Pin To Net: NetName=FMC_LA02_N Pin=U8-V5
Added Pin To Net: NetName=FMC_LA16_P Pin=U8-V7
Added Pin To Net: NetName=FMC_LA13_N Pin=U8-V8
Added Pin To Net: NetName=FMC_LA13_P Pin=U8-V9
Added Pin To Net: NetName=FPGA_TCK Pin=U8-V12
Added Pin To Net: NetName=FMC_LA24_P Pin=U8-W1
Added Pin To Net: NetName=FMC_LA31_P Pin=U8-W2
Added Pin To Net: NetName=FMC_CLK0_M2C_N Pin=U8-W4
Added Pin To Net: NetName=FMC_LA06_N Pin=U8-W5
Added Pin To Net: NetName=FMC_LA06_P Pin=U8-W6
Added Pin To Net: NetName=FMC_LA16_N Pin=U8-W7
Added Pin To Net: NetName=FMC_LA08_P Pin=U8-W9
Added Pin To Net: NetName=FMC_LA24_N Pin=U8-Y1
Added Pin To Net: NetName=FMC_LA31_N Pin=U8-Y2
Added Pin To Net: NetName=FMC_LA10_P Pin=U8-Y3
Added Pin To Net: NetName=FMC_LA01_CC_P Pin=U8-Y4
Added Pin To Net: NetName=FMC_LA04_P Pin=U8-Y6
Added Pin To Net: NetName=FMC_LA15_N Pin=U8-Y7
Added Pin To Net: NetName=FMC_LA15_P Pin=U8-Y8
Added Pin To Net: NetName=FMC_LA08_N Pin=U8-Y9
