Removed Pin From Net: NetName=FMC_LA07_P Pin=U2-AA1
Removed Pin From Net: NetName=FMC_LA07_N Pin=U2-AB1
Removed Pin From Net: NetName=FMC_LA33_N Pin=U2-F1
Removed Pin From Net: NetName=FMC_LA33_P Pin=U2-G1
Removed Pin From Net: NetName=FMC_LA24_N Pin=U2-J1
Removed Pin From Net: NetName=FMC_LA24_P Pin=U2-K1
Removed Pin From Net: NetName=FMC_LA21_N Pin=U2-L1
Removed Pin From Net: NetName=FMC_LA21_P Pin=U2-M1
Removed Pin From Net: NetName=FMC_LA19_N Pin=U2-P1
Removed Pin From Net: NetName=FMC_LA19_P Pin=U2-R1
Removed Pin From Net: NetName=FMC_LA04_P Pin=U2-R6
Removed Pin From Net: NetName=FMC_LA15_P Pin=U2-T1
Removed Pin From Net: NetName=FMC_LA04_N Pin=U2-T6
Removed Pin From Net: NetName=FMC_LA15_N Pin=U2-U1
Removed Pin From Net: NetName=FMC_LA11_P Pin=U2-W1
Removed Pin From Net: NetName=FMC_LA11_N Pin=U2-Y1
Added Pin To Net: NetName=FMC_LA04_P Pin=U2-AA1
Added Pin To Net: NetName=FMC_LA04_N Pin=U2-AB1
Added Pin To Net: NetName=FMC_LA24_N Pin=U2-F1
Added Pin To Net: NetName=FMC_LA24_P Pin=U2-G1
Added Pin To Net: NetName=FMC_LA21_N Pin=U2-J1
Added Pin To Net: NetName=FMC_LA21_P Pin=U2-K1
Added Pin To Net: NetName=FMC_LA19_N Pin=U2-L1
Added Pin To Net: NetName=FMC_LA19_P Pin=U2-M1
Added Pin To Net: NetName=FMC_LA15_N Pin=U2-P1
Added Pin To Net: NetName=FMC_LA15_P Pin=U2-R1
Added Pin To Net: NetName=FMC_LA33_P Pin=U2-R6
Added Pin To Net: NetName=FMC_LA11_P Pin=U2-T1
Added Pin To Net: NetName=FMC_LA33_N Pin=U2-T6
Added Pin To Net: NetName=FMC_LA11_N Pin=U2-U1
Added Pin To Net: NetName=FMC_LA07_P Pin=U2-W1
Added Pin To Net: NetName=FMC_LA07_N Pin=U2-Y1
