Removed Pin From Net: NetName=VCC2V5 Pin=C17-1
Removed Pin From Net: NetName=GND Pin=C17-2
Removed Pin From Net: NetName=VCC2V5 Pin=C18-1
Removed Pin From Net: NetName=GND Pin=C18-2
Removed Pin From Net: NetName=VCC2V5 Pin=C19-1
Removed Pin From Net: NetName=GND Pin=C19-2
Removed Pin From Net: NetName=VCC2V5 Pin=C20-1
Removed Pin From Net: NetName=GND Pin=C20-2
Removed Pin From Net: NetName=VCC2V5 Pin=C21-1
Removed Pin From Net: NetName=GND Pin=C21-2
Removed Pin From Net: NetName=VCC2V5 Pin=C22-1
Removed Pin From Net: NetName=GND Pin=C22-2
Removed Pin From Net: NetName=VCC2V5 Pin=C23-1
Removed Pin From Net: NetName=GND Pin=C23-2
Removed Pin From Net: NetName=VCC2V5 Pin=U2-AA17
Removed Pin From Net: NetName=VCC2V5 Pin=U2-AB14
Removed Pin From Net: NetName=VCC2V5 Pin=U2-V16
Removed Pin From Net: NetName=VCC2V5 Pin=U2-W13
Removed Pin From Net: NetName=VCC2V5 Pin=U2-Y10
Removed Member From Class: ClassName=FPGA_PWR Member=C17
Removed Member From Class: ClassName=FPGA_PWR Member=C18
Removed Member From Class: ClassName=FPGA_PWR Member=C19
Removed Member From Class: ClassName=FPGA_PWR Member=C20
Removed Member From Class: ClassName=FPGA_PWR Member=C21
Removed Member From Class: ClassName=FPGA_PWR Member=C22
Removed Member From Class: ClassName=FPGA_PWR Member=C23
Added Pin To Net: NetName=GND Pin=U2-AA9
Added Pin To Net: NetName=GND Pin=U2-AA10
Added Pin To Net: NetName=GND Pin=U2-AA11
Added Pin To Net: NetName=GND Pin=U2-AA13
Added Pin To Net: NetName=GND Pin=U2-AA14
Added Pin To Net: NetName=GND Pin=U2-AA15
Added Pin To Net: NetName=GND Pin=U2-AA16
Added Pin To Net: NetName=GND Pin=U2-AA17
Added Pin To Net: NetName=GND Pin=U2-AB10
Added Pin To Net: NetName=GND Pin=U2-AB11
Added Pin To Net: NetName=GND Pin=U2-AB12
Added Pin To Net: NetName=GND Pin=U2-AB13
Added Pin To Net: NetName=GND Pin=U2-AB14
Added Pin To Net: NetName=GND Pin=U2-AB15
Added Pin To Net: NetName=GND Pin=U2-AB16
Added Pin To Net: NetName=GND Pin=U2-AB17
Added Pin To Net: NetName=GND Pin=U2-T14
Added Pin To Net: NetName=GND Pin=U2-T15
Added Pin To Net: NetName=GND Pin=U2-T16
Added Pin To Net: NetName=GND Pin=U2-U15
Added Pin To Net: NetName=GND Pin=U2-U16
Added Pin To Net: NetName=GND Pin=U2-V10
Added Pin To Net: NetName=GND Pin=U2-V13
Added Pin To Net: NetName=GND Pin=U2-V14
Added Pin To Net: NetName=GND Pin=U2-V15
Added Pin To Net: NetName=GND Pin=U2-V16
Added Pin To Net: NetName=GND Pin=U2-W10
Added Pin To Net: NetName=GND Pin=U2-W11
Added Pin To Net: NetName=GND Pin=U2-W12
Added Pin To Net: NetName=GND Pin=U2-W13
Added Pin To Net: NetName=GND Pin=U2-W14
Added Pin To Net: NetName=GND Pin=U2-W15
Added Pin To Net: NetName=GND Pin=U2-W16
Added Pin To Net: NetName=GND Pin=U2-Y10
Added Pin To Net: NetName=GND Pin=U2-Y11
Added Pin To Net: NetName=GND Pin=U2-Y12
Added Pin To Net: NetName=GND Pin=U2-Y13
Added Pin To Net: NetName=GND Pin=U2-Y14
Added Pin To Net: NetName=GND Pin=U2-Y16
Added Pin To Net: NetName=GND Pin=U2-Y17
