Removed Pin From Net: NetName=SFP1_TD_N Pin=U5-A4
Removed Pin From Net: NetName=SFP1_RD_N Pin=U5-A8
Removed Pin From Net: NetName=GND Pin=U5-A10
Removed Pin From Net: NetName=SDA Pin=U5-A20
Removed Pin From Net: NetName=SFP1_MOD_ABS Pin=U5-A21
Removed Pin From Net: NetName=FMC_LA14_P Pin=U5-AA1
Removed Pin From Net: NetName=FMC_LA10_N Pin=U5-AA3
Removed Pin From Net: NetName=FMC_LA01_CC_N Pin=U5-AA4
Removed Pin From Net: NetName=FMC_LA05_P Pin=U5-AA5
Removed Pin From Net: NetName=FMC_LA04_N Pin=U5-AA6
Removed Pin From Net: NetName=FMC_LA11_P Pin=U5-AA8
Removed Pin From Net: NetName=FMC_LA14_N Pin=U5-AB1
Removed Pin From Net: NetName=FMC_LA09_N Pin=U5-AB2
Removed Pin From Net: NetName=FMC_LA09_P Pin=U5-AB3
Removed Pin From Net: NetName=FMC_LA05_N Pin=U5-AB5
Removed Pin From Net: NetName=FMC_LA07_N Pin=U5-AB6
Removed Pin From Net: NetName=FMC_LA07_P Pin=U5-AB7
Removed Pin From Net: NetName=FMC_LA11_N Pin=U5-AB8
Removed Pin From Net: NetName=SFP1_TD_P Pin=U5-B4
Removed Pin From Net: NetName=SFP1_RD_P Pin=U5-B8
Removed Pin From Net: NetName=GND Pin=U5-B10
Removed Pin From Net: NetName=SCL Pin=U5-B20
Removed Pin From Net: NetName=SFP1_LOS Pin=U5-B21
Removed Pin From Net: NetName=SFP1_TX_FAULT Pin=U5-B22
Removed Pin From Net: NetName=SFP2_TD_N Pin=U5-C5
Removed Pin From Net: NetName=FMC_MGT_C2M_N Pin=U5-C7
Removed Pin From Net: NetName=FMC_MGT_M2C_N Pin=U5-C9
Removed Pin From Net: NetName=SFP2_RD_N Pin=U5-C11
Removed Pin From Net: NetName=SYSCLK Pin=U5-C18
Removed Pin From Net: NetName=SFP2_SDA Pin=U5-C20
Removed Pin From Net: NetName=SFP1_TX_EN Pin=U5-C22
Removed Pin From Net: NetName=SFP2_TD_P Pin=U5-D5
Removed Pin From Net: NetName=FMC_MGT_C2M_P Pin=U5-D7
Removed Pin From Net: NetName=FMC_MGT_M2C_P Pin=U5-D9
Removed Pin From Net: NetName=SFP2_RD_P Pin=U5-D11
Removed Pin From Net: NetName=RGB_G2 Pin=U5-D14
Removed Pin From Net: NetName=RGB_R2 Pin=U5-D15
Removed Pin From Net: NetName=RGB_B2 Pin=U5-D16
Removed Pin From Net: NetName=SFP2_SCL Pin=U5-D20
Removed Pin From Net: NetName=SFP2_MOD_ABS Pin=U5-D21
Removed Pin From Net: NetName=SFP2_TX_FAULT Pin=U5-D22
Removed Pin From Net: NetName=FMC_LA28_N Pin=U5-E3
Removed Pin From Net: NetName=GTP_CLK_N Pin=U5-E6
Removed Pin From Net: NetName=FMC_MGT_CLK_N Pin=U5-E10
Removed Pin From Net: NetName=RGB_B1 Pin=U5-E13
Removed Pin From Net: NetName=RGB_G1 Pin=U5-E14
Removed Pin From Net: NetName=RGB_R1 Pin=U5-E16
Removed Pin From Net: NetName=SFP2_LOS Pin=U5-E21
Removed Pin From Net: NetName=SFP2_TX_EN Pin=U5-E22
Removed Pin From Net: NetName=FMC_LA28_P Pin=U5-F3
Removed Pin From Net: NetName=GTP_CLK_P Pin=U5-F6
Removed Pin From Net: NetName=NetR37_2 Pin=U5-F8
Removed Pin From Net: NetName=FMC_MGT_CLK_P Pin=U5-F10
Removed Pin From Net: NetName=LED0 Pin=U5-F15
Removed Pin From Net: NetName=SFP1_SCL Pin=U5-F19
Removed Pin From Net: NetName=SFP1_SDA Pin=U5-F20
Removed Pin From Net: NetName=LED1 Pin=U5-F21
Removed Pin From Net: NetName=FMC_LA30_N Pin=U5-G2
Removed Pin From Net: NetName=FMC_LA17_CC_N Pin=U5-G3
Removed Pin From Net: NetName=FMC_LA18_CC_N Pin=U5-G4
Removed Pin From Net: NetName=VADJ_MON Pin=U5-G13
Removed Pin From Net: NetName=VCC1V8_MON Pin=U5-G15
Removed Pin From Net: NetName=VCC1V0_MON Pin=U5-G16
Removed Pin From Net: NetName=FMC_LA30_P Pin=U5-H2
Removed Pin From Net: NetName=FMC_LA17_CC_P Pin=U5-H3
Removed Pin From Net: NetName=FMC_LA18_CC_P Pin=U5-H4
Removed Pin From Net: NetName=FMC_LA26_N Pin=U5-H5
Removed Pin From Net: NetName=VCC3V3_MON Pin=U5-H13
Removed Pin From Net: NetName=MGTAVCC1V0_MON Pin=U5-H14
Removed Pin From Net: NetName=3V3_I_MON Pin=U5-H15
Removed Pin From Net: NetName=FMC_LA32_N Pin=U5-J1
Removed Pin From Net: NetName=FMC_LA21_N Pin=U5-J2
Removed Pin From Net: NetName=FMC_CLK1_M2C_N Pin=U5-J4
Removed Pin From Net: NetName=FMC_LA26_P Pin=U5-J5
Removed Pin From Net: NetName=FMC_LA23_N Pin=U5-J6
Removed Pin From Net: NetName=MGTAVTT1V2_MON Pin=U5-J14
Removed Pin From Net: NetName=12V0_I_MON Pin=U5-J15
Removed Pin From Net: NetName=BTN_RESETN Pin=U5-J16
Removed Pin From Net: NetName=VADJ_I_MON Pin=U5-J22
Removed Pin From Net: NetName=FMC_LA32_P Pin=U5-K1
Removed Pin From Net: NetName=FMC_LA21_P Pin=U5-K2
Removed Pin From Net: NetName=FMC_LA27_N Pin=U5-K3
Removed Pin From Net: NetName=FMC_CLK1_M2C_P Pin=U5-K4
Removed Pin From Net: NetName=FMC_LA23_P Pin=U5-K6
Removed Pin From Net: NetName=FMC_LA19_N Pin=U5-L1
Removed Pin From Net: NetName=FMC_LA27_P Pin=U5-L3
Removed Pin From Net: NetName=FMC_LA22_N Pin=U5-L4
Removed Pin From Net: NetName=FMC_LA22_P Pin=U5-L5
Removed Pin From Net: NetName=FMC_LA19_P Pin=U5-M1
Removed Pin From Net: NetName=FMC_LA20_N Pin=U5-M2
Removed Pin From Net: NetName=FMC_LA20_P Pin=U5-M3
Removed Pin From Net: NetName=GPIO5 Pin=U5-N13
Removed Pin From Net: NetName=GPIO6 Pin=U5-N14
Removed Pin From Net: NetName=GPIO2 Pin=U5-N15
Removed Pin From Net: NetName=DIP4 Pin=U5-N17
Removed Pin From Net: NetName=GPIO3 Pin=U5-P15
Removed Pin From Net: NetName=GPIO7 Pin=U5-P16
Removed Pin From Net: NetName=DIP1 Pin=U5-P17
Removed Pin From Net: NetName=GPIO1 Pin=U5-P20
Removed Pin From Net: NetName=QSPI_IO2 Pin=U5-P21
Removed Pin From Net: NetName=QSPI_IO0 Pin=U5-P22
Removed Pin From Net: NetName=FMC_LA29_N Pin=U5-R2
Removed Pin From Net: NetName=FMC_LA29_P Pin=U5-R3
Removed Pin From Net: NetName=FMC_LA00_CC_P Pin=U5-R4
Removed Pin From Net: NetName=FMC_LA03_P Pin=U5-R6
Removed Pin From Net: NetName=GPIO4 Pin=U5-R16
Removed Pin From Net: NetName=GPIO8 Pin=U5-R17
Removed Pin From Net: NetName=DIP2 Pin=U5-R18
Removed Pin From Net: NetName=QSPI_IO3 Pin=U5-R21
Removed Pin From Net: NetName=QSPI_IO1 Pin=U5-R22
Removed Pin From Net: NetName=FMC_LA33_P Pin=U5-T1
Removed Pin From Net: NetName=FMC_LA00_CC_N Pin=U5-T4
Removed Pin From Net: NetName=FMC_LA12_P Pin=U5-T5
Removed Pin From Net: NetName=FMC_LA03_N Pin=U5-T6
Removed Pin From Net: NetName=DIP3 Pin=U5-T18
Removed Pin From Net: NetName=QSPI_CS Pin=U5-T19
Removed Pin From Net: NetName=PGOOD_R Pin=U5-T21
Removed Pin From Net: NetName=FMC_LA33_N Pin=U5-U1
Removed Pin From Net: NetName=FMC_LA25_P Pin=U5-U2
Removed Pin From Net: NetName=FMC_LA12_N Pin=U5-U5
Removed Pin From Net: NetName=FMC_LA02_P Pin=U5-U6
Removed Pin From Net: NetName=PGOOD_VADJ_R Pin=U5-U21
Removed Pin From Net: NetName=FMC_LA25_N Pin=U5-V2
Removed Pin From Net: NetName=FMC_CLK0_M2C_P Pin=U5-V4
Removed Pin From Net: NetName=FMC_LA02_N Pin=U5-V5
Removed Pin From Net: NetName=FMC_LA16_P Pin=U5-V7
Removed Pin From Net: NetName=FMC_LA13_N Pin=U5-V8
Removed Pin From Net: NetName=FMC_LA13_P Pin=U5-V9
Removed Pin From Net: NetName=FMC_LA24_P Pin=U5-W1
Removed Pin From Net: NetName=FMC_LA31_P Pin=U5-W2
Removed Pin From Net: NetName=FMC_CLK0_M2C_N Pin=U5-W4
Removed Pin From Net: NetName=FMC_LA06_N Pin=U5-W5
Removed Pin From Net: NetName=FMC_LA06_P Pin=U5-W6
Removed Pin From Net: NetName=FMC_LA16_N Pin=U5-W7
Removed Pin From Net: NetName=FMC_LA08_P Pin=U5-W9
Removed Pin From Net: NetName=FMC_LA24_N Pin=U5-Y1
Removed Pin From Net: NetName=FMC_LA31_N Pin=U5-Y2
Removed Pin From Net: NetName=FMC_LA10_P Pin=U5-Y3
Removed Pin From Net: NetName=FMC_LA01_CC_P Pin=U5-Y4
Removed Pin From Net: NetName=FMC_LA04_P Pin=U5-Y6
Removed Pin From Net: NetName=FMC_LA15_N Pin=U5-Y7
Removed Pin From Net: NetName=FMC_LA15_P Pin=U5-Y8
Removed Pin From Net: NetName=FMC_LA08_N Pin=U5-Y9
Removed Member From Class: ClassName=PWR_APD5052 Member=C71
Removed Member From Class: ClassName=Regulators Member=C71
Removed Member From Class: ClassName=Regulators Member=C72
Removed Member From Class: ClassName=Regulators Member=C73
Removed Member From Class: ClassName=SFP Member=C73
Removed Member From Class: ClassName=Regulators Member=C75
Removed Member From Class: ClassName=Regulators Member=C76
Removed Member From Class: ClassName=Regulators Member=C78
Removed Member From Class: ClassName=Regulators Member=C79
Removed Member From Class: ClassName=Regulators Member=C80
Removed Member From Class: ClassName=Regulators Member=C81
Removed Member From Class: ClassName=SFP Member=C83
Removed Member From Class: ClassName=Regulators Member=C87
Removed Member From Class: ClassName=SFP Member=C92
Removed Member From Class: ClassName=Regulators Member=C93
Removed Member From Class: ClassName=SFP Member=C93
Removed Member From Class: ClassName=SFP Member=C104
Removed Member From Class: ClassName=PWR_APD5052 Member=C108
Removed Member From Class: ClassName=PWR_APD5052 Member=C109
Removed Member From Class: ClassName=PWR_APD5052 Member=C110
Removed Member From Class: ClassName=PWR_APD5052 Member=C112
Removed Member From Class: ClassName=PWR_APD5052 Member=C113
Removed Member From Class: ClassName=PWR_APD5052 Member=C116
Removed Member From Class: ClassName=PWR_APD5052 Member=C117
Removed Member From Class: ClassName=PWR_APD5052 Member=C119
Removed Member From Class: ClassName=Regulators Member=C120
Removed Member From Class: ClassName=Regulators Member=C121
Removed Member From Class: ClassName=Regulators Member=C122
Removed Member From Class: ClassName=Regulators Member=C124
Removed Member From Class: ClassName=Regulators Member=C125
Removed Member From Class: ClassName=PWR_APD5052 Member=C126
Removed Member From Class: ClassName=Regulators Member=C126
Removed Member From Class: ClassName=PWR_APD5052 Member=C128
Removed Member From Class: ClassName=PWR_APD5052 Member=C129
Removed Member From Class: ClassName=Regulators Member=C129
Removed Member From Class: ClassName=PWR_APD5052 Member=J3
Removed Member From Class: ClassName=Regulators Member=R60
Removed Member From Class: ClassName=Regulators Member=R61
Removed Member From Class: ClassName=Regulators Member=R64
Removed Member From Class: ClassName=Regulators Member=R65
Removed Member From Class: ClassName=SFP Member=R68
Removed Member From Class: ClassName=SFP Member=R69
Removed Member From Class: ClassName=SFP Member=R72
Removed Member From Class: ClassName=Regulators Member=R75
Removed Member From Class: ClassName=SFP Member=R75
Removed Member From Class: ClassName=PWR_APD5052 Member=R78
Removed Member From Class: ClassName=PWR_APD5052 Member=R80
Removed Member From Class: ClassName=PWR_APD5052 Member=R84
Removed Member From Class: ClassName=PWR_APD5052 Member=R88
Removed Member From Class: ClassName=PWR_APD5052 Member=R89
Removed Member From Class: ClassName=PWR_APD5052 Member=R91
Removed Member From Class: ClassName=PWR_APD5052 Member=R92
Removed Member From Class: ClassName=PWR_APD5052 Member=R94
Removed Member From Class: ClassName=Config Member=U2
Removed Member From Class: ClassName=PWR_APD5052 Member=U2
Removed Member From Class: ClassName=FPGA_Banks1 Member=U5
Change Component Comment : Designator=U2 Old Comment= New Comment=XC7A35T-1FGG484C
Added Pin To Net: NetName=NetJ2_1 Pin=R55-1
Added Pin To Net: NetName=VCC12V0 Pin=R55-2
Added Pin To Net: NetName=NetC80_2 Pin=R62-1
Added Pin To Net: NetName=VCC3V3 Pin=R62-2
Added Pin To Net: NetName=NetC106_1 Pin=R79-1
Added Pin To Net: NetName=VADJ Pin=R79-2
Added Pin To Net: NetName=SFP1_TD_N Pin=U2-A4
Added Pin To Net: NetName=SFP1_RD_N Pin=U2-A8
Added Pin To Net: NetName=GND Pin=U2-A10
Added Pin To Net: NetName=SDA Pin=U2-A20
Added Pin To Net: NetName=SFP1_MOD_ABS Pin=U2-A21
Added Pin To Net: NetName=FMC_LA14_P Pin=U2-AA1
Added Pin To Net: NetName=FMC_LA10_N Pin=U2-AA3
Added Pin To Net: NetName=FMC_LA01_CC_N Pin=U2-AA4
Added Pin To Net: NetName=FMC_LA05_P Pin=U2-AA5
Added Pin To Net: NetName=FMC_LA04_N Pin=U2-AA6
Added Pin To Net: NetName=FMC_LA11_P Pin=U2-AA8
Added Pin To Net: NetName=FMC_LA14_N Pin=U2-AB1
Added Pin To Net: NetName=FMC_LA09_N Pin=U2-AB2
Added Pin To Net: NetName=FMC_LA09_P Pin=U2-AB3
Added Pin To Net: NetName=FMC_LA05_N Pin=U2-AB5
Added Pin To Net: NetName=FMC_LA07_N Pin=U2-AB6
Added Pin To Net: NetName=FMC_LA07_P Pin=U2-AB7
Added Pin To Net: NetName=FMC_LA11_N Pin=U2-AB8
Added Pin To Net: NetName=SFP1_TD_P Pin=U2-B4
Added Pin To Net: NetName=SFP1_RD_P Pin=U2-B8
Added Pin To Net: NetName=GND Pin=U2-B10
Added Pin To Net: NetName=SCL Pin=U2-B20
Added Pin To Net: NetName=SFP1_LOS Pin=U2-B21
Added Pin To Net: NetName=SFP1_TX_FAULT Pin=U2-B22
Added Pin To Net: NetName=SFP2_TD_N Pin=U2-C5
Added Pin To Net: NetName=FMC_MGT_C2M_N Pin=U2-C7
Added Pin To Net: NetName=FMC_MGT_M2C_N Pin=U2-C9
Added Pin To Net: NetName=SFP2_RD_N Pin=U2-C11
Added Pin To Net: NetName=SYSCLK Pin=U2-C18
Added Pin To Net: NetName=SFP2_SDA Pin=U2-C20
Added Pin To Net: NetName=SFP1_TX_EN Pin=U2-C22
Added Pin To Net: NetName=SFP2_TD_P Pin=U2-D5
Added Pin To Net: NetName=FMC_MGT_C2M_P Pin=U2-D7
Added Pin To Net: NetName=FMC_MGT_M2C_P Pin=U2-D9
Added Pin To Net: NetName=SFP2_RD_P Pin=U2-D11
Added Pin To Net: NetName=RGB_G2 Pin=U2-D14
Added Pin To Net: NetName=RGB_R2 Pin=U2-D15
Added Pin To Net: NetName=RGB_B2 Pin=U2-D16
Added Pin To Net: NetName=SFP2_SCL Pin=U2-D20
Added Pin To Net: NetName=SFP2_MOD_ABS Pin=U2-D21
Added Pin To Net: NetName=SFP2_TX_FAULT Pin=U2-D22
Added Pin To Net: NetName=FMC_LA28_N Pin=U2-E3
Added Pin To Net: NetName=GTP_CLK_N Pin=U2-E6
Added Pin To Net: NetName=FMC_MGT_CLK_N Pin=U2-E10
Added Pin To Net: NetName=RGB_B1 Pin=U2-E13
Added Pin To Net: NetName=RGB_G1 Pin=U2-E14
Added Pin To Net: NetName=RGB_R1 Pin=U2-E16
Added Pin To Net: NetName=SFP2_LOS Pin=U2-E21
Added Pin To Net: NetName=SFP2_TX_EN Pin=U2-E22
Added Pin To Net: NetName=FMC_LA28_P Pin=U2-F3
Added Pin To Net: NetName=GTP_CLK_P Pin=U2-F6
Added Pin To Net: NetName=NetR37_2 Pin=U2-F8
Added Pin To Net: NetName=FMC_MGT_CLK_P Pin=U2-F10
Added Pin To Net: NetName=LED0 Pin=U2-F15
Added Pin To Net: NetName=SFP1_SCL Pin=U2-F19
Added Pin To Net: NetName=SFP1_SDA Pin=U2-F20
Added Pin To Net: NetName=LED1 Pin=U2-F21
Added Pin To Net: NetName=FMC_LA30_N Pin=U2-G2
Added Pin To Net: NetName=FMC_LA17_CC_N Pin=U2-G3
Added Pin To Net: NetName=FMC_LA18_CC_N Pin=U2-G4
Added Pin To Net: NetName=VADJ_MON Pin=U2-G13
Added Pin To Net: NetName=VCC1V8_MON Pin=U2-G15
Added Pin To Net: NetName=VCC1V0_MON Pin=U2-G16
Added Pin To Net: NetName=FMC_LA30_P Pin=U2-H2
Added Pin To Net: NetName=FMC_LA17_CC_P Pin=U2-H3
Added Pin To Net: NetName=FMC_LA18_CC_P Pin=U2-H4
Added Pin To Net: NetName=FMC_LA26_N Pin=U2-H5
Added Pin To Net: NetName=VCC3V3_MON Pin=U2-H13
Added Pin To Net: NetName=MGTAVCC1V0_MON Pin=U2-H14
Added Pin To Net: NetName=3V3_I_MON Pin=U2-H15
Added Pin To Net: NetName=FMC_LA32_N Pin=U2-J1
Added Pin To Net: NetName=FMC_LA21_N Pin=U2-J2
Added Pin To Net: NetName=FMC_CLK1_M2C_N Pin=U2-J4
Added Pin To Net: NetName=FMC_LA26_P Pin=U2-J5
Added Pin To Net: NetName=FMC_LA23_N Pin=U2-J6
Added Pin To Net: NetName=MGTAVTT1V2_MON Pin=U2-J14
Added Pin To Net: NetName=12V0_I_MON Pin=U2-J15
Added Pin To Net: NetName=BTN_RESETN Pin=U2-J16
Added Pin To Net: NetName=VADJ_I_MON Pin=U2-J22
Added Pin To Net: NetName=FMC_LA32_P Pin=U2-K1
Added Pin To Net: NetName=FMC_LA21_P Pin=U2-K2
Added Pin To Net: NetName=FMC_LA27_N Pin=U2-K3
Added Pin To Net: NetName=FMC_CLK1_M2C_P Pin=U2-K4
Added Pin To Net: NetName=FMC_LA23_P Pin=U2-K6
Added Pin To Net: NetName=FMC_LA19_N Pin=U2-L1
Added Pin To Net: NetName=FMC_LA27_P Pin=U2-L3
Added Pin To Net: NetName=FMC_LA22_N Pin=U2-L4
Added Pin To Net: NetName=FMC_LA22_P Pin=U2-L5
Added Pin To Net: NetName=FMC_LA19_P Pin=U2-M1
Added Pin To Net: NetName=FMC_LA20_N Pin=U2-M2
Added Pin To Net: NetName=FMC_LA20_P Pin=U2-M3
Added Pin To Net: NetName=GPIO5 Pin=U2-N13
Added Pin To Net: NetName=GPIO6 Pin=U2-N14
Added Pin To Net: NetName=GPIO2 Pin=U2-N15
Added Pin To Net: NetName=DIP4 Pin=U2-N17
Added Pin To Net: NetName=GPIO3 Pin=U2-P15
Added Pin To Net: NetName=GPIO7 Pin=U2-P16
Added Pin To Net: NetName=DIP1 Pin=U2-P17
Added Pin To Net: NetName=GPIO1 Pin=U2-P20
Added Pin To Net: NetName=QSPI_IO2 Pin=U2-P21
Added Pin To Net: NetName=QSPI_IO0 Pin=U2-P22
Added Pin To Net: NetName=FMC_LA29_N Pin=U2-R2
Added Pin To Net: NetName=FMC_LA29_P Pin=U2-R3
Added Pin To Net: NetName=FMC_LA00_CC_P Pin=U2-R4
Added Pin To Net: NetName=FMC_LA03_P Pin=U2-R6
Added Pin To Net: NetName=GPIO4 Pin=U2-R16
Added Pin To Net: NetName=GPIO8 Pin=U2-R17
Added Pin To Net: NetName=DIP2 Pin=U2-R18
Added Pin To Net: NetName=QSPI_IO3 Pin=U2-R21
Added Pin To Net: NetName=QSPI_IO1 Pin=U2-R22
Added Pin To Net: NetName=FMC_LA33_P Pin=U2-T1
Added Pin To Net: NetName=FMC_LA00_CC_N Pin=U2-T4
Added Pin To Net: NetName=FMC_LA12_P Pin=U2-T5
Added Pin To Net: NetName=FMC_LA03_N Pin=U2-T6
Added Pin To Net: NetName=DIP3 Pin=U2-T18
Added Pin To Net: NetName=QSPI_CS Pin=U2-T19
Added Pin To Net: NetName=PGOOD_R Pin=U2-T21
Added Pin To Net: NetName=FMC_LA33_N Pin=U2-U1
Added Pin To Net: NetName=FMC_LA25_P Pin=U2-U2
Added Pin To Net: NetName=FMC_LA12_N Pin=U2-U5
Added Pin To Net: NetName=FMC_LA02_P Pin=U2-U6
Added Pin To Net: NetName=PGOOD_VADJ_R Pin=U2-U21
Added Pin To Net: NetName=FMC_LA25_N Pin=U2-V2
Added Pin To Net: NetName=FMC_CLK0_M2C_P Pin=U2-V4
Added Pin To Net: NetName=FMC_LA02_N Pin=U2-V5
Added Pin To Net: NetName=FMC_LA16_P Pin=U2-V7
Added Pin To Net: NetName=FMC_LA13_N Pin=U2-V8
Added Pin To Net: NetName=FMC_LA13_P Pin=U2-V9
Added Pin To Net: NetName=FMC_LA24_P Pin=U2-W1
Added Pin To Net: NetName=FMC_LA31_P Pin=U2-W2
Added Pin To Net: NetName=FMC_CLK0_M2C_N Pin=U2-W4
Added Pin To Net: NetName=FMC_LA06_N Pin=U2-W5
Added Pin To Net: NetName=FMC_LA06_P Pin=U2-W6
Added Pin To Net: NetName=FMC_LA16_N Pin=U2-W7
Added Pin To Net: NetName=FMC_LA08_P Pin=U2-W9
Added Pin To Net: NetName=FMC_LA24_N Pin=U2-Y1
Added Pin To Net: NetName=FMC_LA31_N Pin=U2-Y2
Added Pin To Net: NetName=FMC_LA10_P Pin=U2-Y3
Added Pin To Net: NetName=FMC_LA01_CC_P Pin=U2-Y4
Added Pin To Net: NetName=FMC_LA04_P Pin=U2-Y6
Added Pin To Net: NetName=FMC_LA15_N Pin=U2-Y7
Added Pin To Net: NetName=FMC_LA15_P Pin=U2-Y8
Added Pin To Net: NetName=FMC_LA08_N Pin=U2-Y9
Added Member To Class: ClassName=PWR_APD5052 Member=Component C74 Cap
Added Member To Class: ClassName=PWR_APD5052 Member=Component C82 GRM31CR60J107ME39
Added Member To Class: ClassName=PWR_APD5052 Member=Component C84 Cap
Added Member To Class: ClassName=PWR_APD5052 Member=Component C85 Cap
Added Member To Class: ClassName=PWR_APD5052 Member=Component C86 No Load
Added Member To Class: ClassName=PWR_APD5052 Member=Component C87 Cap
Added Member To Class: ClassName=PWR_APD5052 Member=Component C89 Cap
Added Member To Class: ClassName=PWR_APD5052 Member=Component C90 Cap
Added Member To Class: ClassName=PWR_APD5052 Member=Component C91 GRM188R60J226MEA0
Added Member To Class: ClassName=PWR_APD5052 Member=Component C94 Cap
Added Member To Class: ClassName=PWR_APD5052 Member=Component C95 Cap
Added Member To Class: ClassName=PWR_APD5052 Member=Component C97 Cap
Added Member To Class: ClassName=Regulators Member=Component C98 
Added Member To Class: ClassName=Regulators Member=Component C99 
Added Member To Class: ClassName=Regulators Member=Component C100 
Added Member To Class: ClassName=Regulators Member=Component C101 
Added Member To Class: ClassName=Regulators Member=Component C102 
Added Member To Class: ClassName=Regulators Member=Component C103 
Added Member To Class: ClassName=Regulators Member=Component C104 
Added Member To Class: ClassName=Regulators Member=Component C106 
Added Member To Class: ClassName=Regulators Member=Component C107 
Added Member To Class: ClassName=Regulators Member=Component C108 
Added Member To Class: ClassName=Regulators Member=Component C109 
Added Member To Class: ClassName=Regulators Member=Component C110 
Added Member To Class: ClassName=Regulators Member=Component C111 
Added Member To Class: ClassName=Regulators Member=Component C112 
Added Member To Class: ClassName=Regulators Member=Component C114 
Added Member To Class: ClassName=Regulators Member=Component C115 
Added Member To Class: ClassName=Regulators Member=Component C116 
Added Member To Class: ClassName=Regulators Member=Component C117 
Added Member To Class: ClassName=SFP Member=Component C118 
Added Member To Class: ClassName=SFP Member=Component C119 Cap
Added Member To Class: ClassName=SFP Member=Component C123 Cap
Added Member To Class: ClassName=SFP Member=Component C127 
Added Member To Class: ClassName=SFP Member=Component C128 Cap
Added Member To Class: ClassName=PWR_APD5052 Member=Component J2 PWR2.5
Added Member To Class: ClassName=PWR_APD5052 Member=Component R55 Res_sense
Added Member To Class: ClassName=PWR_APD5052 Member=Component R61 Res
Added Member To Class: ClassName=PWR_APD5052 Member=Component R62 Rsense
Added Member To Class: ClassName=PWR_APD5052 Member=Component R66 Res
Added Member To Class: ClassName=PWR_APD5052 Member=Component R70 Res
Added Member To Class: ClassName=PWR_APD5052 Member=Component R71 Res
Added Member To Class: ClassName=PWR_APD5052 Member=Component R73 Res
Added Member To Class: ClassName=PWR_APD5052 Member=Component R74 Res
Added Member To Class: ClassName=Regulators Member=Component R76 Res
Added Member To Class: ClassName=Regulators Member=Component R78 Res
Added Member To Class: ClassName=Regulators Member=Component R79 Rsense
Added Member To Class: ClassName=Regulators Member=Component R81 Res
Added Member To Class: ClassName=Regulators Member=Component R82 Res
Added Member To Class: ClassName=SFP Member=Component R85 Res
Added Member To Class: ClassName=SFP Member=Component R86 Res
Added Member To Class: ClassName=SFP Member=Component R90 Res
Added Member To Class: ClassName=SFP Member=Component R94 Res
Added Member To Class: ClassName=FPGA_Banks1 Member=Component U2 XC7A35T-1FGG484C
Added Member To Class: ClassName=IO Member=Component U6 PRTR5V0U4Y
Added Member To Class: ClassName=IO Member=Component U7 PRTR5V0U4Y
Added Member To Class: ClassName=PWR_APD5052 Member=Component U8 ADP5052
Added Member To Class: ClassName=PWR_APD5052 Member=Component U9 LT6106CS5
Added Member To Class: ClassName=PWR_APD5052 Member=Component U10 LT6106CS5
Added Room: Name=Config
Added Room: Name=FMC
Added Room: Name=FPGA_Banks1
Added Room: Name=FPGA_Banks2
Added Room: Name=IO
Added Room: Name=Regulators
Added Room: Name=SFP
