Change component parameters: Designator = "R52"; UniqueID = "\WMAJWVTD"
Change component parameters. Clean all parameters for all variants
Change component parameters: Designator = "R53"; UniqueID = "\XPVGNVNL"
Change component parameters. Clean all parameters for all variants
Change component parameters: Designator = "R54"; UniqueID = "\GVAXJEJK"
Change component parameters. Clean all parameters for all variants
Change component parameters: Designator = "R55"; UniqueID = "\LPXUGQQJ"
Change component parameters. Clean all parameters for all variants
Change component parameters: Designator = "R56"; UniqueID = "\NQPFIISJ"
Change component parameters. Clean all parameters for all variants
Change component parameters: Designator = "R57"; UniqueID = "\LRKOTOED"
Change component parameters. Clean all parameters for all variants
Change component parameters: Designator = "R78"; UniqueID = "\HPXPVJLN"
Change component parameters. Clean all parameters for all variants
Change component parameters: Designator = "R80"; UniqueID = "\MWBKOVXX"
Change component parameters. Clean all parameters for all variants
Change component parameters: Designator = "R81"; UniqueID = "\PWQVJRFI"
Change component parameters. Clean all parameters for all variants
Change component parameters: Designator = "R82"; UniqueID = "\GHFVIRLJ"
Change component parameters. Clean all parameters for all variants
Change component parameters: Designator = "R84"; UniqueID = "\SAHYPASV"
Change component parameters. Clean all parameters for all variants
Change component parameters: Designator = "R88"; UniqueID = "\YYPLLORI"
Change component parameters. Clean all parameters for all variants
Change component parameters: Designator = "R93"; UniqueID = "\FJSAXGSJ"
Change component parameters. Clean all parameters for all variants
Change component parameters: Designator = "R94"; UniqueID = "\EQJLONUE"
Change component parameters. Clean all parameters for all variants
Change component parameters: Designator = "R58"; UniqueID = "\YQGTSAPH"
Change component parameters. Clean all parameters for all variants
Change component parameters: Designator = "R79"; UniqueID = "\KYWVFNPC"
Change component parameters. Clean all parameters for all variants
Change component parameters: Designator = "R83"; UniqueID = "\TNAUMCYO"
Change component parameters. Clean all parameters for all variants
Change component parameters: Designator = "R85"; UniqueID = "\FSCRJTAJ"
Change component parameters. Clean all parameters for all variants
Change component parameters: Designator = "R86"; UniqueID = "\OSLSWVVN"
Change component parameters. Clean all parameters for all variants
Change component parameters: Designator = "R87"; UniqueID = "\HSPVBIAV"
Change component parameters. Clean all parameters for all variants
Change component parameters: Designator = "R89"; UniqueID = "\HRBJBOPP"
Change component parameters. Clean all parameters for all variants
Change component parameters: Designator = "R90"; UniqueID = "\GVVVTKVX"
Change component parameters. Clean all parameters for all variants
Change component parameters: Designator = "R91"; UniqueID = "\MBUMIIGI"
Change component parameters. Clean all parameters for all variants
Change component parameters: Designator = "R92"; UniqueID = "\MNLXFWUQ"
Change component parameters. Clean all parameters for all variants
Change component parameters: Designator = "U11"; UniqueID = "\YYYFOMXN"
Change component parameters. Clean all parameters for all variants
Change component parameters: Designator = "C75"; UniqueID = "\OBOOMYFI"
Change component parameters. Clean all parameters for all variants
Change component parameters: Designator = "C108"; UniqueID = "\GTOOWRNH"
Change component parameters. Clean all parameters for all variants
Change component parameters: Designator = "C109"; UniqueID = "\WPJVOOLM"
Change component parameters. Clean all parameters for all variants
Change component parameters: Designator = "C110"; UniqueID = "\AAQHYDLM"
Change component parameters. Clean all parameters for all variants
Change component parameters: Designator = "C111"; UniqueID = "\KFXPQLLY"
Change component parameters. Clean all parameters for all variants
Change component parameters: Designator = "C112"; UniqueID = "\IQYOWWVL"
Change component parameters. Clean all parameters for all variants
Change component parameters: Designator = "C113"; UniqueID = "\ITUERQHP"
Change component parameters. Clean all parameters for all variants
Change component parameters: Designator = "C114"; UniqueID = "\HEKXFJNI"
Change component parameters. Clean all parameters for all variants
Change component parameters: Designator = "C115"; UniqueID = "\DESNBSTL"
Change component parameters. Clean all parameters for all variants
Change component parameters: Designator = "C116"; UniqueID = "\PLGXVFOU"
Change component parameters. Clean all parameters for all variants
Change component parameters: Designator = "C117"; UniqueID = "\BKVBXEAF"
Change component parameters. Clean all parameters for all variants
Change component parameters: Designator = "C118"; UniqueID = "\WGMWXLJJ"
Change component parameters. Clean all parameters for all variants
Change component parameters: Designator = "C119"; UniqueID = "\SEQVLDSD"
Change component parameters. Clean all parameters for all variants
Change component parameters: Designator = "C120"; UniqueID = "\XHBBONQY"
Change component parameters. Clean all parameters for all variants
Change component parameters: Designator = "C121"; UniqueID = "\BJDXNFDK"
Change component parameters. Clean all parameters for all variants
Change component parameters: Designator = "C122"; UniqueID = "\QGFGPAPT"
Change component parameters. Clean all parameters for all variants
Change component parameters: Designator = "C123"; UniqueID = "\BDIGPOEX"
Change component parameters. Clean all parameters for all variants
Change component parameters: Designator = "C124"; UniqueID = "\MJFKCRBG"
Change component parameters. Clean all parameters for all variants
Change component parameters: Designator = "C125"; UniqueID = "\XYEVYFXI"
Change component parameters. Clean all parameters for all variants
Change component parameters: Designator = "C126"; UniqueID = "\HQJYWPLU"
Change component parameters. Clean all parameters for all variants
Change component parameters: Designator = "C127"; UniqueID = "\PXKXIKSE"
Change component parameters. Clean all parameters for all variants
Change component parameters: Designator = "C128"; UniqueID = "\HCHWIBKJ"
Change component parameters. Clean all parameters for all variants
Change component parameters: Designator = "C129"; UniqueID = "\RKLCYOYI"
Change component parameters. Clean all parameters for all variants
Change component parameters: Designator = "C130"; UniqueID = "\KAQWYJYE"
Change component parameters. Clean all parameters for all variants
Change component parameters: Designator = "C131"; UniqueID = "\PTUHNNGL"
Change component parameters. Clean all parameters for all variants
Change component parameters: Designator = "C132"; UniqueID = "\UBBTTTKH"
Change component parameters. Clean all parameters for all variants
Change component parameters: Designator = "C133"; UniqueID = "\UEYBYSPT"
Change component parameters. Clean all parameters for all variants
Change component parameters: Designator = "C134"; UniqueID = "\EBFMIFQF"
Change component parameters. Clean all parameters for all variants
Change component parameters: Designator = "C135"; UniqueID = "\BXMTEVVU"
Change component parameters. Clean all parameters for all variants
Change component parameters: Designator = "L1"; UniqueID = "\GXNKTRLS"
Change component parameters. Clean all parameters for all variants
Change component parameters: Designator = "L2"; UniqueID = "\JOROSJPJ"
Change component parameters. Clean all parameters for all variants
Change component parameters: Designator = "L3"; UniqueID = "\XHPWMOLT"
Change component parameters. Clean all parameters for all variants
Change component parameters: Designator = "L4"; UniqueID = "\SJDOSSMX"
Change component parameters. Clean all parameters for all variants
Change component parameters: Designator = "SW1"; UniqueID = "\PWUSCGIX"
Change component parameters. Clean all parameters for all variants
Added Pin To Net: NetName=VADJ Pin=R25-2
Change Net Name : Old Net Name=VCCADJ_MON New Net Name=VADJ_MON
