Change Component Designator: Old Designator=C? New Designator=C3
Change Component Designator: Old Designator=C? New Designator=C4
Change Component Designator: Old Designator=J? New Designator=J1
Change Component Designator: Old Designator=J? New Designator=J1
Change Component Designator: Old Designator=R? New Designator=R17
Change Component Designator: Old Designator=R? New Designator=R18
Change Component Designator: Old Designator=R? New Designator=R19
Change Component Designator: Old Designator=R? New Designator=R20
Change Component Designator: Old Designator=Rin? New Designator=Rin1
Change Component Designator: Old Designator=Rin? New Designator=Rin2
Change Component Designator: Old Designator=Rin? New Designator=Rin3
Change Component Designator: Old Designator=Rout? New Designator=Rout1
Change Component Designator: Old Designator=Rout? New Designator=Rout2
Change Component Designator: Old Designator=Rout? New Designator=Rout3
Change Component Designator: Old Designator=Rsense? New Designator=Rsense1
Change Component Designator: Old Designator=Rsense? New Designator=Rsense2
Change Component Designator: Old Designator=Rsense? New Designator=Rsense3
Change Component Designator: Old Designator=U? New Designator=U5
Change Component Designator: Old Designator=U? New Designator=U6
Change Component Designator: Old Designator=U? New Designator=U7
