Change Component Designator: Old Designator=C75 New Designator=C88
Change Component Designator: Old Designator=C108 New Designator=C72
Change Component Designator: Old Designator=C109 New Designator=C73
Change Component Designator: Old Designator=C110 New Designator=C74
Change Component Designator: Old Designator=C111 New Designator=C75
Change Component Designator: Old Designator=C112 New Designator=C76
Change Component Designator: Old Designator=C113 New Designator=C77
Change Component Designator: Old Designator=C114 New Designator=C78
Change Component Designator: Old Designator=C115 New Designator=C79
Change Component Designator: Old Designator=C116 New Designator=C80
Change Component Designator: Old Designator=C117 New Designator=C81
Change Component Designator: Old Designator=C118 New Designator=C82
Change Component Designator: Old Designator=C119 New Designator=C83
Change Component Designator: Old Designator=C120 New Designator=C84
Change Component Designator: Old Designator=C121 New Designator=C85
Change Component Designator: Old Designator=C122 New Designator=C86
Change Component Designator: Old Designator=C123 New Designator=C87
Change Component Designator: Old Designator=C124 New Designator=C89
Change Component Designator: Old Designator=C125 New Designator=C90
Change Component Designator: Old Designator=C126 New Designator=C91
Change Component Designator: Old Designator=C127 New Designator=C92
Change Component Designator: Old Designator=C128 New Designator=C93
Change Component Designator: Old Designator=C129 New Designator=C94
Change Component Designator: Old Designator=C133 New Designator=C95
Change Component Designator: Old Designator=C134 New Designator=C96
Change Component Designator: Old Designator=C135 New Designator=C97
Change Component Designator: Old Designator=J? New Designator=J2
Change Component Designator: Old Designator=R55 New Designator=R56
Change Component Designator: Old Designator=R56 New Designator=R57
Change Component Designator: Old Designator=R57 New Designator=R58
Change Component Designator: Old Designator=R58 New Designator=R59
Change Component Designator: Old Designator=R78 New Designator=R60
Change Component Designator: Old Designator=R79 New Designator=R61
Change Component Designator: Old Designator=R80 New Designator=R63
Change Component Designator: Old Designator=R81 New Designator=R64
Change Component Designator: Old Designator=R82 New Designator=R65
Change Component Designator: Old Designator=R83 New Designator=R66
Change Component Designator: Old Designator=R84 New Designator=R67
Change Component Designator: Old Designator=R85 New Designator=R68
Change Component Designator: Old Designator=R86 New Designator=R69
Change Component Designator: Old Designator=R87 New Designator=R70
Change Component Designator: Old Designator=R88 New Designator=R71
Change Component Designator: Old Designator=R90 New Designator=R72
Change Component Designator: Old Designator=R92 New Designator=R73
Change Component Designator: Old Designator=R93 New Designator=R74
Change Component Designator: Old Designator=R94 New Designator=R75
Change Component Designator: Old Designator=R? New Designator=R55
Change Component Designator: Old Designator=R? New Designator=R62
Change Component Designator: Old Designator=U5 New Designator=U9
Change Component Designator: Old Designator=U6 New Designator=U10
Change Component Designator: Old Designator=U11 New Designator=U8
