Change Component Designator: Old Designator=C? New Designator=C75
Change Component Designator: Old Designator=Cbst? New Designator=Cbst1
Change Component Designator: Old Designator=Cbst? New Designator=Cbst2
Change Component Designator: Old Designator=Cbst? New Designator=Cbst3
Change Component Designator: Old Designator=Cbst? New Designator=Cbst4
Change Component Designator: Old Designator=Cc? New Designator=Cc1
Change Component Designator: Old Designator=Cc? New Designator=Cc2
Change Component Designator: Old Designator=Cc? New Designator=Cc3
Change Component Designator: Old Designator=Cc? New Designator=Cc4
Change Component Designator: Old Designator=Cin? New Designator=Cin1
Change Component Designator: Old Designator=Cin? New Designator=Cin2
Change Component Designator: Old Designator=Cin? New Designator=Cin3
Change Component Designator: Old Designator=Cin? New Designator=Cin4
Change Component Designator: Old Designator=Cin? New Designator=Cin5
Change Component Designator: Old Designator=Cout? New Designator=Cout1
Change Component Designator: Old Designator=Cout? New Designator=Cout2
Change Component Designator: Old Designator=Cout? New Designator=Cout3
Change Component Designator: Old Designator=Cout? New Designator=Cout4
Change Component Designator: Old Designator=Cout? New Designator=Cout5
Change Component Designator: Old Designator=Cout? New Designator=Cout6
Change Component Designator: Old Designator=Cout? New Designator=Cout7
Change Component Designator: Old Designator=Cout? New Designator=Cout8
Change Component Designator: Old Designator=Cout? New Designator=Cout9
Change Component Designator: Old Designator=Cv? New Designator=Cv1
Change Component Designator: Old Designator=Cvreg? New Designator=Cvreg1
Change Component Designator: Old Designator=L? New Designator=L1
Change Component Designator: Old Designator=L? New Designator=L2
Change Component Designator: Old Designator=L? New Designator=L3
Change Component Designator: Old Designator=L? New Designator=L4
Change Component Designator: Old Designator=Q? New Designator=Q2
Change Component Designator: Old Designator=Q? New Designator=Q2
Change Component Designator: Old Designator=R? New Designator=R52
Change Component Designator: Old Designator=R? New Designator=R53
Change Component Designator: Old Designator=R? New Designator=R54
Change Component Designator: Old Designator=R? New Designator=R55
Change Component Designator: Old Designator=R? New Designator=R56
Change Component Designator: Old Designator=R? New Designator=R57
Change Component Designator: Old Designator=R? New Designator=R58
Change Component Designator: Old Designator=Rc? New Designator=Rc1
Change Component Designator: Old Designator=Rc? New Designator=Rc2
Change Component Designator: Old Designator=Rc? New Designator=Rc3
Change Component Designator: Old Designator=Rc? New Designator=Rc4
Change Component Designator: Old Designator=Rf? New Designator=Rf1
Change Component Designator: Old Designator=Rf? New Designator=Rf2
Change Component Designator: Old Designator=Rf? New Designator=Rf3
Change Component Designator: Old Designator=Rf? New Designator=Rf4
Change Component Designator: Old Designator=Rf? New Designator=Rf5
Change Component Designator: Old Designator=Rf? New Designator=Rf6
Change Component Designator: Old Designator=Rf? New Designator=Rf7
Change Component Designator: Old Designator=Rf? New Designator=Rf8
Change Component Designator: Old Designator=Rf? New Designator=Rf9
Change Component Designator: Old Designator=Rf? New Designator=Rf10
Change Component Designator: Old Designator=Rlim? New Designator=Rlim1
Change Component Designator: Old Designator=Rlim? New Designator=Rlim2
Change Component Designator: Old Designator=Rt? New Designator=Rt1
Change Component Designator: Old Designator=SW? New Designator=SW1
Change Component Designator: Old Designator=U? New Designator=U11
