Change Component Designator: Old Designator=C75 New Designator=C?
Change Component Designator: Old Designator=Cbst1 New Designator=Cbst?
Change Component Designator: Old Designator=Cbst2 New Designator=Cbst?
Change Component Designator: Old Designator=Cbst3 New Designator=Cbst?
Change Component Designator: Old Designator=Cbst4 New Designator=Cbst?
Change Component Designator: Old Designator=Cc1 New Designator=Cc?
Change Component Designator: Old Designator=Cc2 New Designator=Cc?
Change Component Designator: Old Designator=Cc3 New Designator=Cc?
Change Component Designator: Old Designator=Cc4 New Designator=Cc?
Change Component Designator: Old Designator=Cin1 New Designator=Cin?
Change Component Designator: Old Designator=Cin2 New Designator=Cin?
Change Component Designator: Old Designator=Cin3 New Designator=Cin?
Change Component Designator: Old Designator=Cin4 New Designator=Cin?
Change Component Designator: Old Designator=Cin5 New Designator=Cin?
Change Component Designator: Old Designator=Cout1 New Designator=Cout?
Change Component Designator: Old Designator=Cout2 New Designator=Cout?
Change Component Designator: Old Designator=Cout3 New Designator=Cout?
Change Component Designator: Old Designator=Cout4 New Designator=Cout?
Change Component Designator: Old Designator=Cout5 New Designator=Cout?
Change Component Designator: Old Designator=Cout6 New Designator=Cout?
Change Component Designator: Old Designator=Cout7 New Designator=Cout?
Change Component Designator: Old Designator=Cout8 New Designator=Cout?
Change Component Designator: Old Designator=Cout9 New Designator=Cout?
Change Component Designator: Old Designator=Cv1 New Designator=Cv?
Change Component Designator: Old Designator=Cvreg1 New Designator=Cvreg?
Change Component Designator: Old Designator=L1 New Designator=L?
Change Component Designator: Old Designator=L2 New Designator=L?
Change Component Designator: Old Designator=L3 New Designator=L?
Change Component Designator: Old Designator=L4 New Designator=L?
Change Component Designator: Old Designator=Q2 New Designator=Q?
Change Component Designator: Old Designator=Q2 New Designator=Q?
Change Component Designator: Old Designator=R50 New Designator=R?
Change Component Designator: Old Designator=R51 New Designator=R?
Change Component Designator: Old Designator=R52 New Designator=R?
Change Component Designator: Old Designator=R53 New Designator=R?
Change Component Designator: Old Designator=R54 New Designator=R?
Change Component Designator: Old Designator=R55 New Designator=R?
Change Component Designator: Old Designator=R56 New Designator=R?
Change Component Designator: Old Designator=Rc1 New Designator=Rc?
Change Component Designator: Old Designator=Rc2 New Designator=Rc?
Change Component Designator: Old Designator=Rc3 New Designator=Rc?
Change Component Designator: Old Designator=Rc4 New Designator=Rc?
Change Component Designator: Old Designator=Rf1 New Designator=Rf?
Change Component Designator: Old Designator=Rf2 New Designator=Rf?
Change Component Designator: Old Designator=Rf3 New Designator=Rf?
Change Component Designator: Old Designator=Rf4 New Designator=Rf?
Change Component Designator: Old Designator=Rf5 New Designator=Rf?
Change Component Designator: Old Designator=Rf6 New Designator=Rf?
Change Component Designator: Old Designator=Rf7 New Designator=Rf?
Change Component Designator: Old Designator=Rf8 New Designator=Rf?
Change Component Designator: Old Designator=Rf9 New Designator=Rf?
Change Component Designator: Old Designator=Rf10 New Designator=Rf?
Change Component Designator: Old Designator=Rlim1 New Designator=Rlim?
Change Component Designator: Old Designator=Rlim2 New Designator=Rlim?
Change Component Designator: Old Designator=Rt1 New Designator=Rt?
Change Component Designator: Old Designator=SW1 New Designator=SW?
Change Component Designator: Old Designator=U8 New Designator=U?
