Replace Part C22 Cap Pol3 in C:\Users\smkilani\Documents\atfc\hardware\altium\PWR_APD5052.SchDoc with Cap Pol3 from Miscellaneous Devices.IntLib
Replace Part Cbst1 Cap in C:\Users\smkilani\Documents\atfc\hardware\altium\PWR_APD5052.SchDoc with Cap from atfclib.SchLib
Replace Part Cbst2 Cap in C:\Users\smkilani\Documents\atfc\hardware\altium\PWR_APD5052.SchDoc with Cap from atfclib.SchLib
Replace Part Cbst3 Cap in C:\Users\smkilani\Documents\atfc\hardware\altium\PWR_APD5052.SchDoc with Cap from atfclib.SchLib
Replace Part Cbst4 Cap in C:\Users\smkilani\Documents\atfc\hardware\altium\PWR_APD5052.SchDoc with Cap from atfclib.SchLib
Replace Part Cc11 Cap in C:\Users\smkilani\Documents\atfc\hardware\altium\PWR_APD5052.SchDoc with Cap from atfclib.SchLib
Replace Part Cc12 Cap in C:\Users\smkilani\Documents\atfc\hardware\altium\PWR_APD5052.SchDoc with Cap from atfclib.SchLib
Replace Part Cc13 Cap in C:\Users\smkilani\Documents\atfc\hardware\altium\PWR_APD5052.SchDoc with Cap from atfclib.SchLib
Replace Part Cc14 Cap in C:\Users\smkilani\Documents\atfc\hardware\altium\PWR_APD5052.SchDoc with Cap from atfclib.SchLib
Replace Part Cin11 Cap in C:\Users\smkilani\Documents\atfc\hardware\altium\PWR_APD5052.SchDoc with Cap from atfclib.SchLib
Replace Part Cin12 Cap in C:\Users\smkilani\Documents\atfc\hardware\altium\PWR_APD5052.SchDoc with Cap from atfclib.SchLib
Replace Part Cin13 Cap in C:\Users\smkilani\Documents\atfc\hardware\altium\PWR_APD5052.SchDoc with Cap from atfclib.SchLib
Replace Part Cin14 Cap in C:\Users\smkilani\Documents\atfc\hardware\altium\PWR_APD5052.SchDoc with Cap from atfclib.SchLib
Replace Part Cin15 Cap in C:\Users\smkilani\Documents\atfc\hardware\altium\PWR_APD5052.SchDoc with Cap from atfclib.SchLib
Replace Part Cout11 Cap in C:\Users\smkilani\Documents\atfc\hardware\altium\PWR_APD5052.SchDoc with Cap from atfclib.SchLib
Replace Part Cout12 Cap in C:\Users\smkilani\Documents\atfc\hardware\altium\PWR_APD5052.SchDoc with Cap from atfclib.SchLib
Replace Part Cout13 Cap in C:\Users\smkilani\Documents\atfc\hardware\altium\PWR_APD5052.SchDoc with Cap from atfclib.SchLib
Replace Part Cout21 Cap in C:\Users\smkilani\Documents\atfc\hardware\altium\PWR_APD5052.SchDoc with Cap from atfclib.SchLib
Replace Part Cout31 Cap in C:\Users\smkilani\Documents\atfc\hardware\altium\PWR_APD5052.SchDoc with Cap from atfclib.SchLib
Replace Part Cout32 Cap in C:\Users\smkilani\Documents\atfc\hardware\altium\PWR_APD5052.SchDoc with Cap from atfclib.SchLib
Replace Part Cout41 Cap in C:\Users\smkilani\Documents\atfc\hardware\altium\PWR_APD5052.SchDoc with Cap from atfclib.SchLib
Replace Part Cout42 Cap in C:\Users\smkilani\Documents\atfc\hardware\altium\PWR_APD5052.SchDoc with Cap from atfclib.SchLib
Replace Part Cout51 Cap in C:\Users\smkilani\Documents\atfc\hardware\altium\PWR_APD5052.SchDoc with Cap from atfclib.SchLib
Replace Part Cv Cap in C:\Users\smkilani\Documents\atfc\hardware\altium\PWR_APD5052.SchDoc with Cap from atfclib.SchLib
Replace Part Cvreg Cap in C:\Users\smkilani\Documents\atfc\hardware\altium\PWR_APD5052.SchDoc with Cap from atfclib.SchLib
Replace Part L1 Inductor in C:\Users\smkilani\Documents\atfc\hardware\altium\PWR_APD5052.SchDoc with Inductor from atfclib.SchLib
Replace Part L2 Inductor in C:\Users\smkilani\Documents\atfc\hardware\altium\PWR_APD5052.SchDoc with Inductor from atfclib.SchLib
Replace Part L3 Inductor in C:\Users\smkilani\Documents\atfc\hardware\altium\PWR_APD5052.SchDoc with Inductor from atfclib.SchLib
Replace Part L4 Inductor in C:\Users\smkilani\Documents\atfc\hardware\altium\PWR_APD5052.SchDoc with Inductor from atfclib.SchLib
Replace Part Q? BSO150N03MD G in C:\Users\smkilani\Documents\atfc\hardware\altium\PWR_APD5052.SchDoc with BSO150N03MD G from atfclib.SchLib
Replace Part Q? BSO150N03MD G in C:\Users\smkilani\Documents\atfc\hardware\altium\PWR_APD5052.SchDoc with BSO150N03MD G from atfclib.SchLib
Replace Part R1 Res in C:\Users\smkilani\Documents\atfc\hardware\altium\PWR_APD5052.SchDoc with Res from atfclib.SchLib
Replace Part R2 Res in C:\Users\smkilani\Documents\atfc\hardware\altium\PWR_APD5052.SchDoc with Res from atfclib.SchLib
Replace Part R3 Res in C:\Users\smkilani\Documents\atfc\hardware\altium\PWR_APD5052.SchDoc with Res from atfclib.SchLib
Replace Part R4 Res in C:\Users\smkilani\Documents\atfc\hardware\altium\PWR_APD5052.SchDoc with Res from atfclib.SchLib
Replace Part R5 Res in C:\Users\smkilani\Documents\atfc\hardware\altium\PWR_APD5052.SchDoc with Res from atfclib.SchLib
Replace Part R6 Res in C:\Users\smkilani\Documents\atfc\hardware\altium\PWR_APD5052.SchDoc with Res from atfclib.SchLib
Replace Part R7 Res in C:\Users\smkilani\Documents\atfc\hardware\altium\PWR_APD5052.SchDoc with Res from atfclib.SchLib
Replace Part Rc11 Res in C:\Users\smkilani\Documents\atfc\hardware\altium\PWR_APD5052.SchDoc with Res from atfclib.SchLib
Replace Part Rc12 Res in C:\Users\smkilani\Documents\atfc\hardware\altium\PWR_APD5052.SchDoc with Res from atfclib.SchLib
Replace Part Rc13 Res in C:\Users\smkilani\Documents\atfc\hardware\altium\PWR_APD5052.SchDoc with Res from atfclib.SchLib
Replace Part Rc14 Res in C:\Users\smkilani\Documents\atfc\hardware\altium\PWR_APD5052.SchDoc with Res from atfclib.SchLib
Replace Part Rf1 Res in C:\Users\smkilani\Documents\atfc\hardware\altium\PWR_APD5052.SchDoc with Res from atfclib.SchLib
Replace Part Rf2 Res in C:\Users\smkilani\Documents\atfc\hardware\altium\PWR_APD5052.SchDoc with Res from atfclib.SchLib
Replace Part Rf3 Res in C:\Users\smkilani\Documents\atfc\hardware\altium\PWR_APD5052.SchDoc with Res from atfclib.SchLib
Replace Part Rf4 Res in C:\Users\smkilani\Documents\atfc\hardware\altium\PWR_APD5052.SchDoc with Res from atfclib.SchLib
Replace Part Rf5 Res in C:\Users\smkilani\Documents\atfc\hardware\altium\PWR_APD5052.SchDoc with Res from atfclib.SchLib
Replace Part Rf6 Res in C:\Users\smkilani\Documents\atfc\hardware\altium\PWR_APD5052.SchDoc with Res from atfclib.SchLib
Replace Part Rf7 Res in C:\Users\smkilani\Documents\atfc\hardware\altium\PWR_APD5052.SchDoc with Res from atfclib.SchLib
Replace Part Rf8 Res in C:\Users\smkilani\Documents\atfc\hardware\altium\PWR_APD5052.SchDoc with Res from atfclib.SchLib
Replace Part Rf9 Res in C:\Users\smkilani\Documents\atfc\hardware\altium\PWR_APD5052.SchDoc with Res from atfclib.SchLib
Replace Part Rf10 Res in C:\Users\smkilani\Documents\atfc\hardware\altium\PWR_APD5052.SchDoc with Res from atfclib.SchLib
Replace Part Rlim1 Res in C:\Users\smkilani\Documents\atfc\hardware\altium\PWR_APD5052.SchDoc with Res from atfclib.SchLib
Replace Part Rlim2 Res in C:\Users\smkilani\Documents\atfc\hardware\altium\PWR_APD5052.SchDoc with Res from atfclib.SchLib
Replace Part Rt Res in C:\Users\smkilani\Documents\atfc\hardware\altium\PWR_APD5052.SchDoc with Res from atfclib.SchLib
Replace Part SW1 SW-SPDT in C:\Users\smkilani\Documents\atfc\hardware\altium\PWR_APD5052.SchDoc with SW-SPDT from Miscellaneous Devices.IntLib
Replace Part U2 ADP5052ACPZ-R7 in C:\Users\smkilani\Documents\atfc\hardware\altium\PWR_APD5052.SchDoc with ADP5052ACPZ-R7 from atfclib.SchLib
