Change Component Designator: Old Designator=C22 New Designator=C68
Change Component Designator: Old Designator=Cc11 New Designator=Cc1
Change Component Designator: Old Designator=Cc12 New Designator=Cc2
Change Component Designator: Old Designator=Cc13 New Designator=Cc3
Change Component Designator: Old Designator=Cc14 New Designator=Cc4
Change Component Designator: Old Designator=Cin11 New Designator=Cin4
Change Component Designator: Old Designator=Cin12 New Designator=Cin3
Change Component Designator: Old Designator=Cin13 New Designator=Cin2
Change Component Designator: Old Designator=Cin14 New Designator=Cin1
Change Component Designator: Old Designator=Cin15 New Designator=Cin5
Change Component Designator: Old Designator=Cout11 New Designator=Cout1
Change Component Designator: Old Designator=Cout12 New Designator=Cout2
Change Component Designator: Old Designator=Cout13 New Designator=Cout3
Change Component Designator: Old Designator=Cout21 New Designator=Cout4
Change Component Designator: Old Designator=Cout31 New Designator=Cout5
Change Component Designator: Old Designator=Cout32 New Designator=Cout6
Change Component Designator: Old Designator=Cout41 New Designator=Cout7
Change Component Designator: Old Designator=Cout42 New Designator=Cout8
Change Component Designator: Old Designator=Cout51 New Designator=Cout9
Change Component Designator: Old Designator=Cv New Designator=Cv1
Change Component Designator: Old Designator=Cvreg New Designator=Cvreg1
Change Component Designator: Old Designator=Q? New Designator=Q1
Change Component Designator: Old Designator=Q? New Designator=Q1
Change Component Designator: Old Designator=R1 New Designator=R4
Change Component Designator: Old Designator=R2 New Designator=R7
Change Component Designator: Old Designator=R3 New Designator=R5
Change Component Designator: Old Designator=R4 New Designator=R8
Change Component Designator: Old Designator=R5 New Designator=R6
Change Component Designator: Old Designator=R6 New Designator=R9
Change Component Designator: Old Designator=R7 New Designator=R10
Change Component Designator: Old Designator=Rc11 New Designator=Rc1
Change Component Designator: Old Designator=Rc12 New Designator=Rc2
Change Component Designator: Old Designator=Rc13 New Designator=Rc3
Change Component Designator: Old Designator=Rc14 New Designator=Rc4
Change Component Designator: Old Designator=Rf1 New Designator=Rf2
Change Component Designator: Old Designator=Rf2 New Designator=Rf1
Change Component Designator: Old Designator=Rf8 New Designator=Rf9
Change Component Designator: Old Designator=Rf9 New Designator=Rf8
Change Component Designator: Old Designator=Rt New Designator=Rt1
Change Component Designator: Old Designator=U2 New Designator=U4
