Change Component Designator: Old Designator=C1 New Designator=C71
Change Component Designator: Old Designator=C2 New Designator=C79
Change Component Designator: Old Designator=C3 New Designator=C76
Change Component Designator: Old Designator=C4 New Designator=C73
Change Component Designator: Old Designator=C5 New Designator=C75
Change Component Designator: Old Designator=C6 New Designator=C77
Change Component Designator: Old Designator=C7 New Designator=C78
Change Component Designator: Old Designator=C8 New Designator=C82
Change Component Designator: Old Designator=C9 New Designator=C83
Change Component Designator: Old Designator=C10 New Designator=C84
Change Component Designator: Old Designator=C11 New Designator=C85
Change Component Designator: Old Designator=C12 New Designator=C80
Change Component Designator: Old Designator=C13 New Designator=C81
Change Component Designator: Old Designator=C14 New Designator=C72
Change Component Designator: Old Designator=C15 New Designator=C74
Change Component Designator: Old Designator=C16 New Designator=C70
Change Component Designator: Old Designator=C17 New Designator=C69
Change Component Designator: Old Designator=Cout1 New Designator=Cout10
Change Component Designator: Old Designator=L1 New Designator=L5
Change Component Designator: Old Designator=R1 New Designator=R17
Change Component Designator: Old Designator=R2 New Designator=R16
Change Component Designator: Old Designator=R3 New Designator=R18
Change Component Designator: Old Designator=R4 New Designator=R14
Change Component Designator: Old Designator=R5 New Designator=R15
Change Component Designator: Old Designator=R6 New Designator=R11
Change Component Designator: Old Designator=R7 New Designator=R12
Change Component Designator: Old Designator=R8 New Designator=R13
Change Component Designator: Old Designator=Ren2 New Designator=Ren1
Change Component Designator: Old Designator=Ren3 New Designator=Ren2
Change Component Designator: Old Designator=Rf1 New Designator=Rf11
Change Component Designator: Old Designator=Rf2 New Designator=Rf12
Change Component Designator: Old Designator=Rt New Designator=Rt2
Change Component Designator: Old Designator=U1 New Designator=U6
Change Component Designator: Old Designator=U2 New Designator=U9
Change Component Designator: Old Designator=U3 New Designator=U8
Change Component Designator: Old Designator=U4 New Designator=U7
