Change Component Designator: Old Designator=C76 New Designator=C98
Change Component Designator: Old Designator=C77 New Designator=C99
Change Component Designator: Old Designator=C78 New Designator=C100
Change Component Designator: Old Designator=C79 New Designator=C101
Change Component Designator: Old Designator=C80 New Designator=C102
Change Component Designator: Old Designator=C81 New Designator=C103
Change Component Designator: Old Designator=C82 New Designator=C104
Change Component Designator: Old Designator=C83 New Designator=C105
Change Component Designator: Old Designator=C84 New Designator=C106
Change Component Designator: Old Designator=C85 New Designator=C107
Change Component Designator: Old Designator=C86 New Designator=C108
Change Component Designator: Old Designator=C87 New Designator=C109
Change Component Designator: Old Designator=C88 New Designator=C110
Change Component Designator: Old Designator=C89 New Designator=C111
Change Component Designator: Old Designator=C90 New Designator=C112
Change Component Designator: Old Designator=C91 New Designator=C113
Change Component Designator: Old Designator=C92 New Designator=C114
Change Component Designator: Old Designator=C93 New Designator=C115
Change Component Designator: Old Designator=C94 New Designator=C116
Change Component Designator: Old Designator=C95 New Designator=C117
Change Component Designator: Old Designator=Cout10 New Designator=Cout1
Change Component Designator: Old Designator=Cout11 New Designator=Cout2
Change Component Designator: Old Designator=L5 New Designator=L4
Change Component Designator: Old Designator=R59 New Designator=R76
Change Component Designator: Old Designator=R60 New Designator=R77
Change Component Designator: Old Designator=R61 New Designator=R78
Change Component Designator: Old Designator=R62 New Designator=R80
Change Component Designator: Old Designator=R63 New Designator=R81
Change Component Designator: Old Designator=R64 New Designator=R82
Change Component Designator: Old Designator=R65 New Designator=R83
Change Component Designator: Old Designator=R? New Designator=R79
Change Component Designator: Old Designator=Rf11 New Designator=Rf1
Change Component Designator: Old Designator=Rf12 New Designator=Rf2
Change Component Designator: Old Designator=Rt2 New Designator=Rt1
Change Component Designator: Old Designator=U7 New Designator=U12
Change Component Designator: Old Designator=U12 New Designator=U11
