Change Component Designator: Old Designator=C69 New Designator=C76
Change Component Designator: Old Designator=C70 New Designator=C77
Change Component Designator: Old Designator=C71 New Designator=C78
Change Component Designator: Old Designator=C72 New Designator=C79
Change Component Designator: Old Designator=C73 New Designator=C80
Change Component Designator: Old Designator=C74 New Designator=C81
Change Component Designator: Old Designator=C75 New Designator=C82
Change Component Designator: Old Designator=C76 New Designator=C83
Change Component Designator: Old Designator=C77 New Designator=C84
Change Component Designator: Old Designator=C78 New Designator=C85
Change Component Designator: Old Designator=C79 New Designator=C86
Change Component Designator: Old Designator=C80 New Designator=C87
Change Component Designator: Old Designator=C81 New Designator=C88
Change Component Designator: Old Designator=C82 New Designator=C89
Change Component Designator: Old Designator=C83 New Designator=C90
Change Component Designator: Old Designator=C84 New Designator=C91
Change Component Designator: Old Designator=C85 New Designator=C92
Change Component Designator: Old Designator=D1 New Designator=D8
Change Component Designator: Old Designator=R11 New Designator=R49
Change Component Designator: Old Designator=R12 New Designator=R50
Change Component Designator: Old Designator=R13 New Designator=R51
Change Component Designator: Old Designator=R14 New Designator=R52
Change Component Designator: Old Designator=R15 New Designator=R53
Change Component Designator: Old Designator=R16 New Designator=R55
Change Component Designator: Old Designator=R17 New Designator=R56
Change Component Designator: Old Designator=R18 New Designator=R57
Change Component Designator: Old Designator=R? New Designator=R54
Change Component Designator: Old Designator=U5 New Designator=U6
Change Component Designator: Old Designator=U6 New Designator=U7
Change Component Designator: Old Designator=U7 New Designator=U8
Change Component Designator: Old Designator=U8 New Designator=U9
Change Component Designator: Old Designator=U9 New Designator=U10
