Change Component Designator: Old Designator=C76 New Designator=C?
Change Component Designator: Old Designator=C77 New Designator=C?
Change Component Designator: Old Designator=C78 New Designator=C?
Change Component Designator: Old Designator=C78 New Designator=C?
Change Component Designator: Old Designator=C78 New Designator=C?
Change Component Designator: Old Designator=C79 New Designator=C?
Change Component Designator: Old Designator=C80 New Designator=C?
Change Component Designator: Old Designator=C81 New Designator=C?
Change Component Designator: Old Designator=C81 New Designator=C?
Change Component Designator: Old Designator=C82 New Designator=C?
Change Component Designator: Old Designator=C83 New Designator=C?
Change Component Designator: Old Designator=C84 New Designator=C?
Change Component Designator: Old Designator=C85 New Designator=C?
Change Component Designator: Old Designator=C86 New Designator=C?
Change Component Designator: Old Designator=C87 New Designator=C?
Change Component Designator: Old Designator=C88 New Designator=C?
Change Component Designator: Old Designator=C89 New Designator=C?
Change Component Designator: Old Designator=C90 New Designator=C?
Change Component Designator: Old Designator=C91 New Designator=C?
Change Component Designator: Old Designator=C92 New Designator=C?
Change Component Designator: Old Designator=Cout10 New Designator=Cout?
Change Component Designator: Old Designator=Cout10 New Designator=Cout?
Change Component Designator: Old Designator=D8 New Designator=D?
Change Component Designator: Old Designator=L5 New Designator=L?
Change Component Designator: Old Designator=R57 New Designator=R?
Change Component Designator: Old Designator=R58 New Designator=R?
Change Component Designator: Old Designator=R59 New Designator=R?
Change Component Designator: Old Designator=R62 New Designator=R?
Change Component Designator: Old Designator=R63 New Designator=R?
Change Component Designator: Old Designator=R64 New Designator=R?
Change Component Designator: Old Designator=R65 New Designator=R?
Change Component Designator: Old Designator=Ren1 New Designator=Ren?
Change Component Designator: Old Designator=Ren2 New Designator=Ren?
Change Component Designator: Old Designator=Rf11 New Designator=Rf?
Change Component Designator: Old Designator=Rf12 New Designator=Rf?
Change Component Designator: Old Designator=Rt2 New Designator=Rt?
Change Component Designator: Old Designator=U9 New Designator=U?
Change Component Designator: Old Designator=U10 New Designator=U?
Change Component Designator: Old Designator=U11 New Designator=U?
Change Component Designator: Old Designator=U12 New Designator=U?
Change Component Designator: Old Designator=U13 New Designator=U?
