11:41:57 **** Build of project gpio_bsp ****
make -k all 
"Running Make include in microblaze_0/libsrc/bram_v4_0/src"
make -C microblaze_0/libsrc/bram_v4_0/src -s include  "SHELL=CMD" "COMPILER=mb-gcc" "ARCHIVER=mb-ar" "COMPILER_FLAGS= -O2 -c -mcpu=v9.5 -mlittle-endian -mxl-soft-mul" "EXTRA_COMPILER_FLAGS=-g"
"Running Make include in microblaze_0/libsrc/cpu_v2_3/src"
make -C microblaze_0/libsrc/cpu_v2_3/src -s include  "SHELL=CMD" "COMPILER=mb-gcc" "ARCHIVER=mb-ar" "COMPILER_FLAGS= -O2 -c -mcpu=v9.5 -mlittle-endian -mxl-soft-mul" "EXTRA_COMPILER_FLAGS=-g"
"Running Make include in microblaze_0/libsrc/iic_v3_1/src"
make -C microblaze_0/libsrc/iic_v3_1/src -s include  "SHELL=CMD" "COMPILER=mb-gcc" "ARCHIVER=mb-ar" "COMPILER_FLAGS= -O2 -c -mcpu=v9.5 -mlittle-endian -mxl-soft-mul" "EXTRA_COMPILER_FLAGS=-g"
"Running Make include in microblaze_0/libsrc/intc_v3_4/src"
make -C microblaze_0/libsrc/intc_v3_4/src -s include  "SHELL=CMD" "COMPILER=mb-gcc" "ARCHIVER=mb-ar" "COMPILER_FLAGS= -O2 -c -mcpu=v9.5 -mlittle-endian -mxl-soft-mul" "EXTRA_COMPILER_FLAGS=-g"
"Running Make include in microblaze_0/libsrc/standalone_v5_3/src"
make -C microblaze_0/libsrc/standalone_v5_3/src -s include  "SHELL=CMD" "COMPILER=mb-gcc" "ARCHIVER=mb-ar" "COMPILER_FLAGS= -O2 -c -mcpu=v9.5 -mlittle-endian -mxl-soft-mul" "EXTRA_COMPILER_FLAGS=-g"
"Running Make include in microblaze_0/libsrc/uartlite_v3_1/src"
make -C microblaze_0/libsrc/uartlite_v3_1/src -s include  "SHELL=CMD" "COMPILER=mb-gcc" "ARCHIVER=mb-ar" "COMPILER_FLAGS= -O2 -c -mcpu=v9.5 -mlittle-endian -mxl-soft-mul" "EXTRA_COMPILER_FLAGS=-g"
"Running Make libs in microblaze_0/libsrc/bram_v4_0/src"
make -C microblaze_0/libsrc/bram_v4_0/src -s libs  "SHELL=CMD" "COMPILER=mb-gcc" "ARCHIVER=mb-ar" "COMPILER_FLAGS= -O2 -c -mcpu=v9.5 -mlittle-endian -mxl-soft-mul" "EXTRA_COMPILER_FLAGS=-g"
"Compiling bram"
"Running Make libs in microblaze_0/libsrc/cpu_v2_3/src"
make -C microblaze_0/libsrc/cpu_v2_3/src -s libs  "SHELL=CMD" "COMPILER=mb-gcc" "ARCHIVER=mb-ar" "COMPILER_FLAGS= -O2 -c -mcpu=v9.5 -mlittle-endian -mxl-soft-mul" "EXTRA_COMPILER_FLAGS=-g"
"Compiling cpu"
"Running Make libs in microblaze_0/libsrc/iic_v3_1/src"
make -C microblaze_0/libsrc/iic_v3_1/src -s libs  "SHELL=CMD" "COMPILER=mb-gcc" "ARCHIVER=mb-ar" "COMPILER_FLAGS= -O2 -c -mcpu=v9.5 -mlittle-endian -mxl-soft-mul" "EXTRA_COMPILER_FLAGS=-g"
"Compiling iic"
"Running Make libs in microblaze_0/libsrc/intc_v3_4/src"
make -C microblaze_0/libsrc/intc_v3_4/src -s libs  "SHELL=CMD" "COMPILER=mb-gcc" "ARCHIVER=mb-ar" "COMPILER_FLAGS= -O2 -c -mcpu=v9.5 -mlittle-endian -mxl-soft-mul" "EXTRA_COMPILER_FLAGS=-g"
"Compiling intc"
"Running Make libs in microblaze_0/libsrc/standalone_v5_3/src"
make -C microblaze_0/libsrc/standalone_v5_3/src -s libs  "SHELL=CMD" "COMPILER=mb-gcc" "ARCHIVER=mb-ar" "COMPILER_FLAGS= -O2 -c -mcpu=v9.5 -mlittle-endian -mxl-soft-mul" "EXTRA_COMPILER_FLAGS=-g"
"Compiling standalone";
"Running Make libs in microblaze_0/libsrc/uartlite_v3_1/src"
make -C microblaze_0/libsrc/uartlite_v3_1/src -s libs  "SHELL=CMD" "COMPILER=mb-gcc" "ARCHIVER=mb-ar" "COMPILER_FLAGS= -O2 -c -mcpu=v9.5 -mlittle-endian -mxl-soft-mul" "EXTRA_COMPILER_FLAGS=-g"
"Compiling uartlite"
'Finished building libraries'

11:42:05 Build Finished (took 8s.365ms)

